CRITICAL - 2024-02-12 10:11:46 --> ldap_bind(): Unable to bind to server: Can't contact LDAP server
#0 [internal function]: CodeIgniter\Debug\Exceptions->errorHandler(2, 'ldap_bind(): Un...', 'C:\\xampp\\htdocs...', 58)
#1 C:\xampp\htdocs\pdln\app\Controllers\Admin\Admin.php(58): ldap_bind(Resource id #172, 'cn=directory ma...', 'd0ra3m0n')
#2 C:\xampp\htdocs\pdln\app\Controllers\Admin\Admin.php(148): App\Controllers\Admin\Admin->checkAuth('09002@intra.net', 'Jerkinson05@')
#3 C:\xampp\htdocs\pdln\system\CodeIgniter.php(832): App\Controllers\Admin\Admin->login()
#4 C:\xampp\htdocs\pdln\system\CodeIgniter.php(419): CodeIgniter\CodeIgniter->runController(Object(App\Controllers\Admin\Admin))
#5 C:\xampp\htdocs\pdln\system\CodeIgniter.php(326): CodeIgniter\CodeIgniter->handleRequest(NULL, Object(Config\Cache), false)
#6 C:\xampp\htdocs\pdln\index.php(37): CodeIgniter\CodeIgniter->run()
#7 {main}
ERROR - 2024-02-12 10:12:05 --> MySQL server has gone away
CRITICAL - 2024-02-12 10:12:05 --> MySQL server has gone away
#0 C:\xampp\htdocs\pdln\system\Database\MySQLi\Connection.php(292): mysqli->query('SELECT *\nFROM `...', 0)
#1 C:\xampp\htdocs\pdln\system\Database\BaseConnection.php(670): CodeIgniter\Database\MySQLi\Connection->execute('SELECT *\nFROM `...')
#2 C:\xampp\htdocs\pdln\system\Database\BaseConnection.php(598): CodeIgniter\Database\BaseConnection->simpleQuery('SELECT *\nFROM `...')
#3 C:\xampp\htdocs\pdln\system\Database\BaseBuilder.php(1455): CodeIgniter\Database\BaseConnection->query('SELECT *\nFROM `...', Array, false)
#4 C:\xampp\htdocs\pdln\system\Model.php(728): CodeIgniter\Database\BaseBuilder->get()
#5 C:\xampp\htdocs\pdln\app\Models\Am21Model.php(17): CodeIgniter\Model->__call('get', Array)
#6 C:\xampp\htdocs\pdln\app\Controllers\Admin\Admin.php(238): App\Models\Am21Model->getData('08008')
#7 C:\xampp\htdocs\pdln\system\CodeIgniter.php(832): App\Controllers\Admin\Admin->sukses()
#8 C:\xampp\htdocs\pdln\system\CodeIgniter.php(419): CodeIgniter\CodeIgniter->runController(Object(App\Controllers\Admin\Admin))
#9 C:\xampp\htdocs\pdln\system\CodeIgniter.php(326): CodeIgniter\CodeIgniter->handleRequest(NULL, Object(Config\Cache), false)
#10 C:\xampp\htdocs\pdln\index.php(37): CodeIgniter\CodeIgniter->run()
#11 {main}
CRITICAL - 2024-02-12 11:56:05 --> ldap_bind(): Unable to bind to server: Can't contact LDAP server
#0 [internal function]: CodeIgniter\Debug\Exceptions->errorHandler(2, 'ldap_bind(): Un...', 'C:\\xampp\\htdocs...', 58)
#1 C:\xampp\htdocs\pdln\app\Controllers\Admin\Admin.php(58): ldap_bind(Resource id #172, 'cn=directory ma...', 'd0ra3m0n')
#2 C:\xampp\htdocs\pdln\app\Controllers\Admin\Admin.php(149): App\Controllers\Admin\Admin->checkAuth('09002@intra.net', 'Jerkinson05@')
#3 C:\xampp\htdocs\pdln\system\CodeIgniter.php(832): App\Controllers\Admin\Admin->login()
#4 C:\xampp\htdocs\pdln\system\CodeIgniter.php(419): CodeIgniter\CodeIgniter->runController(Object(App\Controllers\Admin\Admin))
#5 C:\xampp\htdocs\pdln\system\CodeIgniter.php(326): CodeIgniter\CodeIgniter->handleRequest(NULL, Object(Config\Cache), false)
#6 C:\xampp\htdocs\pdln\index.php(37): CodeIgniter\CodeIgniter->run()
#7 {main}
