CRITICAL - 2023-12-05 08:46:35 --> Undefined variable $strorg
#0 C:\xampp\htdocs\pdln\app\Controllers\Admin\Admin.php(155): CodeIgniter\Debug\Exceptions->errorHandler(2, 'Undefined varia...', 'C:\\xampp\\htdocs...', 155)
#1 C:\xampp\htdocs\pdln\system\CodeIgniter.php(832): App\Controllers\Admin\Admin->sukses()
#2 C:\xampp\htdocs\pdln\system\CodeIgniter.php(419): CodeIgniter\CodeIgniter->runController(Object(App\Controllers\Admin\Admin))
#3 C:\xampp\htdocs\pdln\system\CodeIgniter.php(326): CodeIgniter\CodeIgniter->handleRequest(NULL, Object(Config\Cache), false)
#4 C:\xampp\htdocs\pdln\index.php(37): CodeIgniter\CodeIgniter->run()
#5 {main}
CRITICAL - 2023-12-05 10:11:17 --> Array to string conversion
#0 [internal function]: CodeIgniter\Debug\Exceptions->errorHandler(2, 'Array to string...', 'C:\\xampp\\htdocs...', 312)
#1 C:\xampp\htdocs\pdln\system\Database\Query.php(312): implode(',', Array)
#2 C:\xampp\htdocs\pdln\system\Database\Query.php(293): CodeIgniter\Database\Query->matchNamedBinds('SELECT *\nFROM `...', Array)
#3 C:\xampp\htdocs\pdln\system\Database\Query.php(150): CodeIgniter\Database\Query->compileBinds()
#4 C:\xampp\htdocs\pdln\system\Database\BaseConnection.php(598): CodeIgniter\Database\Query->getQuery()
#5 C:\xampp\htdocs\pdln\system\Database\BaseBuilder.php(1455): CodeIgniter\Database\BaseConnection->query('SELECT *\nFROM `...', Array, false)
#6 C:\xampp\htdocs\pdln\system\Model.php(728): CodeIgniter\Database\BaseBuilder->get()
#7 C:\xampp\htdocs\pdln\app\Models\TransaksiModel.php(248): CodeIgniter\Model->__call('get', Array)
#8 C:\xampp\htdocs\pdln\app\Controllers\Admin\Dashboard.php(80): App\Models\TransaksiModel->getId(Array, '09002')
#9 C:\xampp\htdocs\pdln\system\CodeIgniter.php(832): App\Controllers\Admin\Dashboard->dashboard(Array)
#10 C:\xampp\htdocs\pdln\system\CodeIgniter.php(419): CodeIgniter\CodeIgniter->runController(Object(App\Controllers\Admin\Dashboard))
#11 C:\xampp\htdocs\pdln\system\CodeIgniter.php(326): CodeIgniter\CodeIgniter->handleRequest(NULL, Object(Config\Cache), false)
#12 C:\xampp\htdocs\pdln\index.php(37): CodeIgniter\CodeIgniter->run()
#13 {main}
CRITICAL - 2023-12-05 13:14:32 --> Undefined array key "LAST_ACTIVITY"
#0 C:\xampp\htdocs\pdln\app\Controllers\Admin\Transaksi.php(579): CodeIgniter\Debug\Exceptions->errorHandler(2, 'Undefined array...', 'C:\\xampp\\htdocs...', 579)
#1 C:\xampp\htdocs\pdln\system\CodeIgniter.php(832): App\Controllers\Admin\Transaksi->transaksi()
#2 C:\xampp\htdocs\pdln\system\CodeIgniter.php(419): CodeIgniter\CodeIgniter->runController(Object(App\Controllers\Admin\Transaksi))
#3 C:\xampp\htdocs\pdln\system\CodeIgniter.php(326): CodeIgniter\CodeIgniter->handleRequest(NULL, Object(Config\Cache), false)
#4 C:\xampp\htdocs\pdln\index.php(37): CodeIgniter\CodeIgniter->run()
#5 {main}
CRITICAL - 2023-12-05 13:15:01 --> Undefined array key "LAST_ACTIVITY"
#0 C:\xampp\htdocs\pdln\app\Controllers\Admin\Transaksi.php(579): CodeIgniter\Debug\Exceptions->errorHandler(2, 'Undefined array...', 'C:\\xampp\\htdocs...', 579)
#1 C:\xampp\htdocs\pdln\system\CodeIgniter.php(832): App\Controllers\Admin\Transaksi->transaksi()
#2 C:\xampp\htdocs\pdln\system\CodeIgniter.php(419): CodeIgniter\CodeIgniter->runController(Object(App\Controllers\Admin\Transaksi))
#3 C:\xampp\htdocs\pdln\system\CodeIgniter.php(326): CodeIgniter\CodeIgniter->handleRequest(NULL, Object(Config\Cache), false)
#4 C:\xampp\htdocs\pdln\index.php(37): CodeIgniter\CodeIgniter->run()
#5 {main}
CRITICAL - 2023-12-05 13:16:07 --> Undefined constant "App\Controllers\Admin\__ci_last_regenerate"
#0 C:\xampp\htdocs\pdln\system\CodeIgniter.php(832): App\Controllers\Admin\Transaksi->transaksi()
#1 C:\xampp\htdocs\pdln\system\CodeIgniter.php(419): CodeIgniter\CodeIgniter->runController(Object(App\Controllers\Admin\Transaksi))
#2 C:\xampp\htdocs\pdln\system\CodeIgniter.php(326): CodeIgniter\CodeIgniter->handleRequest(NULL, Object(Config\Cache), false)
#3 C:\xampp\htdocs\pdln\index.php(37): CodeIgniter\CodeIgniter->run()
#4 {main}
CRITICAL - 2023-12-05 13:16:13 --> Undefined constant "App\Controllers\Admin\_ci_last_regenerate"
#0 C:\xampp\htdocs\pdln\system\CodeIgniter.php(832): App\Controllers\Admin\Transaksi->transaksi()
#1 C:\xampp\htdocs\pdln\system\CodeIgniter.php(419): CodeIgniter\CodeIgniter->runController(Object(App\Controllers\Admin\Transaksi))
#2 C:\xampp\htdocs\pdln\system\CodeIgniter.php(326): CodeIgniter\CodeIgniter->handleRequest(NULL, Object(Config\Cache), false)
#3 C:\xampp\htdocs\pdln\index.php(37): CodeIgniter\CodeIgniter->run()
#4 {main}
CRITICAL - 2023-12-05 13:16:17 --> Undefined constant "App\Controllers\Admin\ci_last_regenerate"
#0 C:\xampp\htdocs\pdln\system\CodeIgniter.php(832): App\Controllers\Admin\Transaksi->transaksi()
#1 C:\xampp\htdocs\pdln\system\CodeIgniter.php(419): CodeIgniter\CodeIgniter->runController(Object(App\Controllers\Admin\Transaksi))
#2 C:\xampp\htdocs\pdln\system\CodeIgniter.php(326): CodeIgniter\CodeIgniter->handleRequest(NULL, Object(Config\Cache), false)
#3 C:\xampp\htdocs\pdln\index.php(37): CodeIgniter\CodeIgniter->run()
#4 {main}
CRITICAL - 2023-12-05 13:30:47 --> Undefined constant "App\Controllers\Admin\__ci_last_regenerate"
#0 C:\xampp\htdocs\pdln\system\CodeIgniter.php(832): App\Controllers\Admin\Transaksi->transaksi()
#1 C:\xampp\htdocs\pdln\system\CodeIgniter.php(419): CodeIgniter\CodeIgniter->runController(Object(App\Controllers\Admin\Transaksi))
#2 C:\xampp\htdocs\pdln\system\CodeIgniter.php(326): CodeIgniter\CodeIgniter->handleRequest(NULL, Object(Config\Cache), false)
#3 C:\xampp\htdocs\pdln\index.php(37): CodeIgniter\CodeIgniter->run()
#4 {main}
CRITICAL - 2023-12-05 13:41:21 --> Call to a member function getHour() on string
#0 C:\xampp\htdocs\pdln\system\CodeIgniter.php(832): App\Controllers\Admin\Transaksi->transaksi()
#1 C:\xampp\htdocs\pdln\system\CodeIgniter.php(419): CodeIgniter\CodeIgniter->runController(Object(App\Controllers\Admin\Transaksi))
#2 C:\xampp\htdocs\pdln\system\CodeIgniter.php(326): CodeIgniter\CodeIgniter->handleRequest(NULL, Object(Config\Cache), false)
#3 C:\xampp\htdocs\pdln\index.php(37): CodeIgniter\CodeIgniter->run()
#4 {main}
CRITICAL - 2023-12-05 13:42:12 --> Class "App\Controllers\Admin\Time" not found
#0 C:\xampp\htdocs\pdln\system\CodeIgniter.php(832): App\Controllers\Admin\Transaksi->transaksi()
#1 C:\xampp\htdocs\pdln\system\CodeIgniter.php(419): CodeIgniter\CodeIgniter->runController(Object(App\Controllers\Admin\Transaksi))
#2 C:\xampp\htdocs\pdln\system\CodeIgniter.php(326): CodeIgniter\CodeIgniter->handleRequest(NULL, Object(Config\Cache), false)
#3 C:\xampp\htdocs\pdln\index.php(37): CodeIgniter\CodeIgniter->run()
#4 {main}
CRITICAL - 2023-12-05 13:42:13 --> Class "App\Controllers\Admin\Time" not found
#0 C:\xampp\htdocs\pdln\system\CodeIgniter.php(832): App\Controllers\Admin\Transaksi->transaksi()
#1 C:\xampp\htdocs\pdln\system\CodeIgniter.php(419): CodeIgniter\CodeIgniter->runController(Object(App\Controllers\Admin\Transaksi))
#2 C:\xampp\htdocs\pdln\system\CodeIgniter.php(326): CodeIgniter\CodeIgniter->handleRequest(NULL, Object(Config\Cache), false)
#3 C:\xampp\htdocs\pdln\index.php(37): CodeIgniter\CodeIgniter->run()
#4 {main}
CRITICAL - 2023-12-05 13:52:39 --> Call to undefined function App\Controllers\Admin\Datetime()
#0 C:\xampp\htdocs\pdln\system\CodeIgniter.php(832): App\Controllers\Admin\Transaksi->transaksi()
#1 C:\xampp\htdocs\pdln\system\CodeIgniter.php(419): CodeIgniter\CodeIgniter->runController(Object(App\Controllers\Admin\Transaksi))
#2 C:\xampp\htdocs\pdln\system\CodeIgniter.php(326): CodeIgniter\CodeIgniter->handleRequest(NULL, Object(Config\Cache), false)
#3 C:\xampp\htdocs\pdln\index.php(37): CodeIgniter\CodeIgniter->run()
#4 {main}
CRITICAL - 2023-12-05 13:53:00 --> Call to undefined function App\Controllers\Admin\Datetime()
#0 C:\xampp\htdocs\pdln\system\CodeIgniter.php(832): App\Controllers\Admin\Transaksi->transaksi()
#1 C:\xampp\htdocs\pdln\system\CodeIgniter.php(419): CodeIgniter\CodeIgniter->runController(Object(App\Controllers\Admin\Transaksi))
#2 C:\xampp\htdocs\pdln\system\CodeIgniter.php(326): CodeIgniter\CodeIgniter->handleRequest(NULL, Object(Config\Cache), false)
#3 C:\xampp\htdocs\pdln\index.php(37): CodeIgniter\CodeIgniter->run()
#4 {main}
CRITICAL - 2023-12-05 21:06:29 --> Undefined variable $kat
#0 C:\xampp\htdocs\pdln\app\Views\pjum\v_datapjum.php(406): CodeIgniter\Debug\Exceptions->errorHandler(2, 'Undefined varia...', 'C:\\xampp\\htdocs...', 406)
#1 C:\xampp\htdocs\pdln\system\View\View.php(210): include('C:\\xampp\\htdocs...')
#2 C:\xampp\htdocs\pdln\system\View\View.php(213): CodeIgniter\View\View->CodeIgniter\View\{closure}()
#3 C:\xampp\htdocs\pdln\system\Common.php(1089): CodeIgniter\View\View->render('pjum/v_datapjum', Array, true)
#4 C:\xampp\htdocs\pdln\app\Controllers\Admin\PJUM.php(483): view('pjum/v_datapjum', Array)
#5 C:\xampp\htdocs\pdln\system\CodeIgniter.php(832): App\Controllers\Admin\PJUM->datapjum('pjum', '6', '56', '', '')
#6 C:\xampp\htdocs\pdln\system\CodeIgniter.php(419): CodeIgniter\CodeIgniter->runController(Object(App\Controllers\Admin\PJUM))
#7 C:\xampp\htdocs\pdln\system\CodeIgniter.php(326): CodeIgniter\CodeIgniter->handleRequest(NULL, Object(Config\Cache), false)
#8 C:\xampp\htdocs\pdln\index.php(37): CodeIgniter\CodeIgniter->run()
#9 {main}
CRITICAL - 2023-12-05 21:06:30 --> Undefined variable $kat
#0 C:\xampp\htdocs\pdln\app\Views\pjum\v_datapjum.php(406): CodeIgniter\Debug\Exceptions->errorHandler(2, 'Undefined varia...', 'C:\\xampp\\htdocs...', 406)
#1 C:\xampp\htdocs\pdln\system\View\View.php(210): include('C:\\xampp\\htdocs...')
#2 C:\xampp\htdocs\pdln\system\View\View.php(213): CodeIgniter\View\View->CodeIgniter\View\{closure}()
#3 C:\xampp\htdocs\pdln\system\Common.php(1089): CodeIgniter\View\View->render('pjum/v_datapjum', Array, true)
#4 C:\xampp\htdocs\pdln\app\Controllers\Admin\PJUM.php(483): view('pjum/v_datapjum', Array)
#5 C:\xampp\htdocs\pdln\system\CodeIgniter.php(832): App\Controllers\Admin\PJUM->datapjum('pjum', '6', '56', '', '')
#6 C:\xampp\htdocs\pdln\system\CodeIgniter.php(419): CodeIgniter\CodeIgniter->runController(Object(App\Controllers\Admin\PJUM))
#7 C:\xampp\htdocs\pdln\system\CodeIgniter.php(326): CodeIgniter\CodeIgniter->handleRequest(NULL, Object(Config\Cache), false)
#8 C:\xampp\htdocs\pdln\index.php(37): CodeIgniter\CodeIgniter->run()
#9 {main}
CRITICAL - 2023-12-05 21:06:30 --> Undefined variable $kat
#0 C:\xampp\htdocs\pdln\app\Views\pjum\v_datapjum.php(406): CodeIgniter\Debug\Exceptions->errorHandler(2, 'Undefined varia...', 'C:\\xampp\\htdocs...', 406)
#1 C:\xampp\htdocs\pdln\system\View\View.php(210): include('C:\\xampp\\htdocs...')
#2 C:\xampp\htdocs\pdln\system\View\View.php(213): CodeIgniter\View\View->CodeIgniter\View\{closure}()
#3 C:\xampp\htdocs\pdln\system\Common.php(1089): CodeIgniter\View\View->render('pjum/v_datapjum', Array, true)
#4 C:\xampp\htdocs\pdln\app\Controllers\Admin\PJUM.php(483): view('pjum/v_datapjum', Array)
#5 C:\xampp\htdocs\pdln\system\CodeIgniter.php(832): App\Controllers\Admin\PJUM->datapjum('pjum', '6', '56', '', '')
#6 C:\xampp\htdocs\pdln\system\CodeIgniter.php(419): CodeIgniter\CodeIgniter->runController(Object(App\Controllers\Admin\PJUM))
#7 C:\xampp\htdocs\pdln\system\CodeIgniter.php(326): CodeIgniter\CodeIgniter->handleRequest(NULL, Object(Config\Cache), false)
#8 C:\xampp\htdocs\pdln\index.php(37): CodeIgniter\CodeIgniter->run()
#9 {main}
