ERROR - 2023-10-24 00:00:46 --> Unknown column 'nomor' in 'field list'
CRITICAL - 2023-10-24 00:00:46 --> Unknown column 'nomor' in 'field list'
#0 C:\xampp\htdocs\pdln\system\Database\MySQLi\Connection.php(292): mysqli->query('INSERT INTO `ka...', 0)
#1 C:\xampp\htdocs\pdln\system\Database\BaseConnection.php(670): CodeIgniter\Database\MySQLi\Connection->execute('INSERT INTO `ka...')
#2 C:\xampp\htdocs\pdln\system\Database\BaseConnection.php(598): CodeIgniter\Database\BaseConnection->simpleQuery('INSERT INTO `ka...')
#3 C:\xampp\htdocs\pdln\system\Database\BaseBuilder.php(1771): CodeIgniter\Database\BaseConnection->query('INSERT INTO `ka...', Array, false)
#4 C:\xampp\htdocs\pdln\system\Model.php(239): CodeIgniter\Database\BaseBuilder->insert()
#5 C:\xampp\htdocs\pdln\system\BaseModel.php(738): CodeIgniter\Model->doInsert(Array)
#6 C:\xampp\htdocs\pdln\system\Model.php(625): CodeIgniter\BaseModel->insert(Array, true)
#7 C:\xampp\htdocs\pdln\app\Controllers\Admin\Dashboard.php(396): CodeIgniter\Model->insert(Array)
#8 C:\xampp\htdocs\pdln\system\CodeIgniter.php(832): App\Controllers\Admin\Dashboard->importbiaya('1')
#9 C:\xampp\htdocs\pdln\system\CodeIgniter.php(419): CodeIgniter\CodeIgniter->runController(Object(App\Controllers\Admin\Dashboard))
#10 C:\xampp\htdocs\pdln\system\CodeIgniter.php(326): CodeIgniter\CodeIgniter->handleRequest(NULL, Object(Config\Cache), false)
#11 C:\xampp\htdocs\pdln\index.php(37): CodeIgniter\CodeIgniter->run()
#12 {main}
ERROR - 2023-10-24 01:47:54 --> Unknown column 'nomor' in 'field list'
CRITICAL - 2023-10-24 01:47:54 --> Unknown column 'nomor' in 'field list'
#0 C:\xampp\htdocs\pdln\system\Database\MySQLi\Connection.php(292): mysqli->query('INSERT INTO `ka...', 0)
#1 C:\xampp\htdocs\pdln\system\Database\BaseConnection.php(670): CodeIgniter\Database\MySQLi\Connection->execute('INSERT INTO `ka...')
#2 C:\xampp\htdocs\pdln\system\Database\BaseConnection.php(598): CodeIgniter\Database\BaseConnection->simpleQuery('INSERT INTO `ka...')
#3 C:\xampp\htdocs\pdln\system\Database\BaseBuilder.php(1771): CodeIgniter\Database\BaseConnection->query('INSERT INTO `ka...', Array, false)
#4 C:\xampp\htdocs\pdln\system\Model.php(239): CodeIgniter\Database\BaseBuilder->insert()
#5 C:\xampp\htdocs\pdln\system\BaseModel.php(738): CodeIgniter\Model->doInsert(Array)
#6 C:\xampp\htdocs\pdln\system\Model.php(625): CodeIgniter\BaseModel->insert(Array, true)
#7 C:\xampp\htdocs\pdln\app\Controllers\Admin\PB.php(465): CodeIgniter\Model->insert(Array)
#8 C:\xampp\htdocs\pdln\system\CodeIgniter.php(832): App\Controllers\Admin\PB->importpb('pb', '1', '1', '', '')
#9 C:\xampp\htdocs\pdln\system\CodeIgniter.php(419): CodeIgniter\CodeIgniter->runController(Object(App\Controllers\Admin\PB))
#10 C:\xampp\htdocs\pdln\system\CodeIgniter.php(326): CodeIgniter\CodeIgniter->handleRequest(NULL, Object(Config\Cache), false)
#11 C:\xampp\htdocs\pdln\index.php(37): CodeIgniter\CodeIgniter->run()
#12 {main}
CRITICAL - 2023-10-24 01:58:17 --> Trying to access array offset on value of type null
#0 C:\xampp\htdocs\pdln\app\Controllers\Admin\PJUM.php(572): CodeIgniter\Debug\Exceptions->errorHandler(2, 'Trying to acces...', 'C:\\xampp\\htdocs...', 572)
#1 C:\xampp\htdocs\pdln\system\CodeIgniter.php(832): App\Controllers\Admin\PJUM->importpjum('pjum', '1', '')
#2 C:\xampp\htdocs\pdln\system\CodeIgniter.php(419): CodeIgniter\CodeIgniter->runController(Object(App\Controllers\Admin\PJUM))
#3 C:\xampp\htdocs\pdln\system\CodeIgniter.php(326): CodeIgniter\CodeIgniter->handleRequest(NULL, Object(Config\Cache), false)
#4 C:\xampp\htdocs\pdln\index.php(37): CodeIgniter\CodeIgniter->run()
#5 {main}
CRITICAL - 2023-10-24 01:58:35 --> Trying to access array offset on value of type null
#0 C:\xampp\htdocs\pdln\app\Controllers\Admin\PJUM.php(572): CodeIgniter\Debug\Exceptions->errorHandler(2, 'Trying to acces...', 'C:\\xampp\\htdocs...', 572)
#1 C:\xampp\htdocs\pdln\system\CodeIgniter.php(832): App\Controllers\Admin\PJUM->importpjum('pjum', '1', '')
#2 C:\xampp\htdocs\pdln\system\CodeIgniter.php(419): CodeIgniter\CodeIgniter->runController(Object(App\Controllers\Admin\PJUM))
#3 C:\xampp\htdocs\pdln\system\CodeIgniter.php(326): CodeIgniter\CodeIgniter->handleRequest(NULL, Object(Config\Cache), false)
#4 C:\xampp\htdocs\pdln\index.php(37): CodeIgniter\CodeIgniter->run()
#5 {main}
CRITICAL - 2023-10-24 01:58:46 --> Trying to access array offset on value of type null
#0 C:\xampp\htdocs\pdln\app\Controllers\Admin\PJUM.php(572): CodeIgniter\Debug\Exceptions->errorHandler(2, 'Trying to acces...', 'C:\\xampp\\htdocs...', 572)
#1 C:\xampp\htdocs\pdln\system\CodeIgniter.php(832): App\Controllers\Admin\PJUM->importpjum('pjum', '1', '')
#2 C:\xampp\htdocs\pdln\system\CodeIgniter.php(419): CodeIgniter\CodeIgniter->runController(Object(App\Controllers\Admin\PJUM))
#3 C:\xampp\htdocs\pdln\system\CodeIgniter.php(326): CodeIgniter\CodeIgniter->handleRequest(NULL, Object(Config\Cache), false)
#4 C:\xampp\htdocs\pdln\index.php(37): CodeIgniter\CodeIgniter->run()
#5 {main}
CRITICAL - 2023-10-24 02:29:04 --> Cannot access offset of type string on string
#0 C:\xampp\htdocs\pdln\system\View\View.php(210): include()
#1 C:\xampp\htdocs\pdln\system\View\View.php(213): CodeIgniter\View\View->CodeIgniter\View\{closure}()
#2 C:\xampp\htdocs\pdln\system\Common.php(1089): CodeIgniter\View\View->render('pjum/v_treasury...', Array, true)
#3 C:\xampp\htdocs\pdln\app\Controllers\Admin\PJUM.php(837): view('pjum/v_treasury...', Array)
#4 C:\xampp\htdocs\pdln\system\CodeIgniter.php(832): App\Controllers\Admin\PJUM->treasurypjum('1', '1', 'pjum', '', '', '')
#5 C:\xampp\htdocs\pdln\system\CodeIgniter.php(419): CodeIgniter\CodeIgniter->runController(Object(App\Controllers\Admin\PJUM))
#6 C:\xampp\htdocs\pdln\system\CodeIgniter.php(326): CodeIgniter\CodeIgniter->handleRequest(NULL, Object(Config\Cache), false)
#7 C:\xampp\htdocs\pdln\index.php(37): CodeIgniter\CodeIgniter->run()
#8 {main}
CRITICAL - 2023-10-24 02:30:23 --> Cannot access offset of type string on string
#0 C:\xampp\htdocs\pdln\system\View\View.php(210): include()
#1 C:\xampp\htdocs\pdln\system\View\View.php(213): CodeIgniter\View\View->CodeIgniter\View\{closure}()
#2 C:\xampp\htdocs\pdln\system\Common.php(1089): CodeIgniter\View\View->render('pjum/v_treasury...', Array, true)
#3 C:\xampp\htdocs\pdln\app\Controllers\Admin\PJUM.php(837): view('pjum/v_treasury...', Array)
#4 C:\xampp\htdocs\pdln\system\CodeIgniter.php(832): App\Controllers\Admin\PJUM->treasurypjum('1', '1', 'pjum', '', '', '')
#5 C:\xampp\htdocs\pdln\system\CodeIgniter.php(419): CodeIgniter\CodeIgniter->runController(Object(App\Controllers\Admin\PJUM))
#6 C:\xampp\htdocs\pdln\system\CodeIgniter.php(326): CodeIgniter\CodeIgniter->handleRequest(NULL, Object(Config\Cache), false)
#7 C:\xampp\htdocs\pdln\index.php(37): CodeIgniter\CodeIgniter->run()
#8 {main}
CRITICAL - 2023-10-24 02:30:25 --> Cannot access offset of type string on string
#0 C:\xampp\htdocs\pdln\system\View\View.php(210): include()
#1 C:\xampp\htdocs\pdln\system\View\View.php(213): CodeIgniter\View\View->CodeIgniter\View\{closure}()
#2 C:\xampp\htdocs\pdln\system\Common.php(1089): CodeIgniter\View\View->render('pjum/v_treasury...', Array, true)
#3 C:\xampp\htdocs\pdln\app\Controllers\Admin\PJUM.php(837): view('pjum/v_treasury...', Array)
#4 C:\xampp\htdocs\pdln\system\CodeIgniter.php(832): App\Controllers\Admin\PJUM->treasurypjum('1', '1', 'pjum', '', '', '')
#5 C:\xampp\htdocs\pdln\system\CodeIgniter.php(419): CodeIgniter\CodeIgniter->runController(Object(App\Controllers\Admin\PJUM))
#6 C:\xampp\htdocs\pdln\system\CodeIgniter.php(326): CodeIgniter\CodeIgniter->handleRequest(NULL, Object(Config\Cache), false)
#7 C:\xampp\htdocs\pdln\index.php(37): CodeIgniter\CodeIgniter->run()
#8 {main}
CRITICAL - 2023-10-24 02:30:26 --> Cannot access offset of type string on string
#0 C:\xampp\htdocs\pdln\system\View\View.php(210): include()
#1 C:\xampp\htdocs\pdln\system\View\View.php(213): CodeIgniter\View\View->CodeIgniter\View\{closure}()
#2 C:\xampp\htdocs\pdln\system\Common.php(1089): CodeIgniter\View\View->render('pjum/v_treasury...', Array, true)
#3 C:\xampp\htdocs\pdln\app\Controllers\Admin\PJUM.php(837): view('pjum/v_treasury...', Array)
#4 C:\xampp\htdocs\pdln\system\CodeIgniter.php(832): App\Controllers\Admin\PJUM->treasurypjum('1', '1', 'pjum', '', '', '')
#5 C:\xampp\htdocs\pdln\system\CodeIgniter.php(419): CodeIgniter\CodeIgniter->runController(Object(App\Controllers\Admin\PJUM))
#6 C:\xampp\htdocs\pdln\system\CodeIgniter.php(326): CodeIgniter\CodeIgniter->handleRequest(NULL, Object(Config\Cache), false)
#7 C:\xampp\htdocs\pdln\index.php(37): CodeIgniter\CodeIgniter->run()
#8 {main}
CRITICAL - 2023-10-24 02:30:27 --> Cannot access offset of type string on string
#0 C:\xampp\htdocs\pdln\system\View\View.php(210): include()
#1 C:\xampp\htdocs\pdln\system\View\View.php(213): CodeIgniter\View\View->CodeIgniter\View\{closure}()
#2 C:\xampp\htdocs\pdln\system\Common.php(1089): CodeIgniter\View\View->render('pjum/v_treasury...', Array, true)
#3 C:\xampp\htdocs\pdln\app\Controllers\Admin\PJUM.php(837): view('pjum/v_treasury...', Array)
#4 C:\xampp\htdocs\pdln\system\CodeIgniter.php(832): App\Controllers\Admin\PJUM->treasurypjum('1', '1', 'pjum', '', '', '')
#5 C:\xampp\htdocs\pdln\system\CodeIgniter.php(419): CodeIgniter\CodeIgniter->runController(Object(App\Controllers\Admin\PJUM))
#6 C:\xampp\htdocs\pdln\system\CodeIgniter.php(326): CodeIgniter\CodeIgniter->handleRequest(NULL, Object(Config\Cache), false)
#7 C:\xampp\htdocs\pdln\index.php(37): CodeIgniter\CodeIgniter->run()
#8 {main}
CRITICAL - 2023-10-24 02:33:39 --> Undefined variable $id_pb
#0 C:\xampp\htdocs\pdln\app\Views\pjum\v_treasurypjum.php(195): CodeIgniter\Debug\Exceptions->errorHandler(2, 'Undefined varia...', 'C:\\xampp\\htdocs...', 195)
#1 C:\xampp\htdocs\pdln\system\View\View.php(210): include('C:\\xampp\\htdocs...')
#2 C:\xampp\htdocs\pdln\system\View\View.php(213): CodeIgniter\View\View->CodeIgniter\View\{closure}()
#3 C:\xampp\htdocs\pdln\system\Common.php(1089): CodeIgniter\View\View->render('pjum/v_treasury...', Array, true)
#4 C:\xampp\htdocs\pdln\app\Controllers\Admin\PJUM.php(837): view('pjum/v_treasury...', Array)
#5 C:\xampp\htdocs\pdln\system\CodeIgniter.php(832): App\Controllers\Admin\PJUM->treasurypjum('1', '1', 'pjum', '', '', '')
#6 C:\xampp\htdocs\pdln\system\CodeIgniter.php(419): CodeIgniter\CodeIgniter->runController(Object(App\Controllers\Admin\PJUM))
#7 C:\xampp\htdocs\pdln\system\CodeIgniter.php(326): CodeIgniter\CodeIgniter->handleRequest(NULL, Object(Config\Cache), false)
#8 C:\xampp\htdocs\pdln\index.php(37): CodeIgniter\CodeIgniter->run()
#9 {main}
CRITICAL - 2023-10-24 02:33:41 --> Undefined variable $id_pb
#0 C:\xampp\htdocs\pdln\app\Views\pjum\v_treasurypjum.php(195): CodeIgniter\Debug\Exceptions->errorHandler(2, 'Undefined varia...', 'C:\\xampp\\htdocs...', 195)
#1 C:\xampp\htdocs\pdln\system\View\View.php(210): include('C:\\xampp\\htdocs...')
#2 C:\xampp\htdocs\pdln\system\View\View.php(213): CodeIgniter\View\View->CodeIgniter\View\{closure}()
#3 C:\xampp\htdocs\pdln\system\Common.php(1089): CodeIgniter\View\View->render('pjum/v_treasury...', Array, true)
#4 C:\xampp\htdocs\pdln\app\Controllers\Admin\PJUM.php(837): view('pjum/v_treasury...', Array)
#5 C:\xampp\htdocs\pdln\system\CodeIgniter.php(832): App\Controllers\Admin\PJUM->treasurypjum('1', '1', 'pjum', '', '', '')
#6 C:\xampp\htdocs\pdln\system\CodeIgniter.php(419): CodeIgniter\CodeIgniter->runController(Object(App\Controllers\Admin\PJUM))
#7 C:\xampp\htdocs\pdln\system\CodeIgniter.php(326): CodeIgniter\CodeIgniter->handleRequest(NULL, Object(Config\Cache), false)
#8 C:\xampp\htdocs\pdln\index.php(37): CodeIgniter\CodeIgniter->run()
#9 {main}
CRITICAL - 2023-10-24 03:30:29 --> Call to undefined method App\Models\BiayaModel::cekvaluta
#0 C:\xampp\htdocs\pdln\app\Controllers\Admin\PJUM.php(581): CodeIgniter\Model->__call('cekvaluta', Array)
#1 C:\xampp\htdocs\pdln\system\CodeIgniter.php(832): App\Controllers\Admin\PJUM->importpjum('pjum', '1', '1', '', '')
#2 C:\xampp\htdocs\pdln\system\CodeIgniter.php(419): CodeIgniter\CodeIgniter->runController(Object(App\Controllers\Admin\PJUM))
#3 C:\xampp\htdocs\pdln\system\CodeIgniter.php(326): CodeIgniter\CodeIgniter->handleRequest(NULL, Object(Config\Cache), false)
#4 C:\xampp\htdocs\pdln\index.php(37): CodeIgniter\CodeIgniter->run()
#5 {main}
CRITICAL - 2023-10-24 11:47:07 --> Call to undefined method App\Models\KategoriModel::cekdata
#0 C:\xampp\htdocs\pdln\app\Controllers\Admin\Dashboard.php(379): CodeIgniter\Model->__call('cekdata', Array)
#1 C:\xampp\htdocs\pdln\system\CodeIgniter.php(832): App\Controllers\Admin\Dashboard->importbiaya('1')
#2 C:\xampp\htdocs\pdln\system\CodeIgniter.php(419): CodeIgniter\CodeIgniter->runController(Object(App\Controllers\Admin\Dashboard))
#3 C:\xampp\htdocs\pdln\system\CodeIgniter.php(326): CodeIgniter\CodeIgniter->handleRequest(NULL, Object(Config\Cache), false)
#4 C:\xampp\htdocs\pdln\index.php(37): CodeIgniter\CodeIgniter->run()
#5 {main}
CRITICAL - 2023-10-24 11:50:20 --> Undefined variable $id_pjum
#0 C:\xampp\htdocs\pdln\app\Controllers\Admin\Dashboard.php(395): CodeIgniter\Debug\Exceptions->errorHandler(2, 'Undefined varia...', 'C:\\xampp\\htdocs...', 395)
#1 C:\xampp\htdocs\pdln\system\CodeIgniter.php(832): App\Controllers\Admin\Dashboard->importbiaya('1')
#2 C:\xampp\htdocs\pdln\system\CodeIgniter.php(419): CodeIgniter\CodeIgniter->runController(Object(App\Controllers\Admin\Dashboard))
#3 C:\xampp\htdocs\pdln\system\CodeIgniter.php(326): CodeIgniter\CodeIgniter->handleRequest(NULL, Object(Config\Cache), false)
#4 C:\xampp\htdocs\pdln\index.php(37): CodeIgniter\CodeIgniter->run()
#5 {main}
CRITICAL - 2023-10-24 11:51:01 --> Trying to access array offset on value of type null
#0 C:\xampp\htdocs\pdln\app\Controllers\Admin\Dashboard.php(395): CodeIgniter\Debug\Exceptions->errorHandler(2, 'Trying to acces...', 'C:\\xampp\\htdocs...', 395)
#1 C:\xampp\htdocs\pdln\system\CodeIgniter.php(832): App\Controllers\Admin\Dashboard->importbiaya('1')
#2 C:\xampp\htdocs\pdln\system\CodeIgniter.php(419): CodeIgniter\CodeIgniter->runController(Object(App\Controllers\Admin\Dashboard))
#3 C:\xampp\htdocs\pdln\system\CodeIgniter.php(326): CodeIgniter\CodeIgniter->handleRequest(NULL, Object(Config\Cache), false)
#4 C:\xampp\htdocs\pdln\index.php(37): CodeIgniter\CodeIgniter->run()
#5 {main}
CRITICAL - 2023-10-24 12:17:32 --> Trying to access array offset on value of type null
#0 C:\xampp\htdocs\pdln\app\Controllers\Admin\Dashboard.php(540): CodeIgniter\Debug\Exceptions->errorHandler(2, 'Trying to acces...', 'C:\\xampp\\htdocs...', 540)
#1 C:\xampp\htdocs\pdln\system\CodeIgniter.php(832): App\Controllers\Admin\Dashboard->importbiaya('1')
#2 C:\xampp\htdocs\pdln\system\CodeIgniter.php(419): CodeIgniter\CodeIgniter->runController(Object(App\Controllers\Admin\Dashboard))
#3 C:\xampp\htdocs\pdln\system\CodeIgniter.php(326): CodeIgniter\CodeIgniter->handleRequest(NULL, Object(Config\Cache), false)
#4 C:\xampp\htdocs\pdln\index.php(37): CodeIgniter\CodeIgniter->run()
#5 {main}
CRITICAL - 2023-10-24 12:18:27 --> Trying to access array offset on value of type null
#0 C:\xampp\htdocs\pdln\app\Controllers\Admin\Dashboard.php(540): CodeIgniter\Debug\Exceptions->errorHandler(2, 'Trying to acces...', 'C:\\xampp\\htdocs...', 540)
#1 C:\xampp\htdocs\pdln\system\CodeIgniter.php(832): App\Controllers\Admin\Dashboard->importbiaya('1')
#2 C:\xampp\htdocs\pdln\system\CodeIgniter.php(419): CodeIgniter\CodeIgniter->runController(Object(App\Controllers\Admin\Dashboard))
#3 C:\xampp\htdocs\pdln\system\CodeIgniter.php(326): CodeIgniter\CodeIgniter->handleRequest(NULL, Object(Config\Cache), false)
#4 C:\xampp\htdocs\pdln\index.php(37): CodeIgniter\CodeIgniter->run()
#5 {main}
CRITICAL - 2023-10-24 12:28:39 --> Undefined variable $resultPum
#0 C:\xampp\htdocs\pdln\app\Controllers\Admin\Dashboard.php(541): CodeIgniter\Debug\Exceptions->errorHandler(2, 'Undefined varia...', 'C:\\xampp\\htdocs...', 541)
#1 C:\xampp\htdocs\pdln\system\CodeIgniter.php(832): App\Controllers\Admin\Dashboard->importbiaya('1')
#2 C:\xampp\htdocs\pdln\system\CodeIgniter.php(419): CodeIgniter\CodeIgniter->runController(Object(App\Controllers\Admin\Dashboard))
#3 C:\xampp\htdocs\pdln\system\CodeIgniter.php(326): CodeIgniter\CodeIgniter->handleRequest(NULL, Object(Config\Cache), false)
#4 C:\xampp\htdocs\pdln\index.php(37): CodeIgniter\CodeIgniter->run()
#5 {main}
CRITICAL - 2023-10-24 12:30:03 --> Undefined variable $id_pjum
#0 C:\xampp\htdocs\pdln\app\Controllers\Admin\Dashboard.php(506): CodeIgniter\Debug\Exceptions->errorHandler(2, 'Undefined varia...', 'C:\\xampp\\htdocs...', 506)
#1 C:\xampp\htdocs\pdln\system\CodeIgniter.php(832): App\Controllers\Admin\Dashboard->importbiaya('1')
#2 C:\xampp\htdocs\pdln\system\CodeIgniter.php(419): CodeIgniter\CodeIgniter->runController(Object(App\Controllers\Admin\Dashboard))
#3 C:\xampp\htdocs\pdln\system\CodeIgniter.php(326): CodeIgniter\CodeIgniter->handleRequest(NULL, Object(Config\Cache), false)
#4 C:\xampp\htdocs\pdln\index.php(37): CodeIgniter\CodeIgniter->run()
#5 {main}
CRITICAL - 2023-10-24 12:31:03 --> Undefined variable $id_pjum
#0 C:\xampp\htdocs\pdln\app\Controllers\Admin\Dashboard.php(506): CodeIgniter\Debug\Exceptions->errorHandler(2, 'Undefined varia...', 'C:\\xampp\\htdocs...', 506)
#1 C:\xampp\htdocs\pdln\system\CodeIgniter.php(832): App\Controllers\Admin\Dashboard->importbiaya('1')
#2 C:\xampp\htdocs\pdln\system\CodeIgniter.php(419): CodeIgniter\CodeIgniter->runController(Object(App\Controllers\Admin\Dashboard))
#3 C:\xampp\htdocs\pdln\system\CodeIgniter.php(326): CodeIgniter\CodeIgniter->handleRequest(NULL, Object(Config\Cache), false)
#4 C:\xampp\htdocs\pdln\index.php(37): CodeIgniter\CodeIgniter->run()
#5 {main}
CRITICAL - 2023-10-24 12:31:23 --> Trying to access array offset on value of type null
#0 C:\xampp\htdocs\pdln\app\Controllers\Admin\Dashboard.php(545): CodeIgniter\Debug\Exceptions->errorHandler(2, 'Trying to acces...', 'C:\\xampp\\htdocs...', 545)
#1 C:\xampp\htdocs\pdln\system\CodeIgniter.php(832): App\Controllers\Admin\Dashboard->importbiaya('1')
#2 C:\xampp\htdocs\pdln\system\CodeIgniter.php(419): CodeIgniter\CodeIgniter->runController(Object(App\Controllers\Admin\Dashboard))
#3 C:\xampp\htdocs\pdln\system\CodeIgniter.php(326): CodeIgniter\CodeIgniter->handleRequest(NULL, Object(Config\Cache), false)
#4 C:\xampp\htdocs\pdln\index.php(37): CodeIgniter\CodeIgniter->run()
#5 {main}
ERROR - 2023-10-24 21:13:57 --> Unknown column 'niknm' in 'field list'
CRITICAL - 2023-10-24 21:13:57 --> Unknown column 'niknm' in 'field list'
#0 C:\xampp\htdocs\pdln\system\Database\MySQLi\Connection.php(292): mysqli->query('SELECT `nik`, `...', 0)
#1 C:\xampp\htdocs\pdln\system\Database\BaseConnection.php(670): CodeIgniter\Database\MySQLi\Connection->execute('SELECT `nik`, `...')
#2 C:\xampp\htdocs\pdln\system\Database\BaseConnection.php(598): CodeIgniter\Database\BaseConnection->simpleQuery('SELECT `nik`, `...')
#3 C:\xampp\htdocs\pdln\system\Database\BaseBuilder.php(1455): CodeIgniter\Database\BaseConnection->query('SELECT `nik`, `...', Array, false)
#4 C:\xampp\htdocs\pdln\system\Model.php(210): CodeIgniter\Database\BaseBuilder->get()
#5 C:\xampp\htdocs\pdln\system\BaseModel.php(622): CodeIgniter\Model->doFirst()
#6 C:\xampp\htdocs\pdln\app\Controllers\Admin\PJUM.php(104): CodeIgniter\BaseModel->first()
#7 C:\xampp\htdocs\pdln\system\CodeIgniter.php(832): App\Controllers\Admin\PJUM->listpjum('pjum', '1', '')
#8 C:\xampp\htdocs\pdln\system\CodeIgniter.php(419): CodeIgniter\CodeIgniter->runController(Object(App\Controllers\Admin\PJUM))
#9 C:\xampp\htdocs\pdln\system\CodeIgniter.php(326): CodeIgniter\CodeIgniter->handleRequest(NULL, Object(Config\Cache), false)
#10 C:\xampp\htdocs\pdln\index.php(37): CodeIgniter\CodeIgniter->run()
#11 {main}
CRITICAL - 2023-10-24 21:15:56 --> Undefined property: App\Controllers\Admin\PJUM::$m_am21
#0 C:\xampp\htdocs\pdln\app\Controllers\Admin\PJUM.php(105): CodeIgniter\Debug\Exceptions->errorHandler(2, 'Undefined prope...', 'C:\\xampp\\htdocs...', 105)
#1 C:\xampp\htdocs\pdln\system\CodeIgniter.php(832): App\Controllers\Admin\PJUM->listpjum('pjum', '1', '')
#2 C:\xampp\htdocs\pdln\system\CodeIgniter.php(419): CodeIgniter\CodeIgniter->runController(Object(App\Controllers\Admin\PJUM))
#3 C:\xampp\htdocs\pdln\system\CodeIgniter.php(326): CodeIgniter\CodeIgniter->handleRequest(NULL, Object(Config\Cache), false)
#4 C:\xampp\htdocs\pdln\index.php(37): CodeIgniter\CodeIgniter->run()
#5 {main}
CRITICAL - 2023-10-24 21:26:36 --> Undefined property: App\Controllers\Admin\PB::$m_am21
#0 C:\xampp\htdocs\pdln\app\Controllers\Admin\PB.php(105): CodeIgniter\Debug\Exceptions->errorHandler(2, 'Undefined prope...', 'C:\\xampp\\htdocs...', 105)
#1 C:\xampp\htdocs\pdln\system\CodeIgniter.php(832): App\Controllers\Admin\PB->listpb('pb', '1', '')
#2 C:\xampp\htdocs\pdln\system\CodeIgniter.php(419): CodeIgniter\CodeIgniter->runController(Object(App\Controllers\Admin\PB))
#3 C:\xampp\htdocs\pdln\system\CodeIgniter.php(326): CodeIgniter\CodeIgniter->handleRequest(NULL, Object(Config\Cache), false)
#4 C:\xampp\htdocs\pdln\index.php(37): CodeIgniter\CodeIgniter->run()
#5 {main}
ERROR - 2023-10-24 22:27:38 --> Unknown column 'nomor' in 'field list'
CRITICAL - 2023-10-24 22:27:38 --> Unknown column 'nomor' in 'field list'
#0 C:\xampp\htdocs\pdln\system\Database\MySQLi\Connection.php(292): mysqli->query('SELECT `nomor`\n...', 0)
#1 C:\xampp\htdocs\pdln\system\Database\BaseConnection.php(670): CodeIgniter\Database\MySQLi\Connection->execute('SELECT `nomor`\n...')
#2 C:\xampp\htdocs\pdln\system\Database\BaseConnection.php(598): CodeIgniter\Database\BaseConnection->simpleQuery('SELECT `nomor`\n...')
#3 C:\xampp\htdocs\pdln\system\Database\BaseBuilder.php(1455): CodeIgniter\Database\BaseConnection->query('SELECT `nomor`\n...', Array, false)
#4 C:\xampp\htdocs\pdln\system\Model.php(210): CodeIgniter\Database\BaseBuilder->get()
#5 C:\xampp\htdocs\pdln\system\BaseModel.php(622): CodeIgniter\Model->doFirst()
#6 C:\xampp\htdocs\pdln\app\Controllers\Admin\PJUM.php(639): CodeIgniter\BaseModel->first()
#7 C:\xampp\htdocs\pdln\system\CodeIgniter.php(832): App\Controllers\Admin\PJUM->exportpjum('pjum', '1', '', '')
#8 C:\xampp\htdocs\pdln\system\CodeIgniter.php(419): CodeIgniter\CodeIgniter->runController(Object(App\Controllers\Admin\PJUM))
#9 C:\xampp\htdocs\pdln\system\CodeIgniter.php(326): CodeIgniter\CodeIgniter->handleRequest(NULL, Object(Config\Cache), false)
#10 C:\xampp\htdocs\pdln\index.php(37): CodeIgniter\CodeIgniter->run()
#11 {main}
CRITICAL - 2023-10-24 22:32:49 --> Undefined variable $nopjum
#0 C:\xampp\htdocs\pdln\app\Controllers\Admin\PJUM.php(751): CodeIgniter\Debug\Exceptions->errorHandler(2, 'Undefined varia...', 'C:\\xampp\\htdocs...', 751)
#1 C:\xampp\htdocs\pdln\system\CodeIgniter.php(832): App\Controllers\Admin\PJUM->exportpjum('pjum', '1', '', '')
#2 C:\xampp\htdocs\pdln\system\CodeIgniter.php(419): CodeIgniter\CodeIgniter->runController(Object(App\Controllers\Admin\PJUM))
#3 C:\xampp\htdocs\pdln\system\CodeIgniter.php(326): CodeIgniter\CodeIgniter->handleRequest(NULL, Object(Config\Cache), false)
#4 C:\xampp\htdocs\pdln\index.php(37): CodeIgniter\CodeIgniter->run()
#5 {main}
CRITICAL - 2023-10-24 22:32:52 --> Undefined variable $nopjum
#0 C:\xampp\htdocs\pdln\app\Controllers\Admin\PJUM.php(751): CodeIgniter\Debug\Exceptions->errorHandler(2, 'Undefined varia...', 'C:\\xampp\\htdocs...', 751)
#1 C:\xampp\htdocs\pdln\system\CodeIgniter.php(832): App\Controllers\Admin\PJUM->exportpjum('pjum', '1', '', '')
#2 C:\xampp\htdocs\pdln\system\CodeIgniter.php(419): CodeIgniter\CodeIgniter->runController(Object(App\Controllers\Admin\PJUM))
#3 C:\xampp\htdocs\pdln\system\CodeIgniter.php(326): CodeIgniter\CodeIgniter->handleRequest(NULL, Object(Config\Cache), false)
#4 C:\xampp\htdocs\pdln\index.php(37): CodeIgniter\CodeIgniter->run()
#5 {main}
CRITICAL - 2023-10-24 22:37:00 --> Trying to access array offset on value of type null
#0 C:\xampp\htdocs\pdln\app\Controllers\Admin\PJUM.php(641): CodeIgniter\Debug\Exceptions->errorHandler(2, 'Trying to acces...', 'C:\\xampp\\htdocs...', 641)
#1 C:\xampp\htdocs\pdln\system\CodeIgniter.php(832): App\Controllers\Admin\PJUM->exportpjum('pjum', '1', '', '')
#2 C:\xampp\htdocs\pdln\system\CodeIgniter.php(419): CodeIgniter\CodeIgniter->runController(Object(App\Controllers\Admin\PJUM))
#3 C:\xampp\htdocs\pdln\system\CodeIgniter.php(326): CodeIgniter\CodeIgniter->handleRequest(NULL, Object(Config\Cache), false)
#4 C:\xampp\htdocs\pdln\index.php(37): CodeIgniter\CodeIgniter->run()
#5 {main}
CRITICAL - 2023-10-24 22:43:56 --> Invalid range: "H6:G6"
#0 C:\xampp\htdocs\pdln\vendor\phpoffice\phpspreadsheet\src\PhpSpreadsheet\Cell\Coordinate.php(464): PhpOffice\PhpSpreadsheet\Cell\Coordinate::validateRange('H6:G6', 8, 8, 6, 6)
#1 C:\xampp\htdocs\pdln\vendor\phpoffice\phpspreadsheet\src\PhpSpreadsheet\Cell\Coordinate.php(371): PhpOffice\PhpSpreadsheet\Cell\Coordinate::getReferencesForCellBlock('H6:G6')
#2 C:\xampp\htdocs\pdln\vendor\phpoffice\phpspreadsheet\src\PhpSpreadsheet\Worksheet\Worksheet.php(751): PhpOffice\PhpSpreadsheet\Cell\Coordinate::extractAllCellReferencesInRange('H6:G6')
#3 C:\xampp\htdocs\pdln\vendor\phpoffice\phpspreadsheet\src\PhpSpreadsheet\Writer\Xls\Worksheet.php(285): PhpOffice\PhpSpreadsheet\Worksheet\Worksheet->calculateColumnWidths()
#4 C:\xampp\htdocs\pdln\vendor\phpoffice\phpspreadsheet\src\PhpSpreadsheet\Writer\Xls.php(190): PhpOffice\PhpSpreadsheet\Writer\Xls\Worksheet->close()
#5 C:\xampp\htdocs\pdln\app\Controllers\Admin\PJUM.php(762): PhpOffice\PhpSpreadsheet\Writer\Xls->save('PJUM 09002_0800...')
#6 C:\xampp\htdocs\pdln\system\CodeIgniter.php(832): App\Controllers\Admin\PJUM->exportpjum('pjum', '1', '1', '', '')
#7 C:\xampp\htdocs\pdln\system\CodeIgniter.php(419): CodeIgniter\CodeIgniter->runController(Object(App\Controllers\Admin\PJUM))
#8 C:\xampp\htdocs\pdln\system\CodeIgniter.php(326): CodeIgniter\CodeIgniter->handleRequest(NULL, Object(Config\Cache), false)
#9 C:\xampp\htdocs\pdln\index.php(37): CodeIgniter\CodeIgniter->run()
#10 {main}
CRITICAL - 2023-10-24 22:57:54 --> Cannot access offset of type string on string
#0 C:\xampp\htdocs\pdln\system\CodeIgniter.php(832): App\Controllers\Admin\PJUM->exportpjum('pjum', '1', '1', '', '')
#1 C:\xampp\htdocs\pdln\system\CodeIgniter.php(419): CodeIgniter\CodeIgniter->runController(Object(App\Controllers\Admin\PJUM))
#2 C:\xampp\htdocs\pdln\system\CodeIgniter.php(326): CodeIgniter\CodeIgniter->handleRequest(NULL, Object(Config\Cache), false)
#3 C:\xampp\htdocs\pdln\index.php(37): CodeIgniter\CodeIgniter->run()
#4 {main}
CRITICAL - 2023-10-24 23:22:47 --> Undefined array key "baris"
#0 C:\xampp\htdocs\pdln\app\Controllers\Admin\PB.php(644): CodeIgniter\Debug\Exceptions->errorHandler(2, 'Undefined array...', 'C:\\xampp\\htdocs...', 644)
#1 C:\xampp\htdocs\pdln\system\CodeIgniter.php(832): App\Controllers\Admin\PB->exportpb('pb', '1', '1', '', '')
#2 C:\xampp\htdocs\pdln\system\CodeIgniter.php(419): CodeIgniter\CodeIgniter->runController(Object(App\Controllers\Admin\PB))
#3 C:\xampp\htdocs\pdln\system\CodeIgniter.php(326): CodeIgniter\CodeIgniter->handleRequest(NULL, Object(Config\Cache), false)
#4 C:\xampp\htdocs\pdln\index.php(37): CodeIgniter\CodeIgniter->run()
#5 {main}
CRITICAL - 2023-10-24 23:25:54 --> Undefined array key "baris"
#0 C:\xampp\htdocs\pdln\app\Controllers\Admin\PB.php(651): CodeIgniter\Debug\Exceptions->errorHandler(2, 'Undefined array...', 'C:\\xampp\\htdocs...', 651)
#1 C:\xampp\htdocs\pdln\system\CodeIgniter.php(832): App\Controllers\Admin\PB->exportpb('pb', '1', '1', '', '')
#2 C:\xampp\htdocs\pdln\system\CodeIgniter.php(419): CodeIgniter\CodeIgniter->runController(Object(App\Controllers\Admin\PB))
#3 C:\xampp\htdocs\pdln\system\CodeIgniter.php(326): CodeIgniter\CodeIgniter->handleRequest(NULL, Object(Config\Cache), false)
#4 C:\xampp\htdocs\pdln\index.php(37): CodeIgniter\CodeIgniter->run()
#5 {main}
CRITICAL - 2023-10-24 23:28:17 --> Undefined array key "tanggal"
#0 C:\xampp\htdocs\pdln\app\Controllers\Admin\PB.php(653): CodeIgniter\Debug\Exceptions->errorHandler(2, 'Undefined array...', 'C:\\xampp\\htdocs...', 653)
#1 C:\xampp\htdocs\pdln\system\CodeIgniter.php(832): App\Controllers\Admin\PB->exportpb('pb', '1', '1', '', '')
#2 C:\xampp\htdocs\pdln\system\CodeIgniter.php(419): CodeIgniter\CodeIgniter->runController(Object(App\Controllers\Admin\PB))
#3 C:\xampp\htdocs\pdln\system\CodeIgniter.php(326): CodeIgniter\CodeIgniter->handleRequest(NULL, Object(Config\Cache), false)
#4 C:\xampp\htdocs\pdln\index.php(37): CodeIgniter\CodeIgniter->run()
#5 {main}
CRITICAL - 2023-10-24 23:48:40 --> Cannot access offset of type string on string
#0 C:\xampp\htdocs\pdln\system\CodeIgniter.php(832): App\Controllers\Admin\PJUM->exportpjum('pjum', '1', '1', '', '')
#1 C:\xampp\htdocs\pdln\system\CodeIgniter.php(419): CodeIgniter\CodeIgniter->runController(Object(App\Controllers\Admin\PJUM))
#2 C:\xampp\htdocs\pdln\system\CodeIgniter.php(326): CodeIgniter\CodeIgniter->handleRequest(NULL, Object(Config\Cache), false)
#3 C:\xampp\htdocs\pdln\index.php(37): CodeIgniter\CodeIgniter->run()
#4 {main}
