CRITICAL - 2023-07-19 20:18:44 --> Use of undefined constant nl2br - assumed 'nl2br' (this will throw an Error in a future version of PHP)
#0 D:\PT Konimex\Proyek PPL\pd\app\Views\ui\v_header.php(155): CodeIgniter\Debug\Exceptions->errorHandler(2, 'Use of undefine...', 'D:\\PT Konimex\\P...', 155, Array)
#1 D:\PT Konimex\Proyek PPL\pd\system\View\View.php(210): include('D:\\PT Konimex\\P...')
#2 D:\PT Konimex\Proyek PPL\pd\system\View\View.php(213): CodeIgniter\View\View->CodeIgniter\View\{closure}()
#3 D:\PT Konimex\Proyek PPL\pd\system\Common.php(1089): CodeIgniter\View\View->render('ui/v_header', Array, true)
#4 D:\PT Konimex\Proyek PPL\pd\app\Controllers\Admin\Dashboard.php(22): view('ui/v_header', Array)
#5 D:\PT Konimex\Proyek PPL\pd\system\CodeIgniter.php(832): App\Controllers\Admin\Dashboard->dashboard()
#6 D:\PT Konimex\Proyek PPL\pd\system\CodeIgniter.php(419): CodeIgniter\CodeIgniter->runController(Object(App\Controllers\Admin\Dashboard))
#7 D:\PT Konimex\Proyek PPL\pd\system\CodeIgniter.php(326): CodeIgniter\CodeIgniter->handleRequest(NULL, Object(Config\Cache), false)
#8 D:\PT Konimex\Proyek PPL\pd\public\index.php(37): CodeIgniter\CodeIgniter->run()
#9 D:\PT Konimex\Proyek PPL\pd\system\Commands\Server\rewrite.php(43): require_once('D:\\PT Konimex\\P...')
#10 {main}
CRITICAL - 2023-07-19 20:18:45 --> Use of undefined constant nl2br - assumed 'nl2br' (this will throw an Error in a future version of PHP)
#0 D:\PT Konimex\Proyek PPL\pd\app\Views\ui\v_header.php(155): CodeIgniter\Debug\Exceptions->errorHandler(2, 'Use of undefine...', 'D:\\PT Konimex\\P...', 155, Array)
#1 D:\PT Konimex\Proyek PPL\pd\system\View\View.php(210): include('D:\\PT Konimex\\P...')
#2 D:\PT Konimex\Proyek PPL\pd\system\View\View.php(213): CodeIgniter\View\View->CodeIgniter\View\{closure}()
#3 D:\PT Konimex\Proyek PPL\pd\system\Common.php(1089): CodeIgniter\View\View->render('ui/v_header', Array, true)
#4 D:\PT Konimex\Proyek PPL\pd\app\Controllers\Admin\Dashboard.php(22): view('ui/v_header', Array)
#5 D:\PT Konimex\Proyek PPL\pd\system\CodeIgniter.php(832): App\Controllers\Admin\Dashboard->dashboard()
#6 D:\PT Konimex\Proyek PPL\pd\system\CodeIgniter.php(419): CodeIgniter\CodeIgniter->runController(Object(App\Controllers\Admin\Dashboard))
#7 D:\PT Konimex\Proyek PPL\pd\system\CodeIgniter.php(326): CodeIgniter\CodeIgniter->handleRequest(NULL, Object(Config\Cache), false)
#8 D:\PT Konimex\Proyek PPL\pd\public\index.php(37): CodeIgniter\CodeIgniter->run()
#9 D:\PT Konimex\Proyek PPL\pd\system\Commands\Server\rewrite.php(43): require_once('D:\\PT Konimex\\P...')
#10 {main}
CRITICAL - 2023-07-19 20:18:56 --> Undefined variable: nl2br
#0 D:\PT Konimex\Proyek PPL\pd\app\Views\ui\v_header.php(155): CodeIgniter\Debug\Exceptions->errorHandler(8, 'Undefined varia...', 'D:\\PT Konimex\\P...', 155, Array)
#1 D:\PT Konimex\Proyek PPL\pd\system\View\View.php(210): include('D:\\PT Konimex\\P...')
#2 D:\PT Konimex\Proyek PPL\pd\system\View\View.php(213): CodeIgniter\View\View->CodeIgniter\View\{closure}()
#3 D:\PT Konimex\Proyek PPL\pd\system\Common.php(1089): CodeIgniter\View\View->render('ui/v_header', Array, true)
#4 D:\PT Konimex\Proyek PPL\pd\app\Controllers\Admin\Dashboard.php(22): view('ui/v_header', Array)
#5 D:\PT Konimex\Proyek PPL\pd\system\CodeIgniter.php(832): App\Controllers\Admin\Dashboard->dashboard()
#6 D:\PT Konimex\Proyek PPL\pd\system\CodeIgniter.php(419): CodeIgniter\CodeIgniter->runController(Object(App\Controllers\Admin\Dashboard))
#7 D:\PT Konimex\Proyek PPL\pd\system\CodeIgniter.php(326): CodeIgniter\CodeIgniter->handleRequest(NULL, Object(Config\Cache), false)
#8 D:\PT Konimex\Proyek PPL\pd\public\index.php(37): CodeIgniter\CodeIgniter->run()
#9 D:\PT Konimex\Proyek PPL\pd\system\Commands\Server\rewrite.php(43): require_once('D:\\PT Konimex\\P...')
#10 {main}
CRITICAL - 2023-07-19 20:18:57 --> Undefined variable: nl2br
#0 D:\PT Konimex\Proyek PPL\pd\app\Views\ui\v_header.php(155): CodeIgniter\Debug\Exceptions->errorHandler(8, 'Undefined varia...', 'D:\\PT Konimex\\P...', 155, Array)
#1 D:\PT Konimex\Proyek PPL\pd\system\View\View.php(210): include('D:\\PT Konimex\\P...')
#2 D:\PT Konimex\Proyek PPL\pd\system\View\View.php(213): CodeIgniter\View\View->CodeIgniter\View\{closure}()
#3 D:\PT Konimex\Proyek PPL\pd\system\Common.php(1089): CodeIgniter\View\View->render('ui/v_header', Array, true)
#4 D:\PT Konimex\Proyek PPL\pd\app\Controllers\Admin\Dashboard.php(22): view('ui/v_header', Array)
#5 D:\PT Konimex\Proyek PPL\pd\system\CodeIgniter.php(832): App\Controllers\Admin\Dashboard->dashboard()
#6 D:\PT Konimex\Proyek PPL\pd\system\CodeIgniter.php(419): CodeIgniter\CodeIgniter->runController(Object(App\Controllers\Admin\Dashboard))
#7 D:\PT Konimex\Proyek PPL\pd\system\CodeIgniter.php(326): CodeIgniter\CodeIgniter->handleRequest(NULL, Object(Config\Cache), false)
#8 D:\PT Konimex\Proyek PPL\pd\public\index.php(37): CodeIgniter\CodeIgniter->run()
#9 D:\PT Konimex\Proyek PPL\pd\system\Commands\Server\rewrite.php(43): require_once('D:\\PT Konimex\\P...')
#10 {main}
CRITICAL - 2023-07-19 20:19:39 --> Undefined variable: nl2br
#0 D:\PT Konimex\Proyek PPL\pd\app\Views\ui\v_header.php(155): CodeIgniter\Debug\Exceptions->errorHandler(8, 'Undefined varia...', 'D:\\PT Konimex\\P...', 155, Array)
#1 D:\PT Konimex\Proyek PPL\pd\system\View\View.php(210): include('D:\\PT Konimex\\P...')
#2 D:\PT Konimex\Proyek PPL\pd\system\View\View.php(213): CodeIgniter\View\View->CodeIgniter\View\{closure}()
#3 D:\PT Konimex\Proyek PPL\pd\system\Common.php(1089): CodeIgniter\View\View->render('ui/v_header', Array, true)
#4 D:\PT Konimex\Proyek PPL\pd\app\Controllers\Admin\Dashboard.php(22): view('ui/v_header', Array)
#5 D:\PT Konimex\Proyek PPL\pd\system\CodeIgniter.php(832): App\Controllers\Admin\Dashboard->dashboard()
#6 D:\PT Konimex\Proyek PPL\pd\system\CodeIgniter.php(419): CodeIgniter\CodeIgniter->runController(Object(App\Controllers\Admin\Dashboard))
#7 D:\PT Konimex\Proyek PPL\pd\system\CodeIgniter.php(326): CodeIgniter\CodeIgniter->handleRequest(NULL, Object(Config\Cache), false)
#8 D:\PT Konimex\Proyek PPL\pd\public\index.php(37): CodeIgniter\CodeIgniter->run()
#9 D:\PT Konimex\Proyek PPL\pd\system\Commands\Server\rewrite.php(43): require_once('D:\\PT Konimex\\P...')
#10 {main}
CRITICAL - 2023-07-19 20:19:40 --> Undefined variable: nl2br
#0 D:\PT Konimex\Proyek PPL\pd\app\Views\ui\v_header.php(155): CodeIgniter\Debug\Exceptions->errorHandler(8, 'Undefined varia...', 'D:\\PT Konimex\\P...', 155, Array)
#1 D:\PT Konimex\Proyek PPL\pd\system\View\View.php(210): include('D:\\PT Konimex\\P...')
#2 D:\PT Konimex\Proyek PPL\pd\system\View\View.php(213): CodeIgniter\View\View->CodeIgniter\View\{closure}()
#3 D:\PT Konimex\Proyek PPL\pd\system\Common.php(1089): CodeIgniter\View\View->render('ui/v_header', Array, true)
#4 D:\PT Konimex\Proyek PPL\pd\app\Controllers\Admin\Dashboard.php(22): view('ui/v_header', Array)
#5 D:\PT Konimex\Proyek PPL\pd\system\CodeIgniter.php(832): App\Controllers\Admin\Dashboard->dashboard()
#6 D:\PT Konimex\Proyek PPL\pd\system\CodeIgniter.php(419): CodeIgniter\CodeIgniter->runController(Object(App\Controllers\Admin\Dashboard))
#7 D:\PT Konimex\Proyek PPL\pd\system\CodeIgniter.php(326): CodeIgniter\CodeIgniter->handleRequest(NULL, Object(Config\Cache), false)
#8 D:\PT Konimex\Proyek PPL\pd\public\index.php(37): CodeIgniter\CodeIgniter->run()
#9 D:\PT Konimex\Proyek PPL\pd\system\Commands\Server\rewrite.php(43): require_once('D:\\PT Konimex\\P...')
#10 {main}
CRITICAL - 2023-07-19 21:38:07 --> Invalid file: ui/v_template_header.php
#0 D:\PT Konimex\Proyek PPL\pd\system\View\View.php(198): CodeIgniter\Exceptions\FrameworkException::forInvalidFile('ui/v_template_h...')
#1 D:\PT Konimex\Proyek PPL\pd\system\Common.php(1089): CodeIgniter\View\View->render('ui/v_template_h...', Array, true)
#2 D:\PT Konimex\Proyek PPL\pd\app\Controllers\Admin\Dashboard.php(35): view('ui/v_template_h...', Array)
#3 D:\PT Konimex\Proyek PPL\pd\system\CodeIgniter.php(832): App\Controllers\Admin\Dashboard->pjum()
#4 D:\PT Konimex\Proyek PPL\pd\system\CodeIgniter.php(419): CodeIgniter\CodeIgniter->runController(Object(App\Controllers\Admin\Dashboard))
#5 D:\PT Konimex\Proyek PPL\pd\system\CodeIgniter.php(326): CodeIgniter\CodeIgniter->handleRequest(NULL, Object(Config\Cache), false)
#6 D:\PT Konimex\Proyek PPL\pd\public\index.php(37): CodeIgniter\CodeIgniter->run()
#7 D:\PT Konimex\Proyek PPL\pd\system\Commands\Server\rewrite.php(43): require_once('D:\\PT Konimex\\P...')
#8 {main}
CRITICAL - 2023-07-19 21:38:07 --> Invalid file: ui/v_template_header.php
#0 D:\PT Konimex\Proyek PPL\pd\system\View\View.php(198): CodeIgniter\Exceptions\FrameworkException::forInvalidFile('ui/v_template_h...')
#1 D:\PT Konimex\Proyek PPL\pd\system\Common.php(1089): CodeIgniter\View\View->render('ui/v_template_h...', Array, true)
#2 D:\PT Konimex\Proyek PPL\pd\app\Controllers\Admin\Dashboard.php(35): view('ui/v_template_h...', Array)
#3 D:\PT Konimex\Proyek PPL\pd\system\CodeIgniter.php(832): App\Controllers\Admin\Dashboard->pjum()
#4 D:\PT Konimex\Proyek PPL\pd\system\CodeIgniter.php(419): CodeIgniter\CodeIgniter->runController(Object(App\Controllers\Admin\Dashboard))
#5 D:\PT Konimex\Proyek PPL\pd\system\CodeIgniter.php(326): CodeIgniter\CodeIgniter->handleRequest(NULL, Object(Config\Cache), false)
#6 D:\PT Konimex\Proyek PPL\pd\public\index.php(37): CodeIgniter\CodeIgniter->run()
#7 D:\PT Konimex\Proyek PPL\pd\system\Commands\Server\rewrite.php(43): require_once('D:\\PT Konimex\\P...')
#8 {main}
CRITICAL - 2023-07-19 21:40:59 --> Invalid file: ui/v_template_header.php
#0 D:\PT Konimex\Proyek PPL\pd\system\View\View.php(198): CodeIgniter\Exceptions\FrameworkException::forInvalidFile('ui/v_template_h...')
#1 D:\PT Konimex\Proyek PPL\pd\system\Common.php(1089): CodeIgniter\View\View->render('ui/v_template_h...', Array, true)
#2 D:\PT Konimex\Proyek PPL\pd\app\Controllers\Admin\Dashboard.php(98): view('ui/v_template_h...', Array)
#3 D:\PT Konimex\Proyek PPL\pd\system\CodeIgniter.php(832): App\Controllers\Admin\Dashboard->tambahdatapjum()
#4 D:\PT Konimex\Proyek PPL\pd\system\CodeIgniter.php(419): CodeIgniter\CodeIgniter->runController(Object(App\Controllers\Admin\Dashboard))
#5 D:\PT Konimex\Proyek PPL\pd\system\CodeIgniter.php(326): CodeIgniter\CodeIgniter->handleRequest(NULL, Object(Config\Cache), false)
#6 D:\PT Konimex\Proyek PPL\pd\public\index.php(37): CodeIgniter\CodeIgniter->run()
#7 D:\PT Konimex\Proyek PPL\pd\system\Commands\Server\rewrite.php(43): require_once('D:\\PT Konimex\\P...')
#8 {main}
CRITICAL - 2023-07-19 21:40:59 --> Invalid file: ui/v_template_header.php
#0 D:\PT Konimex\Proyek PPL\pd\system\View\View.php(198): CodeIgniter\Exceptions\FrameworkException::forInvalidFile('ui/v_template_h...')
#1 D:\PT Konimex\Proyek PPL\pd\system\Common.php(1089): CodeIgniter\View\View->render('ui/v_template_h...', Array, true)
#2 D:\PT Konimex\Proyek PPL\pd\app\Controllers\Admin\Dashboard.php(98): view('ui/v_template_h...', Array)
#3 D:\PT Konimex\Proyek PPL\pd\system\CodeIgniter.php(832): App\Controllers\Admin\Dashboard->tambahdatapjum()
#4 D:\PT Konimex\Proyek PPL\pd\system\CodeIgniter.php(419): CodeIgniter\CodeIgniter->runController(Object(App\Controllers\Admin\Dashboard))
#5 D:\PT Konimex\Proyek PPL\pd\system\CodeIgniter.php(326): CodeIgniter\CodeIgniter->handleRequest(NULL, Object(Config\Cache), false)
#6 D:\PT Konimex\Proyek PPL\pd\public\index.php(37): CodeIgniter\CodeIgniter->run()
#7 D:\PT Konimex\Proyek PPL\pd\system\Commands\Server\rewrite.php(43): require_once('D:\\PT Konimex\\P...')
#8 {main}
CRITICAL - 2023-07-19 21:41:03 --> Invalid file: ui/v_template_header.php
#0 D:\PT Konimex\Proyek PPL\pd\system\View\View.php(198): CodeIgniter\Exceptions\FrameworkException::forInvalidFile('ui/v_template_h...')
#1 D:\PT Konimex\Proyek PPL\pd\system\Common.php(1089): CodeIgniter\View\View->render('ui/v_template_h...', Array, true)
#2 D:\PT Konimex\Proyek PPL\pd\app\Controllers\Admin\Dashboard.php(121): view('ui/v_template_h...', Array)
#3 D:\PT Konimex\Proyek PPL\pd\system\CodeIgniter.php(832): App\Controllers\Admin\Dashboard->lihatdatapjum()
#4 D:\PT Konimex\Proyek PPL\pd\system\CodeIgniter.php(419): CodeIgniter\CodeIgniter->runController(Object(App\Controllers\Admin\Dashboard))
#5 D:\PT Konimex\Proyek PPL\pd\system\CodeIgniter.php(326): CodeIgniter\CodeIgniter->handleRequest(NULL, Object(Config\Cache), false)
#6 D:\PT Konimex\Proyek PPL\pd\public\index.php(37): CodeIgniter\CodeIgniter->run()
#7 D:\PT Konimex\Proyek PPL\pd\system\Commands\Server\rewrite.php(43): require_once('D:\\PT Konimex\\P...')
#8 {main}
CRITICAL - 2023-07-19 21:41:04 --> Invalid file: ui/v_template_header.php
#0 D:\PT Konimex\Proyek PPL\pd\system\View\View.php(198): CodeIgniter\Exceptions\FrameworkException::forInvalidFile('ui/v_template_h...')
#1 D:\PT Konimex\Proyek PPL\pd\system\Common.php(1089): CodeIgniter\View\View->render('ui/v_template_h...', Array, true)
#2 D:\PT Konimex\Proyek PPL\pd\app\Controllers\Admin\Dashboard.php(121): view('ui/v_template_h...', Array)
#3 D:\PT Konimex\Proyek PPL\pd\system\CodeIgniter.php(832): App\Controllers\Admin\Dashboard->lihatdatapjum()
#4 D:\PT Konimex\Proyek PPL\pd\system\CodeIgniter.php(419): CodeIgniter\CodeIgniter->runController(Object(App\Controllers\Admin\Dashboard))
#5 D:\PT Konimex\Proyek PPL\pd\system\CodeIgniter.php(326): CodeIgniter\CodeIgniter->handleRequest(NULL, Object(Config\Cache), false)
#6 D:\PT Konimex\Proyek PPL\pd\public\index.php(37): CodeIgniter\CodeIgniter->run()
#7 D:\PT Konimex\Proyek PPL\pd\system\Commands\Server\rewrite.php(43): require_once('D:\\PT Konimex\\P...')
#8 {main}
CRITICAL - 2023-07-19 21:46:11 --> Invalid file: ui/v_template_header.php
#0 D:\PT Konimex\Proyek PPL\pd\system\View\View.php(198): CodeIgniter\Exceptions\FrameworkException::forInvalidFile('ui/v_template_h...')
#1 D:\PT Konimex\Proyek PPL\pd\system\Common.php(1089): CodeIgniter\View\View->render('ui/v_template_h...', Array, true)
#2 D:\PT Konimex\Proyek PPL\pd\app\Controllers\Admin\Dashboard.php(35): view('ui/v_template_h...', Array)
#3 D:\PT Konimex\Proyek PPL\pd\system\CodeIgniter.php(832): App\Controllers\Admin\Dashboard->pjum()
#4 D:\PT Konimex\Proyek PPL\pd\system\CodeIgniter.php(419): CodeIgniter\CodeIgniter->runController(Object(App\Controllers\Admin\Dashboard))
#5 D:\PT Konimex\Proyek PPL\pd\system\CodeIgniter.php(326): CodeIgniter\CodeIgniter->handleRequest(NULL, Object(Config\Cache), false)
#6 D:\PT Konimex\Proyek PPL\pd\public\index.php(37): CodeIgniter\CodeIgniter->run()
#7 D:\PT Konimex\Proyek PPL\pd\system\Commands\Server\rewrite.php(43): require_once('D:\\PT Konimex\\P...')
#8 {main}
CRITICAL - 2023-07-19 21:46:11 --> Invalid file: ui/v_template_header.php
#0 D:\PT Konimex\Proyek PPL\pd\system\View\View.php(198): CodeIgniter\Exceptions\FrameworkException::forInvalidFile('ui/v_template_h...')
#1 D:\PT Konimex\Proyek PPL\pd\system\Common.php(1089): CodeIgniter\View\View->render('ui/v_template_h...', Array, true)
#2 D:\PT Konimex\Proyek PPL\pd\app\Controllers\Admin\Dashboard.php(35): view('ui/v_template_h...', Array)
#3 D:\PT Konimex\Proyek PPL\pd\system\CodeIgniter.php(832): App\Controllers\Admin\Dashboard->pjum()
#4 D:\PT Konimex\Proyek PPL\pd\system\CodeIgniter.php(419): CodeIgniter\CodeIgniter->runController(Object(App\Controllers\Admin\Dashboard))
#5 D:\PT Konimex\Proyek PPL\pd\system\CodeIgniter.php(326): CodeIgniter\CodeIgniter->handleRequest(NULL, Object(Config\Cache), false)
#6 D:\PT Konimex\Proyek PPL\pd\public\index.php(37): CodeIgniter\CodeIgniter->run()
#7 D:\PT Konimex\Proyek PPL\pd\system\Commands\Server\rewrite.php(43): require_once('D:\\PT Konimex\\P...')
#8 {main}
CRITICAL - 2023-07-19 21:46:27 --> Undefined variable: header
#0 D:\PT Konimex\Proyek PPL\pd\app\Views\pjum\v_pjum.php(11): CodeIgniter\Debug\Exceptions->errorHandler(8, 'Undefined varia...', 'D:\\PT Konimex\\P...', 11, Array)
#1 D:\PT Konimex\Proyek PPL\pd\system\View\View.php(210): include('D:\\PT Konimex\\P...')
#2 D:\PT Konimex\Proyek PPL\pd\system\View\View.php(213): CodeIgniter\View\View->CodeIgniter\View\{closure}()
#3 D:\PT Konimex\Proyek PPL\pd\system\Common.php(1089): CodeIgniter\View\View->render('pjum/v_pjum', Array, true)
#4 D:\PT Konimex\Proyek PPL\pd\app\Controllers\Admin\Dashboard.php(36): view('pjum/v_pjum', Array)
#5 D:\PT Konimex\Proyek PPL\pd\system\CodeIgniter.php(832): App\Controllers\Admin\Dashboard->pjum()
#6 D:\PT Konimex\Proyek PPL\pd\system\CodeIgniter.php(419): CodeIgniter\CodeIgniter->runController(Object(App\Controllers\Admin\Dashboard))
#7 D:\PT Konimex\Proyek PPL\pd\system\CodeIgniter.php(326): CodeIgniter\CodeIgniter->handleRequest(NULL, Object(Config\Cache), false)
#8 D:\PT Konimex\Proyek PPL\pd\public\index.php(37): CodeIgniter\CodeIgniter->run()
#9 D:\PT Konimex\Proyek PPL\pd\system\Commands\Server\rewrite.php(43): require_once('D:\\PT Konimex\\P...')
#10 {main}
CRITICAL - 2023-07-19 21:46:28 --> Undefined variable: header
#0 D:\PT Konimex\Proyek PPL\pd\app\Views\pjum\v_pjum.php(11): CodeIgniter\Debug\Exceptions->errorHandler(8, 'Undefined varia...', 'D:\\PT Konimex\\P...', 11, Array)
#1 D:\PT Konimex\Proyek PPL\pd\system\View\View.php(210): include('D:\\PT Konimex\\P...')
#2 D:\PT Konimex\Proyek PPL\pd\system\View\View.php(213): CodeIgniter\View\View->CodeIgniter\View\{closure}()
#3 D:\PT Konimex\Proyek PPL\pd\system\Common.php(1089): CodeIgniter\View\View->render('pjum/v_pjum', Array, true)
#4 D:\PT Konimex\Proyek PPL\pd\app\Controllers\Admin\Dashboard.php(36): view('pjum/v_pjum', Array)
#5 D:\PT Konimex\Proyek PPL\pd\system\CodeIgniter.php(832): App\Controllers\Admin\Dashboard->pjum()
#6 D:\PT Konimex\Proyek PPL\pd\system\CodeIgniter.php(419): CodeIgniter\CodeIgniter->runController(Object(App\Controllers\Admin\Dashboard))
#7 D:\PT Konimex\Proyek PPL\pd\system\CodeIgniter.php(326): CodeIgniter\CodeIgniter->handleRequest(NULL, Object(Config\Cache), false)
#8 D:\PT Konimex\Proyek PPL\pd\public\index.php(37): CodeIgniter\CodeIgniter->run()
#9 D:\PT Konimex\Proyek PPL\pd\system\Commands\Server\rewrite.php(43): require_once('D:\\PT Konimex\\P...')
#10 {main}
CRITICAL - 2023-07-19 21:46:37 --> Undefined variable: judul
#0 D:\PT Konimex\Proyek PPL\pd\app\Views\ui\v_header.php(36): CodeIgniter\Debug\Exceptions->errorHandler(8, 'Undefined varia...', 'D:\\PT Konimex\\P...', 36, Array)
#1 D:\PT Konimex\Proyek PPL\pd\system\View\View.php(210): include('D:\\PT Konimex\\P...')
#2 D:\PT Konimex\Proyek PPL\pd\system\View\View.php(213): CodeIgniter\View\View->CodeIgniter\View\{closure}()
#3 D:\PT Konimex\Proyek PPL\pd\system\Common.php(1089): CodeIgniter\View\View->render('ui/v_header', Array, true)
#4 D:\PT Konimex\Proyek PPL\pd\app\Controllers\Admin\Dashboard.php(35): view('ui/v_header', Array)
#5 D:\PT Konimex\Proyek PPL\pd\system\CodeIgniter.php(832): App\Controllers\Admin\Dashboard->pjum()
#6 D:\PT Konimex\Proyek PPL\pd\system\CodeIgniter.php(419): CodeIgniter\CodeIgniter->runController(Object(App\Controllers\Admin\Dashboard))
#7 D:\PT Konimex\Proyek PPL\pd\system\CodeIgniter.php(326): CodeIgniter\CodeIgniter->handleRequest(NULL, Object(Config\Cache), false)
#8 D:\PT Konimex\Proyek PPL\pd\public\index.php(37): CodeIgniter\CodeIgniter->run()
#9 D:\PT Konimex\Proyek PPL\pd\system\Commands\Server\rewrite.php(43): require_once('D:\\PT Konimex\\P...')
#10 {main}
CRITICAL - 2023-07-19 21:46:38 --> Undefined variable: judul
#0 D:\PT Konimex\Proyek PPL\pd\app\Views\ui\v_header.php(36): CodeIgniter\Debug\Exceptions->errorHandler(8, 'Undefined varia...', 'D:\\PT Konimex\\P...', 36, Array)
#1 D:\PT Konimex\Proyek PPL\pd\system\View\View.php(210): include('D:\\PT Konimex\\P...')
#2 D:\PT Konimex\Proyek PPL\pd\system\View\View.php(213): CodeIgniter\View\View->CodeIgniter\View\{closure}()
#3 D:\PT Konimex\Proyek PPL\pd\system\Common.php(1089): CodeIgniter\View\View->render('ui/v_header', Array, true)
#4 D:\PT Konimex\Proyek PPL\pd\app\Controllers\Admin\Dashboard.php(35): view('ui/v_header', Array)
#5 D:\PT Konimex\Proyek PPL\pd\system\CodeIgniter.php(832): App\Controllers\Admin\Dashboard->pjum()
#6 D:\PT Konimex\Proyek PPL\pd\system\CodeIgniter.php(419): CodeIgniter\CodeIgniter->runController(Object(App\Controllers\Admin\Dashboard))
#7 D:\PT Konimex\Proyek PPL\pd\system\CodeIgniter.php(326): CodeIgniter\CodeIgniter->handleRequest(NULL, Object(Config\Cache), false)
#8 D:\PT Konimex\Proyek PPL\pd\public\index.php(37): CodeIgniter\CodeIgniter->run()
#9 D:\PT Konimex\Proyek PPL\pd\system\Commands\Server\rewrite.php(43): require_once('D:\\PT Konimex\\P...')
#10 {main}
CRITICAL - 2023-07-19 22:03:34 --> Invalid file: ui/v_template_header.php
#0 D:\PT Konimex\Proyek PPL\pd\system\View\View.php(198): CodeIgniter\Exceptions\FrameworkException::forInvalidFile('ui/v_template_h...')
#1 D:\PT Konimex\Proyek PPL\pd\system\Common.php(1089): CodeIgniter\View\View->render('ui/v_template_h...', Array, true)
#2 D:\PT Konimex\Proyek PPL\pd\app\Controllers\Admin\Dashboard.php(97): view('ui/v_template_h...', Array)
#3 D:\PT Konimex\Proyek PPL\pd\system\CodeIgniter.php(832): App\Controllers\Admin\Dashboard->tambahdatapjum()
#4 D:\PT Konimex\Proyek PPL\pd\system\CodeIgniter.php(419): CodeIgniter\CodeIgniter->runController(Object(App\Controllers\Admin\Dashboard))
#5 D:\PT Konimex\Proyek PPL\pd\system\CodeIgniter.php(326): CodeIgniter\CodeIgniter->handleRequest(NULL, Object(Config\Cache), false)
#6 D:\PT Konimex\Proyek PPL\pd\public\index.php(37): CodeIgniter\CodeIgniter->run()
#7 D:\PT Konimex\Proyek PPL\pd\system\Commands\Server\rewrite.php(43): require_once('D:\\PT Konimex\\P...')
#8 {main}
CRITICAL - 2023-07-19 22:03:35 --> Invalid file: ui/v_template_header.php
#0 D:\PT Konimex\Proyek PPL\pd\system\View\View.php(198): CodeIgniter\Exceptions\FrameworkException::forInvalidFile('ui/v_template_h...')
#1 D:\PT Konimex\Proyek PPL\pd\system\Common.php(1089): CodeIgniter\View\View->render('ui/v_template_h...', Array, true)
#2 D:\PT Konimex\Proyek PPL\pd\app\Controllers\Admin\Dashboard.php(97): view('ui/v_template_h...', Array)
#3 D:\PT Konimex\Proyek PPL\pd\system\CodeIgniter.php(832): App\Controllers\Admin\Dashboard->tambahdatapjum()
#4 D:\PT Konimex\Proyek PPL\pd\system\CodeIgniter.php(419): CodeIgniter\CodeIgniter->runController(Object(App\Controllers\Admin\Dashboard))
#5 D:\PT Konimex\Proyek PPL\pd\system\CodeIgniter.php(326): CodeIgniter\CodeIgniter->handleRequest(NULL, Object(Config\Cache), false)
#6 D:\PT Konimex\Proyek PPL\pd\public\index.php(37): CodeIgniter\CodeIgniter->run()
#7 D:\PT Konimex\Proyek PPL\pd\system\Commands\Server\rewrite.php(43): require_once('D:\\PT Konimex\\P...')
#8 {main}
CRITICAL - 2023-07-19 22:23:25 --> Invalid file: ui/v_template_header.php
#0 D:\PT Konimex\Proyek PPL\pd\system\View\View.php(198): CodeIgniter\Exceptions\FrameworkException::forInvalidFile('ui/v_template_h...')
#1 D:\PT Konimex\Proyek PPL\pd\system\Common.php(1089): CodeIgniter\View\View->render('ui/v_template_h...', Array, true)
#2 D:\PT Konimex\Proyek PPL\pd\app\Controllers\Admin\Dashboard.php(120): view('ui/v_template_h...', Array)
#3 D:\PT Konimex\Proyek PPL\pd\system\CodeIgniter.php(832): App\Controllers\Admin\Dashboard->lihatdatapjum()
#4 D:\PT Konimex\Proyek PPL\pd\system\CodeIgniter.php(419): CodeIgniter\CodeIgniter->runController(Object(App\Controllers\Admin\Dashboard))
#5 D:\PT Konimex\Proyek PPL\pd\system\CodeIgniter.php(326): CodeIgniter\CodeIgniter->handleRequest(NULL, Object(Config\Cache), false)
#6 D:\PT Konimex\Proyek PPL\pd\public\index.php(37): CodeIgniter\CodeIgniter->run()
#7 D:\PT Konimex\Proyek PPL\pd\system\Commands\Server\rewrite.php(43): require_once('D:\\PT Konimex\\P...')
#8 {main}
CRITICAL - 2023-07-19 22:23:25 --> Invalid file: ui/v_template_header.php
#0 D:\PT Konimex\Proyek PPL\pd\system\View\View.php(198): CodeIgniter\Exceptions\FrameworkException::forInvalidFile('ui/v_template_h...')
#1 D:\PT Konimex\Proyek PPL\pd\system\Common.php(1089): CodeIgniter\View\View->render('ui/v_template_h...', Array, true)
#2 D:\PT Konimex\Proyek PPL\pd\app\Controllers\Admin\Dashboard.php(120): view('ui/v_template_h...', Array)
#3 D:\PT Konimex\Proyek PPL\pd\system\CodeIgniter.php(832): App\Controllers\Admin\Dashboard->lihatdatapjum()
#4 D:\PT Konimex\Proyek PPL\pd\system\CodeIgniter.php(419): CodeIgniter\CodeIgniter->runController(Object(App\Controllers\Admin\Dashboard))
#5 D:\PT Konimex\Proyek PPL\pd\system\CodeIgniter.php(326): CodeIgniter\CodeIgniter->handleRequest(NULL, Object(Config\Cache), false)
#6 D:\PT Konimex\Proyek PPL\pd\public\index.php(37): CodeIgniter\CodeIgniter->run()
#7 D:\PT Konimex\Proyek PPL\pd\system\Commands\Server\rewrite.php(43): require_once('D:\\PT Konimex\\P...')
#8 {main}
CRITICAL - 2023-07-19 22:35:09 --> Class 'HTMLPurifier_Config' not found
#0 D:\PT Konimex\Proyek PPL\pd\app\Models\PostsModel.php(39): purify('admin')
#1 D:\PT Konimex\Proyek PPL\pd\app\Controllers\Admin\Dashboard.php(80): App\Models\PostsModel->insertPost(Array, 'article')
#2 D:\PT Konimex\Proyek PPL\pd\system\CodeIgniter.php(832): App\Controllers\Admin\Dashboard->tambahdatapjum()
#3 D:\PT Konimex\Proyek PPL\pd\system\CodeIgniter.php(419): CodeIgniter\CodeIgniter->runController(Object(App\Controllers\Admin\Dashboard))
#4 D:\PT Konimex\Proyek PPL\pd\system\CodeIgniter.php(326): CodeIgniter\CodeIgniter->handleRequest(NULL, Object(Config\Cache), false)
#5 D:\PT Konimex\Proyek PPL\pd\public\index.php(37): CodeIgniter\CodeIgniter->run()
#6 D:\PT Konimex\Proyek PPL\pd\system\Commands\Server\rewrite.php(43): require_once('D:\\PT Konimex\\P...')
#7 {main}
CRITICAL - 2023-07-19 23:40:23 --> Invalid file: ui/v_template_header.php
#0 D:\PT Konimex\Proyek PPL\pd\system\View\View.php(198): CodeIgniter\Exceptions\FrameworkException::forInvalidFile('ui/v_template_h...')
#1 D:\PT Konimex\Proyek PPL\pd\system\Common.php(1089): CodeIgniter\View\View->render('ui/v_template_h...', Array, true)
#2 D:\PT Konimex\Proyek PPL\pd\app\Controllers\Admin\Dashboard.php(120): view('ui/v_template_h...', Array)
#3 D:\PT Konimex\Proyek PPL\pd\system\CodeIgniter.php(832): App\Controllers\Admin\Dashboard->lihatdatapjum()
#4 D:\PT Konimex\Proyek PPL\pd\system\CodeIgniter.php(419): CodeIgniter\CodeIgniter->runController(Object(App\Controllers\Admin\Dashboard))
#5 D:\PT Konimex\Proyek PPL\pd\system\CodeIgniter.php(326): CodeIgniter\CodeIgniter->handleRequest(NULL, Object(Config\Cache), false)
#6 D:\PT Konimex\Proyek PPL\pd\public\index.php(37): CodeIgniter\CodeIgniter->run()
#7 D:\PT Konimex\Proyek PPL\pd\system\Commands\Server\rewrite.php(43): require_once('D:\\PT Konimex\\P...')
#8 {main}
CRITICAL - 2023-07-19 23:40:24 --> Invalid file: ui/v_template_header.php
#0 D:\PT Konimex\Proyek PPL\pd\system\View\View.php(198): CodeIgniter\Exceptions\FrameworkException::forInvalidFile('ui/v_template_h...')
#1 D:\PT Konimex\Proyek PPL\pd\system\Common.php(1089): CodeIgniter\View\View->render('ui/v_template_h...', Array, true)
#2 D:\PT Konimex\Proyek PPL\pd\app\Controllers\Admin\Dashboard.php(120): view('ui/v_template_h...', Array)
#3 D:\PT Konimex\Proyek PPL\pd\system\CodeIgniter.php(832): App\Controllers\Admin\Dashboard->lihatdatapjum()
#4 D:\PT Konimex\Proyek PPL\pd\system\CodeIgniter.php(419): CodeIgniter\CodeIgniter->runController(Object(App\Controllers\Admin\Dashboard))
#5 D:\PT Konimex\Proyek PPL\pd\system\CodeIgniter.php(326): CodeIgniter\CodeIgniter->handleRequest(NULL, Object(Config\Cache), false)
#6 D:\PT Konimex\Proyek PPL\pd\public\index.php(37): CodeIgniter\CodeIgniter->run()
#7 D:\PT Konimex\Proyek PPL\pd\system\Commands\Server\rewrite.php(43): require_once('D:\\PT Konimex\\P...')
#8 {main}
