CRITICAL - 2023-07-21 03:20:04 --> Undefined property: CodeIgniter\View\View::$pagination
#0 D:\PT Konimex\Proyek PPL\pd\app\Views\pjum\v_lihatdatapjum.php(107): CodeIgniter\Debug\Exceptions->errorHandler(8, 'Undefined prope...', 'D:\\PT Konimex\\P...', 107, Array)
#1 D:\PT Konimex\Proyek PPL\pd\system\View\View.php(210): include('D:\\PT Konimex\\P...')
#2 D:\PT Konimex\Proyek PPL\pd\system\View\View.php(213): CodeIgniter\View\View->CodeIgniter\View\{closure}()
#3 D:\PT Konimex\Proyek PPL\pd\system\Common.php(1089): CodeIgniter\View\View->render('pjum/v_lihatdat...', Array, true)
#4 D:\PT Konimex\Proyek PPL\pd\app\Controllers\Admin\PJUM.php(129): view('pjum/v_lihatdat...', Array)
#5 D:\PT Konimex\Proyek PPL\pd\system\CodeIgniter.php(832): App\Controllers\Admin\PJUM->lihatdatapjum()
#6 D:\PT Konimex\Proyek PPL\pd\system\CodeIgniter.php(419): CodeIgniter\CodeIgniter->runController(Object(App\Controllers\Admin\PJUM))
#7 D:\PT Konimex\Proyek PPL\pd\system\CodeIgniter.php(326): CodeIgniter\CodeIgniter->handleRequest(NULL, Object(Config\Cache), false)
#8 D:\PT Konimex\Proyek PPL\pd\public\index.php(37): CodeIgniter\CodeIgniter->run()
#9 D:\PT Konimex\Proyek PPL\pd\system\Commands\Server\rewrite.php(43): require_once('D:\\PT Konimex\\P...')
#10 {main}
CRITICAL - 2023-07-21 03:20:06 --> Undefined property: CodeIgniter\View\View::$pagination
#0 D:\PT Konimex\Proyek PPL\pd\app\Views\pjum\v_lihatdatapjum.php(107): CodeIgniter\Debug\Exceptions->errorHandler(8, 'Undefined prope...', 'D:\\PT Konimex\\P...', 107, Array)
#1 D:\PT Konimex\Proyek PPL\pd\system\View\View.php(210): include('D:\\PT Konimex\\P...')
#2 D:\PT Konimex\Proyek PPL\pd\system\View\View.php(213): CodeIgniter\View\View->CodeIgniter\View\{closure}()
#3 D:\PT Konimex\Proyek PPL\pd\system\Common.php(1089): CodeIgniter\View\View->render('pjum/v_lihatdat...', Array, true)
#4 D:\PT Konimex\Proyek PPL\pd\app\Controllers\Admin\PJUM.php(129): view('pjum/v_lihatdat...', Array)
#5 D:\PT Konimex\Proyek PPL\pd\system\CodeIgniter.php(832): App\Controllers\Admin\PJUM->lihatdatapjum()
#6 D:\PT Konimex\Proyek PPL\pd\system\CodeIgniter.php(419): CodeIgniter\CodeIgniter->runController(Object(App\Controllers\Admin\PJUM))
#7 D:\PT Konimex\Proyek PPL\pd\system\CodeIgniter.php(326): CodeIgniter\CodeIgniter->handleRequest(NULL, Object(Config\Cache), false)
#8 D:\PT Konimex\Proyek PPL\pd\public\index.php(37): CodeIgniter\CodeIgniter->run()
#9 D:\PT Konimex\Proyek PPL\pd\system\Commands\Server\rewrite.php(43): require_once('D:\\PT Konimex\\P...')
#10 {main}
CRITICAL - 2023-07-21 03:42:49 --> Undefined property: App\Controllers\Admin\PJUM::$load
#0 D:\PT Konimex\Proyek PPL\pd\app\Controllers\Admin\PJUM.php(13): CodeIgniter\Debug\Exceptions->errorHandler(8, 'Undefined prope...', 'D:\\PT Konimex\\P...', 13, Array)
#1 D:\PT Konimex\Proyek PPL\pd\system\CodeIgniter.php(809): App\Controllers\Admin\PJUM->__construct()
#2 D:\PT Konimex\Proyek PPL\pd\system\CodeIgniter.php(410): CodeIgniter\CodeIgniter->createController()
#3 D:\PT Konimex\Proyek PPL\pd\system\CodeIgniter.php(326): CodeIgniter\CodeIgniter->handleRequest(NULL, Object(Config\Cache), false)
#4 D:\PT Konimex\Proyek PPL\pd\public\index.php(37): CodeIgniter\CodeIgniter->run()
#5 D:\PT Konimex\Proyek PPL\pd\system\Commands\Server\rewrite.php(43): require_once('D:\\PT Konimex\\P...')
#6 {main}
CRITICAL - 2023-07-21 03:42:50 --> Undefined property: App\Controllers\Admin\PJUM::$load
#0 D:\PT Konimex\Proyek PPL\pd\app\Controllers\Admin\PJUM.php(13): CodeIgniter\Debug\Exceptions->errorHandler(8, 'Undefined prope...', 'D:\\PT Konimex\\P...', 13, Array)
#1 D:\PT Konimex\Proyek PPL\pd\system\CodeIgniter.php(809): App\Controllers\Admin\PJUM->__construct()
#2 D:\PT Konimex\Proyek PPL\pd\system\CodeIgniter.php(410): CodeIgniter\CodeIgniter->createController()
#3 D:\PT Konimex\Proyek PPL\pd\system\CodeIgniter.php(326): CodeIgniter\CodeIgniter->handleRequest(NULL, Object(Config\Cache), false)
#4 D:\PT Konimex\Proyek PPL\pd\public\index.php(37): CodeIgniter\CodeIgniter->run()
#5 D:\PT Konimex\Proyek PPL\pd\system\Commands\Server\rewrite.php(43): require_once('D:\\PT Konimex\\P...')
#6 {main}
CRITICAL - 2023-07-21 03:52:50 --> Undefined variable: link
#0 D:\PT Konimex\Proyek PPL\pd\app\Views\pager\datatable.php(3): CodeIgniter\Debug\Exceptions->errorHandler(8, 'Undefined varia...', 'D:\\PT Konimex\\P...', 3, Array)
#1 D:\PT Konimex\Proyek PPL\pd\system\View\View.php(210): include('D:\\PT Konimex\\P...')
#2 D:\PT Konimex\Proyek PPL\pd\system\View\View.php(213): CodeIgniter\View\View->CodeIgniter\View\{closure}()
#3 D:\PT Konimex\Proyek PPL\pd\system\Pager\Pager.php(125): CodeIgniter\View\View->render('App\\Views\\Pager...')
#4 D:\PT Konimex\Proyek PPL\pd\system\Pager\Pager.php(83): CodeIgniter\Pager\Pager->displayLinks('dt', 'datatable')
#5 D:\PT Konimex\Proyek PPL\pd\app\Views\pb\v_lihatdatapb.php(107): CodeIgniter\Pager\Pager->links('dt', 'datatable')
#6 D:\PT Konimex\Proyek PPL\pd\system\View\View.php(210): include('D:\\PT Konimex\\P...')
#7 D:\PT Konimex\Proyek PPL\pd\system\View\View.php(213): CodeIgniter\View\View->CodeIgniter\View\{closure}()
#8 D:\PT Konimex\Proyek PPL\pd\system\Common.php(1089): CodeIgniter\View\View->render('pb/v_lihatdatap...', Array, true)
#9 D:\PT Konimex\Proyek PPL\pd\app\Controllers\Admin\PB.php(129): view('pb/v_lihatdatap...', Array)
#10 D:\PT Konimex\Proyek PPL\pd\system\CodeIgniter.php(832): App\Controllers\Admin\PB->lihatdatapb()
#11 D:\PT Konimex\Proyek PPL\pd\system\CodeIgniter.php(419): CodeIgniter\CodeIgniter->runController(Object(App\Controllers\Admin\PB))
#12 D:\PT Konimex\Proyek PPL\pd\system\CodeIgniter.php(326): CodeIgniter\CodeIgniter->handleRequest(NULL, Object(Config\Cache), false)
#13 D:\PT Konimex\Proyek PPL\pd\public\index.php(37): CodeIgniter\CodeIgniter->run()
#14 D:\PT Konimex\Proyek PPL\pd\system\Commands\Server\rewrite.php(43): require_once('D:\\PT Konimex\\P...')
#15 {main}
CRITICAL - 2023-07-21 03:52:51 --> Undefined variable: link
#0 D:\PT Konimex\Proyek PPL\pd\app\Views\pager\datatable.php(3): CodeIgniter\Debug\Exceptions->errorHandler(8, 'Undefined varia...', 'D:\\PT Konimex\\P...', 3, Array)
#1 D:\PT Konimex\Proyek PPL\pd\system\View\View.php(210): include('D:\\PT Konimex\\P...')
#2 D:\PT Konimex\Proyek PPL\pd\system\View\View.php(213): CodeIgniter\View\View->CodeIgniter\View\{closure}()
#3 D:\PT Konimex\Proyek PPL\pd\system\Pager\Pager.php(125): CodeIgniter\View\View->render('App\\Views\\Pager...')
#4 D:\PT Konimex\Proyek PPL\pd\system\Pager\Pager.php(83): CodeIgniter\Pager\Pager->displayLinks('dt', 'datatable')
#5 D:\PT Konimex\Proyek PPL\pd\app\Views\pb\v_lihatdatapb.php(107): CodeIgniter\Pager\Pager->links('dt', 'datatable')
#6 D:\PT Konimex\Proyek PPL\pd\system\View\View.php(210): include('D:\\PT Konimex\\P...')
#7 D:\PT Konimex\Proyek PPL\pd\system\View\View.php(213): CodeIgniter\View\View->CodeIgniter\View\{closure}()
#8 D:\PT Konimex\Proyek PPL\pd\system\Common.php(1089): CodeIgniter\View\View->render('pb/v_lihatdatap...', Array, true)
#9 D:\PT Konimex\Proyek PPL\pd\app\Controllers\Admin\PB.php(129): view('pb/v_lihatdatap...', Array)
#10 D:\PT Konimex\Proyek PPL\pd\system\CodeIgniter.php(832): App\Controllers\Admin\PB->lihatdatapb()
#11 D:\PT Konimex\Proyek PPL\pd\system\CodeIgniter.php(419): CodeIgniter\CodeIgniter->runController(Object(App\Controllers\Admin\PB))
#12 D:\PT Konimex\Proyek PPL\pd\system\CodeIgniter.php(326): CodeIgniter\CodeIgniter->handleRequest(NULL, Object(Config\Cache), false)
#13 D:\PT Konimex\Proyek PPL\pd\public\index.php(37): CodeIgniter\CodeIgniter->run()
#14 D:\PT Konimex\Proyek PPL\pd\system\Commands\Server\rewrite.php(43): require_once('D:\\PT Konimex\\P...')
#15 {main}
CRITICAL - 2023-07-21 03:55:04 --> Undefined variable: link
#0 D:\PT Konimex\Proyek PPL\pd\app\Views\pager\datatable.php(3): CodeIgniter\Debug\Exceptions->errorHandler(8, 'Undefined varia...', 'D:\\PT Konimex\\P...', 3, Array)
#1 D:\PT Konimex\Proyek PPL\pd\system\View\View.php(210): include('D:\\PT Konimex\\P...')
#2 D:\PT Konimex\Proyek PPL\pd\system\View\View.php(213): CodeIgniter\View\View->CodeIgniter\View\{closure}()
#3 D:\PT Konimex\Proyek PPL\pd\system\Pager\Pager.php(125): CodeIgniter\View\View->render('App\\Views\\Pager...')
#4 D:\PT Konimex\Proyek PPL\pd\system\Pager\Pager.php(83): CodeIgniter\Pager\Pager->displayLinks('dt', 'datatable')
#5 D:\PT Konimex\Proyek PPL\pd\app\Views\pjum\v_lihatdatapjum.php(107): CodeIgniter\Pager\Pager->links('dt', 'datatable')
#6 D:\PT Konimex\Proyek PPL\pd\system\View\View.php(210): include('D:\\PT Konimex\\P...')
#7 D:\PT Konimex\Proyek PPL\pd\system\View\View.php(213): CodeIgniter\View\View->CodeIgniter\View\{closure}()
#8 D:\PT Konimex\Proyek PPL\pd\system\Common.php(1089): CodeIgniter\View\View->render('pjum/v_lihatdat...', Array, true)
#9 D:\PT Konimex\Proyek PPL\pd\app\Controllers\Admin\PJUM.php(129): view('pjum/v_lihatdat...', Array)
#10 D:\PT Konimex\Proyek PPL\pd\system\CodeIgniter.php(832): App\Controllers\Admin\PJUM->lihatdatapjum()
#11 D:\PT Konimex\Proyek PPL\pd\system\CodeIgniter.php(419): CodeIgniter\CodeIgniter->runController(Object(App\Controllers\Admin\PJUM))
#12 D:\PT Konimex\Proyek PPL\pd\system\CodeIgniter.php(326): CodeIgniter\CodeIgniter->handleRequest(NULL, Object(Config\Cache), false)
#13 D:\PT Konimex\Proyek PPL\pd\public\index.php(37): CodeIgniter\CodeIgniter->run()
#14 D:\PT Konimex\Proyek PPL\pd\system\Commands\Server\rewrite.php(43): require_once('D:\\PT Konimex\\P...')
#15 {main}
CRITICAL - 2023-07-21 03:55:06 --> Undefined variable: link
#0 D:\PT Konimex\Proyek PPL\pd\app\Views\pager\datatable.php(3): CodeIgniter\Debug\Exceptions->errorHandler(8, 'Undefined varia...', 'D:\\PT Konimex\\P...', 3, Array)
#1 D:\PT Konimex\Proyek PPL\pd\system\View\View.php(210): include('D:\\PT Konimex\\P...')
#2 D:\PT Konimex\Proyek PPL\pd\system\View\View.php(213): CodeIgniter\View\View->CodeIgniter\View\{closure}()
#3 D:\PT Konimex\Proyek PPL\pd\system\Pager\Pager.php(125): CodeIgniter\View\View->render('App\\Views\\Pager...')
#4 D:\PT Konimex\Proyek PPL\pd\system\Pager\Pager.php(83): CodeIgniter\Pager\Pager->displayLinks('dt', 'datatable')
#5 D:\PT Konimex\Proyek PPL\pd\app\Views\pjum\v_lihatdatapjum.php(107): CodeIgniter\Pager\Pager->links('dt', 'datatable')
#6 D:\PT Konimex\Proyek PPL\pd\system\View\View.php(210): include('D:\\PT Konimex\\P...')
#7 D:\PT Konimex\Proyek PPL\pd\system\View\View.php(213): CodeIgniter\View\View->CodeIgniter\View\{closure}()
#8 D:\PT Konimex\Proyek PPL\pd\system\Common.php(1089): CodeIgniter\View\View->render('pjum/v_lihatdat...', Array, true)
#9 D:\PT Konimex\Proyek PPL\pd\app\Controllers\Admin\PJUM.php(129): view('pjum/v_lihatdat...', Array)
#10 D:\PT Konimex\Proyek PPL\pd\system\CodeIgniter.php(832): App\Controllers\Admin\PJUM->lihatdatapjum()
#11 D:\PT Konimex\Proyek PPL\pd\system\CodeIgniter.php(419): CodeIgniter\CodeIgniter->runController(Object(App\Controllers\Admin\PJUM))
#12 D:\PT Konimex\Proyek PPL\pd\system\CodeIgniter.php(326): CodeIgniter\CodeIgniter->handleRequest(NULL, Object(Config\Cache), false)
#13 D:\PT Konimex\Proyek PPL\pd\public\index.php(37): CodeIgniter\CodeIgniter->run()
#14 D:\PT Konimex\Proyek PPL\pd\system\Commands\Server\rewrite.php(43): require_once('D:\\PT Konimex\\P...')
#15 {main}
CRITICAL - 2023-07-21 03:58:53 --> Array to string conversion
#0 D:\PT Konimex\Proyek PPL\pd\app\Views\pager\datatable.php(3): CodeIgniter\Debug\Exceptions->errorHandler(8, 'Array to string...', 'D:\\PT Konimex\\P...', 3, Array)
#1 D:\PT Konimex\Proyek PPL\pd\system\View\View.php(210): include('D:\\PT Konimex\\P...')
#2 D:\PT Konimex\Proyek PPL\pd\system\View\View.php(213): CodeIgniter\View\View->CodeIgniter\View\{closure}()
#3 D:\PT Konimex\Proyek PPL\pd\system\Pager\Pager.php(125): CodeIgniter\View\View->render('App\\Views\\Pager...')
#4 D:\PT Konimex\Proyek PPL\pd\system\Pager\Pager.php(83): CodeIgniter\Pager\Pager->displayLinks('dt', 'datatable')
#5 D:\PT Konimex\Proyek PPL\pd\app\Views\pjum\v_lihatdatapjum.php(107): CodeIgniter\Pager\Pager->links('dt', 'datatable')
#6 D:\PT Konimex\Proyek PPL\pd\system\View\View.php(210): include('D:\\PT Konimex\\P...')
#7 D:\PT Konimex\Proyek PPL\pd\system\View\View.php(213): CodeIgniter\View\View->CodeIgniter\View\{closure}()
#8 D:\PT Konimex\Proyek PPL\pd\system\Common.php(1089): CodeIgniter\View\View->render('pjum/v_lihatdat...', Array, true)
#9 D:\PT Konimex\Proyek PPL\pd\app\Controllers\Admin\PJUM.php(129): view('pjum/v_lihatdat...', Array)
#10 D:\PT Konimex\Proyek PPL\pd\system\CodeIgniter.php(832): App\Controllers\Admin\PJUM->lihatdatapjum()
#11 D:\PT Konimex\Proyek PPL\pd\system\CodeIgniter.php(419): CodeIgniter\CodeIgniter->runController(Object(App\Controllers\Admin\PJUM))
#12 D:\PT Konimex\Proyek PPL\pd\system\CodeIgniter.php(326): CodeIgniter\CodeIgniter->handleRequest(NULL, Object(Config\Cache), false)
#13 D:\PT Konimex\Proyek PPL\pd\public\index.php(37): CodeIgniter\CodeIgniter->run()
#14 D:\PT Konimex\Proyek PPL\pd\system\Commands\Server\rewrite.php(43): require_once('D:\\PT Konimex\\P...')
#15 {main}
CRITICAL - 2023-07-21 03:58:54 --> Array to string conversion
#0 D:\PT Konimex\Proyek PPL\pd\app\Views\pager\datatable.php(3): CodeIgniter\Debug\Exceptions->errorHandler(8, 'Array to string...', 'D:\\PT Konimex\\P...', 3, Array)
#1 D:\PT Konimex\Proyek PPL\pd\system\View\View.php(210): include('D:\\PT Konimex\\P...')
#2 D:\PT Konimex\Proyek PPL\pd\system\View\View.php(213): CodeIgniter\View\View->CodeIgniter\View\{closure}()
#3 D:\PT Konimex\Proyek PPL\pd\system\Pager\Pager.php(125): CodeIgniter\View\View->render('App\\Views\\Pager...')
#4 D:\PT Konimex\Proyek PPL\pd\system\Pager\Pager.php(83): CodeIgniter\Pager\Pager->displayLinks('dt', 'datatable')
#5 D:\PT Konimex\Proyek PPL\pd\app\Views\pjum\v_lihatdatapjum.php(107): CodeIgniter\Pager\Pager->links('dt', 'datatable')
#6 D:\PT Konimex\Proyek PPL\pd\system\View\View.php(210): include('D:\\PT Konimex\\P...')
#7 D:\PT Konimex\Proyek PPL\pd\system\View\View.php(213): CodeIgniter\View\View->CodeIgniter\View\{closure}()
#8 D:\PT Konimex\Proyek PPL\pd\system\Common.php(1089): CodeIgniter\View\View->render('pjum/v_lihatdat...', Array, true)
#9 D:\PT Konimex\Proyek PPL\pd\app\Controllers\Admin\PJUM.php(129): view('pjum/v_lihatdat...', Array)
#10 D:\PT Konimex\Proyek PPL\pd\system\CodeIgniter.php(832): App\Controllers\Admin\PJUM->lihatdatapjum()
#11 D:\PT Konimex\Proyek PPL\pd\system\CodeIgniter.php(419): CodeIgniter\CodeIgniter->runController(Object(App\Controllers\Admin\PJUM))
#12 D:\PT Konimex\Proyek PPL\pd\system\CodeIgniter.php(326): CodeIgniter\CodeIgniter->handleRequest(NULL, Object(Config\Cache), false)
#13 D:\PT Konimex\Proyek PPL\pd\public\index.php(37): CodeIgniter\CodeIgniter->run()
#14 D:\PT Konimex\Proyek PPL\pd\system\Commands\Server\rewrite.php(43): require_once('D:\\PT Konimex\\P...')
#15 {main}
CRITICAL - 2023-07-21 04:00:19 --> Undefined variable: link
#0 D:\PT Konimex\Proyek PPL\pd\app\Views\pager\datatable.php(4): CodeIgniter\Debug\Exceptions->errorHandler(8, 'Undefined varia...', 'D:\\PT Konimex\\P...', 4, Array)
#1 D:\PT Konimex\Proyek PPL\pd\system\View\View.php(210): include('D:\\PT Konimex\\P...')
#2 D:\PT Konimex\Proyek PPL\pd\system\View\View.php(213): CodeIgniter\View\View->CodeIgniter\View\{closure}()
#3 D:\PT Konimex\Proyek PPL\pd\system\Pager\Pager.php(125): CodeIgniter\View\View->render('App\\Views\\Pager...')
#4 D:\PT Konimex\Proyek PPL\pd\system\Pager\Pager.php(83): CodeIgniter\Pager\Pager->displayLinks('dt', 'datatable')
#5 D:\PT Konimex\Proyek PPL\pd\app\Views\pjum\v_lihatdatapjum.php(107): CodeIgniter\Pager\Pager->links('dt', 'datatable')
#6 D:\PT Konimex\Proyek PPL\pd\system\View\View.php(210): include('D:\\PT Konimex\\P...')
#7 D:\PT Konimex\Proyek PPL\pd\system\View\View.php(213): CodeIgniter\View\View->CodeIgniter\View\{closure}()
#8 D:\PT Konimex\Proyek PPL\pd\system\Common.php(1089): CodeIgniter\View\View->render('pjum/v_lihatdat...', Array, true)
#9 D:\PT Konimex\Proyek PPL\pd\app\Controllers\Admin\PJUM.php(129): view('pjum/v_lihatdat...', Array)
#10 D:\PT Konimex\Proyek PPL\pd\system\CodeIgniter.php(832): App\Controllers\Admin\PJUM->lihatdatapjum()
#11 D:\PT Konimex\Proyek PPL\pd\system\CodeIgniter.php(419): CodeIgniter\CodeIgniter->runController(Object(App\Controllers\Admin\PJUM))
#12 D:\PT Konimex\Proyek PPL\pd\system\CodeIgniter.php(326): CodeIgniter\CodeIgniter->handleRequest(NULL, Object(Config\Cache), false)
#13 D:\PT Konimex\Proyek PPL\pd\public\index.php(37): CodeIgniter\CodeIgniter->run()
#14 D:\PT Konimex\Proyek PPL\pd\system\Commands\Server\rewrite.php(43): require_once('D:\\PT Konimex\\P...')
#15 {main}
CRITICAL - 2023-07-21 04:00:20 --> Undefined variable: link
#0 D:\PT Konimex\Proyek PPL\pd\app\Views\pager\datatable.php(4): CodeIgniter\Debug\Exceptions->errorHandler(8, 'Undefined varia...', 'D:\\PT Konimex\\P...', 4, Array)
#1 D:\PT Konimex\Proyek PPL\pd\system\View\View.php(210): include('D:\\PT Konimex\\P...')
#2 D:\PT Konimex\Proyek PPL\pd\system\View\View.php(213): CodeIgniter\View\View->CodeIgniter\View\{closure}()
#3 D:\PT Konimex\Proyek PPL\pd\system\Pager\Pager.php(125): CodeIgniter\View\View->render('App\\Views\\Pager...')
#4 D:\PT Konimex\Proyek PPL\pd\system\Pager\Pager.php(83): CodeIgniter\Pager\Pager->displayLinks('dt', 'datatable')
#5 D:\PT Konimex\Proyek PPL\pd\app\Views\pjum\v_lihatdatapjum.php(107): CodeIgniter\Pager\Pager->links('dt', 'datatable')
#6 D:\PT Konimex\Proyek PPL\pd\system\View\View.php(210): include('D:\\PT Konimex\\P...')
#7 D:\PT Konimex\Proyek PPL\pd\system\View\View.php(213): CodeIgniter\View\View->CodeIgniter\View\{closure}()
#8 D:\PT Konimex\Proyek PPL\pd\system\Common.php(1089): CodeIgniter\View\View->render('pjum/v_lihatdat...', Array, true)
#9 D:\PT Konimex\Proyek PPL\pd\app\Controllers\Admin\PJUM.php(129): view('pjum/v_lihatdat...', Array)
#10 D:\PT Konimex\Proyek PPL\pd\system\CodeIgniter.php(832): App\Controllers\Admin\PJUM->lihatdatapjum()
#11 D:\PT Konimex\Proyek PPL\pd\system\CodeIgniter.php(419): CodeIgniter\CodeIgniter->runController(Object(App\Controllers\Admin\PJUM))
#12 D:\PT Konimex\Proyek PPL\pd\system\CodeIgniter.php(326): CodeIgniter\CodeIgniter->handleRequest(NULL, Object(Config\Cache), false)
#13 D:\PT Konimex\Proyek PPL\pd\public\index.php(37): CodeIgniter\CodeIgniter->run()
#14 D:\PT Konimex\Proyek PPL\pd\system\Commands\Server\rewrite.php(43): require_once('D:\\PT Konimex\\P...')
#15 {main}
CRITICAL - 2023-07-21 04:09:09 --> Undefined variable: link
#0 D:\PT Konimex\Proyek PPL\pd\app\Views\pager\datatable.php(6): CodeIgniter\Debug\Exceptions->errorHandler(8, 'Undefined varia...', 'D:\\PT Konimex\\P...', 6, Array)
#1 D:\PT Konimex\Proyek PPL\pd\system\View\View.php(210): include('D:\\PT Konimex\\P...')
#2 D:\PT Konimex\Proyek PPL\pd\system\View\View.php(213): CodeIgniter\View\View->CodeIgniter\View\{closure}()
#3 D:\PT Konimex\Proyek PPL\pd\system\Pager\Pager.php(125): CodeIgniter\View\View->render('App\\Views\\Pager...')
#4 D:\PT Konimex\Proyek PPL\pd\system\Pager\Pager.php(83): CodeIgniter\Pager\Pager->displayLinks('dt', 'datatable')
#5 D:\PT Konimex\Proyek PPL\pd\app\Views\pjum\v_lihatdatapjum.php(107): CodeIgniter\Pager\Pager->links('dt', 'datatable')
#6 D:\PT Konimex\Proyek PPL\pd\system\View\View.php(210): include('D:\\PT Konimex\\P...')
#7 D:\PT Konimex\Proyek PPL\pd\system\View\View.php(213): CodeIgniter\View\View->CodeIgniter\View\{closure}()
#8 D:\PT Konimex\Proyek PPL\pd\system\Common.php(1089): CodeIgniter\View\View->render('pjum/v_lihatdat...', Array, true)
#9 D:\PT Konimex\Proyek PPL\pd\app\Controllers\Admin\PJUM.php(129): view('pjum/v_lihatdat...', Array)
#10 D:\PT Konimex\Proyek PPL\pd\system\CodeIgniter.php(832): App\Controllers\Admin\PJUM->lihatdatapjum()
#11 D:\PT Konimex\Proyek PPL\pd\system\CodeIgniter.php(419): CodeIgniter\CodeIgniter->runController(Object(App\Controllers\Admin\PJUM))
#12 D:\PT Konimex\Proyek PPL\pd\system\CodeIgniter.php(326): CodeIgniter\CodeIgniter->handleRequest(NULL, Object(Config\Cache), false)
#13 D:\PT Konimex\Proyek PPL\pd\public\index.php(37): CodeIgniter\CodeIgniter->run()
#14 D:\PT Konimex\Proyek PPL\pd\system\Commands\Server\rewrite.php(43): require_once('D:\\PT Konimex\\P...')
#15 {main}
CRITICAL - 2023-07-21 04:09:10 --> Undefined variable: link
#0 D:\PT Konimex\Proyek PPL\pd\app\Views\pager\datatable.php(6): CodeIgniter\Debug\Exceptions->errorHandler(8, 'Undefined varia...', 'D:\\PT Konimex\\P...', 6, Array)
#1 D:\PT Konimex\Proyek PPL\pd\system\View\View.php(210): include('D:\\PT Konimex\\P...')
#2 D:\PT Konimex\Proyek PPL\pd\system\View\View.php(213): CodeIgniter\View\View->CodeIgniter\View\{closure}()
#3 D:\PT Konimex\Proyek PPL\pd\system\Pager\Pager.php(125): CodeIgniter\View\View->render('App\\Views\\Pager...')
#4 D:\PT Konimex\Proyek PPL\pd\system\Pager\Pager.php(83): CodeIgniter\Pager\Pager->displayLinks('dt', 'datatable')
#5 D:\PT Konimex\Proyek PPL\pd\app\Views\pjum\v_lihatdatapjum.php(107): CodeIgniter\Pager\Pager->links('dt', 'datatable')
#6 D:\PT Konimex\Proyek PPL\pd\system\View\View.php(210): include('D:\\PT Konimex\\P...')
#7 D:\PT Konimex\Proyek PPL\pd\system\View\View.php(213): CodeIgniter\View\View->CodeIgniter\View\{closure}()
#8 D:\PT Konimex\Proyek PPL\pd\system\Common.php(1089): CodeIgniter\View\View->render('pjum/v_lihatdat...', Array, true)
#9 D:\PT Konimex\Proyek PPL\pd\app\Controllers\Admin\PJUM.php(129): view('pjum/v_lihatdat...', Array)
#10 D:\PT Konimex\Proyek PPL\pd\system\CodeIgniter.php(832): App\Controllers\Admin\PJUM->lihatdatapjum()
#11 D:\PT Konimex\Proyek PPL\pd\system\CodeIgniter.php(419): CodeIgniter\CodeIgniter->runController(Object(App\Controllers\Admin\PJUM))
#12 D:\PT Konimex\Proyek PPL\pd\system\CodeIgniter.php(326): CodeIgniter\CodeIgniter->handleRequest(NULL, Object(Config\Cache), false)
#13 D:\PT Konimex\Proyek PPL\pd\public\index.php(37): CodeIgniter\CodeIgniter->run()
#14 D:\PT Konimex\Proyek PPL\pd\system\Commands\Server\rewrite.php(43): require_once('D:\\PT Konimex\\P...')
#15 {main}
CRITICAL - 2023-07-21 20:06:22 --> Undefined variable: link
#0 D:\PT Konimex\Proyek PPL\pd\app\Views\pjum\v_lihatdatapjum.php(111): CodeIgniter\Debug\Exceptions->errorHandler(8, 'Undefined varia...', 'D:\\PT Konimex\\P...', 111, Array)
#1 D:\PT Konimex\Proyek PPL\pd\system\View\View.php(210): include('D:\\PT Konimex\\P...')
#2 D:\PT Konimex\Proyek PPL\pd\system\View\View.php(213): CodeIgniter\View\View->CodeIgniter\View\{closure}()
#3 D:\PT Konimex\Proyek PPL\pd\system\Common.php(1089): CodeIgniter\View\View->render('pjum/v_lihatdat...', Array, true)
#4 D:\PT Konimex\Proyek PPL\pd\app\Controllers\Admin\PJUM.php(129): view('pjum/v_lihatdat...', Array)
#5 D:\PT Konimex\Proyek PPL\pd\system\CodeIgniter.php(832): App\Controllers\Admin\PJUM->lihatdatapjum()
#6 D:\PT Konimex\Proyek PPL\pd\system\CodeIgniter.php(419): CodeIgniter\CodeIgniter->runController(Object(App\Controllers\Admin\PJUM))
#7 D:\PT Konimex\Proyek PPL\pd\system\CodeIgniter.php(326): CodeIgniter\CodeIgniter->handleRequest(NULL, Object(Config\Cache), false)
#8 D:\PT Konimex\Proyek PPL\pd\public\index.php(37): CodeIgniter\CodeIgniter->run()
#9 D:\PT Konimex\Proyek PPL\pd\system\Commands\Server\rewrite.php(43): require_once('D:\\PT Konimex\\P...')
#10 {main}
CRITICAL - 2023-07-21 20:06:23 --> Undefined variable: link
#0 D:\PT Konimex\Proyek PPL\pd\app\Views\pjum\v_lihatdatapjum.php(111): CodeIgniter\Debug\Exceptions->errorHandler(8, 'Undefined varia...', 'D:\\PT Konimex\\P...', 111, Array)
#1 D:\PT Konimex\Proyek PPL\pd\system\View\View.php(210): include('D:\\PT Konimex\\P...')
#2 D:\PT Konimex\Proyek PPL\pd\system\View\View.php(213): CodeIgniter\View\View->CodeIgniter\View\{closure}()
#3 D:\PT Konimex\Proyek PPL\pd\system\Common.php(1089): CodeIgniter\View\View->render('pjum/v_lihatdat...', Array, true)
#4 D:\PT Konimex\Proyek PPL\pd\app\Controllers\Admin\PJUM.php(129): view('pjum/v_lihatdat...', Array)
#5 D:\PT Konimex\Proyek PPL\pd\system\CodeIgniter.php(832): App\Controllers\Admin\PJUM->lihatdatapjum()
#6 D:\PT Konimex\Proyek PPL\pd\system\CodeIgniter.php(419): CodeIgniter\CodeIgniter->runController(Object(App\Controllers\Admin\PJUM))
#7 D:\PT Konimex\Proyek PPL\pd\system\CodeIgniter.php(326): CodeIgniter\CodeIgniter->handleRequest(NULL, Object(Config\Cache), false)
#8 D:\PT Konimex\Proyek PPL\pd\public\index.php(37): CodeIgniter\CodeIgniter->run()
#9 D:\PT Konimex\Proyek PPL\pd\system\Commands\Server\rewrite.php(43): require_once('D:\\PT Konimex\\P...')
#10 {main}
CRITICAL - 2023-07-21 20:06:43 --> Undefined variable: links
#0 D:\PT Konimex\Proyek PPL\pd\app\Views\pjum\v_lihatdatapjum.php(111): CodeIgniter\Debug\Exceptions->errorHandler(8, 'Undefined varia...', 'D:\\PT Konimex\\P...', 111, Array)
#1 D:\PT Konimex\Proyek PPL\pd\system\View\View.php(210): include('D:\\PT Konimex\\P...')
#2 D:\PT Konimex\Proyek PPL\pd\system\View\View.php(213): CodeIgniter\View\View->CodeIgniter\View\{closure}()
#3 D:\PT Konimex\Proyek PPL\pd\system\Common.php(1089): CodeIgniter\View\View->render('pjum/v_lihatdat...', Array, true)
#4 D:\PT Konimex\Proyek PPL\pd\app\Controllers\Admin\PJUM.php(129): view('pjum/v_lihatdat...', Array)
#5 D:\PT Konimex\Proyek PPL\pd\system\CodeIgniter.php(832): App\Controllers\Admin\PJUM->lihatdatapjum()
#6 D:\PT Konimex\Proyek PPL\pd\system\CodeIgniter.php(419): CodeIgniter\CodeIgniter->runController(Object(App\Controllers\Admin\PJUM))
#7 D:\PT Konimex\Proyek PPL\pd\system\CodeIgniter.php(326): CodeIgniter\CodeIgniter->handleRequest(NULL, Object(Config\Cache), false)
#8 D:\PT Konimex\Proyek PPL\pd\public\index.php(37): CodeIgniter\CodeIgniter->run()
#9 D:\PT Konimex\Proyek PPL\pd\system\Commands\Server\rewrite.php(43): require_once('D:\\PT Konimex\\P...')
#10 {main}
CRITICAL - 2023-07-21 20:06:44 --> Undefined variable: links
#0 D:\PT Konimex\Proyek PPL\pd\app\Views\pjum\v_lihatdatapjum.php(111): CodeIgniter\Debug\Exceptions->errorHandler(8, 'Undefined varia...', 'D:\\PT Konimex\\P...', 111, Array)
#1 D:\PT Konimex\Proyek PPL\pd\system\View\View.php(210): include('D:\\PT Konimex\\P...')
#2 D:\PT Konimex\Proyek PPL\pd\system\View\View.php(213): CodeIgniter\View\View->CodeIgniter\View\{closure}()
#3 D:\PT Konimex\Proyek PPL\pd\system\Common.php(1089): CodeIgniter\View\View->render('pjum/v_lihatdat...', Array, true)
#4 D:\PT Konimex\Proyek PPL\pd\app\Controllers\Admin\PJUM.php(129): view('pjum/v_lihatdat...', Array)
#5 D:\PT Konimex\Proyek PPL\pd\system\CodeIgniter.php(832): App\Controllers\Admin\PJUM->lihatdatapjum()
#6 D:\PT Konimex\Proyek PPL\pd\system\CodeIgniter.php(419): CodeIgniter\CodeIgniter->runController(Object(App\Controllers\Admin\PJUM))
#7 D:\PT Konimex\Proyek PPL\pd\system\CodeIgniter.php(326): CodeIgniter\CodeIgniter->handleRequest(NULL, Object(Config\Cache), false)
#8 D:\PT Konimex\Proyek PPL\pd\public\index.php(37): CodeIgniter\CodeIgniter->run()
#9 D:\PT Konimex\Proyek PPL\pd\system\Commands\Server\rewrite.php(43): require_once('D:\\PT Konimex\\P...')
#10 {main}
ERROR - 2023-07-21 20:57:08 --> Table 'pdln.peoples' doesn't exist
CRITICAL - 2023-07-21 20:57:08 --> Table 'pdln.peoples' doesn't exist
#0 D:\PT Konimex\Proyek PPL\pd\system\Database\MySQLi\Connection.php(292): mysqli->query('SELECT *\nFROM `...', 0)
#1 D:\PT Konimex\Proyek PPL\pd\system\Database\BaseConnection.php(670): CodeIgniter\Database\MySQLi\Connection->execute('SELECT *\nFROM `...')
#2 D:\PT Konimex\Proyek PPL\pd\system\Database\BaseConnection.php(598): CodeIgniter\Database\BaseConnection->simpleQuery('SELECT *\nFROM `...')
#3 D:\PT Konimex\Proyek PPL\pd\system\Database\BaseBuilder.php(1455): CodeIgniter\Database\BaseConnection->query('SELECT *\nFROM `...', Array, false)
#4 D:\PT Konimex\Proyek PPL\pd\system\Model.php(183): CodeIgniter\Database\BaseBuilder->get()
#5 D:\PT Konimex\Proyek PPL\pd\system\BaseModel.php(584): CodeIgniter\Model->doFindAll(0, 0)
#6 D:\PT Konimex\Proyek PPL\pd\app\Controllers\Admin\Orang.php(21): CodeIgniter\BaseModel->findAll()
#7 D:\PT Konimex\Proyek PPL\pd\system\CodeIgniter.php(832): App\Controllers\Admin\Orang->index()
#8 D:\PT Konimex\Proyek PPL\pd\system\CodeIgniter.php(419): CodeIgniter\CodeIgniter->runController(Object(App\Controllers\Admin\Orang))
#9 D:\PT Konimex\Proyek PPL\pd\system\CodeIgniter.php(326): CodeIgniter\CodeIgniter->handleRequest(NULL, Object(Config\Cache), false)
#10 D:\PT Konimex\Proyek PPL\pd\public\index.php(37): CodeIgniter\CodeIgniter->run()
#11 D:\PT Konimex\Proyek PPL\pd\system\Commands\Server\rewrite.php(43): require_once('D:\\PT Konimex\\P...')
#12 {main}
ERROR - 2023-07-21 20:57:09 --> Table 'pdln.peoples' doesn't exist
CRITICAL - 2023-07-21 20:57:09 --> Table 'pdln.peoples' doesn't exist
#0 D:\PT Konimex\Proyek PPL\pd\system\Database\MySQLi\Connection.php(292): mysqli->query('SELECT *\nFROM `...', 0)
#1 D:\PT Konimex\Proyek PPL\pd\system\Database\BaseConnection.php(670): CodeIgniter\Database\MySQLi\Connection->execute('SELECT *\nFROM `...')
#2 D:\PT Konimex\Proyek PPL\pd\system\Database\BaseConnection.php(598): CodeIgniter\Database\BaseConnection->simpleQuery('SELECT *\nFROM `...')
#3 D:\PT Konimex\Proyek PPL\pd\system\Database\BaseBuilder.php(1455): CodeIgniter\Database\BaseConnection->query('SELECT *\nFROM `...', Array, false)
#4 D:\PT Konimex\Proyek PPL\pd\system\Model.php(183): CodeIgniter\Database\BaseBuilder->get()
#5 D:\PT Konimex\Proyek PPL\pd\system\BaseModel.php(584): CodeIgniter\Model->doFindAll(0, 0)
#6 D:\PT Konimex\Proyek PPL\pd\app\Controllers\Admin\Orang.php(21): CodeIgniter\BaseModel->findAll()
#7 D:\PT Konimex\Proyek PPL\pd\system\CodeIgniter.php(832): App\Controllers\Admin\Orang->index()
#8 D:\PT Konimex\Proyek PPL\pd\system\CodeIgniter.php(419): CodeIgniter\CodeIgniter->runController(Object(App\Controllers\Admin\Orang))
#9 D:\PT Konimex\Proyek PPL\pd\system\CodeIgniter.php(326): CodeIgniter\CodeIgniter->handleRequest(NULL, Object(Config\Cache), false)
#10 D:\PT Konimex\Proyek PPL\pd\public\index.php(37): CodeIgniter\CodeIgniter->run()
#11 D:\PT Konimex\Proyek PPL\pd\system\Commands\Server\rewrite.php(43): require_once('D:\\PT Konimex\\P...')
#12 {main}
CRITICAL - 2023-07-21 20:57:52 --> Undefined variable: header
#0 D:\PT Konimex\Proyek PPL\pd\app\Views\orang\index.php(14): CodeIgniter\Debug\Exceptions->errorHandler(8, 'Undefined varia...', 'D:\\PT Konimex\\P...', 14, Array)
#1 D:\PT Konimex\Proyek PPL\pd\system\View\View.php(210): include('D:\\PT Konimex\\P...')
#2 D:\PT Konimex\Proyek PPL\pd\system\View\View.php(213): CodeIgniter\View\View->CodeIgniter\View\{closure}()
#3 D:\PT Konimex\Proyek PPL\pd\system\Common.php(1089): CodeIgniter\View\View->render('orang/index', Array, true)
#4 D:\PT Konimex\Proyek PPL\pd\app\Controllers\Admin\Orang.php(24): view('orang/index', Array)
#5 D:\PT Konimex\Proyek PPL\pd\system\CodeIgniter.php(832): App\Controllers\Admin\Orang->index()
#6 D:\PT Konimex\Proyek PPL\pd\system\CodeIgniter.php(419): CodeIgniter\CodeIgniter->runController(Object(App\Controllers\Admin\Orang))
#7 D:\PT Konimex\Proyek PPL\pd\system\CodeIgniter.php(326): CodeIgniter\CodeIgniter->handleRequest(NULL, Object(Config\Cache), false)
#8 D:\PT Konimex\Proyek PPL\pd\public\index.php(37): CodeIgniter\CodeIgniter->run()
#9 D:\PT Konimex\Proyek PPL\pd\system\Commands\Server\rewrite.php(43): require_once('D:\\PT Konimex\\P...')
#10 {main}
CRITICAL - 2023-07-21 20:57:53 --> Undefined variable: header
#0 D:\PT Konimex\Proyek PPL\pd\app\Views\orang\index.php(14): CodeIgniter\Debug\Exceptions->errorHandler(8, 'Undefined varia...', 'D:\\PT Konimex\\P...', 14, Array)
#1 D:\PT Konimex\Proyek PPL\pd\system\View\View.php(210): include('D:\\PT Konimex\\P...')
#2 D:\PT Konimex\Proyek PPL\pd\system\View\View.php(213): CodeIgniter\View\View->CodeIgniter\View\{closure}()
#3 D:\PT Konimex\Proyek PPL\pd\system\Common.php(1089): CodeIgniter\View\View->render('orang/index', Array, true)
#4 D:\PT Konimex\Proyek PPL\pd\app\Controllers\Admin\Orang.php(24): view('orang/index', Array)
#5 D:\PT Konimex\Proyek PPL\pd\system\CodeIgniter.php(832): App\Controllers\Admin\Orang->index()
#6 D:\PT Konimex\Proyek PPL\pd\system\CodeIgniter.php(419): CodeIgniter\CodeIgniter->runController(Object(App\Controllers\Admin\Orang))
#7 D:\PT Konimex\Proyek PPL\pd\system\CodeIgniter.php(326): CodeIgniter\CodeIgniter->handleRequest(NULL, Object(Config\Cache), false)
#8 D:\PT Konimex\Proyek PPL\pd\public\index.php(37): CodeIgniter\CodeIgniter->run()
#9 D:\PT Konimex\Proyek PPL\pd\system\Commands\Server\rewrite.php(43): require_once('D:\\PT Konimex\\P...')
#10 {main}
CRITICAL - 2023-07-21 21:01:20 --> Undefined index: nama
#0 D:\PT Konimex\Proyek PPL\pd\app\Views\orang\index.php(51): CodeIgniter\Debug\Exceptions->errorHandler(8, 'Undefined index...', 'D:\\PT Konimex\\P...', 51, Array)
#1 D:\PT Konimex\Proyek PPL\pd\system\View\View.php(210): include('D:\\PT Konimex\\P...')
#2 D:\PT Konimex\Proyek PPL\pd\system\View\View.php(213): CodeIgniter\View\View->CodeIgniter\View\{closure}()
#3 D:\PT Konimex\Proyek PPL\pd\system\Common.php(1089): CodeIgniter\View\View->render('orang/index', Array, true)
#4 D:\PT Konimex\Proyek PPL\pd\app\Controllers\Admin\Orang.php(26): view('orang/index', Array)
#5 D:\PT Konimex\Proyek PPL\pd\system\CodeIgniter.php(832): App\Controllers\Admin\Orang->index()
#6 D:\PT Konimex\Proyek PPL\pd\system\CodeIgniter.php(419): CodeIgniter\CodeIgniter->runController(Object(App\Controllers\Admin\Orang))
#7 D:\PT Konimex\Proyek PPL\pd\system\CodeIgniter.php(326): CodeIgniter\CodeIgniter->handleRequest(NULL, Object(Config\Cache), false)
#8 D:\PT Konimex\Proyek PPL\pd\public\index.php(37): CodeIgniter\CodeIgniter->run()
#9 D:\PT Konimex\Proyek PPL\pd\system\Commands\Server\rewrite.php(43): require_once('D:\\PT Konimex\\P...')
#10 {main}
CRITICAL - 2023-07-21 21:01:21 --> Undefined index: nama
#0 D:\PT Konimex\Proyek PPL\pd\app\Views\orang\index.php(51): CodeIgniter\Debug\Exceptions->errorHandler(8, 'Undefined index...', 'D:\\PT Konimex\\P...', 51, Array)
#1 D:\PT Konimex\Proyek PPL\pd\system\View\View.php(210): include('D:\\PT Konimex\\P...')
#2 D:\PT Konimex\Proyek PPL\pd\system\View\View.php(213): CodeIgniter\View\View->CodeIgniter\View\{closure}()
#3 D:\PT Konimex\Proyek PPL\pd\system\Common.php(1089): CodeIgniter\View\View->render('orang/index', Array, true)
#4 D:\PT Konimex\Proyek PPL\pd\app\Controllers\Admin\Orang.php(26): view('orang/index', Array)
#5 D:\PT Konimex\Proyek PPL\pd\system\CodeIgniter.php(832): App\Controllers\Admin\Orang->index()
#6 D:\PT Konimex\Proyek PPL\pd\system\CodeIgniter.php(419): CodeIgniter\CodeIgniter->runController(Object(App\Controllers\Admin\Orang))
#7 D:\PT Konimex\Proyek PPL\pd\system\CodeIgniter.php(326): CodeIgniter\CodeIgniter->handleRequest(NULL, Object(Config\Cache), false)
#8 D:\PT Konimex\Proyek PPL\pd\public\index.php(37): CodeIgniter\CodeIgniter->run()
#9 D:\PT Konimex\Proyek PPL\pd\system\Commands\Server\rewrite.php(43): require_once('D:\\PT Konimex\\P...')
#10 {main}
CRITICAL - 2023-07-21 21:04:29 --> Undefined index: nama
#0 D:\PT Konimex\Proyek PPL\pd\app\Views\orang\index.php(51): CodeIgniter\Debug\Exceptions->errorHandler(8, 'Undefined index...', 'D:\\PT Konimex\\P...', 51, Array)
#1 D:\PT Konimex\Proyek PPL\pd\system\View\View.php(210): include('D:\\PT Konimex\\P...')
#2 D:\PT Konimex\Proyek PPL\pd\system\View\View.php(213): CodeIgniter\View\View->CodeIgniter\View\{closure}()
#3 D:\PT Konimex\Proyek PPL\pd\system\Common.php(1089): CodeIgniter\View\View->render('orang/index', Array, true)
#4 D:\PT Konimex\Proyek PPL\pd\app\Controllers\Admin\Orang.php(26): view('orang/index', Array)
#5 D:\PT Konimex\Proyek PPL\pd\system\CodeIgniter.php(832): App\Controllers\Admin\Orang->index()
#6 D:\PT Konimex\Proyek PPL\pd\system\CodeIgniter.php(419): CodeIgniter\CodeIgniter->runController(Object(App\Controllers\Admin\Orang))
#7 D:\PT Konimex\Proyek PPL\pd\system\CodeIgniter.php(326): CodeIgniter\CodeIgniter->handleRequest(NULL, Object(Config\Cache), false)
#8 D:\PT Konimex\Proyek PPL\pd\public\index.php(37): CodeIgniter\CodeIgniter->run()
#9 D:\PT Konimex\Proyek PPL\pd\system\Commands\Server\rewrite.php(43): require_once('D:\\PT Konimex\\P...')
#10 {main}
CRITICAL - 2023-07-21 21:04:30 --> Undefined index: nama
#0 D:\PT Konimex\Proyek PPL\pd\app\Views\orang\index.php(51): CodeIgniter\Debug\Exceptions->errorHandler(8, 'Undefined index...', 'D:\\PT Konimex\\P...', 51, Array)
#1 D:\PT Konimex\Proyek PPL\pd\system\View\View.php(210): include('D:\\PT Konimex\\P...')
#2 D:\PT Konimex\Proyek PPL\pd\system\View\View.php(213): CodeIgniter\View\View->CodeIgniter\View\{closure}()
#3 D:\PT Konimex\Proyek PPL\pd\system\Common.php(1089): CodeIgniter\View\View->render('orang/index', Array, true)
#4 D:\PT Konimex\Proyek PPL\pd\app\Controllers\Admin\Orang.php(26): view('orang/index', Array)
#5 D:\PT Konimex\Proyek PPL\pd\system\CodeIgniter.php(832): App\Controllers\Admin\Orang->index()
#6 D:\PT Konimex\Proyek PPL\pd\system\CodeIgniter.php(419): CodeIgniter\CodeIgniter->runController(Object(App\Controllers\Admin\Orang))
#7 D:\PT Konimex\Proyek PPL\pd\system\CodeIgniter.php(326): CodeIgniter\CodeIgniter->handleRequest(NULL, Object(Config\Cache), false)
#8 D:\PT Konimex\Proyek PPL\pd\public\index.php(37): CodeIgniter\CodeIgniter->run()
#9 D:\PT Konimex\Proyek PPL\pd\system\Commands\Server\rewrite.php(43): require_once('D:\\PT Konimex\\P...')
#10 {main}
CRITICAL - 2023-07-21 21:54:14 --> Undefined variable: halaman
#0 D:\PT Konimex\Proyek PPL\pd\app\Controllers\Admin\Orang.php(27): CodeIgniter\Debug\Exceptions->errorHandler(8, 'Undefined varia...', 'D:\\PT Konimex\\P...', 27, Array)
#1 D:\PT Konimex\Proyek PPL\pd\system\CodeIgniter.php(832): App\Controllers\Admin\Orang->index()
#2 D:\PT Konimex\Proyek PPL\pd\system\CodeIgniter.php(419): CodeIgniter\CodeIgniter->runController(Object(App\Controllers\Admin\Orang))
#3 D:\PT Konimex\Proyek PPL\pd\system\CodeIgniter.php(326): CodeIgniter\CodeIgniter->handleRequest(NULL, Object(Config\Cache), false)
#4 D:\PT Konimex\Proyek PPL\pd\public\index.php(37): CodeIgniter\CodeIgniter->run()
#5 D:\PT Konimex\Proyek PPL\pd\system\Commands\Server\rewrite.php(43): require_once('D:\\PT Konimex\\P...')
#6 {main}
CRITICAL - 2023-07-21 21:54:14 --> Undefined variable: halaman
#0 D:\PT Konimex\Proyek PPL\pd\app\Controllers\Admin\Orang.php(27): CodeIgniter\Debug\Exceptions->errorHandler(8, 'Undefined varia...', 'D:\\PT Konimex\\P...', 27, Array)
#1 D:\PT Konimex\Proyek PPL\pd\system\CodeIgniter.php(832): App\Controllers\Admin\Orang->index()
#2 D:\PT Konimex\Proyek PPL\pd\system\CodeIgniter.php(419): CodeIgniter\CodeIgniter->runController(Object(App\Controllers\Admin\Orang))
#3 D:\PT Konimex\Proyek PPL\pd\system\CodeIgniter.php(326): CodeIgniter\CodeIgniter->handleRequest(NULL, Object(Config\Cache), false)
#4 D:\PT Konimex\Proyek PPL\pd\public\index.php(37): CodeIgniter\CodeIgniter->run()
#5 D:\PT Konimex\Proyek PPL\pd\system\Commands\Server\rewrite.php(43): require_once('D:\\PT Konimex\\P...')
#6 {main}
CRITICAL - 2023-07-21 22:07:33 --> Undefined variable: post_type
#0 D:\PT Konimex\Proyek PPL\pd\app\Controllers\Admin\PJUM.php(111): CodeIgniter\Debug\Exceptions->errorHandler(8, 'Undefined varia...', 'D:\\PT Konimex\\P...', 111, Array)
#1 D:\PT Konimex\Proyek PPL\pd\system\CodeIgniter.php(832): App\Controllers\Admin\PJUM->lihatdatapjum()
#2 D:\PT Konimex\Proyek PPL\pd\system\CodeIgniter.php(419): CodeIgniter\CodeIgniter->runController(Object(App\Controllers\Admin\PJUM))
#3 D:\PT Konimex\Proyek PPL\pd\system\CodeIgniter.php(326): CodeIgniter\CodeIgniter->handleRequest(NULL, Object(Config\Cache), false)
#4 D:\PT Konimex\Proyek PPL\pd\public\index.php(37): CodeIgniter\CodeIgniter->run()
#5 D:\PT Konimex\Proyek PPL\pd\system\Commands\Server\rewrite.php(43): require_once('D:\\PT Konimex\\P...')
#6 {main}
CRITICAL - 2023-07-21 22:07:33 --> Undefined variable: post_type
#0 D:\PT Konimex\Proyek PPL\pd\app\Controllers\Admin\PJUM.php(111): CodeIgniter\Debug\Exceptions->errorHandler(8, 'Undefined varia...', 'D:\\PT Konimex\\P...', 111, Array)
#1 D:\PT Konimex\Proyek PPL\pd\system\CodeIgniter.php(832): App\Controllers\Admin\PJUM->lihatdatapjum()
#2 D:\PT Konimex\Proyek PPL\pd\system\CodeIgniter.php(419): CodeIgniter\CodeIgniter->runController(Object(App\Controllers\Admin\PJUM))
#3 D:\PT Konimex\Proyek PPL\pd\system\CodeIgniter.php(326): CodeIgniter\CodeIgniter->handleRequest(NULL, Object(Config\Cache), false)
#4 D:\PT Konimex\Proyek PPL\pd\public\index.php(37): CodeIgniter\CodeIgniter->run()
#5 D:\PT Konimex\Proyek PPL\pd\system\Commands\Server\rewrite.php(43): require_once('D:\\PT Konimex\\P...')
#6 {main}
CRITICAL - 2023-07-21 22:09:29 --> Undefined variable: post_type
#0 D:\PT Konimex\Proyek PPL\pd\app\Controllers\Admin\PJUM.php(111): CodeIgniter\Debug\Exceptions->errorHandler(8, 'Undefined varia...', 'D:\\PT Konimex\\P...', 111, Array)
#1 D:\PT Konimex\Proyek PPL\pd\system\CodeIgniter.php(832): App\Controllers\Admin\PJUM->lihatdatapjum()
#2 D:\PT Konimex\Proyek PPL\pd\system\CodeIgniter.php(419): CodeIgniter\CodeIgniter->runController(Object(App\Controllers\Admin\PJUM))
#3 D:\PT Konimex\Proyek PPL\pd\system\CodeIgniter.php(326): CodeIgniter\CodeIgniter->handleRequest(NULL, Object(Config\Cache), false)
#4 D:\PT Konimex\Proyek PPL\pd\public\index.php(37): CodeIgniter\CodeIgniter->run()
#5 D:\PT Konimex\Proyek PPL\pd\system\Commands\Server\rewrite.php(43): require_once('D:\\PT Konimex\\P...')
#6 {main}
CRITICAL - 2023-07-21 22:09:30 --> Undefined variable: post_type
#0 D:\PT Konimex\Proyek PPL\pd\app\Controllers\Admin\PJUM.php(111): CodeIgniter\Debug\Exceptions->errorHandler(8, 'Undefined varia...', 'D:\\PT Konimex\\P...', 111, Array)
#1 D:\PT Konimex\Proyek PPL\pd\system\CodeIgniter.php(832): App\Controllers\Admin\PJUM->lihatdatapjum()
#2 D:\PT Konimex\Proyek PPL\pd\system\CodeIgniter.php(419): CodeIgniter\CodeIgniter->runController(Object(App\Controllers\Admin\PJUM))
#3 D:\PT Konimex\Proyek PPL\pd\system\CodeIgniter.php(326): CodeIgniter\CodeIgniter->handleRequest(NULL, Object(Config\Cache), false)
#4 D:\PT Konimex\Proyek PPL\pd\public\index.php(37): CodeIgniter\CodeIgniter->run()
#5 D:\PT Konimex\Proyek PPL\pd\system\Commands\Server\rewrite.php(43): require_once('D:\\PT Konimex\\P...')
#6 {main}
CRITICAL - 2023-07-21 22:13:19 --> Undefined variable: post_type
#0 D:\PT Konimex\Proyek PPL\pd\app\Controllers\Admin\PJUM.php(111): CodeIgniter\Debug\Exceptions->errorHandler(8, 'Undefined varia...', 'D:\\PT Konimex\\P...', 111, Array)
#1 D:\PT Konimex\Proyek PPL\pd\system\CodeIgniter.php(832): App\Controllers\Admin\PJUM->lihatdatapjum()
#2 D:\PT Konimex\Proyek PPL\pd\system\CodeIgniter.php(419): CodeIgniter\CodeIgniter->runController(Object(App\Controllers\Admin\PJUM))
#3 D:\PT Konimex\Proyek PPL\pd\system\CodeIgniter.php(326): CodeIgniter\CodeIgniter->handleRequest(NULL, Object(Config\Cache), false)
#4 D:\PT Konimex\Proyek PPL\pd\public\index.php(37): CodeIgniter\CodeIgniter->run()
#5 D:\PT Konimex\Proyek PPL\pd\system\Commands\Server\rewrite.php(43): require_once('D:\\PT Konimex\\P...')
#6 {main}
CRITICAL - 2023-07-21 22:13:19 --> Undefined variable: post_type
#0 D:\PT Konimex\Proyek PPL\pd\app\Controllers\Admin\PJUM.php(111): CodeIgniter\Debug\Exceptions->errorHandler(8, 'Undefined varia...', 'D:\\PT Konimex\\P...', 111, Array)
#1 D:\PT Konimex\Proyek PPL\pd\system\CodeIgniter.php(832): App\Controllers\Admin\PJUM->lihatdatapjum()
#2 D:\PT Konimex\Proyek PPL\pd\system\CodeIgniter.php(419): CodeIgniter\CodeIgniter->runController(Object(App\Controllers\Admin\PJUM))
#3 D:\PT Konimex\Proyek PPL\pd\system\CodeIgniter.php(326): CodeIgniter\CodeIgniter->handleRequest(NULL, Object(Config\Cache), false)
#4 D:\PT Konimex\Proyek PPL\pd\public\index.php(37): CodeIgniter\CodeIgniter->run()
#5 D:\PT Konimex\Proyek PPL\pd\system\Commands\Server\rewrite.php(43): require_once('D:\\PT Konimex\\P...')
#6 {main}
CRITICAL - 2023-07-21 22:14:31 --> Undefined variable: hasil
#0 D:\PT Konimex\Proyek PPL\pd\app\Controllers\Admin\PJUM.php(127): CodeIgniter\Debug\Exceptions->errorHandler(8, 'Undefined varia...', 'D:\\PT Konimex\\P...', 127, Array)
#1 D:\PT Konimex\Proyek PPL\pd\system\CodeIgniter.php(832): App\Controllers\Admin\PJUM->lihatdatapjum()
#2 D:\PT Konimex\Proyek PPL\pd\system\CodeIgniter.php(419): CodeIgniter\CodeIgniter->runController(Object(App\Controllers\Admin\PJUM))
#3 D:\PT Konimex\Proyek PPL\pd\system\CodeIgniter.php(326): CodeIgniter\CodeIgniter->handleRequest(NULL, Object(Config\Cache), false)
#4 D:\PT Konimex\Proyek PPL\pd\public\index.php(37): CodeIgniter\CodeIgniter->run()
#5 D:\PT Konimex\Proyek PPL\pd\system\Commands\Server\rewrite.php(43): require_once('D:\\PT Konimex\\P...')
#6 {main}
CRITICAL - 2023-07-21 22:14:32 --> Undefined variable: hasil
#0 D:\PT Konimex\Proyek PPL\pd\app\Controllers\Admin\PJUM.php(127): CodeIgniter\Debug\Exceptions->errorHandler(8, 'Undefined varia...', 'D:\\PT Konimex\\P...', 127, Array)
#1 D:\PT Konimex\Proyek PPL\pd\system\CodeIgniter.php(832): App\Controllers\Admin\PJUM->lihatdatapjum()
#2 D:\PT Konimex\Proyek PPL\pd\system\CodeIgniter.php(419): CodeIgniter\CodeIgniter->runController(Object(App\Controllers\Admin\PJUM))
#3 D:\PT Konimex\Proyek PPL\pd\system\CodeIgniter.php(326): CodeIgniter\CodeIgniter->handleRequest(NULL, Object(Config\Cache), false)
#4 D:\PT Konimex\Proyek PPL\pd\public\index.php(37): CodeIgniter\CodeIgniter->run()
#5 D:\PT Konimex\Proyek PPL\pd\system\Commands\Server\rewrite.php(43): require_once('D:\\PT Konimex\\P...')
#6 {main}
CRITICAL - 2023-07-21 22:15:06 --> Undefined variable: currentPage
#0 D:\PT Konimex\Proyek PPL\pd\app\Controllers\Admin\PJUM.php(115): CodeIgniter\Debug\Exceptions->errorHandler(8, 'Undefined varia...', 'D:\\PT Konimex\\P...', 115, Array)
#1 D:\PT Konimex\Proyek PPL\pd\system\CodeIgniter.php(832): App\Controllers\Admin\PJUM->lihatdatapjum()
#2 D:\PT Konimex\Proyek PPL\pd\system\CodeIgniter.php(419): CodeIgniter\CodeIgniter->runController(Object(App\Controllers\Admin\PJUM))
#3 D:\PT Konimex\Proyek PPL\pd\system\CodeIgniter.php(326): CodeIgniter\CodeIgniter->handleRequest(NULL, Object(Config\Cache), false)
#4 D:\PT Konimex\Proyek PPL\pd\public\index.php(37): CodeIgniter\CodeIgniter->run()
#5 D:\PT Konimex\Proyek PPL\pd\system\Commands\Server\rewrite.php(43): require_once('D:\\PT Konimex\\P...')
#6 {main}
CRITICAL - 2023-07-21 22:15:07 --> Undefined variable: currentPage
#0 D:\PT Konimex\Proyek PPL\pd\app\Controllers\Admin\PJUM.php(115): CodeIgniter\Debug\Exceptions->errorHandler(8, 'Undefined varia...', 'D:\\PT Konimex\\P...', 115, Array)
#1 D:\PT Konimex\Proyek PPL\pd\system\CodeIgniter.php(832): App\Controllers\Admin\PJUM->lihatdatapjum()
#2 D:\PT Konimex\Proyek PPL\pd\system\CodeIgniter.php(419): CodeIgniter\CodeIgniter->runController(Object(App\Controllers\Admin\PJUM))
#3 D:\PT Konimex\Proyek PPL\pd\system\CodeIgniter.php(326): CodeIgniter\CodeIgniter->handleRequest(NULL, Object(Config\Cache), false)
#4 D:\PT Konimex\Proyek PPL\pd\public\index.php(37): CodeIgniter\CodeIgniter->run()
#5 D:\PT Konimex\Proyek PPL\pd\system\Commands\Server\rewrite.php(43): require_once('D:\\PT Konimex\\P...')
#6 {main}
CRITICAL - 2023-07-21 22:15:38 --> Undefined variable: katakunci
#0 D:\PT Konimex\Proyek PPL\pd\app\Controllers\Admin\PJUM.php(118): CodeIgniter\Debug\Exceptions->errorHandler(8, 'Undefined varia...', 'D:\\PT Konimex\\P...', 118, Array)
#1 D:\PT Konimex\Proyek PPL\pd\system\CodeIgniter.php(832): App\Controllers\Admin\PJUM->lihatdatapjum()
#2 D:\PT Konimex\Proyek PPL\pd\system\CodeIgniter.php(419): CodeIgniter\CodeIgniter->runController(Object(App\Controllers\Admin\PJUM))
#3 D:\PT Konimex\Proyek PPL\pd\system\CodeIgniter.php(326): CodeIgniter\CodeIgniter->handleRequest(NULL, Object(Config\Cache), false)
#4 D:\PT Konimex\Proyek PPL\pd\public\index.php(37): CodeIgniter\CodeIgniter->run()
#5 D:\PT Konimex\Proyek PPL\pd\system\Commands\Server\rewrite.php(43): require_once('D:\\PT Konimex\\P...')
#6 {main}
CRITICAL - 2023-07-21 22:15:39 --> Undefined variable: katakunci
#0 D:\PT Konimex\Proyek PPL\pd\app\Controllers\Admin\PJUM.php(118): CodeIgniter\Debug\Exceptions->errorHandler(8, 'Undefined varia...', 'D:\\PT Konimex\\P...', 118, Array)
#1 D:\PT Konimex\Proyek PPL\pd\system\CodeIgniter.php(832): App\Controllers\Admin\PJUM->lihatdatapjum()
#2 D:\PT Konimex\Proyek PPL\pd\system\CodeIgniter.php(419): CodeIgniter\CodeIgniter->runController(Object(App\Controllers\Admin\PJUM))
#3 D:\PT Konimex\Proyek PPL\pd\system\CodeIgniter.php(326): CodeIgniter\CodeIgniter->handleRequest(NULL, Object(Config\Cache), false)
#4 D:\PT Konimex\Proyek PPL\pd\public\index.php(37): CodeIgniter\CodeIgniter->run()
#5 D:\PT Konimex\Proyek PPL\pd\system\Commands\Server\rewrite.php(43): require_once('D:\\PT Konimex\\P...')
#6 {main}
CRITICAL - 2023-07-21 22:15:57 --> Undefined variable: hasil
#0 D:\PT Konimex\Proyek PPL\pd\app\Controllers\Admin\PJUM.php(125): CodeIgniter\Debug\Exceptions->errorHandler(8, 'Undefined varia...', 'D:\\PT Konimex\\P...', 125, Array)
#1 D:\PT Konimex\Proyek PPL\pd\system\CodeIgniter.php(832): App\Controllers\Admin\PJUM->lihatdatapjum()
#2 D:\PT Konimex\Proyek PPL\pd\system\CodeIgniter.php(419): CodeIgniter\CodeIgniter->runController(Object(App\Controllers\Admin\PJUM))
#3 D:\PT Konimex\Proyek PPL\pd\system\CodeIgniter.php(326): CodeIgniter\CodeIgniter->handleRequest(NULL, Object(Config\Cache), false)
#4 D:\PT Konimex\Proyek PPL\pd\public\index.php(37): CodeIgniter\CodeIgniter->run()
#5 D:\PT Konimex\Proyek PPL\pd\system\Commands\Server\rewrite.php(43): require_once('D:\\PT Konimex\\P...')
#6 {main}
CRITICAL - 2023-07-21 22:15:58 --> Undefined variable: hasil
#0 D:\PT Konimex\Proyek PPL\pd\app\Controllers\Admin\PJUM.php(125): CodeIgniter\Debug\Exceptions->errorHandler(8, 'Undefined varia...', 'D:\\PT Konimex\\P...', 125, Array)
#1 D:\PT Konimex\Proyek PPL\pd\system\CodeIgniter.php(832): App\Controllers\Admin\PJUM->lihatdatapjum()
#2 D:\PT Konimex\Proyek PPL\pd\system\CodeIgniter.php(419): CodeIgniter\CodeIgniter->runController(Object(App\Controllers\Admin\PJUM))
#3 D:\PT Konimex\Proyek PPL\pd\system\CodeIgniter.php(326): CodeIgniter\CodeIgniter->handleRequest(NULL, Object(Config\Cache), false)
#4 D:\PT Konimex\Proyek PPL\pd\public\index.php(37): CodeIgniter\CodeIgniter->run()
#5 D:\PT Konimex\Proyek PPL\pd\system\Commands\Server\rewrite.php(43): require_once('D:\\PT Konimex\\P...')
#6 {main}
CRITICAL - 2023-07-21 22:16:23 --> Undefined variable: value
#0 D:\PT Konimex\Proyek PPL\pd\app\Views\pjum\v_lihatdatapjum.php(93): CodeIgniter\Debug\Exceptions->errorHandler(8, 'Undefined varia...', 'D:\\PT Konimex\\P...', 93, Array)
#1 D:\PT Konimex\Proyek PPL\pd\system\View\View.php(210): include('D:\\PT Konimex\\P...')
#2 D:\PT Konimex\Proyek PPL\pd\system\View\View.php(213): CodeIgniter\View\View->CodeIgniter\View\{closure}()
#3 D:\PT Konimex\Proyek PPL\pd\system\Common.php(1089): CodeIgniter\View\View->render('pjum/v_lihatdat...', Array, true)
#4 D:\PT Konimex\Proyek PPL\pd\app\Controllers\Admin\PJUM.php(133): view('pjum/v_lihatdat...', Array)
#5 D:\PT Konimex\Proyek PPL\pd\system\CodeIgniter.php(832): App\Controllers\Admin\PJUM->lihatdatapjum()
#6 D:\PT Konimex\Proyek PPL\pd\system\CodeIgniter.php(419): CodeIgniter\CodeIgniter->runController(Object(App\Controllers\Admin\PJUM))
#7 D:\PT Konimex\Proyek PPL\pd\system\CodeIgniter.php(326): CodeIgniter\CodeIgniter->handleRequest(NULL, Object(Config\Cache), false)
#8 D:\PT Konimex\Proyek PPL\pd\public\index.php(37): CodeIgniter\CodeIgniter->run()
#9 D:\PT Konimex\Proyek PPL\pd\system\Commands\Server\rewrite.php(43): require_once('D:\\PT Konimex\\P...')
#10 {main}
CRITICAL - 2023-07-21 22:16:24 --> Undefined variable: value
#0 D:\PT Konimex\Proyek PPL\pd\app\Views\pjum\v_lihatdatapjum.php(93): CodeIgniter\Debug\Exceptions->errorHandler(8, 'Undefined varia...', 'D:\\PT Konimex\\P...', 93, Array)
#1 D:\PT Konimex\Proyek PPL\pd\system\View\View.php(210): include('D:\\PT Konimex\\P...')
#2 D:\PT Konimex\Proyek PPL\pd\system\View\View.php(213): CodeIgniter\View\View->CodeIgniter\View\{closure}()
#3 D:\PT Konimex\Proyek PPL\pd\system\Common.php(1089): CodeIgniter\View\View->render('pjum/v_lihatdat...', Array, true)
#4 D:\PT Konimex\Proyek PPL\pd\app\Controllers\Admin\PJUM.php(133): view('pjum/v_lihatdat...', Array)
#5 D:\PT Konimex\Proyek PPL\pd\system\CodeIgniter.php(832): App\Controllers\Admin\PJUM->lihatdatapjum()
#6 D:\PT Konimex\Proyek PPL\pd\system\CodeIgniter.php(419): CodeIgniter\CodeIgniter->runController(Object(App\Controllers\Admin\PJUM))
#7 D:\PT Konimex\Proyek PPL\pd\system\CodeIgniter.php(326): CodeIgniter\CodeIgniter->handleRequest(NULL, Object(Config\Cache), false)
#8 D:\PT Konimex\Proyek PPL\pd\public\index.php(37): CodeIgniter\CodeIgniter->run()
#9 D:\PT Konimex\Proyek PPL\pd\system\Commands\Server\rewrite.php(43): require_once('D:\\PT Konimex\\P...')
#10 {main}
CRITICAL - 2023-07-21 22:18:52 --> Undefined variable: link_edit
#0 D:\PT Konimex\Proyek PPL\pd\app\Views\pjum\v_lihatdatapjum.php(95): CodeIgniter\Debug\Exceptions->errorHandler(8, 'Undefined varia...', 'D:\\PT Konimex\\P...', 95, Array)
#1 D:\PT Konimex\Proyek PPL\pd\system\View\View.php(210): include('D:\\PT Konimex\\P...')
#2 D:\PT Konimex\Proyek PPL\pd\system\View\View.php(213): CodeIgniter\View\View->CodeIgniter\View\{closure}()
#3 D:\PT Konimex\Proyek PPL\pd\system\Common.php(1089): CodeIgniter\View\View->render('pjum/v_lihatdat...', Array, true)
#4 D:\PT Konimex\Proyek PPL\pd\app\Controllers\Admin\PJUM.php(133): view('pjum/v_lihatdat...', Array)
#5 D:\PT Konimex\Proyek PPL\pd\system\CodeIgniter.php(832): App\Controllers\Admin\PJUM->lihatdatapjum()
#6 D:\PT Konimex\Proyek PPL\pd\system\CodeIgniter.php(419): CodeIgniter\CodeIgniter->runController(Object(App\Controllers\Admin\PJUM))
#7 D:\PT Konimex\Proyek PPL\pd\system\CodeIgniter.php(326): CodeIgniter\CodeIgniter->handleRequest(NULL, Object(Config\Cache), false)
#8 D:\PT Konimex\Proyek PPL\pd\public\index.php(37): CodeIgniter\CodeIgniter->run()
#9 D:\PT Konimex\Proyek PPL\pd\system\Commands\Server\rewrite.php(43): require_once('D:\\PT Konimex\\P...')
#10 {main}
CRITICAL - 2023-07-21 22:18:53 --> Undefined variable: link_edit
#0 D:\PT Konimex\Proyek PPL\pd\app\Views\pjum\v_lihatdatapjum.php(95): CodeIgniter\Debug\Exceptions->errorHandler(8, 'Undefined varia...', 'D:\\PT Konimex\\P...', 95, Array)
#1 D:\PT Konimex\Proyek PPL\pd\system\View\View.php(210): include('D:\\PT Konimex\\P...')
#2 D:\PT Konimex\Proyek PPL\pd\system\View\View.php(213): CodeIgniter\View\View->CodeIgniter\View\{closure}()
#3 D:\PT Konimex\Proyek PPL\pd\system\Common.php(1089): CodeIgniter\View\View->render('pjum/v_lihatdat...', Array, true)
#4 D:\PT Konimex\Proyek PPL\pd\app\Controllers\Admin\PJUM.php(133): view('pjum/v_lihatdat...', Array)
#5 D:\PT Konimex\Proyek PPL\pd\system\CodeIgniter.php(832): App\Controllers\Admin\PJUM->lihatdatapjum()
#6 D:\PT Konimex\Proyek PPL\pd\system\CodeIgniter.php(419): CodeIgniter\CodeIgniter->runController(Object(App\Controllers\Admin\PJUM))
#7 D:\PT Konimex\Proyek PPL\pd\system\CodeIgniter.php(326): CodeIgniter\CodeIgniter->handleRequest(NULL, Object(Config\Cache), false)
#8 D:\PT Konimex\Proyek PPL\pd\public\index.php(37): CodeIgniter\CodeIgniter->run()
#9 D:\PT Konimex\Proyek PPL\pd\system\Commands\Server\rewrite.php(43): require_once('D:\\PT Konimex\\P...')
#10 {main}
CRITICAL - 2023-07-21 22:28:52 --> Call to a member function paginate() on null
#0 D:\PT Konimex\Proyek PPL\pd\system\CodeIgniter.php(832): App\Controllers\Admin\PJUM->lihatdatapjum()
#1 D:\PT Konimex\Proyek PPL\pd\system\CodeIgniter.php(419): CodeIgniter\CodeIgniter->runController(Object(App\Controllers\Admin\PJUM))
#2 D:\PT Konimex\Proyek PPL\pd\system\CodeIgniter.php(326): CodeIgniter\CodeIgniter->handleRequest(NULL, Object(Config\Cache), false)
#3 D:\PT Konimex\Proyek PPL\pd\public\index.php(37): CodeIgniter\CodeIgniter->run()
#4 D:\PT Konimex\Proyek PPL\pd\system\Commands\Server\rewrite.php(43): require_once('D:\\PT Konimex\\P...')
#5 {main}
CRITICAL - 2023-07-21 22:28:52 --> Call to a member function paginate() on null
#0 D:\PT Konimex\Proyek PPL\pd\system\CodeIgniter.php(832): App\Controllers\Admin\PJUM->lihatdatapjum()
#1 D:\PT Konimex\Proyek PPL\pd\system\CodeIgniter.php(419): CodeIgniter\CodeIgniter->runController(Object(App\Controllers\Admin\PJUM))
#2 D:\PT Konimex\Proyek PPL\pd\system\CodeIgniter.php(326): CodeIgniter\CodeIgniter->handleRequest(NULL, Object(Config\Cache), false)
#3 D:\PT Konimex\Proyek PPL\pd\public\index.php(37): CodeIgniter\CodeIgniter->run()
#4 D:\PT Konimex\Proyek PPL\pd\system\Commands\Server\rewrite.php(43): require_once('D:\\PT Konimex\\P...')
#5 {main}
CRITICAL - 2023-07-21 22:29:23 --> Array to string conversion
#0 D:\PT Konimex\Proyek PPL\pd\app\Controllers\Admin\PJUM.php(121): CodeIgniter\Debug\Exceptions->errorHandler(8, 'Array to string...', 'D:\\PT Konimex\\P...', 121, Array)
#1 D:\PT Konimex\Proyek PPL\pd\system\CodeIgniter.php(832): App\Controllers\Admin\PJUM->lihatdatapjum()
#2 D:\PT Konimex\Proyek PPL\pd\system\CodeIgniter.php(419): CodeIgniter\CodeIgniter->runController(Object(App\Controllers\Admin\PJUM))
#3 D:\PT Konimex\Proyek PPL\pd\system\CodeIgniter.php(326): CodeIgniter\CodeIgniter->handleRequest(NULL, Object(Config\Cache), false)
#4 D:\PT Konimex\Proyek PPL\pd\public\index.php(37): CodeIgniter\CodeIgniter->run()
#5 D:\PT Konimex\Proyek PPL\pd\system\Commands\Server\rewrite.php(43): require_once('D:\\PT Konimex\\P...')
#6 {main}
CRITICAL - 2023-07-21 22:29:24 --> Array to string conversion
#0 D:\PT Konimex\Proyek PPL\pd\app\Controllers\Admin\PJUM.php(121): CodeIgniter\Debug\Exceptions->errorHandler(8, 'Array to string...', 'D:\\PT Konimex\\P...', 121, Array)
#1 D:\PT Konimex\Proyek PPL\pd\system\CodeIgniter.php(832): App\Controllers\Admin\PJUM->lihatdatapjum()
#2 D:\PT Konimex\Proyek PPL\pd\system\CodeIgniter.php(419): CodeIgniter\CodeIgniter->runController(Object(App\Controllers\Admin\PJUM))
#3 D:\PT Konimex\Proyek PPL\pd\system\CodeIgniter.php(326): CodeIgniter\CodeIgniter->handleRequest(NULL, Object(Config\Cache), false)
#4 D:\PT Konimex\Proyek PPL\pd\public\index.php(37): CodeIgniter\CodeIgniter->run()
#5 D:\PT Konimex\Proyek PPL\pd\system\Commands\Server\rewrite.php(43): require_once('D:\\PT Konimex\\P...')
#6 {main}
CRITICAL - 2023-07-21 22:29:38 --> Undefined property: App\Controllers\Admin\PJUM::$listPost
#0 D:\PT Konimex\Proyek PPL\pd\app\Controllers\Admin\PJUM.php(121): CodeIgniter\Debug\Exceptions->errorHandler(8, 'Undefined prope...', 'D:\\PT Konimex\\P...', 121, Array)
#1 D:\PT Konimex\Proyek PPL\pd\system\CodeIgniter.php(832): App\Controllers\Admin\PJUM->lihatdatapjum()
#2 D:\PT Konimex\Proyek PPL\pd\system\CodeIgniter.php(419): CodeIgniter\CodeIgniter->runController(Object(App\Controllers\Admin\PJUM))
#3 D:\PT Konimex\Proyek PPL\pd\system\CodeIgniter.php(326): CodeIgniter\CodeIgniter->handleRequest(NULL, Object(Config\Cache), false)
#4 D:\PT Konimex\Proyek PPL\pd\public\index.php(37): CodeIgniter\CodeIgniter->run()
#5 D:\PT Konimex\Proyek PPL\pd\system\Commands\Server\rewrite.php(43): require_once('D:\\PT Konimex\\P...')
#6 {main}
CRITICAL - 2023-07-21 22:29:38 --> Undefined property: App\Controllers\Admin\PJUM::$listPost
#0 D:\PT Konimex\Proyek PPL\pd\app\Controllers\Admin\PJUM.php(121): CodeIgniter\Debug\Exceptions->errorHandler(8, 'Undefined prope...', 'D:\\PT Konimex\\P...', 121, Array)
#1 D:\PT Konimex\Proyek PPL\pd\system\CodeIgniter.php(832): App\Controllers\Admin\PJUM->lihatdatapjum()
#2 D:\PT Konimex\Proyek PPL\pd\system\CodeIgniter.php(419): CodeIgniter\CodeIgniter->runController(Object(App\Controllers\Admin\PJUM))
#3 D:\PT Konimex\Proyek PPL\pd\system\CodeIgniter.php(326): CodeIgniter\CodeIgniter->handleRequest(NULL, Object(Config\Cache), false)
#4 D:\PT Konimex\Proyek PPL\pd\public\index.php(37): CodeIgniter\CodeIgniter->run()
#5 D:\PT Konimex\Proyek PPL\pd\system\Commands\Server\rewrite.php(43): require_once('D:\\PT Konimex\\P...')
#6 {main}
CRITICAL - 2023-07-21 22:31:23 --> Argument 2 passed to CodeIgniter\BaseModel::paginate() must be of the type string, array given, called in D:\PT Konimex\Proyek PPL\pd\app\Controllers\Admin\PJUM.php on line 121
#0 D:\PT Konimex\Proyek PPL\pd\app\Controllers\Admin\PJUM.php(121): CodeIgniter\BaseModel->paginate(6, Array)
#1 D:\PT Konimex\Proyek PPL\pd\system\CodeIgniter.php(832): App\Controllers\Admin\PJUM->lihatdatapjum()
#2 D:\PT Konimex\Proyek PPL\pd\system\CodeIgniter.php(419): CodeIgniter\CodeIgniter->runController(Object(App\Controllers\Admin\PJUM))
#3 D:\PT Konimex\Proyek PPL\pd\system\CodeIgniter.php(326): CodeIgniter\CodeIgniter->handleRequest(NULL, Object(Config\Cache), false)
#4 D:\PT Konimex\Proyek PPL\pd\public\index.php(37): CodeIgniter\CodeIgniter->run()
#5 D:\PT Konimex\Proyek PPL\pd\system\Commands\Server\rewrite.php(43): require_once('D:\\PT Konimex\\P...')
#6 {main}
CRITICAL - 2023-07-21 22:31:24 --> Argument 2 passed to CodeIgniter\BaseModel::paginate() must be of the type string, array given, called in D:\PT Konimex\Proyek PPL\pd\app\Controllers\Admin\PJUM.php on line 121
#0 D:\PT Konimex\Proyek PPL\pd\app\Controllers\Admin\PJUM.php(121): CodeIgniter\BaseModel->paginate(6, Array)
#1 D:\PT Konimex\Proyek PPL\pd\system\CodeIgniter.php(832): App\Controllers\Admin\PJUM->lihatdatapjum()
#2 D:\PT Konimex\Proyek PPL\pd\system\CodeIgniter.php(419): CodeIgniter\CodeIgniter->runController(Object(App\Controllers\Admin\PJUM))
#3 D:\PT Konimex\Proyek PPL\pd\system\CodeIgniter.php(326): CodeIgniter\CodeIgniter->handleRequest(NULL, Object(Config\Cache), false)
#4 D:\PT Konimex\Proyek PPL\pd\public\index.php(37): CodeIgniter\CodeIgniter->run()
#5 D:\PT Konimex\Proyek PPL\pd\system\Commands\Server\rewrite.php(43): require_once('D:\\PT Konimex\\P...')
#6 {main}
CRITICAL - 2023-07-21 22:58:23 --> Undefined variable: pager
#0 D:\PT Konimex\Proyek PPL\pd\app\Views\pjum\v_lihatdatapjum.php(105): CodeIgniter\Debug\Exceptions->errorHandler(8, 'Undefined varia...', 'D:\\PT Konimex\\P...', 105, Array)
#1 D:\PT Konimex\Proyek PPL\pd\system\View\View.php(210): include('D:\\PT Konimex\\P...')
#2 D:\PT Konimex\Proyek PPL\pd\system\View\View.php(213): CodeIgniter\View\View->CodeIgniter\View\{closure}()
#3 D:\PT Konimex\Proyek PPL\pd\system\Common.php(1089): CodeIgniter\View\View->render('pjum/v_lihatdat...', Array, true)
#4 D:\PT Konimex\Proyek PPL\pd\app\Controllers\Admin\PJUM.php(130): view('pjum/v_lihatdat...', Array)
#5 D:\PT Konimex\Proyek PPL\pd\system\CodeIgniter.php(832): App\Controllers\Admin\PJUM->lihatdatapjum()
#6 D:\PT Konimex\Proyek PPL\pd\system\CodeIgniter.php(419): CodeIgniter\CodeIgniter->runController(Object(App\Controllers\Admin\PJUM))
#7 D:\PT Konimex\Proyek PPL\pd\system\CodeIgniter.php(326): CodeIgniter\CodeIgniter->handleRequest(NULL, Object(Config\Cache), false)
#8 D:\PT Konimex\Proyek PPL\pd\public\index.php(37): CodeIgniter\CodeIgniter->run()
#9 D:\PT Konimex\Proyek PPL\pd\system\Commands\Server\rewrite.php(43): require_once('D:\\PT Konimex\\P...')
#10 {main}
CRITICAL - 2023-07-21 22:58:24 --> Undefined variable: pager
#0 D:\PT Konimex\Proyek PPL\pd\app\Views\pjum\v_lihatdatapjum.php(105): CodeIgniter\Debug\Exceptions->errorHandler(8, 'Undefined varia...', 'D:\\PT Konimex\\P...', 105, Array)
#1 D:\PT Konimex\Proyek PPL\pd\system\View\View.php(210): include('D:\\PT Konimex\\P...')
#2 D:\PT Konimex\Proyek PPL\pd\system\View\View.php(213): CodeIgniter\View\View->CodeIgniter\View\{closure}()
#3 D:\PT Konimex\Proyek PPL\pd\system\Common.php(1089): CodeIgniter\View\View->render('pjum/v_lihatdat...', Array, true)
#4 D:\PT Konimex\Proyek PPL\pd\app\Controllers\Admin\PJUM.php(130): view('pjum/v_lihatdat...', Array)
#5 D:\PT Konimex\Proyek PPL\pd\system\CodeIgniter.php(832): App\Controllers\Admin\PJUM->lihatdatapjum()
#6 D:\PT Konimex\Proyek PPL\pd\system\CodeIgniter.php(419): CodeIgniter\CodeIgniter->runController(Object(App\Controllers\Admin\PJUM))
#7 D:\PT Konimex\Proyek PPL\pd\system\CodeIgniter.php(326): CodeIgniter\CodeIgniter->handleRequest(NULL, Object(Config\Cache), false)
#8 D:\PT Konimex\Proyek PPL\pd\public\index.php(37): CodeIgniter\CodeIgniter->run()
#9 D:\PT Konimex\Proyek PPL\pd\system\Commands\Server\rewrite.php(43): require_once('D:\\PT Konimex\\P...')
#10 {main}
CRITICAL - 2023-07-21 22:58:36 --> Undefined variable: pager
#0 D:\PT Konimex\Proyek PPL\pd\app\Views\pjum\v_lihatdatapjum.php(105): CodeIgniter\Debug\Exceptions->errorHandler(8, 'Undefined varia...', 'D:\\PT Konimex\\P...', 105, Array)
#1 D:\PT Konimex\Proyek PPL\pd\system\View\View.php(210): include('D:\\PT Konimex\\P...')
#2 D:\PT Konimex\Proyek PPL\pd\system\View\View.php(213): CodeIgniter\View\View->CodeIgniter\View\{closure}()
#3 D:\PT Konimex\Proyek PPL\pd\system\Common.php(1089): CodeIgniter\View\View->render('pjum/v_lihatdat...', Array, true)
#4 D:\PT Konimex\Proyek PPL\pd\app\Controllers\Admin\PJUM.php(130): view('pjum/v_lihatdat...', Array)
#5 D:\PT Konimex\Proyek PPL\pd\system\CodeIgniter.php(832): App\Controllers\Admin\PJUM->lihatdatapjum()
#6 D:\PT Konimex\Proyek PPL\pd\system\CodeIgniter.php(419): CodeIgniter\CodeIgniter->runController(Object(App\Controllers\Admin\PJUM))
#7 D:\PT Konimex\Proyek PPL\pd\system\CodeIgniter.php(326): CodeIgniter\CodeIgniter->handleRequest(NULL, Object(Config\Cache), false)
#8 D:\PT Konimex\Proyek PPL\pd\public\index.php(37): CodeIgniter\CodeIgniter->run()
#9 D:\PT Konimex\Proyek PPL\pd\system\Commands\Server\rewrite.php(43): require_once('D:\\PT Konimex\\P...')
#10 {main}
CRITICAL - 2023-07-21 22:58:36 --> Undefined variable: pager
#0 D:\PT Konimex\Proyek PPL\pd\app\Views\pjum\v_lihatdatapjum.php(105): CodeIgniter\Debug\Exceptions->errorHandler(8, 'Undefined varia...', 'D:\\PT Konimex\\P...', 105, Array)
#1 D:\PT Konimex\Proyek PPL\pd\system\View\View.php(210): include('D:\\PT Konimex\\P...')
#2 D:\PT Konimex\Proyek PPL\pd\system\View\View.php(213): CodeIgniter\View\View->CodeIgniter\View\{closure}()
#3 D:\PT Konimex\Proyek PPL\pd\system\Common.php(1089): CodeIgniter\View\View->render('pjum/v_lihatdat...', Array, true)
#4 D:\PT Konimex\Proyek PPL\pd\app\Controllers\Admin\PJUM.php(130): view('pjum/v_lihatdat...', Array)
#5 D:\PT Konimex\Proyek PPL\pd\system\CodeIgniter.php(832): App\Controllers\Admin\PJUM->lihatdatapjum()
#6 D:\PT Konimex\Proyek PPL\pd\system\CodeIgniter.php(419): CodeIgniter\CodeIgniter->runController(Object(App\Controllers\Admin\PJUM))
#7 D:\PT Konimex\Proyek PPL\pd\system\CodeIgniter.php(326): CodeIgniter\CodeIgniter->handleRequest(NULL, Object(Config\Cache), false)
#8 D:\PT Konimex\Proyek PPL\pd\public\index.php(37): CodeIgniter\CodeIgniter->run()
#9 D:\PT Konimex\Proyek PPL\pd\system\Commands\Server\rewrite.php(43): require_once('D:\\PT Konimex\\P...')
#10 {main}
CRITICAL - 2023-07-21 22:58:37 --> Undefined variable: pager
#0 D:\PT Konimex\Proyek PPL\pd\app\Views\pjum\v_lihatdatapjum.php(105): CodeIgniter\Debug\Exceptions->errorHandler(8, 'Undefined varia...', 'D:\\PT Konimex\\P...', 105, Array)
#1 D:\PT Konimex\Proyek PPL\pd\system\View\View.php(210): include('D:\\PT Konimex\\P...')
#2 D:\PT Konimex\Proyek PPL\pd\system\View\View.php(213): CodeIgniter\View\View->CodeIgniter\View\{closure}()
#3 D:\PT Konimex\Proyek PPL\pd\system\Common.php(1089): CodeIgniter\View\View->render('pjum/v_lihatdat...', Array, true)
#4 D:\PT Konimex\Proyek PPL\pd\app\Controllers\Admin\PJUM.php(130): view('pjum/v_lihatdat...', Array)
#5 D:\PT Konimex\Proyek PPL\pd\system\CodeIgniter.php(832): App\Controllers\Admin\PJUM->lihatdatapjum()
#6 D:\PT Konimex\Proyek PPL\pd\system\CodeIgniter.php(419): CodeIgniter\CodeIgniter->runController(Object(App\Controllers\Admin\PJUM))
#7 D:\PT Konimex\Proyek PPL\pd\system\CodeIgniter.php(326): CodeIgniter\CodeIgniter->handleRequest(NULL, Object(Config\Cache), false)
#8 D:\PT Konimex\Proyek PPL\pd\public\index.php(37): CodeIgniter\CodeIgniter->run()
#9 D:\PT Konimex\Proyek PPL\pd\system\Commands\Server\rewrite.php(43): require_once('D:\\PT Konimex\\P...')
#10 {main}
CRITICAL - 2023-07-21 22:59:16 --> Undefined variable: pager
#0 D:\PT Konimex\Proyek PPL\pd\app\Views\pjum\v_lihatdatapjum.php(105): CodeIgniter\Debug\Exceptions->errorHandler(8, 'Undefined varia...', 'D:\\PT Konimex\\P...', 105, Array)
#1 D:\PT Konimex\Proyek PPL\pd\system\View\View.php(210): include('D:\\PT Konimex\\P...')
#2 D:\PT Konimex\Proyek PPL\pd\system\View\View.php(213): CodeIgniter\View\View->CodeIgniter\View\{closure}()
#3 D:\PT Konimex\Proyek PPL\pd\system\Common.php(1089): CodeIgniter\View\View->render('pjum/v_lihatdat...', Array, true)
#4 D:\PT Konimex\Proyek PPL\pd\app\Controllers\Admin\PJUM.php(130): view('pjum/v_lihatdat...', Array)
#5 D:\PT Konimex\Proyek PPL\pd\system\CodeIgniter.php(832): App\Controllers\Admin\PJUM->lihatdatapjum()
#6 D:\PT Konimex\Proyek PPL\pd\system\CodeIgniter.php(419): CodeIgniter\CodeIgniter->runController(Object(App\Controllers\Admin\PJUM))
#7 D:\PT Konimex\Proyek PPL\pd\system\CodeIgniter.php(326): CodeIgniter\CodeIgniter->handleRequest(NULL, Object(Config\Cache), false)
#8 D:\PT Konimex\Proyek PPL\pd\public\index.php(37): CodeIgniter\CodeIgniter->run()
#9 D:\PT Konimex\Proyek PPL\pd\system\Commands\Server\rewrite.php(43): require_once('D:\\PT Konimex\\P...')
#10 {main}
CRITICAL - 2023-07-21 22:59:17 --> Undefined variable: pager
#0 D:\PT Konimex\Proyek PPL\pd\app\Views\pjum\v_lihatdatapjum.php(105): CodeIgniter\Debug\Exceptions->errorHandler(8, 'Undefined varia...', 'D:\\PT Konimex\\P...', 105, Array)
#1 D:\PT Konimex\Proyek PPL\pd\system\View\View.php(210): include('D:\\PT Konimex\\P...')
#2 D:\PT Konimex\Proyek PPL\pd\system\View\View.php(213): CodeIgniter\View\View->CodeIgniter\View\{closure}()
#3 D:\PT Konimex\Proyek PPL\pd\system\Common.php(1089): CodeIgniter\View\View->render('pjum/v_lihatdat...', Array, true)
#4 D:\PT Konimex\Proyek PPL\pd\app\Controllers\Admin\PJUM.php(130): view('pjum/v_lihatdat...', Array)
#5 D:\PT Konimex\Proyek PPL\pd\system\CodeIgniter.php(832): App\Controllers\Admin\PJUM->lihatdatapjum()
#6 D:\PT Konimex\Proyek PPL\pd\system\CodeIgniter.php(419): CodeIgniter\CodeIgniter->runController(Object(App\Controllers\Admin\PJUM))
#7 D:\PT Konimex\Proyek PPL\pd\system\CodeIgniter.php(326): CodeIgniter\CodeIgniter->handleRequest(NULL, Object(Config\Cache), false)
#8 D:\PT Konimex\Proyek PPL\pd\public\index.php(37): CodeIgniter\CodeIgniter->run()
#9 D:\PT Konimex\Proyek PPL\pd\system\Commands\Server\rewrite.php(43): require_once('D:\\PT Konimex\\P...')
#10 {main}
CRITICAL - 2023-07-21 23:00:22 --> Undefined variable: pager
#0 D:\PT Konimex\Proyek PPL\pd\app\Views\pjum\v_lihatdatapjum.php(105): CodeIgniter\Debug\Exceptions->errorHandler(8, 'Undefined varia...', 'D:\\PT Konimex\\P...', 105, Array)
#1 D:\PT Konimex\Proyek PPL\pd\system\View\View.php(210): include('D:\\PT Konimex\\P...')
#2 D:\PT Konimex\Proyek PPL\pd\system\View\View.php(213): CodeIgniter\View\View->CodeIgniter\View\{closure}()
#3 D:\PT Konimex\Proyek PPL\pd\system\Common.php(1089): CodeIgniter\View\View->render('pjum/v_lihatdat...', Array, true)
#4 D:\PT Konimex\Proyek PPL\pd\app\Controllers\Admin\PJUM.php(130): view('pjum/v_lihatdat...', Array)
#5 D:\PT Konimex\Proyek PPL\pd\system\CodeIgniter.php(832): App\Controllers\Admin\PJUM->lihatdatapjum()
#6 D:\PT Konimex\Proyek PPL\pd\system\CodeIgniter.php(419): CodeIgniter\CodeIgniter->runController(Object(App\Controllers\Admin\PJUM))
#7 D:\PT Konimex\Proyek PPL\pd\system\CodeIgniter.php(326): CodeIgniter\CodeIgniter->handleRequest(NULL, Object(Config\Cache), false)
#8 D:\PT Konimex\Proyek PPL\pd\public\index.php(37): CodeIgniter\CodeIgniter->run()
#9 D:\PT Konimex\Proyek PPL\pd\system\Commands\Server\rewrite.php(43): require_once('D:\\PT Konimex\\P...')
#10 {main}
CRITICAL - 2023-07-21 23:00:23 --> Undefined variable: pager
#0 D:\PT Konimex\Proyek PPL\pd\app\Views\pjum\v_lihatdatapjum.php(105): CodeIgniter\Debug\Exceptions->errorHandler(8, 'Undefined varia...', 'D:\\PT Konimex\\P...', 105, Array)
#1 D:\PT Konimex\Proyek PPL\pd\system\View\View.php(210): include('D:\\PT Konimex\\P...')
#2 D:\PT Konimex\Proyek PPL\pd\system\View\View.php(213): CodeIgniter\View\View->CodeIgniter\View\{closure}()
#3 D:\PT Konimex\Proyek PPL\pd\system\Common.php(1089): CodeIgniter\View\View->render('pjum/v_lihatdat...', Array, true)
#4 D:\PT Konimex\Proyek PPL\pd\app\Controllers\Admin\PJUM.php(130): view('pjum/v_lihatdat...', Array)
#5 D:\PT Konimex\Proyek PPL\pd\system\CodeIgniter.php(832): App\Controllers\Admin\PJUM->lihatdatapjum()
#6 D:\PT Konimex\Proyek PPL\pd\system\CodeIgniter.php(419): CodeIgniter\CodeIgniter->runController(Object(App\Controllers\Admin\PJUM))
#7 D:\PT Konimex\Proyek PPL\pd\system\CodeIgniter.php(326): CodeIgniter\CodeIgniter->handleRequest(NULL, Object(Config\Cache), false)
#8 D:\PT Konimex\Proyek PPL\pd\public\index.php(37): CodeIgniter\CodeIgniter->run()
#9 D:\PT Konimex\Proyek PPL\pd\system\Commands\Server\rewrite.php(43): require_once('D:\\PT Konimex\\P...')
#10 {main}
CRITICAL - 2023-07-21 23:05:53 --> Undefined variable: data
#0 D:\PT Konimex\Proyek PPL\pd\app\Models\PostsModel.php(85): CodeIgniter\Debug\Exceptions->errorHandler(8, 'Undefined varia...', 'D:\\PT Konimex\\P...', 85, Array)
#1 D:\PT Konimex\Proyek PPL\pd\app\Controllers\Admin\PJUM.php(116): App\Models\PostsModel->listPost('article', '4', NULL, 'dt')
#2 D:\PT Konimex\Proyek PPL\pd\system\CodeIgniter.php(832): App\Controllers\Admin\PJUM->lihatdatapjum()
#3 D:\PT Konimex\Proyek PPL\pd\system\CodeIgniter.php(419): CodeIgniter\CodeIgniter->runController(Object(App\Controllers\Admin\PJUM))
#4 D:\PT Konimex\Proyek PPL\pd\system\CodeIgniter.php(326): CodeIgniter\CodeIgniter->handleRequest(NULL, Object(Config\Cache), false)
#5 D:\PT Konimex\Proyek PPL\pd\public\index.php(37): CodeIgniter\CodeIgniter->run()
#6 D:\PT Konimex\Proyek PPL\pd\system\Commands\Server\rewrite.php(43): require_once('D:\\PT Konimex\\P...')
#7 {main}
CRITICAL - 2023-07-21 23:05:54 --> Undefined variable: data
#0 D:\PT Konimex\Proyek PPL\pd\app\Models\PostsModel.php(85): CodeIgniter\Debug\Exceptions->errorHandler(8, 'Undefined varia...', 'D:\\PT Konimex\\P...', 85, Array)
#1 D:\PT Konimex\Proyek PPL\pd\app\Controllers\Admin\PJUM.php(116): App\Models\PostsModel->listPost('article', '4', NULL, 'dt')
#2 D:\PT Konimex\Proyek PPL\pd\system\CodeIgniter.php(832): App\Controllers\Admin\PJUM->lihatdatapjum()
#3 D:\PT Konimex\Proyek PPL\pd\system\CodeIgniter.php(419): CodeIgniter\CodeIgniter->runController(Object(App\Controllers\Admin\PJUM))
#4 D:\PT Konimex\Proyek PPL\pd\system\CodeIgniter.php(326): CodeIgniter\CodeIgniter->handleRequest(NULL, Object(Config\Cache), false)
#5 D:\PT Konimex\Proyek PPL\pd\public\index.php(37): CodeIgniter\CodeIgniter->run()
#6 D:\PT Konimex\Proyek PPL\pd\system\Commands\Server\rewrite.php(43): require_once('D:\\PT Konimex\\P...')
#7 {main}
