CRITICAL - 2023-10-26 03:22:14 --> Array to string conversion
#0 C:\xampp\htdocs\pdln\app\Views\pjum\v_datapjum.php(685): CodeIgniter\Debug\Exceptions->errorHandler(2, 'Array to string...', 'C:\\xampp\\htdocs...', 685)
#1 C:\xampp\htdocs\pdln\system\View\View.php(210): include('C:\\xampp\\htdocs...')
#2 C:\xampp\htdocs\pdln\system\View\View.php(213): CodeIgniter\View\View->CodeIgniter\View\{closure}()
#3 C:\xampp\htdocs\pdln\system\Common.php(1089): CodeIgniter\View\View->render('pjum/v_datapjum', Array, true)
#4 C:\xampp\htdocs\pdln\app\Controllers\Admin\PJUM.php(419): view('pjum/v_datapjum', Array)
#5 C:\xampp\htdocs\pdln\system\CodeIgniter.php(832): App\Controllers\Admin\PJUM->datapjum('pjum', '1', '1', '', '')
#6 C:\xampp\htdocs\pdln\system\CodeIgniter.php(419): CodeIgniter\CodeIgniter->runController(Object(App\Controllers\Admin\PJUM))
#7 C:\xampp\htdocs\pdln\system\CodeIgniter.php(326): CodeIgniter\CodeIgniter->handleRequest(NULL, Object(Config\Cache), false)
#8 C:\xampp\htdocs\pdln\index.php(37): CodeIgniter\CodeIgniter->run()
#9 {main}
CRITICAL - 2023-10-26 03:28:39 --> Undefined variable $id_biaya
#0 C:\xampp\htdocs\pdln\app\Controllers\Admin\PJUM.php(418): CodeIgniter\Debug\Exceptions->errorHandler(2, 'Undefined varia...', 'C:\\xampp\\htdocs...', 418)
#1 C:\xampp\htdocs\pdln\system\CodeIgniter.php(832): App\Controllers\Admin\PJUM->datapjum('pjum', '1', '1', '', '')
#2 C:\xampp\htdocs\pdln\system\CodeIgniter.php(419): CodeIgniter\CodeIgniter->runController(Object(App\Controllers\Admin\PJUM))
#3 C:\xampp\htdocs\pdln\system\CodeIgniter.php(326): CodeIgniter\CodeIgniter->handleRequest(NULL, Object(Config\Cache), false)
#4 C:\xampp\htdocs\pdln\index.php(37): CodeIgniter\CodeIgniter->run()
#5 {main}
CRITICAL - 2023-10-26 20:25:57 --> preg_replace(): Argument #4 ($limit) must be of type int, string given
#0 C:\xampp\htdocs\pdln\app\Controllers\Admin\PJUM.php(796): preg_replace('/[^0-9]/', ',', '', 'Rp400,35')
#1 C:\xampp\htdocs\pdln\system\CodeIgniter.php(832): App\Controllers\Admin\PJUM->editbiayapjum('1', '1', 'pjum', '1', '', '', '')
#2 C:\xampp\htdocs\pdln\system\CodeIgniter.php(419): CodeIgniter\CodeIgniter->runController(Object(App\Controllers\Admin\PJUM))
#3 C:\xampp\htdocs\pdln\system\CodeIgniter.php(326): CodeIgniter\CodeIgniter->handleRequest(NULL, Object(Config\Cache), false)
#4 C:\xampp\htdocs\pdln\index.php(37): CodeIgniter\CodeIgniter->run()
#5 {main}
CRITICAL - 2023-10-26 20:26:30 --> preg_replace(): Argument #4 ($limit) must be of type int, string given
#0 C:\xampp\htdocs\pdln\app\Controllers\Admin\PJUM.php(796): preg_replace('/[^0-9]/', ',', '', 'Rp400,35')
#1 C:\xampp\htdocs\pdln\system\CodeIgniter.php(832): App\Controllers\Admin\PJUM->editbiayapjum('1', '1', 'pjum', '1', '', '', '')
#2 C:\xampp\htdocs\pdln\system\CodeIgniter.php(419): CodeIgniter\CodeIgniter->runController(Object(App\Controllers\Admin\PJUM))
#3 C:\xampp\htdocs\pdln\system\CodeIgniter.php(326): CodeIgniter\CodeIgniter->handleRequest(NULL, Object(Config\Cache), false)
#4 C:\xampp\htdocs\pdln\index.php(37): CodeIgniter\CodeIgniter->run()
#5 {main}
CRITICAL - 2023-10-26 20:26:55 --> preg_replace(): Argument #4 ($limit) must be of type int, string given
#0 C:\xampp\htdocs\pdln\app\Controllers\Admin\PJUM.php(796): preg_replace('/[^0-9]/', ',', '', 'Rp400,35')
#1 C:\xampp\htdocs\pdln\system\CodeIgniter.php(832): App\Controllers\Admin\PJUM->editbiayapjum('1', '1', 'pjum', '1', '', '', '')
#2 C:\xampp\htdocs\pdln\system\CodeIgniter.php(419): CodeIgniter\CodeIgniter->runController(Object(App\Controllers\Admin\PJUM))
#3 C:\xampp\htdocs\pdln\system\CodeIgniter.php(326): CodeIgniter\CodeIgniter->handleRequest(NULL, Object(Config\Cache), false)
#4 C:\xampp\htdocs\pdln\index.php(37): CodeIgniter\CodeIgniter->run()
#5 {main}
CRITICAL - 2023-10-26 20:47:42 --> Trying to access array offset on value of type null
#0 C:\xampp\htdocs\pdln\app\Controllers\Admin\Dashboard.php(504): CodeIgniter\Debug\Exceptions->errorHandler(2, 'Trying to acces...', 'C:\\xampp\\htdocs...', 504)
#1 C:\xampp\htdocs\pdln\system\CodeIgniter.php(832): App\Controllers\Admin\Dashboard->importbiaya('1')
#2 C:\xampp\htdocs\pdln\system\CodeIgniter.php(419): CodeIgniter\CodeIgniter->runController(Object(App\Controllers\Admin\Dashboard))
#3 C:\xampp\htdocs\pdln\system\CodeIgniter.php(326): CodeIgniter\CodeIgniter->handleRequest(NULL, Object(Config\Cache), false)
#4 C:\xampp\htdocs\pdln\index.php(37): CodeIgniter\CodeIgniter->run()
#5 {main}
ERROR - 2023-10-26 20:47:45 --> Unknown column 'edited_at' in 'field list'
CRITICAL - 2023-10-26 20:47:45 --> Unknown column 'edited_at' in 'field list'
#0 C:\xampp\htdocs\pdln\system\Database\MySQLi\Connection.php(292): mysqli->query('UPDATE `pb` SET...', 0)
#1 C:\xampp\htdocs\pdln\system\Database\BaseConnection.php(670): CodeIgniter\Database\MySQLi\Connection->execute('UPDATE `pb` SET...')
#2 C:\xampp\htdocs\pdln\system\Database\BaseConnection.php(598): CodeIgniter\Database\BaseConnection->simpleQuery('UPDATE `pb` SET...')
#3 C:\xampp\htdocs\pdln\system\Database\BaseBuilder.php(1913): CodeIgniter\Database\BaseConnection->query('UPDATE `pb` SET...', Array, false)
#4 C:\xampp\htdocs\pdln\system\Model.php(298): CodeIgniter\Database\BaseBuilder->update()
#5 C:\xampp\htdocs\pdln\system\BaseModel.php(865): CodeIgniter\Model->doUpdate(Array, Array)
#6 C:\xampp\htdocs\pdln\system\Model.php(651): CodeIgniter\BaseModel->update(Array, Array)
#7 C:\xampp\htdocs\pdln\system\BaseModel.php(656): CodeIgniter\Model->update('1', Array)
#8 C:\xampp\htdocs\pdln\app\Controllers\Admin\Dashboard.php(461): CodeIgniter\BaseModel->save(Array)
#9 C:\xampp\htdocs\pdln\system\CodeIgniter.php(832): App\Controllers\Admin\Dashboard->importbiaya('1')
#10 C:\xampp\htdocs\pdln\system\CodeIgniter.php(419): CodeIgniter\CodeIgniter->runController(Object(App\Controllers\Admin\Dashboard))
#11 C:\xampp\htdocs\pdln\system\CodeIgniter.php(326): CodeIgniter\CodeIgniter->handleRequest(NULL, Object(Config\Cache), false)
#12 C:\xampp\htdocs\pdln\index.php(37): CodeIgniter\CodeIgniter->run()
#13 {main}
CRITICAL - 2023-10-26 20:48:53 --> Trying to access array offset on value of type null
#0 C:\xampp\htdocs\pdln\app\Controllers\Admin\Dashboard.php(661): CodeIgniter\Debug\Exceptions->errorHandler(2, 'Trying to acces...', 'C:\\xampp\\htdocs...', 661)
#1 C:\xampp\htdocs\pdln\system\CodeIgniter.php(832): App\Controllers\Admin\Dashboard->importbiaya('1')
#2 C:\xampp\htdocs\pdln\system\CodeIgniter.php(419): CodeIgniter\CodeIgniter->runController(Object(App\Controllers\Admin\Dashboard))
#3 C:\xampp\htdocs\pdln\system\CodeIgniter.php(326): CodeIgniter\CodeIgniter->handleRequest(NULL, Object(Config\Cache), false)
#4 C:\xampp\htdocs\pdln\index.php(37): CodeIgniter\CodeIgniter->run()
#5 {main}
CRITICAL - 2023-10-26 20:49:00 --> Trying to access array offset on value of type null
#0 C:\xampp\htdocs\pdln\app\Controllers\Admin\Dashboard.php(500): CodeIgniter\Debug\Exceptions->errorHandler(2, 'Trying to acces...', 'C:\\xampp\\htdocs...', 500)
#1 C:\xampp\htdocs\pdln\system\CodeIgniter.php(832): App\Controllers\Admin\Dashboard->importbiaya('1')
#2 C:\xampp\htdocs\pdln\system\CodeIgniter.php(419): CodeIgniter\CodeIgniter->runController(Object(App\Controllers\Admin\Dashboard))
#3 C:\xampp\htdocs\pdln\system\CodeIgniter.php(326): CodeIgniter\CodeIgniter->handleRequest(NULL, Object(Config\Cache), false)
#4 C:\xampp\htdocs\pdln\index.php(37): CodeIgniter\CodeIgniter->run()
#5 {main}
CRITICAL - 2023-10-26 20:49:03 --> Trying to access array offset on value of type null
#0 C:\xampp\htdocs\pdln\app\Controllers\Admin\Dashboard.php(548): CodeIgniter\Debug\Exceptions->errorHandler(2, 'Trying to acces...', 'C:\\xampp\\htdocs...', 548)
#1 C:\xampp\htdocs\pdln\system\CodeIgniter.php(832): App\Controllers\Admin\Dashboard->importbiaya('1')
#2 C:\xampp\htdocs\pdln\system\CodeIgniter.php(419): CodeIgniter\CodeIgniter->runController(Object(App\Controllers\Admin\Dashboard))
#3 C:\xampp\htdocs\pdln\system\CodeIgniter.php(326): CodeIgniter\CodeIgniter->handleRequest(NULL, Object(Config\Cache), false)
#4 C:\xampp\htdocs\pdln\index.php(37): CodeIgniter\CodeIgniter->run()
#5 {main}
CRITICAL - 2023-10-26 20:49:05 --> Trying to access array offset on value of type null
#0 C:\xampp\htdocs\pdln\app\Controllers\Admin\Dashboard.php(548): CodeIgniter\Debug\Exceptions->errorHandler(2, 'Trying to acces...', 'C:\\xampp\\htdocs...', 548)
#1 C:\xampp\htdocs\pdln\system\CodeIgniter.php(832): App\Controllers\Admin\Dashboard->importbiaya('1')
#2 C:\xampp\htdocs\pdln\system\CodeIgniter.php(419): CodeIgniter\CodeIgniter->runController(Object(App\Controllers\Admin\Dashboard))
#3 C:\xampp\htdocs\pdln\system\CodeIgniter.php(326): CodeIgniter\CodeIgniter->handleRequest(NULL, Object(Config\Cache), false)
#4 C:\xampp\htdocs\pdln\index.php(37): CodeIgniter\CodeIgniter->run()
#5 {main}
CRITICAL - 2023-10-26 20:49:18 --> Trying to access array offset on value of type null
#0 C:\xampp\htdocs\pdln\app\Controllers\Admin\Dashboard.php(548): CodeIgniter\Debug\Exceptions->errorHandler(2, 'Trying to acces...', 'C:\\xampp\\htdocs...', 548)
#1 C:\xampp\htdocs\pdln\system\CodeIgniter.php(832): App\Controllers\Admin\Dashboard->importbiaya('1')
#2 C:\xampp\htdocs\pdln\system\CodeIgniter.php(419): CodeIgniter\CodeIgniter->runController(Object(App\Controllers\Admin\Dashboard))
#3 C:\xampp\htdocs\pdln\system\CodeIgniter.php(326): CodeIgniter\CodeIgniter->handleRequest(NULL, Object(Config\Cache), false)
#4 C:\xampp\htdocs\pdln\index.php(37): CodeIgniter\CodeIgniter->run()
#5 {main}
CRITICAL - 2023-10-26 20:49:20 --> Trying to access array offset on value of type null
#0 C:\xampp\htdocs\pdln\app\Controllers\Admin\Dashboard.php(548): CodeIgniter\Debug\Exceptions->errorHandler(2, 'Trying to acces...', 'C:\\xampp\\htdocs...', 548)
#1 C:\xampp\htdocs\pdln\system\CodeIgniter.php(832): App\Controllers\Admin\Dashboard->importbiaya('1')
#2 C:\xampp\htdocs\pdln\system\CodeIgniter.php(419): CodeIgniter\CodeIgniter->runController(Object(App\Controllers\Admin\Dashboard))
#3 C:\xampp\htdocs\pdln\system\CodeIgniter.php(326): CodeIgniter\CodeIgniter->handleRequest(NULL, Object(Config\Cache), false)
#4 C:\xampp\htdocs\pdln\index.php(37): CodeIgniter\CodeIgniter->run()
#5 {main}
CRITICAL - 2023-10-26 20:49:22 --> Trying to access array offset on value of type null
#0 C:\xampp\htdocs\pdln\app\Controllers\Admin\Dashboard.php(548): CodeIgniter\Debug\Exceptions->errorHandler(2, 'Trying to acces...', 'C:\\xampp\\htdocs...', 548)
#1 C:\xampp\htdocs\pdln\system\CodeIgniter.php(832): App\Controllers\Admin\Dashboard->importbiaya('1')
#2 C:\xampp\htdocs\pdln\system\CodeIgniter.php(419): CodeIgniter\CodeIgniter->runController(Object(App\Controllers\Admin\Dashboard))
#3 C:\xampp\htdocs\pdln\system\CodeIgniter.php(326): CodeIgniter\CodeIgniter->handleRequest(NULL, Object(Config\Cache), false)
#4 C:\xampp\htdocs\pdln\index.php(37): CodeIgniter\CodeIgniter->run()
#5 {main}
CRITICAL - 2023-10-26 20:49:24 --> Trying to access array offset on value of type null
#0 C:\xampp\htdocs\pdln\app\Controllers\Admin\Dashboard.php(548): CodeIgniter\Debug\Exceptions->errorHandler(2, 'Trying to acces...', 'C:\\xampp\\htdocs...', 548)
#1 C:\xampp\htdocs\pdln\system\CodeIgniter.php(832): App\Controllers\Admin\Dashboard->importbiaya('1')
#2 C:\xampp\htdocs\pdln\system\CodeIgniter.php(419): CodeIgniter\CodeIgniter->runController(Object(App\Controllers\Admin\Dashboard))
#3 C:\xampp\htdocs\pdln\system\CodeIgniter.php(326): CodeIgniter\CodeIgniter->handleRequest(NULL, Object(Config\Cache), false)
#4 C:\xampp\htdocs\pdln\index.php(37): CodeIgniter\CodeIgniter->run()
#5 {main}
CRITICAL - 2023-10-26 20:50:24 --> Trying to access array offset on value of type null
#0 C:\xampp\htdocs\pdln\app\Controllers\Admin\Dashboard.php(504): CodeIgniter\Debug\Exceptions->errorHandler(2, 'Trying to acces...', 'C:\\xampp\\htdocs...', 504)
#1 C:\xampp\htdocs\pdln\system\CodeIgniter.php(832): App\Controllers\Admin\Dashboard->importbiaya('1')
#2 C:\xampp\htdocs\pdln\system\CodeIgniter.php(419): CodeIgniter\CodeIgniter->runController(Object(App\Controllers\Admin\Dashboard))
#3 C:\xampp\htdocs\pdln\system\CodeIgniter.php(326): CodeIgniter\CodeIgniter->handleRequest(NULL, Object(Config\Cache), false)
#4 C:\xampp\htdocs\pdln\index.php(37): CodeIgniter\CodeIgniter->run()
#5 {main}
CRITICAL - 2023-10-26 20:50:29 --> Trying to access array offset on value of type null
#0 C:\xampp\htdocs\pdln\app\Controllers\Admin\Dashboard.php(666): CodeIgniter\Debug\Exceptions->errorHandler(2, 'Trying to acces...', 'C:\\xampp\\htdocs...', 666)
#1 C:\xampp\htdocs\pdln\system\CodeIgniter.php(832): App\Controllers\Admin\Dashboard->importbiaya('1')
#2 C:\xampp\htdocs\pdln\system\CodeIgniter.php(419): CodeIgniter\CodeIgniter->runController(Object(App\Controllers\Admin\Dashboard))
#3 C:\xampp\htdocs\pdln\system\CodeIgniter.php(326): CodeIgniter\CodeIgniter->handleRequest(NULL, Object(Config\Cache), false)
#4 C:\xampp\htdocs\pdln\index.php(37): CodeIgniter\CodeIgniter->run()
#5 {main}
CRITICAL - 2023-10-26 20:50:30 --> Trying to access array offset on value of type null
#0 C:\xampp\htdocs\pdln\app\Controllers\Admin\Dashboard.php(504): CodeIgniter\Debug\Exceptions->errorHandler(2, 'Trying to acces...', 'C:\\xampp\\htdocs...', 504)
#1 C:\xampp\htdocs\pdln\system\CodeIgniter.php(832): App\Controllers\Admin\Dashboard->importbiaya('1')
#2 C:\xampp\htdocs\pdln\system\CodeIgniter.php(419): CodeIgniter\CodeIgniter->runController(Object(App\Controllers\Admin\Dashboard))
#3 C:\xampp\htdocs\pdln\system\CodeIgniter.php(326): CodeIgniter\CodeIgniter->handleRequest(NULL, Object(Config\Cache), false)
#4 C:\xampp\htdocs\pdln\index.php(37): CodeIgniter\CodeIgniter->run()
#5 {main}
CRITICAL - 2023-10-26 20:50:32 --> Trying to access array offset on value of type null
#0 C:\xampp\htdocs\pdln\app\Controllers\Admin\Dashboard.php(666): CodeIgniter\Debug\Exceptions->errorHandler(2, 'Trying to acces...', 'C:\\xampp\\htdocs...', 666)
#1 C:\xampp\htdocs\pdln\system\CodeIgniter.php(832): App\Controllers\Admin\Dashboard->importbiaya('1')
#2 C:\xampp\htdocs\pdln\system\CodeIgniter.php(419): CodeIgniter\CodeIgniter->runController(Object(App\Controllers\Admin\Dashboard))
#3 C:\xampp\htdocs\pdln\system\CodeIgniter.php(326): CodeIgniter\CodeIgniter->handleRequest(NULL, Object(Config\Cache), false)
#4 C:\xampp\htdocs\pdln\index.php(37): CodeIgniter\CodeIgniter->run()
#5 {main}
CRITICAL - 2023-10-26 20:51:36 --> Trying to access array offset on value of type null
#0 C:\xampp\htdocs\pdln\app\Controllers\Admin\Dashboard.php(500): CodeIgniter\Debug\Exceptions->errorHandler(2, 'Trying to acces...', 'C:\\xampp\\htdocs...', 500)
#1 C:\xampp\htdocs\pdln\system\CodeIgniter.php(832): App\Controllers\Admin\Dashboard->importbiaya('1')
#2 C:\xampp\htdocs\pdln\system\CodeIgniter.php(419): CodeIgniter\CodeIgniter->runController(Object(App\Controllers\Admin\Dashboard))
#3 C:\xampp\htdocs\pdln\system\CodeIgniter.php(326): CodeIgniter\CodeIgniter->handleRequest(NULL, Object(Config\Cache), false)
#4 C:\xampp\htdocs\pdln\index.php(37): CodeIgniter\CodeIgniter->run()
#5 {main}
CRITICAL - 2023-10-26 20:51:40 --> Trying to access array offset on value of type null
#0 C:\xampp\htdocs\pdln\app\Controllers\Admin\Dashboard.php(661): CodeIgniter\Debug\Exceptions->errorHandler(2, 'Trying to acces...', 'C:\\xampp\\htdocs...', 661)
#1 C:\xampp\htdocs\pdln\system\CodeIgniter.php(832): App\Controllers\Admin\Dashboard->importbiaya('1')
#2 C:\xampp\htdocs\pdln\system\CodeIgniter.php(419): CodeIgniter\CodeIgniter->runController(Object(App\Controllers\Admin\Dashboard))
#3 C:\xampp\htdocs\pdln\system\CodeIgniter.php(326): CodeIgniter\CodeIgniter->handleRequest(NULL, Object(Config\Cache), false)
#4 C:\xampp\htdocs\pdln\index.php(37): CodeIgniter\CodeIgniter->run()
#5 {main}
CRITICAL - 2023-10-26 20:51:43 --> Trying to access array offset on value of type null
#0 C:\xampp\htdocs\pdln\app\Controllers\Admin\Dashboard.php(500): CodeIgniter\Debug\Exceptions->errorHandler(2, 'Trying to acces...', 'C:\\xampp\\htdocs...', 500)
#1 C:\xampp\htdocs\pdln\system\CodeIgniter.php(832): App\Controllers\Admin\Dashboard->importbiaya('1')
#2 C:\xampp\htdocs\pdln\system\CodeIgniter.php(419): CodeIgniter\CodeIgniter->runController(Object(App\Controllers\Admin\Dashboard))
#3 C:\xampp\htdocs\pdln\system\CodeIgniter.php(326): CodeIgniter\CodeIgniter->handleRequest(NULL, Object(Config\Cache), false)
#4 C:\xampp\htdocs\pdln\index.php(37): CodeIgniter\CodeIgniter->run()
#5 {main}
CRITICAL - 2023-10-26 20:51:46 --> Trying to access array offset on value of type null
#0 C:\xampp\htdocs\pdln\app\Controllers\Admin\Dashboard.php(548): CodeIgniter\Debug\Exceptions->errorHandler(2, 'Trying to acces...', 'C:\\xampp\\htdocs...', 548)
#1 C:\xampp\htdocs\pdln\system\CodeIgniter.php(832): App\Controllers\Admin\Dashboard->importbiaya('1')
#2 C:\xampp\htdocs\pdln\system\CodeIgniter.php(419): CodeIgniter\CodeIgniter->runController(Object(App\Controllers\Admin\Dashboard))
#3 C:\xampp\htdocs\pdln\system\CodeIgniter.php(326): CodeIgniter\CodeIgniter->handleRequest(NULL, Object(Config\Cache), false)
#4 C:\xampp\htdocs\pdln\index.php(37): CodeIgniter\CodeIgniter->run()
#5 {main}
CRITICAL - 2023-10-26 20:51:49 --> Trying to access array offset on value of type null
#0 C:\xampp\htdocs\pdln\app\Controllers\Admin\Dashboard.php(548): CodeIgniter\Debug\Exceptions->errorHandler(2, 'Trying to acces...', 'C:\\xampp\\htdocs...', 548)
#1 C:\xampp\htdocs\pdln\system\CodeIgniter.php(832): App\Controllers\Admin\Dashboard->importbiaya('1')
#2 C:\xampp\htdocs\pdln\system\CodeIgniter.php(419): CodeIgniter\CodeIgniter->runController(Object(App\Controllers\Admin\Dashboard))
#3 C:\xampp\htdocs\pdln\system\CodeIgniter.php(326): CodeIgniter\CodeIgniter->handleRequest(NULL, Object(Config\Cache), false)
#4 C:\xampp\htdocs\pdln\index.php(37): CodeIgniter\CodeIgniter->run()
#5 {main}
CRITICAL - 2023-10-26 20:51:52 --> Trying to access array offset on value of type null
#0 C:\xampp\htdocs\pdln\app\Controllers\Admin\Dashboard.php(548): CodeIgniter\Debug\Exceptions->errorHandler(2, 'Trying to acces...', 'C:\\xampp\\htdocs...', 548)
#1 C:\xampp\htdocs\pdln\system\CodeIgniter.php(832): App\Controllers\Admin\Dashboard->importbiaya('1')
#2 C:\xampp\htdocs\pdln\system\CodeIgniter.php(419): CodeIgniter\CodeIgniter->runController(Object(App\Controllers\Admin\Dashboard))
#3 C:\xampp\htdocs\pdln\system\CodeIgniter.php(326): CodeIgniter\CodeIgniter->handleRequest(NULL, Object(Config\Cache), false)
#4 C:\xampp\htdocs\pdln\index.php(37): CodeIgniter\CodeIgniter->run()
#5 {main}
CRITICAL - 2023-10-26 20:51:55 --> Trying to access array offset on value of type null
#0 C:\xampp\htdocs\pdln\app\Controllers\Admin\Dashboard.php(548): CodeIgniter\Debug\Exceptions->errorHandler(2, 'Trying to acces...', 'C:\\xampp\\htdocs...', 548)
#1 C:\xampp\htdocs\pdln\system\CodeIgniter.php(832): App\Controllers\Admin\Dashboard->importbiaya('1')
#2 C:\xampp\htdocs\pdln\system\CodeIgniter.php(419): CodeIgniter\CodeIgniter->runController(Object(App\Controllers\Admin\Dashboard))
#3 C:\xampp\htdocs\pdln\system\CodeIgniter.php(326): CodeIgniter\CodeIgniter->handleRequest(NULL, Object(Config\Cache), false)
#4 C:\xampp\htdocs\pdln\index.php(37): CodeIgniter\CodeIgniter->run()
#5 {main}
CRITICAL - 2023-10-26 20:51:59 --> Trying to access array offset on value of type null
#0 C:\xampp\htdocs\pdln\app\Controllers\Admin\Dashboard.php(548): CodeIgniter\Debug\Exceptions->errorHandler(2, 'Trying to acces...', 'C:\\xampp\\htdocs...', 548)
#1 C:\xampp\htdocs\pdln\system\CodeIgniter.php(832): App\Controllers\Admin\Dashboard->importbiaya('1')
#2 C:\xampp\htdocs\pdln\system\CodeIgniter.php(419): CodeIgniter\CodeIgniter->runController(Object(App\Controllers\Admin\Dashboard))
#3 C:\xampp\htdocs\pdln\system\CodeIgniter.php(326): CodeIgniter\CodeIgniter->handleRequest(NULL, Object(Config\Cache), false)
#4 C:\xampp\htdocs\pdln\index.php(37): CodeIgniter\CodeIgniter->run()
#5 {main}
CRITICAL - 2023-10-26 20:58:08 --> Trying to access array offset on value of type null
#0 C:\xampp\htdocs\pdln\app\Controllers\Admin\Dashboard.php(500): CodeIgniter\Debug\Exceptions->errorHandler(2, 'Trying to acces...', 'C:\\xampp\\htdocs...', 500)
#1 C:\xampp\htdocs\pdln\system\CodeIgniter.php(832): App\Controllers\Admin\Dashboard->importbiaya('1')
#2 C:\xampp\htdocs\pdln\system\CodeIgniter.php(419): CodeIgniter\CodeIgniter->runController(Object(App\Controllers\Admin\Dashboard))
#3 C:\xampp\htdocs\pdln\system\CodeIgniter.php(326): CodeIgniter\CodeIgniter->handleRequest(NULL, Object(Config\Cache), false)
#4 C:\xampp\htdocs\pdln\index.php(37): CodeIgniter\CodeIgniter->run()
#5 {main}
CRITICAL - 2023-10-26 20:58:17 --> Trying to access array offset on value of type null
#0 C:\xampp\htdocs\pdln\app\Controllers\Admin\Dashboard.php(550): CodeIgniter\Debug\Exceptions->errorHandler(2, 'Trying to acces...', 'C:\\xampp\\htdocs...', 550)
#1 C:\xampp\htdocs\pdln\system\CodeIgniter.php(832): App\Controllers\Admin\Dashboard->importbiaya('1')
#2 C:\xampp\htdocs\pdln\system\CodeIgniter.php(419): CodeIgniter\CodeIgniter->runController(Object(App\Controllers\Admin\Dashboard))
#3 C:\xampp\htdocs\pdln\system\CodeIgniter.php(326): CodeIgniter\CodeIgniter->handleRequest(NULL, Object(Config\Cache), false)
#4 C:\xampp\htdocs\pdln\index.php(37): CodeIgniter\CodeIgniter->run()
#5 {main}
CRITICAL - 2023-10-26 20:58:32 --> Trying to access array offset on value of type null
#0 C:\xampp\htdocs\pdln\app\Controllers\Admin\Dashboard.php(550): CodeIgniter\Debug\Exceptions->errorHandler(2, 'Trying to acces...', 'C:\\xampp\\htdocs...', 550)
#1 C:\xampp\htdocs\pdln\system\CodeIgniter.php(832): App\Controllers\Admin\Dashboard->importbiaya('1')
#2 C:\xampp\htdocs\pdln\system\CodeIgniter.php(419): CodeIgniter\CodeIgniter->runController(Object(App\Controllers\Admin\Dashboard))
#3 C:\xampp\htdocs\pdln\system\CodeIgniter.php(326): CodeIgniter\CodeIgniter->handleRequest(NULL, Object(Config\Cache), false)
#4 C:\xampp\htdocs\pdln\index.php(37): CodeIgniter\CodeIgniter->run()
#5 {main}
CRITICAL - 2023-10-26 20:58:36 --> Trying to access array offset on value of type null
#0 C:\xampp\htdocs\pdln\app\Controllers\Admin\Dashboard.php(550): CodeIgniter\Debug\Exceptions->errorHandler(2, 'Trying to acces...', 'C:\\xampp\\htdocs...', 550)
#1 C:\xampp\htdocs\pdln\system\CodeIgniter.php(832): App\Controllers\Admin\Dashboard->importbiaya('1')
#2 C:\xampp\htdocs\pdln\system\CodeIgniter.php(419): CodeIgniter\CodeIgniter->runController(Object(App\Controllers\Admin\Dashboard))
#3 C:\xampp\htdocs\pdln\system\CodeIgniter.php(326): CodeIgniter\CodeIgniter->handleRequest(NULL, Object(Config\Cache), false)
#4 C:\xampp\htdocs\pdln\index.php(37): CodeIgniter\CodeIgniter->run()
#5 {main}
CRITICAL - 2023-10-26 20:58:41 --> Trying to access array offset on value of type null
#0 C:\xampp\htdocs\pdln\app\Controllers\Admin\Dashboard.php(550): CodeIgniter\Debug\Exceptions->errorHandler(2, 'Trying to acces...', 'C:\\xampp\\htdocs...', 550)
#1 C:\xampp\htdocs\pdln\system\CodeIgniter.php(832): App\Controllers\Admin\Dashboard->importbiaya('1')
#2 C:\xampp\htdocs\pdln\system\CodeIgniter.php(419): CodeIgniter\CodeIgniter->runController(Object(App\Controllers\Admin\Dashboard))
#3 C:\xampp\htdocs\pdln\system\CodeIgniter.php(326): CodeIgniter\CodeIgniter->handleRequest(NULL, Object(Config\Cache), false)
#4 C:\xampp\htdocs\pdln\index.php(37): CodeIgniter\CodeIgniter->run()
#5 {main}
CRITICAL - 2023-10-26 20:58:44 --> Trying to access array offset on value of type null
#0 C:\xampp\htdocs\pdln\app\Controllers\Admin\Dashboard.php(550): CodeIgniter\Debug\Exceptions->errorHandler(2, 'Trying to acces...', 'C:\\xampp\\htdocs...', 550)
#1 C:\xampp\htdocs\pdln\system\CodeIgniter.php(832): App\Controllers\Admin\Dashboard->importbiaya('1')
#2 C:\xampp\htdocs\pdln\system\CodeIgniter.php(419): CodeIgniter\CodeIgniter->runController(Object(App\Controllers\Admin\Dashboard))
#3 C:\xampp\htdocs\pdln\system\CodeIgniter.php(326): CodeIgniter\CodeIgniter->handleRequest(NULL, Object(Config\Cache), false)
#4 C:\xampp\htdocs\pdln\index.php(37): CodeIgniter\CodeIgniter->run()
#5 {main}
CRITICAL - 2023-10-26 20:59:01 --> Trying to access array offset on value of type null
#0 C:\xampp\htdocs\pdln\app\Controllers\Admin\Dashboard.php(550): CodeIgniter\Debug\Exceptions->errorHandler(2, 'Trying to acces...', 'C:\\xampp\\htdocs...', 550)
#1 C:\xampp\htdocs\pdln\system\CodeIgniter.php(832): App\Controllers\Admin\Dashboard->importbiaya('1')
#2 C:\xampp\htdocs\pdln\system\CodeIgniter.php(419): CodeIgniter\CodeIgniter->runController(Object(App\Controllers\Admin\Dashboard))
#3 C:\xampp\htdocs\pdln\system\CodeIgniter.php(326): CodeIgniter\CodeIgniter->handleRequest(NULL, Object(Config\Cache), false)
#4 C:\xampp\htdocs\pdln\index.php(37): CodeIgniter\CodeIgniter->run()
#5 {main}
CRITICAL - 2023-10-26 20:59:06 --> Trying to access array offset on value of type null
#0 C:\xampp\htdocs\pdln\app\Controllers\Admin\Dashboard.php(550): CodeIgniter\Debug\Exceptions->errorHandler(2, 'Trying to acces...', 'C:\\xampp\\htdocs...', 550)
#1 C:\xampp\htdocs\pdln\system\CodeIgniter.php(832): App\Controllers\Admin\Dashboard->importbiaya('1')
#2 C:\xampp\htdocs\pdln\system\CodeIgniter.php(419): CodeIgniter\CodeIgniter->runController(Object(App\Controllers\Admin\Dashboard))
#3 C:\xampp\htdocs\pdln\system\CodeIgniter.php(326): CodeIgniter\CodeIgniter->handleRequest(NULL, Object(Config\Cache), false)
#4 C:\xampp\htdocs\pdln\index.php(37): CodeIgniter\CodeIgniter->run()
#5 {main}
CRITICAL - 2023-10-26 20:59:12 --> Trying to access array offset on value of type null
#0 C:\xampp\htdocs\pdln\app\Controllers\Admin\Dashboard.php(550): CodeIgniter\Debug\Exceptions->errorHandler(2, 'Trying to acces...', 'C:\\xampp\\htdocs...', 550)
#1 C:\xampp\htdocs\pdln\system\CodeIgniter.php(832): App\Controllers\Admin\Dashboard->importbiaya('1')
#2 C:\xampp\htdocs\pdln\system\CodeIgniter.php(419): CodeIgniter\CodeIgniter->runController(Object(App\Controllers\Admin\Dashboard))
#3 C:\xampp\htdocs\pdln\system\CodeIgniter.php(326): CodeIgniter\CodeIgniter->handleRequest(NULL, Object(Config\Cache), false)
#4 C:\xampp\htdocs\pdln\index.php(37): CodeIgniter\CodeIgniter->run()
#5 {main}
CRITICAL - 2023-10-26 21:00:03 --> Trying to access array offset on value of type null
#0 C:\xampp\htdocs\pdln\app\Controllers\Admin\Dashboard.php(550): CodeIgniter\Debug\Exceptions->errorHandler(2, 'Trying to acces...', 'C:\\xampp\\htdocs...', 550)
#1 C:\xampp\htdocs\pdln\system\CodeIgniter.php(832): App\Controllers\Admin\Dashboard->importbiaya('1')
#2 C:\xampp\htdocs\pdln\system\CodeIgniter.php(419): CodeIgniter\CodeIgniter->runController(Object(App\Controllers\Admin\Dashboard))
#3 C:\xampp\htdocs\pdln\system\CodeIgniter.php(326): CodeIgniter\CodeIgniter->handleRequest(NULL, Object(Config\Cache), false)
#4 C:\xampp\htdocs\pdln\index.php(37): CodeIgniter\CodeIgniter->run()
#5 {main}
CRITICAL - 2023-10-26 21:00:08 --> Trying to access array offset on value of type null
#0 C:\xampp\htdocs\pdln\app\Controllers\Admin\Dashboard.php(550): CodeIgniter\Debug\Exceptions->errorHandler(2, 'Trying to acces...', 'C:\\xampp\\htdocs...', 550)
#1 C:\xampp\htdocs\pdln\system\CodeIgniter.php(832): App\Controllers\Admin\Dashboard->importbiaya('1')
#2 C:\xampp\htdocs\pdln\system\CodeIgniter.php(419): CodeIgniter\CodeIgniter->runController(Object(App\Controllers\Admin\Dashboard))
#3 C:\xampp\htdocs\pdln\system\CodeIgniter.php(326): CodeIgniter\CodeIgniter->handleRequest(NULL, Object(Config\Cache), false)
#4 C:\xampp\htdocs\pdln\index.php(37): CodeIgniter\CodeIgniter->run()
#5 {main}
CRITICAL - 2023-10-26 21:02:19 --> Trying to access array offset on value of type null
#0 C:\xampp\htdocs\pdln\app\Controllers\Admin\Dashboard.php(545): CodeIgniter\Debug\Exceptions->errorHandler(2, 'Trying to acces...', 'C:\\xampp\\htdocs...', 545)
#1 C:\xampp\htdocs\pdln\system\CodeIgniter.php(832): App\Controllers\Admin\Dashboard->importbiaya('1')
#2 C:\xampp\htdocs\pdln\system\CodeIgniter.php(419): CodeIgniter\CodeIgniter->runController(Object(App\Controllers\Admin\Dashboard))
#3 C:\xampp\htdocs\pdln\system\CodeIgniter.php(326): CodeIgniter\CodeIgniter->handleRequest(NULL, Object(Config\Cache), false)
#4 C:\xampp\htdocs\pdln\index.php(37): CodeIgniter\CodeIgniter->run()
#5 {main}
CRITICAL - 2023-10-26 21:02:23 --> Trying to access array offset on value of type null
#0 C:\xampp\htdocs\pdln\app\Controllers\Admin\Dashboard.php(545): CodeIgniter\Debug\Exceptions->errorHandler(2, 'Trying to acces...', 'C:\\xampp\\htdocs...', 545)
#1 C:\xampp\htdocs\pdln\system\CodeIgniter.php(832): App\Controllers\Admin\Dashboard->importbiaya('1')
#2 C:\xampp\htdocs\pdln\system\CodeIgniter.php(419): CodeIgniter\CodeIgniter->runController(Object(App\Controllers\Admin\Dashboard))
#3 C:\xampp\htdocs\pdln\system\CodeIgniter.php(326): CodeIgniter\CodeIgniter->handleRequest(NULL, Object(Config\Cache), false)
#4 C:\xampp\htdocs\pdln\index.php(37): CodeIgniter\CodeIgniter->run()
#5 {main}
CRITICAL - 2023-10-26 21:03:09 --> Trying to access array offset on value of type null
#0 C:\xampp\htdocs\pdln\app\Controllers\Admin\Dashboard.php(546): CodeIgniter\Debug\Exceptions->errorHandler(2, 'Trying to acces...', 'C:\\xampp\\htdocs...', 546)
#1 C:\xampp\htdocs\pdln\system\CodeIgniter.php(832): App\Controllers\Admin\Dashboard->importbiaya('1')
#2 C:\xampp\htdocs\pdln\system\CodeIgniter.php(419): CodeIgniter\CodeIgniter->runController(Object(App\Controllers\Admin\Dashboard))
#3 C:\xampp\htdocs\pdln\system\CodeIgniter.php(326): CodeIgniter\CodeIgniter->handleRequest(NULL, Object(Config\Cache), false)
#4 C:\xampp\htdocs\pdln\index.php(37): CodeIgniter\CodeIgniter->run()
#5 {main}
CRITICAL - 2023-10-26 21:03:14 --> Trying to access array offset on value of type null
#0 C:\xampp\htdocs\pdln\app\Controllers\Admin\Dashboard.php(546): CodeIgniter\Debug\Exceptions->errorHandler(2, 'Trying to acces...', 'C:\\xampp\\htdocs...', 546)
#1 C:\xampp\htdocs\pdln\system\CodeIgniter.php(832): App\Controllers\Admin\Dashboard->importbiaya('1')
#2 C:\xampp\htdocs\pdln\system\CodeIgniter.php(419): CodeIgniter\CodeIgniter->runController(Object(App\Controllers\Admin\Dashboard))
#3 C:\xampp\htdocs\pdln\system\CodeIgniter.php(326): CodeIgniter\CodeIgniter->handleRequest(NULL, Object(Config\Cache), false)
#4 C:\xampp\htdocs\pdln\index.php(37): CodeIgniter\CodeIgniter->run()
#5 {main}
CRITICAL - 2023-10-26 21:03:16 --> Trying to access array offset on value of type null
#0 C:\xampp\htdocs\pdln\app\Controllers\Admin\Dashboard.php(546): CodeIgniter\Debug\Exceptions->errorHandler(2, 'Trying to acces...', 'C:\\xampp\\htdocs...', 546)
#1 C:\xampp\htdocs\pdln\system\CodeIgniter.php(832): App\Controllers\Admin\Dashboard->importbiaya('1')
#2 C:\xampp\htdocs\pdln\system\CodeIgniter.php(419): CodeIgniter\CodeIgniter->runController(Object(App\Controllers\Admin\Dashboard))
#3 C:\xampp\htdocs\pdln\system\CodeIgniter.php(326): CodeIgniter\CodeIgniter->handleRequest(NULL, Object(Config\Cache), false)
#4 C:\xampp\htdocs\pdln\index.php(37): CodeIgniter\CodeIgniter->run()
#5 {main}
CRITICAL - 2023-10-26 21:04:04 --> Trying to access array offset on value of type null
#0 C:\xampp\htdocs\pdln\app\Controllers\Admin\Dashboard.php(547): CodeIgniter\Debug\Exceptions->errorHandler(2, 'Trying to acces...', 'C:\\xampp\\htdocs...', 547)
#1 C:\xampp\htdocs\pdln\system\CodeIgniter.php(832): App\Controllers\Admin\Dashboard->importbiaya('1')
#2 C:\xampp\htdocs\pdln\system\CodeIgniter.php(419): CodeIgniter\CodeIgniter->runController(Object(App\Controllers\Admin\Dashboard))
#3 C:\xampp\htdocs\pdln\system\CodeIgniter.php(326): CodeIgniter\CodeIgniter->handleRequest(NULL, Object(Config\Cache), false)
#4 C:\xampp\htdocs\pdln\index.php(37): CodeIgniter\CodeIgniter->run()
#5 {main}
CRITICAL - 2023-10-26 21:15:01 --> Undefined variable $bia
#0 C:\xampp\htdocs\pdln\app\Views\pb\v_datapb.php(557): CodeIgniter\Debug\Exceptions->errorHandler(2, 'Undefined varia...', 'C:\\xampp\\htdocs...', 557)
#1 C:\xampp\htdocs\pdln\system\View\View.php(210): include('C:\\xampp\\htdocs...')
#2 C:\xampp\htdocs\pdln\system\View\View.php(213): CodeIgniter\View\View->CodeIgniter\View\{closure}()
#3 C:\xampp\htdocs\pdln\system\Common.php(1089): CodeIgniter\View\View->render('pb/v_datapb', Array, true)
#4 C:\xampp\htdocs\pdln\app\Controllers\Admin\PB.php(381): view('pb/v_datapb', Array)
#5 C:\xampp\htdocs\pdln\system\CodeIgniter.php(832): App\Controllers\Admin\PB->datapb('pb', '1', '1', '', '')
#6 C:\xampp\htdocs\pdln\system\CodeIgniter.php(419): CodeIgniter\CodeIgniter->runController(Object(App\Controllers\Admin\PB))
#7 C:\xampp\htdocs\pdln\system\CodeIgniter.php(326): CodeIgniter\CodeIgniter->handleRequest(NULL, Object(Config\Cache), false)
#8 C:\xampp\htdocs\pdln\index.php(37): CodeIgniter\CodeIgniter->run()
#9 {main}
CRITICAL - 2023-10-26 21:27:09 --> Trying to access array offset on value of type null
#0 C:\xampp\htdocs\pdln\app\Controllers\Admin\Dashboard.php(596): CodeIgniter\Debug\Exceptions->errorHandler(2, 'Trying to acces...', 'C:\\xampp\\htdocs...', 596)
#1 C:\xampp\htdocs\pdln\system\CodeIgniter.php(832): App\Controllers\Admin\Dashboard->importbiaya('1')
#2 C:\xampp\htdocs\pdln\system\CodeIgniter.php(419): CodeIgniter\CodeIgniter->runController(Object(App\Controllers\Admin\Dashboard))
#3 C:\xampp\htdocs\pdln\system\CodeIgniter.php(326): CodeIgniter\CodeIgniter->handleRequest(NULL, Object(Config\Cache), false)
#4 C:\xampp\htdocs\pdln\index.php(37): CodeIgniter\CodeIgniter->run()
#5 {main}
CRITICAL - 2023-10-26 21:42:36 --> Array to string conversion
#0 C:\xampp\htdocs\pdln\app\Views\pb\v_datapb.php(582): CodeIgniter\Debug\Exceptions->errorHandler(2, 'Array to string...', 'C:\\xampp\\htdocs...', 582)
#1 C:\xampp\htdocs\pdln\system\View\View.php(210): include('C:\\xampp\\htdocs...')
#2 C:\xampp\htdocs\pdln\system\View\View.php(213): CodeIgniter\View\View->CodeIgniter\View\{closure}()
#3 C:\xampp\htdocs\pdln\system\Common.php(1089): CodeIgniter\View\View->render('pb/v_datapb', Array, true)
#4 C:\xampp\htdocs\pdln\app\Controllers\Admin\PB.php(381): view('pb/v_datapb', Array)
#5 C:\xampp\htdocs\pdln\system\CodeIgniter.php(832): App\Controllers\Admin\PB->datapb('pb', '1', '1', '', '')
#6 C:\xampp\htdocs\pdln\system\CodeIgniter.php(419): CodeIgniter\CodeIgniter->runController(Object(App\Controllers\Admin\PB))
#7 C:\xampp\htdocs\pdln\system\CodeIgniter.php(326): CodeIgniter\CodeIgniter->handleRequest(NULL, Object(Config\Cache), false)
#8 C:\xampp\htdocs\pdln\index.php(37): CodeIgniter\CodeIgniter->run()
#9 {main}
CRITICAL - 2023-10-26 21:44:29 --> Array to string conversion
#0 C:\xampp\htdocs\pdln\app\Views\pb\v_datapb.php(582): CodeIgniter\Debug\Exceptions->errorHandler(2, 'Array to string...', 'C:\\xampp\\htdocs...', 582)
#1 C:\xampp\htdocs\pdln\system\View\View.php(210): include('C:\\xampp\\htdocs...')
#2 C:\xampp\htdocs\pdln\system\View\View.php(213): CodeIgniter\View\View->CodeIgniter\View\{closure}()
#3 C:\xampp\htdocs\pdln\system\Common.php(1089): CodeIgniter\View\View->render('pb/v_datapb', Array, true)
#4 C:\xampp\htdocs\pdln\app\Controllers\Admin\PB.php(381): view('pb/v_datapb', Array)
#5 C:\xampp\htdocs\pdln\system\CodeIgniter.php(832): App\Controllers\Admin\PB->datapb('pb', '1', '1', '', '')
#6 C:\xampp\htdocs\pdln\system\CodeIgniter.php(419): CodeIgniter\CodeIgniter->runController(Object(App\Controllers\Admin\PB))
#7 C:\xampp\htdocs\pdln\system\CodeIgniter.php(326): CodeIgniter\CodeIgniter->handleRequest(NULL, Object(Config\Cache), false)
#8 C:\xampp\htdocs\pdln\index.php(37): CodeIgniter\CodeIgniter->run()
#9 {main}
CRITICAL - 2023-10-26 21:45:28 --> Trying to access array offset on value of type float
#0 C:\xampp\htdocs\pdln\app\Views\pb\v_datapb.php(568): CodeIgniter\Debug\Exceptions->errorHandler(2, 'Trying to acces...', 'C:\\xampp\\htdocs...', 568)
#1 C:\xampp\htdocs\pdln\system\View\View.php(210): include('C:\\xampp\\htdocs...')
#2 C:\xampp\htdocs\pdln\system\View\View.php(213): CodeIgniter\View\View->CodeIgniter\View\{closure}()
#3 C:\xampp\htdocs\pdln\system\Common.php(1089): CodeIgniter\View\View->render('pb/v_datapb', Array, true)
#4 C:\xampp\htdocs\pdln\app\Controllers\Admin\PB.php(381): view('pb/v_datapb', Array)
#5 C:\xampp\htdocs\pdln\system\CodeIgniter.php(832): App\Controllers\Admin\PB->datapb('pb', '1', '1', '', '')
#6 C:\xampp\htdocs\pdln\system\CodeIgniter.php(419): CodeIgniter\CodeIgniter->runController(Object(App\Controllers\Admin\PB))
#7 C:\xampp\htdocs\pdln\system\CodeIgniter.php(326): CodeIgniter\CodeIgniter->handleRequest(NULL, Object(Config\Cache), false)
#8 C:\xampp\htdocs\pdln\index.php(37): CodeIgniter\CodeIgniter->run()
#9 {main}
CRITICAL - 2023-10-26 21:45:34 --> Trying to access array offset on value of type float
#0 C:\xampp\htdocs\pdln\app\Views\pb\v_datapb.php(568): CodeIgniter\Debug\Exceptions->errorHandler(2, 'Trying to acces...', 'C:\\xampp\\htdocs...', 568)
#1 C:\xampp\htdocs\pdln\system\View\View.php(210): include('C:\\xampp\\htdocs...')
#2 C:\xampp\htdocs\pdln\system\View\View.php(213): CodeIgniter\View\View->CodeIgniter\View\{closure}()
#3 C:\xampp\htdocs\pdln\system\Common.php(1089): CodeIgniter\View\View->render('pb/v_datapb', Array, true)
#4 C:\xampp\htdocs\pdln\app\Controllers\Admin\PB.php(381): view('pb/v_datapb', Array)
#5 C:\xampp\htdocs\pdln\system\CodeIgniter.php(832): App\Controllers\Admin\PB->datapb('pb', '1', '1', '', '')
#6 C:\xampp\htdocs\pdln\system\CodeIgniter.php(419): CodeIgniter\CodeIgniter->runController(Object(App\Controllers\Admin\PB))
#7 C:\xampp\htdocs\pdln\system\CodeIgniter.php(326): CodeIgniter\CodeIgniter->handleRequest(NULL, Object(Config\Cache), false)
#8 C:\xampp\htdocs\pdln\index.php(37): CodeIgniter\CodeIgniter->run()
#9 {main}
CRITICAL - 2023-10-26 21:45:35 --> Trying to access array offset on value of type float
#0 C:\xampp\htdocs\pdln\app\Views\pb\v_datapb.php(568): CodeIgniter\Debug\Exceptions->errorHandler(2, 'Trying to acces...', 'C:\\xampp\\htdocs...', 568)
#1 C:\xampp\htdocs\pdln\system\View\View.php(210): include('C:\\xampp\\htdocs...')
#2 C:\xampp\htdocs\pdln\system\View\View.php(213): CodeIgniter\View\View->CodeIgniter\View\{closure}()
#3 C:\xampp\htdocs\pdln\system\Common.php(1089): CodeIgniter\View\View->render('pb/v_datapb', Array, true)
#4 C:\xampp\htdocs\pdln\app\Controllers\Admin\PB.php(381): view('pb/v_datapb', Array)
#5 C:\xampp\htdocs\pdln\system\CodeIgniter.php(832): App\Controllers\Admin\PB->datapb('pb', '1', '1', '', '')
#6 C:\xampp\htdocs\pdln\system\CodeIgniter.php(419): CodeIgniter\CodeIgniter->runController(Object(App\Controllers\Admin\PB))
#7 C:\xampp\htdocs\pdln\system\CodeIgniter.php(326): CodeIgniter\CodeIgniter->handleRequest(NULL, Object(Config\Cache), false)
#8 C:\xampp\htdocs\pdln\index.php(37): CodeIgniter\CodeIgniter->run()
#9 {main}
CRITICAL - 2023-10-26 21:45:54 --> Trying to access array offset on value of type float
#0 C:\xampp\htdocs\pdln\app\Views\pb\v_datapb.php(570): CodeIgniter\Debug\Exceptions->errorHandler(2, 'Trying to acces...', 'C:\\xampp\\htdocs...', 570)
#1 C:\xampp\htdocs\pdln\system\View\View.php(210): include('C:\\xampp\\htdocs...')
#2 C:\xampp\htdocs\pdln\system\View\View.php(213): CodeIgniter\View\View->CodeIgniter\View\{closure}()
#3 C:\xampp\htdocs\pdln\system\Common.php(1089): CodeIgniter\View\View->render('pb/v_datapb', Array, true)
#4 C:\xampp\htdocs\pdln\app\Controllers\Admin\PB.php(381): view('pb/v_datapb', Array)
#5 C:\xampp\htdocs\pdln\system\CodeIgniter.php(832): App\Controllers\Admin\PB->datapb('pb', '1', '1', '', '')
#6 C:\xampp\htdocs\pdln\system\CodeIgniter.php(419): CodeIgniter\CodeIgniter->runController(Object(App\Controllers\Admin\PB))
#7 C:\xampp\htdocs\pdln\system\CodeIgniter.php(326): CodeIgniter\CodeIgniter->handleRequest(NULL, Object(Config\Cache), false)
#8 C:\xampp\htdocs\pdln\index.php(37): CodeIgniter\CodeIgniter->run()
#9 {main}
CRITICAL - 2023-10-26 21:47:09 --> Array to string conversion
#0 C:\xampp\htdocs\pdln\app\Views\pb\v_datapb.php(582): CodeIgniter\Debug\Exceptions->errorHandler(2, 'Array to string...', 'C:\\xampp\\htdocs...', 582)
#1 C:\xampp\htdocs\pdln\system\View\View.php(210): include('C:\\xampp\\htdocs...')
#2 C:\xampp\htdocs\pdln\system\View\View.php(213): CodeIgniter\View\View->CodeIgniter\View\{closure}()
#3 C:\xampp\htdocs\pdln\system\Common.php(1089): CodeIgniter\View\View->render('pb/v_datapb', Array, true)
#4 C:\xampp\htdocs\pdln\app\Controllers\Admin\PB.php(381): view('pb/v_datapb', Array)
#5 C:\xampp\htdocs\pdln\system\CodeIgniter.php(832): App\Controllers\Admin\PB->datapb('pb', '1', '1', '', '')
#6 C:\xampp\htdocs\pdln\system\CodeIgniter.php(419): CodeIgniter\CodeIgniter->runController(Object(App\Controllers\Admin\PB))
#7 C:\xampp\htdocs\pdln\system\CodeIgniter.php(326): CodeIgniter\CodeIgniter->handleRequest(NULL, Object(Config\Cache), false)
#8 C:\xampp\htdocs\pdln\index.php(37): CodeIgniter\CodeIgniter->run()
#9 {main}
CRITICAL - 2023-10-26 21:48:12 --> Array to string conversion
#0 C:\xampp\htdocs\pdln\app\Views\pb\v_datapb.php(583): CodeIgniter\Debug\Exceptions->errorHandler(2, 'Array to string...', 'C:\\xampp\\htdocs...', 583)
#1 C:\xampp\htdocs\pdln\system\View\View.php(210): include('C:\\xampp\\htdocs...')
#2 C:\xampp\htdocs\pdln\system\View\View.php(213): CodeIgniter\View\View->CodeIgniter\View\{closure}()
#3 C:\xampp\htdocs\pdln\system\Common.php(1089): CodeIgniter\View\View->render('pb/v_datapb', Array, true)
#4 C:\xampp\htdocs\pdln\app\Controllers\Admin\PB.php(381): view('pb/v_datapb', Array)
#5 C:\xampp\htdocs\pdln\system\CodeIgniter.php(832): App\Controllers\Admin\PB->datapb('pb', '1', '1', '', '')
#6 C:\xampp\htdocs\pdln\system\CodeIgniter.php(419): CodeIgniter\CodeIgniter->runController(Object(App\Controllers\Admin\PB))
#7 C:\xampp\htdocs\pdln\system\CodeIgniter.php(326): CodeIgniter\CodeIgniter->handleRequest(NULL, Object(Config\Cache), false)
#8 C:\xampp\htdocs\pdln\index.php(37): CodeIgniter\CodeIgniter->run()
#9 {main}
CRITICAL - 2023-10-26 21:49:10 --> Array to string conversion
#0 C:\xampp\htdocs\pdln\app\Views\pb\v_datapb.php(584): CodeIgniter\Debug\Exceptions->errorHandler(2, 'Array to string...', 'C:\\xampp\\htdocs...', 584)
#1 C:\xampp\htdocs\pdln\system\View\View.php(210): include('C:\\xampp\\htdocs...')
#2 C:\xampp\htdocs\pdln\system\View\View.php(213): CodeIgniter\View\View->CodeIgniter\View\{closure}()
#3 C:\xampp\htdocs\pdln\system\Common.php(1089): CodeIgniter\View\View->render('pb/v_datapb', Array, true)
#4 C:\xampp\htdocs\pdln\app\Controllers\Admin\PB.php(381): view('pb/v_datapb', Array)
#5 C:\xampp\htdocs\pdln\system\CodeIgniter.php(832): App\Controllers\Admin\PB->datapb('pb', '1', '1', '', '')
#6 C:\xampp\htdocs\pdln\system\CodeIgniter.php(419): CodeIgniter\CodeIgniter->runController(Object(App\Controllers\Admin\PB))
#7 C:\xampp\htdocs\pdln\system\CodeIgniter.php(326): CodeIgniter\CodeIgniter->handleRequest(NULL, Object(Config\Cache), false)
#8 C:\xampp\htdocs\pdln\index.php(37): CodeIgniter\CodeIgniter->run()
#9 {main}
CRITICAL - 2023-10-26 21:49:12 --> Array to string conversion
#0 C:\xampp\htdocs\pdln\app\Views\pb\v_datapb.php(584): CodeIgniter\Debug\Exceptions->errorHandler(2, 'Array to string...', 'C:\\xampp\\htdocs...', 584)
#1 C:\xampp\htdocs\pdln\system\View\View.php(210): include('C:\\xampp\\htdocs...')
#2 C:\xampp\htdocs\pdln\system\View\View.php(213): CodeIgniter\View\View->CodeIgniter\View\{closure}()
#3 C:\xampp\htdocs\pdln\system\Common.php(1089): CodeIgniter\View\View->render('pb/v_datapb', Array, true)
#4 C:\xampp\htdocs\pdln\app\Controllers\Admin\PB.php(381): view('pb/v_datapb', Array)
#5 C:\xampp\htdocs\pdln\system\CodeIgniter.php(832): App\Controllers\Admin\PB->datapb('pb', '1', '1', '', '')
#6 C:\xampp\htdocs\pdln\system\CodeIgniter.php(419): CodeIgniter\CodeIgniter->runController(Object(App\Controllers\Admin\PB))
#7 C:\xampp\htdocs\pdln\system\CodeIgniter.php(326): CodeIgniter\CodeIgniter->handleRequest(NULL, Object(Config\Cache), false)
#8 C:\xampp\htdocs\pdln\index.php(37): CodeIgniter\CodeIgniter->run()
#9 {main}
CRITICAL - 2023-10-26 21:51:12 --> Array to string conversion
#0 C:\xampp\htdocs\pdln\app\Views\pb\v_datapb.php(582): CodeIgniter\Debug\Exceptions->errorHandler(2, 'Array to string...', 'C:\\xampp\\htdocs...', 582)
#1 C:\xampp\htdocs\pdln\system\View\View.php(210): include('C:\\xampp\\htdocs...')
#2 C:\xampp\htdocs\pdln\system\View\View.php(213): CodeIgniter\View\View->CodeIgniter\View\{closure}()
#3 C:\xampp\htdocs\pdln\system\Common.php(1089): CodeIgniter\View\View->render('pb/v_datapb', Array, true)
#4 C:\xampp\htdocs\pdln\app\Controllers\Admin\PB.php(381): view('pb/v_datapb', Array)
#5 C:\xampp\htdocs\pdln\system\CodeIgniter.php(832): App\Controllers\Admin\PB->datapb('pb', '1', '1', '', '')
#6 C:\xampp\htdocs\pdln\system\CodeIgniter.php(419): CodeIgniter\CodeIgniter->runController(Object(App\Controllers\Admin\PB))
#7 C:\xampp\htdocs\pdln\system\CodeIgniter.php(326): CodeIgniter\CodeIgniter->handleRequest(NULL, Object(Config\Cache), false)
#8 C:\xampp\htdocs\pdln\index.php(37): CodeIgniter\CodeIgniter->run()
#9 {main}
CRITICAL - 2023-10-26 21:52:35 --> Array to string conversion
#0 C:\xampp\htdocs\pdln\app\Views\pb\v_datapb.php(582): CodeIgniter\Debug\Exceptions->errorHandler(2, 'Array to string...', 'C:\\xampp\\htdocs...', 582)
#1 C:\xampp\htdocs\pdln\system\View\View.php(210): include('C:\\xampp\\htdocs...')
#2 C:\xampp\htdocs\pdln\system\View\View.php(213): CodeIgniter\View\View->CodeIgniter\View\{closure}()
#3 C:\xampp\htdocs\pdln\system\Common.php(1089): CodeIgniter\View\View->render('pb/v_datapb', Array, true)
#4 C:\xampp\htdocs\pdln\app\Controllers\Admin\PB.php(381): view('pb/v_datapb', Array)
#5 C:\xampp\htdocs\pdln\system\CodeIgniter.php(832): App\Controllers\Admin\PB->datapb('pb', '1', '1', '', '')
#6 C:\xampp\htdocs\pdln\system\CodeIgniter.php(419): CodeIgniter\CodeIgniter->runController(Object(App\Controllers\Admin\PB))
#7 C:\xampp\htdocs\pdln\system\CodeIgniter.php(326): CodeIgniter\CodeIgniter->handleRequest(NULL, Object(Config\Cache), false)
#8 C:\xampp\htdocs\pdln\index.php(37): CodeIgniter\CodeIgniter->run()
#9 {main}
CRITICAL - 2023-10-26 21:54:18 --> Array to string conversion
#0 C:\xampp\htdocs\pdln\app\Views\pb\v_datapb.php(582): CodeIgniter\Debug\Exceptions->errorHandler(2, 'Array to string...', 'C:\\xampp\\htdocs...', 582)
#1 C:\xampp\htdocs\pdln\system\View\View.php(210): include('C:\\xampp\\htdocs...')
#2 C:\xampp\htdocs\pdln\system\View\View.php(213): CodeIgniter\View\View->CodeIgniter\View\{closure}()
#3 C:\xampp\htdocs\pdln\system\Common.php(1089): CodeIgniter\View\View->render('pb/v_datapb', Array, true)
#4 C:\xampp\htdocs\pdln\app\Controllers\Admin\PB.php(381): view('pb/v_datapb', Array)
#5 C:\xampp\htdocs\pdln\system\CodeIgniter.php(832): App\Controllers\Admin\PB->datapb('pb', '1', '1', '', '')
#6 C:\xampp\htdocs\pdln\system\CodeIgniter.php(419): CodeIgniter\CodeIgniter->runController(Object(App\Controllers\Admin\PB))
#7 C:\xampp\htdocs\pdln\system\CodeIgniter.php(326): CodeIgniter\CodeIgniter->handleRequest(NULL, Object(Config\Cache), false)
#8 C:\xampp\htdocs\pdln\index.php(37): CodeIgniter\CodeIgniter->run()
#9 {main}
CRITICAL - 2023-10-26 21:57:30 --> Trying to access array offset on value of type null
#0 C:\xampp\htdocs\pdln\app\Controllers\Admin\Dashboard.php(539): CodeIgniter\Debug\Exceptions->errorHandler(2, 'Trying to acces...', 'C:\\xampp\\htdocs...', 539)
#1 C:\xampp\htdocs\pdln\system\CodeIgniter.php(832): App\Controllers\Admin\Dashboard->importbiaya('1')
#2 C:\xampp\htdocs\pdln\system\CodeIgniter.php(419): CodeIgniter\CodeIgniter->runController(Object(App\Controllers\Admin\Dashboard))
#3 C:\xampp\htdocs\pdln\system\CodeIgniter.php(326): CodeIgniter\CodeIgniter->handleRequest(NULL, Object(Config\Cache), false)
#4 C:\xampp\htdocs\pdln\index.php(37): CodeIgniter\CodeIgniter->run()
#5 {main}
CRITICAL - 2023-10-26 21:58:34 --> Trying to access array offset on value of type null
#0 C:\xampp\htdocs\pdln\app\Controllers\Admin\Dashboard.php(541): CodeIgniter\Debug\Exceptions->errorHandler(2, 'Trying to acces...', 'C:\\xampp\\htdocs...', 541)
#1 C:\xampp\htdocs\pdln\system\CodeIgniter.php(832): App\Controllers\Admin\Dashboard->importbiaya('1')
#2 C:\xampp\htdocs\pdln\system\CodeIgniter.php(419): CodeIgniter\CodeIgniter->runController(Object(App\Controllers\Admin\Dashboard))
#3 C:\xampp\htdocs\pdln\system\CodeIgniter.php(326): CodeIgniter\CodeIgniter->handleRequest(NULL, Object(Config\Cache), false)
#4 C:\xampp\htdocs\pdln\index.php(37): CodeIgniter\CodeIgniter->run()
#5 {main}
CRITICAL - 2023-10-26 22:02:58 --> Trying to access array offset on value of type null
#0 C:\xampp\htdocs\pdln\app\Controllers\Admin\Dashboard.php(532): CodeIgniter\Debug\Exceptions->errorHandler(2, 'Trying to acces...', 'C:\\xampp\\htdocs...', 532)
#1 C:\xampp\htdocs\pdln\system\CodeIgniter.php(832): App\Controllers\Admin\Dashboard->importbiaya('1')
#2 C:\xampp\htdocs\pdln\system\CodeIgniter.php(419): CodeIgniter\CodeIgniter->runController(Object(App\Controllers\Admin\Dashboard))
#3 C:\xampp\htdocs\pdln\system\CodeIgniter.php(326): CodeIgniter\CodeIgniter->handleRequest(NULL, Object(Config\Cache), false)
#4 C:\xampp\htdocs\pdln\index.php(37): CodeIgniter\CodeIgniter->run()
#5 {main}
CRITICAL - 2023-10-26 22:07:13 --> Trying to access array offset on value of type null
#0 C:\xampp\htdocs\pdln\app\Controllers\Admin\Dashboard.php(539): CodeIgniter\Debug\Exceptions->errorHandler(2, 'Trying to acces...', 'C:\\xampp\\htdocs...', 539)
#1 C:\xampp\htdocs\pdln\system\CodeIgniter.php(832): App\Controllers\Admin\Dashboard->importbiaya('1')
#2 C:\xampp\htdocs\pdln\system\CodeIgniter.php(419): CodeIgniter\CodeIgniter->runController(Object(App\Controllers\Admin\Dashboard))
#3 C:\xampp\htdocs\pdln\system\CodeIgniter.php(326): CodeIgniter\CodeIgniter->handleRequest(NULL, Object(Config\Cache), false)
#4 C:\xampp\htdocs\pdln\index.php(37): CodeIgniter\CodeIgniter->run()
#5 {main}
CRITICAL - 2023-10-26 22:16:18 --> Trying to access array offset on value of type null
#0 C:\xampp\htdocs\pdln\app\Controllers\Admin\Dashboard.php(534): CodeIgniter\Debug\Exceptions->errorHandler(2, 'Trying to acces...', 'C:\\xampp\\htdocs...', 534)
#1 C:\xampp\htdocs\pdln\system\CodeIgniter.php(832): App\Controllers\Admin\Dashboard->importbiaya('1')
#2 C:\xampp\htdocs\pdln\system\CodeIgniter.php(419): CodeIgniter\CodeIgniter->runController(Object(App\Controllers\Admin\Dashboard))
#3 C:\xampp\htdocs\pdln\system\CodeIgniter.php(326): CodeIgniter\CodeIgniter->handleRequest(NULL, Object(Config\Cache), false)
#4 C:\xampp\htdocs\pdln\index.php(37): CodeIgniter\CodeIgniter->run()
#5 {main}
CRITICAL - 2023-10-26 22:18:37 --> Undefined variable $id_pb
#0 C:\xampp\htdocs\pdln\app\Controllers\Admin\Dashboard.php(574): CodeIgniter\Debug\Exceptions->errorHandler(2, 'Undefined varia...', 'C:\\xampp\\htdocs...', 574)
#1 C:\xampp\htdocs\pdln\system\CodeIgniter.php(832): App\Controllers\Admin\Dashboard->importbiaya('1')
#2 C:\xampp\htdocs\pdln\system\CodeIgniter.php(419): CodeIgniter\CodeIgniter->runController(Object(App\Controllers\Admin\Dashboard))
#3 C:\xampp\htdocs\pdln\system\CodeIgniter.php(326): CodeIgniter\CodeIgniter->handleRequest(NULL, Object(Config\Cache), false)
#4 C:\xampp\htdocs\pdln\index.php(37): CodeIgniter\CodeIgniter->run()
#5 {main}
CRITICAL - 2023-10-26 22:22:39 --> Undefined variable $id_pjum
#0 C:\xampp\htdocs\pdln\app\Controllers\Admin\Dashboard.php(399): CodeIgniter\Debug\Exceptions->errorHandler(2, 'Undefined varia...', 'C:\\xampp\\htdocs...', 399)
#1 C:\xampp\htdocs\pdln\system\CodeIgniter.php(832): App\Controllers\Admin\Dashboard->importbiaya('1')
#2 C:\xampp\htdocs\pdln\system\CodeIgniter.php(419): CodeIgniter\CodeIgniter->runController(Object(App\Controllers\Admin\Dashboard))
#3 C:\xampp\htdocs\pdln\system\CodeIgniter.php(326): CodeIgniter\CodeIgniter->handleRequest(NULL, Object(Config\Cache), false)
#4 C:\xampp\htdocs\pdln\index.php(37): CodeIgniter\CodeIgniter->run()
#5 {main}
CRITICAL - 2023-10-26 22:23:18 --> Undefined variable $id_pjum
#0 C:\xampp\htdocs\pdln\app\Controllers\Admin\Dashboard.php(396): CodeIgniter\Debug\Exceptions->errorHandler(2, 'Undefined varia...', 'C:\\xampp\\htdocs...', 396)
#1 C:\xampp\htdocs\pdln\system\CodeIgniter.php(832): App\Controllers\Admin\Dashboard->importbiaya('1')
#2 C:\xampp\htdocs\pdln\system\CodeIgniter.php(419): CodeIgniter\CodeIgniter->runController(Object(App\Controllers\Admin\Dashboard))
#3 C:\xampp\htdocs\pdln\system\CodeIgniter.php(326): CodeIgniter\CodeIgniter->handleRequest(NULL, Object(Config\Cache), false)
#4 C:\xampp\htdocs\pdln\index.php(37): CodeIgniter\CodeIgniter->run()
#5 {main}
CRITICAL - 2023-10-26 22:27:24 --> Undefined variable $nopb
#0 C:\xampp\htdocs\pdln\app\Controllers\Admin\Dashboard.php(383): CodeIgniter\Debug\Exceptions->errorHandler(2, 'Undefined varia...', 'C:\\xampp\\htdocs...', 383)
#1 C:\xampp\htdocs\pdln\system\CodeIgniter.php(832): App\Controllers\Admin\Dashboard->importbiaya('1')
#2 C:\xampp\htdocs\pdln\system\CodeIgniter.php(419): CodeIgniter\CodeIgniter->runController(Object(App\Controllers\Admin\Dashboard))
#3 C:\xampp\htdocs\pdln\system\CodeIgniter.php(326): CodeIgniter\CodeIgniter->handleRequest(NULL, Object(Config\Cache), false)
#4 C:\xampp\htdocs\pdln\index.php(37): CodeIgniter\CodeIgniter->run()
#5 {main}
CRITICAL - 2023-10-26 22:28:25 --> Undefined variable $nopb
#0 C:\xampp\htdocs\pdln\app\Controllers\Admin\Dashboard.php(381): CodeIgniter\Debug\Exceptions->errorHandler(2, 'Undefined varia...', 'C:\\xampp\\htdocs...', 381)
#1 C:\xampp\htdocs\pdln\system\CodeIgniter.php(832): App\Controllers\Admin\Dashboard->importbiaya('1')
#2 C:\xampp\htdocs\pdln\system\CodeIgniter.php(419): CodeIgniter\CodeIgniter->runController(Object(App\Controllers\Admin\Dashboard))
#3 C:\xampp\htdocs\pdln\system\CodeIgniter.php(326): CodeIgniter\CodeIgniter->handleRequest(NULL, Object(Config\Cache), false)
#4 C:\xampp\htdocs\pdln\index.php(37): CodeIgniter\CodeIgniter->run()
#5 {main}
CRITICAL - 2023-10-26 22:30:04 --> Undefined variable $nopb
#0 C:\xampp\htdocs\pdln\app\Controllers\Admin\Dashboard.php(381): CodeIgniter\Debug\Exceptions->errorHandler(2, 'Undefined varia...', 'C:\\xampp\\htdocs...', 381)
#1 C:\xampp\htdocs\pdln\system\CodeIgniter.php(832): App\Controllers\Admin\Dashboard->importbiaya('1')
#2 C:\xampp\htdocs\pdln\system\CodeIgniter.php(419): CodeIgniter\CodeIgniter->runController(Object(App\Controllers\Admin\Dashboard))
#3 C:\xampp\htdocs\pdln\system\CodeIgniter.php(326): CodeIgniter\CodeIgniter->handleRequest(NULL, Object(Config\Cache), false)
#4 C:\xampp\htdocs\pdln\index.php(37): CodeIgniter\CodeIgniter->run()
#5 {main}
CRITICAL - 2023-10-26 22:30:29 --> Undefined variable $nopb
#0 C:\xampp\htdocs\pdln\app\Controllers\Admin\Dashboard.php(383): CodeIgniter\Debug\Exceptions->errorHandler(2, 'Undefined varia...', 'C:\\xampp\\htdocs...', 383)
#1 C:\xampp\htdocs\pdln\system\CodeIgniter.php(832): App\Controllers\Admin\Dashboard->importbiaya('1')
#2 C:\xampp\htdocs\pdln\system\CodeIgniter.php(419): CodeIgniter\CodeIgniter->runController(Object(App\Controllers\Admin\Dashboard))
#3 C:\xampp\htdocs\pdln\system\CodeIgniter.php(326): CodeIgniter\CodeIgniter->handleRequest(NULL, Object(Config\Cache), false)
#4 C:\xampp\htdocs\pdln\index.php(37): CodeIgniter\CodeIgniter->run()
#5 {main}
CRITICAL - 2023-10-26 22:32:47 --> Undefined variable $nopb
#0 C:\xampp\htdocs\pdln\app\Controllers\Admin\Dashboard.php(376): CodeIgniter\Debug\Exceptions->errorHandler(2, 'Undefined varia...', 'C:\\xampp\\htdocs...', 376)
#1 C:\xampp\htdocs\pdln\system\CodeIgniter.php(832): App\Controllers\Admin\Dashboard->importbiaya('1')
#2 C:\xampp\htdocs\pdln\system\CodeIgniter.php(419): CodeIgniter\CodeIgniter->runController(Object(App\Controllers\Admin\Dashboard))
#3 C:\xampp\htdocs\pdln\system\CodeIgniter.php(326): CodeIgniter\CodeIgniter->handleRequest(NULL, Object(Config\Cache), false)
#4 C:\xampp\htdocs\pdln\index.php(37): CodeIgniter\CodeIgniter->run()
#5 {main}
CRITICAL - 2023-10-26 22:33:33 --> Undefined variable $nopb
#0 C:\xampp\htdocs\pdln\app\Controllers\Admin\Dashboard.php(387): CodeIgniter\Debug\Exceptions->errorHandler(2, 'Undefined varia...', 'C:\\xampp\\htdocs...', 387)
#1 C:\xampp\htdocs\pdln\system\CodeIgniter.php(832): App\Controllers\Admin\Dashboard->importbiaya('1')
#2 C:\xampp\htdocs\pdln\system\CodeIgniter.php(419): CodeIgniter\CodeIgniter->runController(Object(App\Controllers\Admin\Dashboard))
#3 C:\xampp\htdocs\pdln\system\CodeIgniter.php(326): CodeIgniter\CodeIgniter->handleRequest(NULL, Object(Config\Cache), false)
#4 C:\xampp\htdocs\pdln\index.php(37): CodeIgniter\CodeIgniter->run()
#5 {main}
ERROR - 2023-10-26 22:50:04 --> Unknown column '$id_pjum' in 'field list'
CRITICAL - 2023-10-26 22:50:04 --> Unknown column '$id_pjum' in 'field list'
#0 C:\xampp\htdocs\pdln\system\Database\MySQLi\Connection.php(292): mysqli->query('SELECT DISTINCT...', 0)
#1 C:\xampp\htdocs\pdln\system\Database\BaseConnection.php(670): CodeIgniter\Database\MySQLi\Connection->execute('SELECT DISTINCT...')
#2 C:\xampp\htdocs\pdln\system\Database\BaseConnection.php(598): CodeIgniter\Database\BaseConnection->simpleQuery('SELECT DISTINCT...')
#3 C:\xampp\htdocs\pdln\system\Database\BaseBuilder.php(1455): CodeIgniter\Database\BaseConnection->query('SELECT DISTINCT...', Array, false)
#4 C:\xampp\htdocs\pdln\system\Model.php(210): CodeIgniter\Database\BaseBuilder->get()
#5 C:\xampp\htdocs\pdln\system\BaseModel.php(622): CodeIgniter\Model->doFirst()
#6 C:\xampp\htdocs\pdln\app\Controllers\Admin\Dashboard.php(528): CodeIgniter\BaseModel->first()
#7 C:\xampp\htdocs\pdln\system\CodeIgniter.php(832): App\Controllers\Admin\Dashboard->importbiaya('1')
#8 C:\xampp\htdocs\pdln\system\CodeIgniter.php(419): CodeIgniter\CodeIgniter->runController(Object(App\Controllers\Admin\Dashboard))
#9 C:\xampp\htdocs\pdln\system\CodeIgniter.php(326): CodeIgniter\CodeIgniter->handleRequest(NULL, Object(Config\Cache), false)
#10 C:\xampp\htdocs\pdln\index.php(37): CodeIgniter\CodeIgniter->run()
#11 {main}
CRITICAL - 2023-10-26 23:00:14 --> Trying to access array offset on value of type null
#0 C:\xampp\htdocs\pdln\app\Controllers\Admin\Dashboard.php(411): CodeIgniter\Debug\Exceptions->errorHandler(2, 'Trying to acces...', 'C:\\xampp\\htdocs...', 411)
#1 C:\xampp\htdocs\pdln\system\CodeIgniter.php(832): App\Controllers\Admin\Dashboard->importbiaya('1')
#2 C:\xampp\htdocs\pdln\system\CodeIgniter.php(419): CodeIgniter\CodeIgniter->runController(Object(App\Controllers\Admin\Dashboard))
#3 C:\xampp\htdocs\pdln\system\CodeIgniter.php(326): CodeIgniter\CodeIgniter->handleRequest(NULL, Object(Config\Cache), false)
#4 C:\xampp\htdocs\pdln\index.php(37): CodeIgniter\CodeIgniter->run()
#5 {main}
CRITICAL - 2023-10-26 23:07:23 --> Trying to access array offset on value of type null
#0 C:\xampp\htdocs\pdln\app\Controllers\Admin\Dashboard.php(412): CodeIgniter\Debug\Exceptions->errorHandler(2, 'Trying to acces...', 'C:\\xampp\\htdocs...', 412)
#1 C:\xampp\htdocs\pdln\system\CodeIgniter.php(832): App\Controllers\Admin\Dashboard->importbiaya('1')
#2 C:\xampp\htdocs\pdln\system\CodeIgniter.php(419): CodeIgniter\CodeIgniter->runController(Object(App\Controllers\Admin\Dashboard))
#3 C:\xampp\htdocs\pdln\system\CodeIgniter.php(326): CodeIgniter\CodeIgniter->handleRequest(NULL, Object(Config\Cache), false)
#4 C:\xampp\htdocs\pdln\index.php(37): CodeIgniter\CodeIgniter->run()
#5 {main}
CRITICAL - 2023-10-26 23:10:42 --> Trying to access array offset on value of type null
#0 C:\xampp\htdocs\pdln\app\Controllers\Admin\Dashboard.php(403): CodeIgniter\Debug\Exceptions->errorHandler(2, 'Trying to acces...', 'C:\\xampp\\htdocs...', 403)
#1 C:\xampp\htdocs\pdln\system\CodeIgniter.php(832): App\Controllers\Admin\Dashboard->importbiaya('1')
#2 C:\xampp\htdocs\pdln\system\CodeIgniter.php(419): CodeIgniter\CodeIgniter->runController(Object(App\Controllers\Admin\Dashboard))
#3 C:\xampp\htdocs\pdln\system\CodeIgniter.php(326): CodeIgniter\CodeIgniter->handleRequest(NULL, Object(Config\Cache), false)
#4 C:\xampp\htdocs\pdln\index.php(37): CodeIgniter\CodeIgniter->run()
#5 {main}
CRITICAL - 2023-10-26 23:11:06 --> Trying to access array offset on value of type null
#0 C:\xampp\htdocs\pdln\app\Controllers\Admin\Dashboard.php(448): CodeIgniter\Debug\Exceptions->errorHandler(2, 'Trying to acces...', 'C:\\xampp\\htdocs...', 448)
#1 C:\xampp\htdocs\pdln\system\CodeIgniter.php(832): App\Controllers\Admin\Dashboard->importbiaya('1')
#2 C:\xampp\htdocs\pdln\system\CodeIgniter.php(419): CodeIgniter\CodeIgniter->runController(Object(App\Controllers\Admin\Dashboard))
#3 C:\xampp\htdocs\pdln\system\CodeIgniter.php(326): CodeIgniter\CodeIgniter->handleRequest(NULL, Object(Config\Cache), false)
#4 C:\xampp\htdocs\pdln\index.php(37): CodeIgniter\CodeIgniter->run()
#5 {main}
CRITICAL - 2023-10-26 23:19:57 --> foreach() argument must be of type array|object, string given
#0 C:\xampp\htdocs\pdln\app\Controllers\Admin\Dashboard.php(628): CodeIgniter\Debug\Exceptions->errorHandler(2, 'foreach() argum...', 'C:\\xampp\\htdocs...', 628)
#1 C:\xampp\htdocs\pdln\system\CodeIgniter.php(832): App\Controllers\Admin\Dashboard->importbiaya('1')
#2 C:\xampp\htdocs\pdln\system\CodeIgniter.php(419): CodeIgniter\CodeIgniter->runController(Object(App\Controllers\Admin\Dashboard))
#3 C:\xampp\htdocs\pdln\system\CodeIgniter.php(326): CodeIgniter\CodeIgniter->handleRequest(NULL, Object(Config\Cache), false)
#4 C:\xampp\htdocs\pdln\index.php(37): CodeIgniter\CodeIgniter->run()
#5 {main}
CRITICAL - 2023-10-26 23:21:39 --> Undefined variable $k
#0 C:\xampp\htdocs\pdln\app\Controllers\Admin\Dashboard.php(488): CodeIgniter\Debug\Exceptions->errorHandler(2, 'Undefined varia...', 'C:\\xampp\\htdocs...', 488)
#1 C:\xampp\htdocs\pdln\system\CodeIgniter.php(832): App\Controllers\Admin\Dashboard->importbiaya('1')
#2 C:\xampp\htdocs\pdln\system\CodeIgniter.php(419): CodeIgniter\CodeIgniter->runController(Object(App\Controllers\Admin\Dashboard))
#3 C:\xampp\htdocs\pdln\system\CodeIgniter.php(326): CodeIgniter\CodeIgniter->handleRequest(NULL, Object(Config\Cache), false)
#4 C:\xampp\htdocs\pdln\index.php(37): CodeIgniter\CodeIgniter->run()
#5 {main}
CRITICAL - 2023-10-26 23:27:47 --> Trying to access array offset on value of type null
#0 C:\xampp\htdocs\pdln\app\Controllers\Admin\Dashboard.php(403): CodeIgniter\Debug\Exceptions->errorHandler(2, 'Trying to acces...', 'C:\\xampp\\htdocs...', 403)
#1 C:\xampp\htdocs\pdln\system\CodeIgniter.php(832): App\Controllers\Admin\Dashboard->importbiaya('1')
#2 C:\xampp\htdocs\pdln\system\CodeIgniter.php(419): CodeIgniter\CodeIgniter->runController(Object(App\Controllers\Admin\Dashboard))
#3 C:\xampp\htdocs\pdln\system\CodeIgniter.php(326): CodeIgniter\CodeIgniter->handleRequest(NULL, Object(Config\Cache), false)
#4 C:\xampp\htdocs\pdln\index.php(37): CodeIgniter\CodeIgniter->run()
#5 {main}
CRITICAL - 2023-10-26 23:28:32 --> Trying to access array offset on value of type null
#0 C:\xampp\htdocs\pdln\app\Controllers\Admin\Dashboard.php(448): CodeIgniter\Debug\Exceptions->errorHandler(2, 'Trying to acces...', 'C:\\xampp\\htdocs...', 448)
#1 C:\xampp\htdocs\pdln\system\CodeIgniter.php(832): App\Controllers\Admin\Dashboard->importbiaya('1')
#2 C:\xampp\htdocs\pdln\system\CodeIgniter.php(419): CodeIgniter\CodeIgniter->runController(Object(App\Controllers\Admin\Dashboard))
#3 C:\xampp\htdocs\pdln\system\CodeIgniter.php(326): CodeIgniter\CodeIgniter->handleRequest(NULL, Object(Config\Cache), false)
#4 C:\xampp\htdocs\pdln\index.php(37): CodeIgniter\CodeIgniter->run()
#5 {main}
CRITICAL - 2023-10-26 23:40:39 --> Undefined array key 11
#0 C:\xampp\htdocs\pdln\app\Controllers\Admin\Dashboard.php(368): CodeIgniter\Debug\Exceptions->errorHandler(2, 'Undefined array...', 'C:\\xampp\\htdocs...', 368)
#1 C:\xampp\htdocs\pdln\system\CodeIgniter.php(832): App\Controllers\Admin\Dashboard->importbiaya('1')
#2 C:\xampp\htdocs\pdln\system\CodeIgniter.php(419): CodeIgniter\CodeIgniter->runController(Object(App\Controllers\Admin\Dashboard))
#3 C:\xampp\htdocs\pdln\system\CodeIgniter.php(326): CodeIgniter\CodeIgniter->handleRequest(NULL, Object(Config\Cache), false)
#4 C:\xampp\htdocs\pdln\index.php(37): CodeIgniter\CodeIgniter->run()
#5 {main}
