CRITICAL - 2023-08-28 01:19:55 --> Undefined variable $kode_valas
#0 D:\PT Konimex\Proyek PPL\pd_ln\app\Views\pjum\v_lihatdatavalaspjum.php(245): CodeIgniter\Debug\Exceptions->errorHandler(2, 'Undefined varia...', 'D:\\PT Konimex\\P...', 245)
#1 D:\PT Konimex\Proyek PPL\pd_ln\system\View\View.php(210): include('D:\\PT Konimex\\P...')
#2 D:\PT Konimex\Proyek PPL\pd_ln\system\View\View.php(213): CodeIgniter\View\View->CodeIgniter\View\{closure}()
#3 D:\PT Konimex\Proyek PPL\pd_ln\system\Common.php(1089): CodeIgniter\View\View->render('pjum/v_lihatdat...', Array, true)
#4 D:\PT Konimex\Proyek PPL\pd_ln\app\Controllers\Admin\PJUM.php(192): view('pjum/v_lihatdat...', Array)
#5 D:\PT Konimex\Proyek PPL\pd_ln\system\CodeIgniter.php(832): App\Controllers\Admin\PJUM->lihatdatavalaspjum('1')
#6 D:\PT Konimex\Proyek PPL\pd_ln\system\CodeIgniter.php(419): CodeIgniter\CodeIgniter->runController(Object(App\Controllers\Admin\PJUM))
#7 D:\PT Konimex\Proyek PPL\pd_ln\system\CodeIgniter.php(326): CodeIgniter\CodeIgniter->handleRequest(NULL, Object(Config\Cache), false)
#8 D:\PT Konimex\Proyek PPL\pd_ln\public\index.php(37): CodeIgniter\CodeIgniter->run()
#9 D:\PT Konimex\Proyek PPL\pd_ln\system\Commands\Server\rewrite.php(43): require_once('D:\\PT Konimex\\P...')
#10 {main}
CRITICAL - 2023-08-28 01:19:55 --> Undefined variable $kode_valas
#0 D:\PT Konimex\Proyek PPL\pd_ln\app\Views\pjum\v_lihatdatavalaspjum.php(245): CodeIgniter\Debug\Exceptions->errorHandler(2, 'Undefined varia...', 'D:\\PT Konimex\\P...', 245)
#1 D:\PT Konimex\Proyek PPL\pd_ln\system\View\View.php(210): include('D:\\PT Konimex\\P...')
#2 D:\PT Konimex\Proyek PPL\pd_ln\system\View\View.php(213): CodeIgniter\View\View->CodeIgniter\View\{closure}()
#3 D:\PT Konimex\Proyek PPL\pd_ln\system\Common.php(1089): CodeIgniter\View\View->render('pjum/v_lihatdat...', Array, true)
#4 D:\PT Konimex\Proyek PPL\pd_ln\app\Controllers\Admin\PJUM.php(192): view('pjum/v_lihatdat...', Array)
#5 D:\PT Konimex\Proyek PPL\pd_ln\system\CodeIgniter.php(832): App\Controllers\Admin\PJUM->lihatdatavalaspjum('1')
#6 D:\PT Konimex\Proyek PPL\pd_ln\system\CodeIgniter.php(419): CodeIgniter\CodeIgniter->runController(Object(App\Controllers\Admin\PJUM))
#7 D:\PT Konimex\Proyek PPL\pd_ln\system\CodeIgniter.php(326): CodeIgniter\CodeIgniter->handleRequest(NULL, Object(Config\Cache), false)
#8 D:\PT Konimex\Proyek PPL\pd_ln\public\index.php(37): CodeIgniter\CodeIgniter->run()
#9 D:\PT Konimex\Proyek PPL\pd_ln\system\Commands\Server\rewrite.php(43): require_once('D:\\PT Konimex\\P...')
#10 {main}
CRITICAL - 2023-08-28 01:20:04 --> Undefined variable $kode_valas
#0 D:\PT Konimex\Proyek PPL\pd_ln\app\Views\pjum\v_lihatdatavalaspjum.php(245): CodeIgniter\Debug\Exceptions->errorHandler(2, 'Undefined varia...', 'D:\\PT Konimex\\P...', 245)
#1 D:\PT Konimex\Proyek PPL\pd_ln\system\View\View.php(210): include('D:\\PT Konimex\\P...')
#2 D:\PT Konimex\Proyek PPL\pd_ln\system\View\View.php(213): CodeIgniter\View\View->CodeIgniter\View\{closure}()
#3 D:\PT Konimex\Proyek PPL\pd_ln\system\Common.php(1089): CodeIgniter\View\View->render('pjum/v_lihatdat...', Array, true)
#4 D:\PT Konimex\Proyek PPL\pd_ln\app\Controllers\Admin\PJUM.php(192): view('pjum/v_lihatdat...', Array)
#5 D:\PT Konimex\Proyek PPL\pd_ln\system\CodeIgniter.php(832): App\Controllers\Admin\PJUM->lihatdatavalaspjum('1')
#6 D:\PT Konimex\Proyek PPL\pd_ln\system\CodeIgniter.php(419): CodeIgniter\CodeIgniter->runController(Object(App\Controllers\Admin\PJUM))
#7 D:\PT Konimex\Proyek PPL\pd_ln\system\CodeIgniter.php(326): CodeIgniter\CodeIgniter->handleRequest(NULL, Object(Config\Cache), false)
#8 D:\PT Konimex\Proyek PPL\pd_ln\public\index.php(37): CodeIgniter\CodeIgniter->run()
#9 D:\PT Konimex\Proyek PPL\pd_ln\system\Commands\Server\rewrite.php(43): require_once('D:\\PT Konimex\\P...')
#10 {main}
CRITICAL - 2023-08-28 01:20:06 --> Undefined variable $kode_valas
#0 D:\PT Konimex\Proyek PPL\pd_ln\app\Views\pjum\v_lihatdatavalaspjum.php(245): CodeIgniter\Debug\Exceptions->errorHandler(2, 'Undefined varia...', 'D:\\PT Konimex\\P...', 245)
#1 D:\PT Konimex\Proyek PPL\pd_ln\system\View\View.php(210): include('D:\\PT Konimex\\P...')
#2 D:\PT Konimex\Proyek PPL\pd_ln\system\View\View.php(213): CodeIgniter\View\View->CodeIgniter\View\{closure}()
#3 D:\PT Konimex\Proyek PPL\pd_ln\system\Common.php(1089): CodeIgniter\View\View->render('pjum/v_lihatdat...', Array, true)
#4 D:\PT Konimex\Proyek PPL\pd_ln\app\Controllers\Admin\PJUM.php(192): view('pjum/v_lihatdat...', Array)
#5 D:\PT Konimex\Proyek PPL\pd_ln\system\CodeIgniter.php(832): App\Controllers\Admin\PJUM->lihatdatavalaspjum('1')
#6 D:\PT Konimex\Proyek PPL\pd_ln\system\CodeIgniter.php(419): CodeIgniter\CodeIgniter->runController(Object(App\Controllers\Admin\PJUM))
#7 D:\PT Konimex\Proyek PPL\pd_ln\system\CodeIgniter.php(326): CodeIgniter\CodeIgniter->handleRequest(NULL, Object(Config\Cache), false)
#8 D:\PT Konimex\Proyek PPL\pd_ln\public\index.php(37): CodeIgniter\CodeIgniter->run()
#9 D:\PT Konimex\Proyek PPL\pd_ln\system\Commands\Server\rewrite.php(43): require_once('D:\\PT Konimex\\P...')
#10 {main}
CRITICAL - 2023-08-28 01:21:51 --> Undefined array key "kode_valas"
#0 D:\PT Konimex\Proyek PPL\pd_ln\app\Views\pjum\v_lihatdatavalaspjum.php(62): CodeIgniter\Debug\Exceptions->errorHandler(2, 'Undefined array...', 'D:\\PT Konimex\\P...', 62)
#1 D:\PT Konimex\Proyek PPL\pd_ln\system\View\View.php(210): include('D:\\PT Konimex\\P...')
#2 D:\PT Konimex\Proyek PPL\pd_ln\system\View\View.php(213): CodeIgniter\View\View->CodeIgniter\View\{closure}()
#3 D:\PT Konimex\Proyek PPL\pd_ln\system\Common.php(1089): CodeIgniter\View\View->render('pjum/v_lihatdat...', Array, true)
#4 D:\PT Konimex\Proyek PPL\pd_ln\app\Controllers\Admin\PJUM.php(192): view('pjum/v_lihatdat...', Array)
#5 D:\PT Konimex\Proyek PPL\pd_ln\system\CodeIgniter.php(832): App\Controllers\Admin\PJUM->lihatdatavalaspjum('1')
#6 D:\PT Konimex\Proyek PPL\pd_ln\system\CodeIgniter.php(419): CodeIgniter\CodeIgniter->runController(Object(App\Controllers\Admin\PJUM))
#7 D:\PT Konimex\Proyek PPL\pd_ln\system\CodeIgniter.php(326): CodeIgniter\CodeIgniter->handleRequest(NULL, Object(Config\Cache), false)
#8 D:\PT Konimex\Proyek PPL\pd_ln\public\index.php(37): CodeIgniter\CodeIgniter->run()
#9 D:\PT Konimex\Proyek PPL\pd_ln\system\Commands\Server\rewrite.php(43): require_once('D:\\PT Konimex\\P...')
#10 {main}
CRITICAL - 2023-08-28 01:21:53 --> Undefined array key "kode_valas"
#0 D:\PT Konimex\Proyek PPL\pd_ln\app\Views\pjum\v_lihatdatavalaspjum.php(62): CodeIgniter\Debug\Exceptions->errorHandler(2, 'Undefined array...', 'D:\\PT Konimex\\P...', 62)
#1 D:\PT Konimex\Proyek PPL\pd_ln\system\View\View.php(210): include('D:\\PT Konimex\\P...')
#2 D:\PT Konimex\Proyek PPL\pd_ln\system\View\View.php(213): CodeIgniter\View\View->CodeIgniter\View\{closure}()
#3 D:\PT Konimex\Proyek PPL\pd_ln\system\Common.php(1089): CodeIgniter\View\View->render('pjum/v_lihatdat...', Array, true)
#4 D:\PT Konimex\Proyek PPL\pd_ln\app\Controllers\Admin\PJUM.php(192): view('pjum/v_lihatdat...', Array)
#5 D:\PT Konimex\Proyek PPL\pd_ln\system\CodeIgniter.php(832): App\Controllers\Admin\PJUM->lihatdatavalaspjum('1')
#6 D:\PT Konimex\Proyek PPL\pd_ln\system\CodeIgniter.php(419): CodeIgniter\CodeIgniter->runController(Object(App\Controllers\Admin\PJUM))
#7 D:\PT Konimex\Proyek PPL\pd_ln\system\CodeIgniter.php(326): CodeIgniter\CodeIgniter->handleRequest(NULL, Object(Config\Cache), false)
#8 D:\PT Konimex\Proyek PPL\pd_ln\public\index.php(37): CodeIgniter\CodeIgniter->run()
#9 D:\PT Konimex\Proyek PPL\pd_ln\system\Commands\Server\rewrite.php(43): require_once('D:\\PT Konimex\\P...')
#10 {main}
CRITICAL - 2023-08-28 01:26:41 --> Undefined variable $kode_valas
#0 D:\PT Konimex\Proyek PPL\pd_ln\app\Views\pjum\v_lihatdatavalaspjum.php(242): CodeIgniter\Debug\Exceptions->errorHandler(2, 'Undefined varia...', 'D:\\PT Konimex\\P...', 242)
#1 D:\PT Konimex\Proyek PPL\pd_ln\system\View\View.php(210): include('D:\\PT Konimex\\P...')
#2 D:\PT Konimex\Proyek PPL\pd_ln\system\View\View.php(213): CodeIgniter\View\View->CodeIgniter\View\{closure}()
#3 D:\PT Konimex\Proyek PPL\pd_ln\system\Common.php(1089): CodeIgniter\View\View->render('pjum/v_lihatdat...', Array, true)
#4 D:\PT Konimex\Proyek PPL\pd_ln\app\Controllers\Admin\PJUM.php(192): view('pjum/v_lihatdat...', Array)
#5 D:\PT Konimex\Proyek PPL\pd_ln\system\CodeIgniter.php(832): App\Controllers\Admin\PJUM->lihatdatavalaspjum('1')
#6 D:\PT Konimex\Proyek PPL\pd_ln\system\CodeIgniter.php(419): CodeIgniter\CodeIgniter->runController(Object(App\Controllers\Admin\PJUM))
#7 D:\PT Konimex\Proyek PPL\pd_ln\system\CodeIgniter.php(326): CodeIgniter\CodeIgniter->handleRequest(NULL, Object(Config\Cache), false)
#8 D:\PT Konimex\Proyek PPL\pd_ln\public\index.php(37): CodeIgniter\CodeIgniter->run()
#9 D:\PT Konimex\Proyek PPL\pd_ln\system\Commands\Server\rewrite.php(43): require_once('D:\\PT Konimex\\P...')
#10 {main}
CRITICAL - 2023-08-28 01:26:42 --> Undefined variable $kode_valas
#0 D:\PT Konimex\Proyek PPL\pd_ln\app\Views\pjum\v_lihatdatavalaspjum.php(242): CodeIgniter\Debug\Exceptions->errorHandler(2, 'Undefined varia...', 'D:\\PT Konimex\\P...', 242)
#1 D:\PT Konimex\Proyek PPL\pd_ln\system\View\View.php(210): include('D:\\PT Konimex\\P...')
#2 D:\PT Konimex\Proyek PPL\pd_ln\system\View\View.php(213): CodeIgniter\View\View->CodeIgniter\View\{closure}()
#3 D:\PT Konimex\Proyek PPL\pd_ln\system\Common.php(1089): CodeIgniter\View\View->render('pjum/v_lihatdat...', Array, true)
#4 D:\PT Konimex\Proyek PPL\pd_ln\app\Controllers\Admin\PJUM.php(192): view('pjum/v_lihatdat...', Array)
#5 D:\PT Konimex\Proyek PPL\pd_ln\system\CodeIgniter.php(832): App\Controllers\Admin\PJUM->lihatdatavalaspjum('1')
#6 D:\PT Konimex\Proyek PPL\pd_ln\system\CodeIgniter.php(419): CodeIgniter\CodeIgniter->runController(Object(App\Controllers\Admin\PJUM))
#7 D:\PT Konimex\Proyek PPL\pd_ln\system\CodeIgniter.php(326): CodeIgniter\CodeIgniter->handleRequest(NULL, Object(Config\Cache), false)
#8 D:\PT Konimex\Proyek PPL\pd_ln\public\index.php(37): CodeIgniter\CodeIgniter->run()
#9 D:\PT Konimex\Proyek PPL\pd_ln\system\Commands\Server\rewrite.php(43): require_once('D:\\PT Konimex\\P...')
#10 {main}
CRITICAL - 2023-08-28 01:26:48 --> Undefined variable $kode_valas
#0 D:\PT Konimex\Proyek PPL\pd_ln\app\Views\pjum\v_lihatdatavalaspjum.php(242): CodeIgniter\Debug\Exceptions->errorHandler(2, 'Undefined varia...', 'D:\\PT Konimex\\P...', 242)
#1 D:\PT Konimex\Proyek PPL\pd_ln\system\View\View.php(210): include('D:\\PT Konimex\\P...')
#2 D:\PT Konimex\Proyek PPL\pd_ln\system\View\View.php(213): CodeIgniter\View\View->CodeIgniter\View\{closure}()
#3 D:\PT Konimex\Proyek PPL\pd_ln\system\Common.php(1089): CodeIgniter\View\View->render('pjum/v_lihatdat...', Array, true)
#4 D:\PT Konimex\Proyek PPL\pd_ln\app\Controllers\Admin\PJUM.php(192): view('pjum/v_lihatdat...', Array)
#5 D:\PT Konimex\Proyek PPL\pd_ln\system\CodeIgniter.php(832): App\Controllers\Admin\PJUM->lihatdatavalaspjum('1')
#6 D:\PT Konimex\Proyek PPL\pd_ln\system\CodeIgniter.php(419): CodeIgniter\CodeIgniter->runController(Object(App\Controllers\Admin\PJUM))
#7 D:\PT Konimex\Proyek PPL\pd_ln\system\CodeIgniter.php(326): CodeIgniter\CodeIgniter->handleRequest(NULL, Object(Config\Cache), false)
#8 D:\PT Konimex\Proyek PPL\pd_ln\public\index.php(37): CodeIgniter\CodeIgniter->run()
#9 D:\PT Konimex\Proyek PPL\pd_ln\system\Commands\Server\rewrite.php(43): require_once('D:\\PT Konimex\\P...')
#10 {main}
CRITICAL - 2023-08-28 01:26:49 --> Undefined variable $kode_valas
#0 D:\PT Konimex\Proyek PPL\pd_ln\app\Views\pjum\v_lihatdatavalaspjum.php(242): CodeIgniter\Debug\Exceptions->errorHandler(2, 'Undefined varia...', 'D:\\PT Konimex\\P...', 242)
#1 D:\PT Konimex\Proyek PPL\pd_ln\system\View\View.php(210): include('D:\\PT Konimex\\P...')
#2 D:\PT Konimex\Proyek PPL\pd_ln\system\View\View.php(213): CodeIgniter\View\View->CodeIgniter\View\{closure}()
#3 D:\PT Konimex\Proyek PPL\pd_ln\system\Common.php(1089): CodeIgniter\View\View->render('pjum/v_lihatdat...', Array, true)
#4 D:\PT Konimex\Proyek PPL\pd_ln\app\Controllers\Admin\PJUM.php(192): view('pjum/v_lihatdat...', Array)
#5 D:\PT Konimex\Proyek PPL\pd_ln\system\CodeIgniter.php(832): App\Controllers\Admin\PJUM->lihatdatavalaspjum('1')
#6 D:\PT Konimex\Proyek PPL\pd_ln\system\CodeIgniter.php(419): CodeIgniter\CodeIgniter->runController(Object(App\Controllers\Admin\PJUM))
#7 D:\PT Konimex\Proyek PPL\pd_ln\system\CodeIgniter.php(326): CodeIgniter\CodeIgniter->handleRequest(NULL, Object(Config\Cache), false)
#8 D:\PT Konimex\Proyek PPL\pd_ln\public\index.php(37): CodeIgniter\CodeIgniter->run()
#9 D:\PT Konimex\Proyek PPL\pd_ln\system\Commands\Server\rewrite.php(43): require_once('D:\\PT Konimex\\P...')
#10 {main}
CRITICAL - 2023-08-28 01:28:27 --> Undefined array key "kode_valas"
#0 D:\PT Konimex\Proyek PPL\pd_ln\app\Views\pjum\v_lihatdatavalaspjum.php(242): CodeIgniter\Debug\Exceptions->errorHandler(2, 'Undefined array...', 'D:\\PT Konimex\\P...', 242)
#1 D:\PT Konimex\Proyek PPL\pd_ln\system\View\View.php(210): include('D:\\PT Konimex\\P...')
#2 D:\PT Konimex\Proyek PPL\pd_ln\system\View\View.php(213): CodeIgniter\View\View->CodeIgniter\View\{closure}()
#3 D:\PT Konimex\Proyek PPL\pd_ln\system\Common.php(1089): CodeIgniter\View\View->render('pjum/v_lihatdat...', Array, true)
#4 D:\PT Konimex\Proyek PPL\pd_ln\app\Controllers\Admin\PJUM.php(192): view('pjum/v_lihatdat...', Array)
#5 D:\PT Konimex\Proyek PPL\pd_ln\system\CodeIgniter.php(832): App\Controllers\Admin\PJUM->lihatdatavalaspjum('1')
#6 D:\PT Konimex\Proyek PPL\pd_ln\system\CodeIgniter.php(419): CodeIgniter\CodeIgniter->runController(Object(App\Controllers\Admin\PJUM))
#7 D:\PT Konimex\Proyek PPL\pd_ln\system\CodeIgniter.php(326): CodeIgniter\CodeIgniter->handleRequest(NULL, Object(Config\Cache), false)
#8 D:\PT Konimex\Proyek PPL\pd_ln\public\index.php(37): CodeIgniter\CodeIgniter->run()
#9 D:\PT Konimex\Proyek PPL\pd_ln\system\Commands\Server\rewrite.php(43): require_once('D:\\PT Konimex\\P...')
#10 {main}
CRITICAL - 2023-08-28 01:28:29 --> Undefined array key "kode_valas"
#0 D:\PT Konimex\Proyek PPL\pd_ln\app\Views\pjum\v_lihatdatavalaspjum.php(242): CodeIgniter\Debug\Exceptions->errorHandler(2, 'Undefined array...', 'D:\\PT Konimex\\P...', 242)
#1 D:\PT Konimex\Proyek PPL\pd_ln\system\View\View.php(210): include('D:\\PT Konimex\\P...')
#2 D:\PT Konimex\Proyek PPL\pd_ln\system\View\View.php(213): CodeIgniter\View\View->CodeIgniter\View\{closure}()
#3 D:\PT Konimex\Proyek PPL\pd_ln\system\Common.php(1089): CodeIgniter\View\View->render('pjum/v_lihatdat...', Array, true)
#4 D:\PT Konimex\Proyek PPL\pd_ln\app\Controllers\Admin\PJUM.php(192): view('pjum/v_lihatdat...', Array)
#5 D:\PT Konimex\Proyek PPL\pd_ln\system\CodeIgniter.php(832): App\Controllers\Admin\PJUM->lihatdatavalaspjum('1')
#6 D:\PT Konimex\Proyek PPL\pd_ln\system\CodeIgniter.php(419): CodeIgniter\CodeIgniter->runController(Object(App\Controllers\Admin\PJUM))
#7 D:\PT Konimex\Proyek PPL\pd_ln\system\CodeIgniter.php(326): CodeIgniter\CodeIgniter->handleRequest(NULL, Object(Config\Cache), false)
#8 D:\PT Konimex\Proyek PPL\pd_ln\public\index.php(37): CodeIgniter\CodeIgniter->run()
#9 D:\PT Konimex\Proyek PPL\pd_ln\system\Commands\Server\rewrite.php(43): require_once('D:\\PT Konimex\\P...')
#10 {main}
CRITICAL - 2023-08-28 01:29:15 --> Undefined array key "id_transaksi"
#0 D:\PT Konimex\Proyek PPL\pd_ln\app\Views\pjum\v_lihatdatavalaspjum.php(243): CodeIgniter\Debug\Exceptions->errorHandler(2, 'Undefined array...', 'D:\\PT Konimex\\P...', 243)
#1 D:\PT Konimex\Proyek PPL\pd_ln\system\View\View.php(210): include('D:\\PT Konimex\\P...')
#2 D:\PT Konimex\Proyek PPL\pd_ln\system\View\View.php(213): CodeIgniter\View\View->CodeIgniter\View\{closure}()
#3 D:\PT Konimex\Proyek PPL\pd_ln\system\Common.php(1089): CodeIgniter\View\View->render('pjum/v_lihatdat...', Array, true)
#4 D:\PT Konimex\Proyek PPL\pd_ln\app\Controllers\Admin\PJUM.php(192): view('pjum/v_lihatdat...', Array)
#5 D:\PT Konimex\Proyek PPL\pd_ln\system\CodeIgniter.php(832): App\Controllers\Admin\PJUM->lihatdatavalaspjum('1')
#6 D:\PT Konimex\Proyek PPL\pd_ln\system\CodeIgniter.php(419): CodeIgniter\CodeIgniter->runController(Object(App\Controllers\Admin\PJUM))
#7 D:\PT Konimex\Proyek PPL\pd_ln\system\CodeIgniter.php(326): CodeIgniter\CodeIgniter->handleRequest(NULL, Object(Config\Cache), false)
#8 D:\PT Konimex\Proyek PPL\pd_ln\public\index.php(37): CodeIgniter\CodeIgniter->run()
#9 D:\PT Konimex\Proyek PPL\pd_ln\system\Commands\Server\rewrite.php(43): require_once('D:\\PT Konimex\\P...')
#10 {main}
CRITICAL - 2023-08-28 01:29:16 --> Undefined array key "id_transaksi"
#0 D:\PT Konimex\Proyek PPL\pd_ln\app\Views\pjum\v_lihatdatavalaspjum.php(243): CodeIgniter\Debug\Exceptions->errorHandler(2, 'Undefined array...', 'D:\\PT Konimex\\P...', 243)
#1 D:\PT Konimex\Proyek PPL\pd_ln\system\View\View.php(210): include('D:\\PT Konimex\\P...')
#2 D:\PT Konimex\Proyek PPL\pd_ln\system\View\View.php(213): CodeIgniter\View\View->CodeIgniter\View\{closure}()
#3 D:\PT Konimex\Proyek PPL\pd_ln\system\Common.php(1089): CodeIgniter\View\View->render('pjum/v_lihatdat...', Array, true)
#4 D:\PT Konimex\Proyek PPL\pd_ln\app\Controllers\Admin\PJUM.php(192): view('pjum/v_lihatdat...', Array)
#5 D:\PT Konimex\Proyek PPL\pd_ln\system\CodeIgniter.php(832): App\Controllers\Admin\PJUM->lihatdatavalaspjum('1')
#6 D:\PT Konimex\Proyek PPL\pd_ln\system\CodeIgniter.php(419): CodeIgniter\CodeIgniter->runController(Object(App\Controllers\Admin\PJUM))
#7 D:\PT Konimex\Proyek PPL\pd_ln\system\CodeIgniter.php(326): CodeIgniter\CodeIgniter->handleRequest(NULL, Object(Config\Cache), false)
#8 D:\PT Konimex\Proyek PPL\pd_ln\public\index.php(37): CodeIgniter\CodeIgniter->run()
#9 D:\PT Konimex\Proyek PPL\pd_ln\system\Commands\Server\rewrite.php(43): require_once('D:\\PT Konimex\\P...')
#10 {main}
CRITICAL - 2023-08-28 01:35:56 --> Undefined variable $link_tambahdatapjum
#0 D:\PT Konimex\Proyek PPL\pd_ln\app\Views\pjum\v_pjumpesawat.php(93): CodeIgniter\Debug\Exceptions->errorHandler(2, 'Undefined varia...', 'D:\\PT Konimex\\P...', 93)
#1 D:\PT Konimex\Proyek PPL\pd_ln\system\View\View.php(210): include('D:\\PT Konimex\\P...')
#2 D:\PT Konimex\Proyek PPL\pd_ln\system\View\View.php(213): CodeIgniter\View\View->CodeIgniter\View\{closure}()
#3 D:\PT Konimex\Proyek PPL\pd_ln\system\Common.php(1089): CodeIgniter\View\View->render('pjum/v_pjumpesa...', Array, true)
#4 D:\PT Konimex\Proyek PPL\pd_ln\app\Controllers\Admin\PJUM.php(287): view('pjum/v_pjumpesa...', Array)
#5 D:\PT Konimex\Proyek PPL\pd_ln\system\CodeIgniter.php(832): App\Controllers\Admin\PJUM->pjumpesawat('1', 'IDR', '')
#6 D:\PT Konimex\Proyek PPL\pd_ln\system\CodeIgniter.php(419): CodeIgniter\CodeIgniter->runController(Object(App\Controllers\Admin\PJUM))
#7 D:\PT Konimex\Proyek PPL\pd_ln\system\CodeIgniter.php(326): CodeIgniter\CodeIgniter->handleRequest(NULL, Object(Config\Cache), false)
#8 D:\PT Konimex\Proyek PPL\pd_ln\public\index.php(37): CodeIgniter\CodeIgniter->run()
#9 D:\PT Konimex\Proyek PPL\pd_ln\system\Commands\Server\rewrite.php(43): require_once('D:\\PT Konimex\\P...')
#10 {main}
CRITICAL - 2023-08-28 01:35:56 --> Undefined variable $link_tambahdatapjum
#0 D:\PT Konimex\Proyek PPL\pd_ln\app\Views\pjum\v_pjumpesawat.php(93): CodeIgniter\Debug\Exceptions->errorHandler(2, 'Undefined varia...', 'D:\\PT Konimex\\P...', 93)
#1 D:\PT Konimex\Proyek PPL\pd_ln\system\View\View.php(210): include('D:\\PT Konimex\\P...')
#2 D:\PT Konimex\Proyek PPL\pd_ln\system\View\View.php(213): CodeIgniter\View\View->CodeIgniter\View\{closure}()
#3 D:\PT Konimex\Proyek PPL\pd_ln\system\Common.php(1089): CodeIgniter\View\View->render('pjum/v_pjumpesa...', Array, true)
#4 D:\PT Konimex\Proyek PPL\pd_ln\app\Controllers\Admin\PJUM.php(287): view('pjum/v_pjumpesa...', Array)
#5 D:\PT Konimex\Proyek PPL\pd_ln\system\CodeIgniter.php(832): App\Controllers\Admin\PJUM->pjumpesawat('1', 'IDR', '')
#6 D:\PT Konimex\Proyek PPL\pd_ln\system\CodeIgniter.php(419): CodeIgniter\CodeIgniter->runController(Object(App\Controllers\Admin\PJUM))
#7 D:\PT Konimex\Proyek PPL\pd_ln\system\CodeIgniter.php(326): CodeIgniter\CodeIgniter->handleRequest(NULL, Object(Config\Cache), false)
#8 D:\PT Konimex\Proyek PPL\pd_ln\public\index.php(37): CodeIgniter\CodeIgniter->run()
#9 D:\PT Konimex\Proyek PPL\pd_ln\system\Commands\Server\rewrite.php(43): require_once('D:\\PT Konimex\\P...')
#10 {main}
CRITICAL - 2023-08-28 01:36:12 --> Undefined variable $link_tambahdatapjum
#0 D:\PT Konimex\Proyek PPL\pd_ln\app\Views\pjum\v_pjumpesawat.php(93): CodeIgniter\Debug\Exceptions->errorHandler(2, 'Undefined varia...', 'D:\\PT Konimex\\P...', 93)
#1 D:\PT Konimex\Proyek PPL\pd_ln\system\View\View.php(210): include('D:\\PT Konimex\\P...')
#2 D:\PT Konimex\Proyek PPL\pd_ln\system\View\View.php(213): CodeIgniter\View\View->CodeIgniter\View\{closure}()
#3 D:\PT Konimex\Proyek PPL\pd_ln\system\Common.php(1089): CodeIgniter\View\View->render('pjum/v_pjumpesa...', Array, true)
#4 D:\PT Konimex\Proyek PPL\pd_ln\app\Controllers\Admin\PJUM.php(287): view('pjum/v_pjumpesa...', Array)
#5 D:\PT Konimex\Proyek PPL\pd_ln\system\CodeIgniter.php(832): App\Controllers\Admin\PJUM->pjumpesawat('1', 'IDR', '')
#6 D:\PT Konimex\Proyek PPL\pd_ln\system\CodeIgniter.php(419): CodeIgniter\CodeIgniter->runController(Object(App\Controllers\Admin\PJUM))
#7 D:\PT Konimex\Proyek PPL\pd_ln\system\CodeIgniter.php(326): CodeIgniter\CodeIgniter->handleRequest(NULL, Object(Config\Cache), false)
#8 D:\PT Konimex\Proyek PPL\pd_ln\public\index.php(37): CodeIgniter\CodeIgniter->run()
#9 D:\PT Konimex\Proyek PPL\pd_ln\system\Commands\Server\rewrite.php(43): require_once('D:\\PT Konimex\\P...')
#10 {main}
CRITICAL - 2023-08-28 01:36:12 --> Undefined variable $link_tambahdatapjum
#0 D:\PT Konimex\Proyek PPL\pd_ln\app\Views\pjum\v_pjumpesawat.php(93): CodeIgniter\Debug\Exceptions->errorHandler(2, 'Undefined varia...', 'D:\\PT Konimex\\P...', 93)
#1 D:\PT Konimex\Proyek PPL\pd_ln\system\View\View.php(210): include('D:\\PT Konimex\\P...')
#2 D:\PT Konimex\Proyek PPL\pd_ln\system\View\View.php(213): CodeIgniter\View\View->CodeIgniter\View\{closure}()
#3 D:\PT Konimex\Proyek PPL\pd_ln\system\Common.php(1089): CodeIgniter\View\View->render('pjum/v_pjumpesa...', Array, true)
#4 D:\PT Konimex\Proyek PPL\pd_ln\app\Controllers\Admin\PJUM.php(287): view('pjum/v_pjumpesa...', Array)
#5 D:\PT Konimex\Proyek PPL\pd_ln\system\CodeIgniter.php(832): App\Controllers\Admin\PJUM->pjumpesawat('1', 'IDR', '')
#6 D:\PT Konimex\Proyek PPL\pd_ln\system\CodeIgniter.php(419): CodeIgniter\CodeIgniter->runController(Object(App\Controllers\Admin\PJUM))
#7 D:\PT Konimex\Proyek PPL\pd_ln\system\CodeIgniter.php(326): CodeIgniter\CodeIgniter->handleRequest(NULL, Object(Config\Cache), false)
#8 D:\PT Konimex\Proyek PPL\pd_ln\public\index.php(37): CodeIgniter\CodeIgniter->run()
#9 D:\PT Konimex\Proyek PPL\pd_ln\system\Commands\Server\rewrite.php(43): require_once('D:\\PT Konimex\\P...')
#10 {main}
CRITICAL - 2023-08-28 01:36:24 --> Undefined variable $link_tambahdatapjum
#0 D:\PT Konimex\Proyek PPL\pd_ln\app\Views\pjum\v_pjumpesawat.php(93): CodeIgniter\Debug\Exceptions->errorHandler(2, 'Undefined varia...', 'D:\\PT Konimex\\P...', 93)
#1 D:\PT Konimex\Proyek PPL\pd_ln\system\View\View.php(210): include('D:\\PT Konimex\\P...')
#2 D:\PT Konimex\Proyek PPL\pd_ln\system\View\View.php(213): CodeIgniter\View\View->CodeIgniter\View\{closure}()
#3 D:\PT Konimex\Proyek PPL\pd_ln\system\Common.php(1089): CodeIgniter\View\View->render('pjum/v_pjumpesa...', Array, true)
#4 D:\PT Konimex\Proyek PPL\pd_ln\app\Controllers\Admin\PJUM.php(287): view('pjum/v_pjumpesa...', Array)
#5 D:\PT Konimex\Proyek PPL\pd_ln\system\CodeIgniter.php(832): App\Controllers\Admin\PJUM->pjumpesawat('1', 'IDR', '')
#6 D:\PT Konimex\Proyek PPL\pd_ln\system\CodeIgniter.php(419): CodeIgniter\CodeIgniter->runController(Object(App\Controllers\Admin\PJUM))
#7 D:\PT Konimex\Proyek PPL\pd_ln\system\CodeIgniter.php(326): CodeIgniter\CodeIgniter->handleRequest(NULL, Object(Config\Cache), false)
#8 D:\PT Konimex\Proyek PPL\pd_ln\public\index.php(37): CodeIgniter\CodeIgniter->run()
#9 D:\PT Konimex\Proyek PPL\pd_ln\system\Commands\Server\rewrite.php(43): require_once('D:\\PT Konimex\\P...')
#10 {main}
CRITICAL - 2023-08-28 01:36:26 --> Undefined variable $link_tambahdatapjum
#0 D:\PT Konimex\Proyek PPL\pd_ln\app\Views\pjum\v_pjumpesawat.php(93): CodeIgniter\Debug\Exceptions->errorHandler(2, 'Undefined varia...', 'D:\\PT Konimex\\P...', 93)
#1 D:\PT Konimex\Proyek PPL\pd_ln\system\View\View.php(210): include('D:\\PT Konimex\\P...')
#2 D:\PT Konimex\Proyek PPL\pd_ln\system\View\View.php(213): CodeIgniter\View\View->CodeIgniter\View\{closure}()
#3 D:\PT Konimex\Proyek PPL\pd_ln\system\Common.php(1089): CodeIgniter\View\View->render('pjum/v_pjumpesa...', Array, true)
#4 D:\PT Konimex\Proyek PPL\pd_ln\app\Controllers\Admin\PJUM.php(287): view('pjum/v_pjumpesa...', Array)
#5 D:\PT Konimex\Proyek PPL\pd_ln\system\CodeIgniter.php(832): App\Controllers\Admin\PJUM->pjumpesawat('1', 'IDR', '')
#6 D:\PT Konimex\Proyek PPL\pd_ln\system\CodeIgniter.php(419): CodeIgniter\CodeIgniter->runController(Object(App\Controllers\Admin\PJUM))
#7 D:\PT Konimex\Proyek PPL\pd_ln\system\CodeIgniter.php(326): CodeIgniter\CodeIgniter->handleRequest(NULL, Object(Config\Cache), false)
#8 D:\PT Konimex\Proyek PPL\pd_ln\public\index.php(37): CodeIgniter\CodeIgniter->run()
#9 D:\PT Konimex\Proyek PPL\pd_ln\system\Commands\Server\rewrite.php(43): require_once('D:\\PT Konimex\\P...')
#10 {main}
CRITICAL - 2023-08-28 03:07:58 --> Undefined variable $id_transaksi
#0 D:\PT Konimex\Proyek PPL\pd_ln\app\Controllers\Admin\PJUM.php(204): CodeIgniter\Debug\Exceptions->errorHandler(2, 'Undefined varia...', 'D:\\PT Konimex\\P...', 204)
#1 D:\PT Konimex\Proyek PPL\pd_ln\system\CodeIgniter.php(832): App\Controllers\Admin\PJUM->kategori('pjum', '1', 'IDR', '', '')
#2 D:\PT Konimex\Proyek PPL\pd_ln\system\CodeIgniter.php(419): CodeIgniter\CodeIgniter->runController(Object(App\Controllers\Admin\PJUM))
#3 D:\PT Konimex\Proyek PPL\pd_ln\system\CodeIgniter.php(326): CodeIgniter\CodeIgniter->handleRequest(NULL, Object(Config\Cache), false)
#4 D:\PT Konimex\Proyek PPL\pd_ln\public\index.php(37): CodeIgniter\CodeIgniter->run()
#5 D:\PT Konimex\Proyek PPL\pd_ln\system\Commands\Server\rewrite.php(43): require_once('D:\\PT Konimex\\P...')
#6 {main}
CRITICAL - 2023-08-28 03:07:59 --> Undefined variable $id_transaksi
#0 D:\PT Konimex\Proyek PPL\pd_ln\app\Controllers\Admin\PJUM.php(204): CodeIgniter\Debug\Exceptions->errorHandler(2, 'Undefined varia...', 'D:\\PT Konimex\\P...', 204)
#1 D:\PT Konimex\Proyek PPL\pd_ln\system\CodeIgniter.php(832): App\Controllers\Admin\PJUM->kategori('pjum', '1', 'IDR', '', '')
#2 D:\PT Konimex\Proyek PPL\pd_ln\system\CodeIgniter.php(419): CodeIgniter\CodeIgniter->runController(Object(App\Controllers\Admin\PJUM))
#3 D:\PT Konimex\Proyek PPL\pd_ln\system\CodeIgniter.php(326): CodeIgniter\CodeIgniter->handleRequest(NULL, Object(Config\Cache), false)
#4 D:\PT Konimex\Proyek PPL\pd_ln\public\index.php(37): CodeIgniter\CodeIgniter->run()
#5 D:\PT Konimex\Proyek PPL\pd_ln\system\Commands\Server\rewrite.php(43): require_once('D:\\PT Konimex\\P...')
#6 {main}
CRITICAL - 2023-08-28 03:08:20 --> Undefined variable $id_transaksi
#0 D:\PT Konimex\Proyek PPL\pd_ln\app\Controllers\Admin\PJUM.php(204): CodeIgniter\Debug\Exceptions->errorHandler(2, 'Undefined varia...', 'D:\\PT Konimex\\P...', 204)
#1 D:\PT Konimex\Proyek PPL\pd_ln\system\CodeIgniter.php(832): App\Controllers\Admin\PJUM->kategori('pjum', '1', 'IDR', '', '')
#2 D:\PT Konimex\Proyek PPL\pd_ln\system\CodeIgniter.php(419): CodeIgniter\CodeIgniter->runController(Object(App\Controllers\Admin\PJUM))
#3 D:\PT Konimex\Proyek PPL\pd_ln\system\CodeIgniter.php(326): CodeIgniter\CodeIgniter->handleRequest(NULL, Object(Config\Cache), false)
#4 D:\PT Konimex\Proyek PPL\pd_ln\public\index.php(37): CodeIgniter\CodeIgniter->run()
#5 D:\PT Konimex\Proyek PPL\pd_ln\system\Commands\Server\rewrite.php(43): require_once('D:\\PT Konimex\\P...')
#6 {main}
CRITICAL - 2023-08-28 03:08:21 --> Undefined variable $id_transaksi
#0 D:\PT Konimex\Proyek PPL\pd_ln\app\Controllers\Admin\PJUM.php(204): CodeIgniter\Debug\Exceptions->errorHandler(2, 'Undefined varia...', 'D:\\PT Konimex\\P...', 204)
#1 D:\PT Konimex\Proyek PPL\pd_ln\system\CodeIgniter.php(832): App\Controllers\Admin\PJUM->kategori('pjum', '1', 'IDR', '', '')
#2 D:\PT Konimex\Proyek PPL\pd_ln\system\CodeIgniter.php(419): CodeIgniter\CodeIgniter->runController(Object(App\Controllers\Admin\PJUM))
#3 D:\PT Konimex\Proyek PPL\pd_ln\system\CodeIgniter.php(326): CodeIgniter\CodeIgniter->handleRequest(NULL, Object(Config\Cache), false)
#4 D:\PT Konimex\Proyek PPL\pd_ln\public\index.php(37): CodeIgniter\CodeIgniter->run()
#5 D:\PT Konimex\Proyek PPL\pd_ln\system\Commands\Server\rewrite.php(43): require_once('D:\\PT Konimex\\P...')
#6 {main}
CRITICAL - 2023-08-28 03:12:23 --> Undefined variable $id_transaksi
#0 D:\PT Konimex\Proyek PPL\pd_ln\app\Controllers\Admin\PJUM.php(253): CodeIgniter\Debug\Exceptions->errorHandler(2, 'Undefined varia...', 'D:\\PT Konimex\\P...', 253)
#1 D:\PT Konimex\Proyek PPL\pd_ln\system\CodeIgniter.php(832): App\Controllers\Admin\PJUM->kategoripesawat('pjum', '1', 'IDR', '', '')
#2 D:\PT Konimex\Proyek PPL\pd_ln\system\CodeIgniter.php(419): CodeIgniter\CodeIgniter->runController(Object(App\Controllers\Admin\PJUM))
#3 D:\PT Konimex\Proyek PPL\pd_ln\system\CodeIgniter.php(326): CodeIgniter\CodeIgniter->handleRequest(NULL, Object(Config\Cache), false)
#4 D:\PT Konimex\Proyek PPL\pd_ln\public\index.php(37): CodeIgniter\CodeIgniter->run()
#5 D:\PT Konimex\Proyek PPL\pd_ln\system\Commands\Server\rewrite.php(43): require_once('D:\\PT Konimex\\P...')
#6 {main}
CRITICAL - 2023-08-28 03:12:23 --> Undefined variable $id_transaksi
#0 D:\PT Konimex\Proyek PPL\pd_ln\app\Controllers\Admin\PJUM.php(253): CodeIgniter\Debug\Exceptions->errorHandler(2, 'Undefined varia...', 'D:\\PT Konimex\\P...', 253)
#1 D:\PT Konimex\Proyek PPL\pd_ln\system\CodeIgniter.php(832): App\Controllers\Admin\PJUM->kategoripesawat('pjum', '1', 'IDR', '', '')
#2 D:\PT Konimex\Proyek PPL\pd_ln\system\CodeIgniter.php(419): CodeIgniter\CodeIgniter->runController(Object(App\Controllers\Admin\PJUM))
#3 D:\PT Konimex\Proyek PPL\pd_ln\system\CodeIgniter.php(326): CodeIgniter\CodeIgniter->handleRequest(NULL, Object(Config\Cache), false)
#4 D:\PT Konimex\Proyek PPL\pd_ln\public\index.php(37): CodeIgniter\CodeIgniter->run()
#5 D:\PT Konimex\Proyek PPL\pd_ln\system\Commands\Server\rewrite.php(43): require_once('D:\\PT Konimex\\P...')
#6 {main}
CRITICAL - 2023-08-28 03:17:56 --> Undefined variable $id_biaya
#0 D:\PT Konimex\Proyek PPL\pd_ln\app\Controllers\Admin\PJUM.php(172): CodeIgniter\Debug\Exceptions->errorHandler(2, 'Undefined varia...', 'D:\\PT Konimex\\P...', 172)
#1 D:\PT Konimex\Proyek PPL\pd_ln\system\CodeIgniter.php(832): App\Controllers\Admin\PJUM->lihatdatavalas('pb', '1', '')
#2 D:\PT Konimex\Proyek PPL\pd_ln\system\CodeIgniter.php(419): CodeIgniter\CodeIgniter->runController(Object(App\Controllers\Admin\PJUM))
#3 D:\PT Konimex\Proyek PPL\pd_ln\system\CodeIgniter.php(326): CodeIgniter\CodeIgniter->handleRequest(NULL, Object(Config\Cache), false)
#4 D:\PT Konimex\Proyek PPL\pd_ln\public\index.php(37): CodeIgniter\CodeIgniter->run()
#5 D:\PT Konimex\Proyek PPL\pd_ln\system\Commands\Server\rewrite.php(43): require_once('D:\\PT Konimex\\P...')
#6 {main}
CRITICAL - 2023-08-28 03:17:56 --> Undefined variable $id_biaya
#0 D:\PT Konimex\Proyek PPL\pd_ln\app\Controllers\Admin\PJUM.php(172): CodeIgniter\Debug\Exceptions->errorHandler(2, 'Undefined varia...', 'D:\\PT Konimex\\P...', 172)
#1 D:\PT Konimex\Proyek PPL\pd_ln\system\CodeIgniter.php(832): App\Controllers\Admin\PJUM->lihatdatavalas('pb', '1', '')
#2 D:\PT Konimex\Proyek PPL\pd_ln\system\CodeIgniter.php(419): CodeIgniter\CodeIgniter->runController(Object(App\Controllers\Admin\PJUM))
#3 D:\PT Konimex\Proyek PPL\pd_ln\system\CodeIgniter.php(326): CodeIgniter\CodeIgniter->handleRequest(NULL, Object(Config\Cache), false)
#4 D:\PT Konimex\Proyek PPL\pd_ln\public\index.php(37): CodeIgniter\CodeIgniter->run()
#5 D:\PT Konimex\Proyek PPL\pd_ln\system\Commands\Server\rewrite.php(43): require_once('D:\\PT Konimex\\P...')
#6 {main}
CRITICAL - 2023-08-28 03:17:59 --> Undefined variable $id_biaya
#0 D:\PT Konimex\Proyek PPL\pd_ln\app\Controllers\Admin\PJUM.php(172): CodeIgniter\Debug\Exceptions->errorHandler(2, 'Undefined varia...', 'D:\\PT Konimex\\P...', 172)
#1 D:\PT Konimex\Proyek PPL\pd_ln\system\CodeIgniter.php(832): App\Controllers\Admin\PJUM->lihatdatavalas('pb', '1', '')
#2 D:\PT Konimex\Proyek PPL\pd_ln\system\CodeIgniter.php(419): CodeIgniter\CodeIgniter->runController(Object(App\Controllers\Admin\PJUM))
#3 D:\PT Konimex\Proyek PPL\pd_ln\system\CodeIgniter.php(326): CodeIgniter\CodeIgniter->handleRequest(NULL, Object(Config\Cache), false)
#4 D:\PT Konimex\Proyek PPL\pd_ln\public\index.php(37): CodeIgniter\CodeIgniter->run()
#5 D:\PT Konimex\Proyek PPL\pd_ln\system\Commands\Server\rewrite.php(43): require_once('D:\\PT Konimex\\P...')
#6 {main}
CRITICAL - 2023-08-28 03:17:59 --> Undefined variable $id_biaya
#0 D:\PT Konimex\Proyek PPL\pd_ln\app\Controllers\Admin\PJUM.php(172): CodeIgniter\Debug\Exceptions->errorHandler(2, 'Undefined varia...', 'D:\\PT Konimex\\P...', 172)
#1 D:\PT Konimex\Proyek PPL\pd_ln\system\CodeIgniter.php(832): App\Controllers\Admin\PJUM->lihatdatavalas('pb', '1', '')
#2 D:\PT Konimex\Proyek PPL\pd_ln\system\CodeIgniter.php(419): CodeIgniter\CodeIgniter->runController(Object(App\Controllers\Admin\PJUM))
#3 D:\PT Konimex\Proyek PPL\pd_ln\system\CodeIgniter.php(326): CodeIgniter\CodeIgniter->handleRequest(NULL, Object(Config\Cache), false)
#4 D:\PT Konimex\Proyek PPL\pd_ln\public\index.php(37): CodeIgniter\CodeIgniter->run()
#5 D:\PT Konimex\Proyek PPL\pd_ln\system\Commands\Server\rewrite.php(43): require_once('D:\\PT Konimex\\P...')
#6 {main}
CRITICAL - 2023-08-28 03:18:49 --> Undefined variable $id_transaksi
#0 D:\PT Konimex\Proyek PPL\pd_ln\app\Controllers\Admin\PJUM.php(253): CodeIgniter\Debug\Exceptions->errorHandler(2, 'Undefined varia...', 'D:\\PT Konimex\\P...', 253)
#1 D:\PT Konimex\Proyek PPL\pd_ln\system\CodeIgniter.php(832): App\Controllers\Admin\PJUM->kategoripesawat('pjum', '1', 'IDR', '', '')
#2 D:\PT Konimex\Proyek PPL\pd_ln\system\CodeIgniter.php(419): CodeIgniter\CodeIgniter->runController(Object(App\Controllers\Admin\PJUM))
#3 D:\PT Konimex\Proyek PPL\pd_ln\system\CodeIgniter.php(326): CodeIgniter\CodeIgniter->handleRequest(NULL, Object(Config\Cache), false)
#4 D:\PT Konimex\Proyek PPL\pd_ln\public\index.php(37): CodeIgniter\CodeIgniter->run()
#5 D:\PT Konimex\Proyek PPL\pd_ln\system\Commands\Server\rewrite.php(43): require_once('D:\\PT Konimex\\P...')
#6 {main}
CRITICAL - 2023-08-28 03:18:49 --> Undefined variable $id_transaksi
#0 D:\PT Konimex\Proyek PPL\pd_ln\app\Controllers\Admin\PJUM.php(253): CodeIgniter\Debug\Exceptions->errorHandler(2, 'Undefined varia...', 'D:\\PT Konimex\\P...', 253)
#1 D:\PT Konimex\Proyek PPL\pd_ln\system\CodeIgniter.php(832): App\Controllers\Admin\PJUM->kategoripesawat('pjum', '1', 'IDR', '', '')
#2 D:\PT Konimex\Proyek PPL\pd_ln\system\CodeIgniter.php(419): CodeIgniter\CodeIgniter->runController(Object(App\Controllers\Admin\PJUM))
#3 D:\PT Konimex\Proyek PPL\pd_ln\system\CodeIgniter.php(326): CodeIgniter\CodeIgniter->handleRequest(NULL, Object(Config\Cache), false)
#4 D:\PT Konimex\Proyek PPL\pd_ln\public\index.php(37): CodeIgniter\CodeIgniter->run()
#5 D:\PT Konimex\Proyek PPL\pd_ln\system\Commands\Server\rewrite.php(43): require_once('D:\\PT Konimex\\P...')
#6 {main}
CRITICAL - 2023-08-28 03:19:43 --> Undefined variable $id_transaksi
#0 D:\PT Konimex\Proyek PPL\pd_ln\app\Controllers\Admin\PJUM.php(253): CodeIgniter\Debug\Exceptions->errorHandler(2, 'Undefined varia...', 'D:\\PT Konimex\\P...', 253)
#1 D:\PT Konimex\Proyek PPL\pd_ln\system\CodeIgniter.php(832): App\Controllers\Admin\PJUM->kategoripesawat('pjum', '1', 'IDR', '', '')
#2 D:\PT Konimex\Proyek PPL\pd_ln\system\CodeIgniter.php(419): CodeIgniter\CodeIgniter->runController(Object(App\Controllers\Admin\PJUM))
#3 D:\PT Konimex\Proyek PPL\pd_ln\system\CodeIgniter.php(326): CodeIgniter\CodeIgniter->handleRequest(NULL, Object(Config\Cache), false)
#4 D:\PT Konimex\Proyek PPL\pd_ln\public\index.php(37): CodeIgniter\CodeIgniter->run()
#5 D:\PT Konimex\Proyek PPL\pd_ln\system\Commands\Server\rewrite.php(43): require_once('D:\\PT Konimex\\P...')
#6 {main}
CRITICAL - 2023-08-28 03:19:43 --> Undefined variable $id_transaksi
#0 D:\PT Konimex\Proyek PPL\pd_ln\app\Controllers\Admin\PJUM.php(253): CodeIgniter\Debug\Exceptions->errorHandler(2, 'Undefined varia...', 'D:\\PT Konimex\\P...', 253)
#1 D:\PT Konimex\Proyek PPL\pd_ln\system\CodeIgniter.php(832): App\Controllers\Admin\PJUM->kategoripesawat('pjum', '1', 'IDR', '', '')
#2 D:\PT Konimex\Proyek PPL\pd_ln\system\CodeIgniter.php(419): CodeIgniter\CodeIgniter->runController(Object(App\Controllers\Admin\PJUM))
#3 D:\PT Konimex\Proyek PPL\pd_ln\system\CodeIgniter.php(326): CodeIgniter\CodeIgniter->handleRequest(NULL, Object(Config\Cache), false)
#4 D:\PT Konimex\Proyek PPL\pd_ln\public\index.php(37): CodeIgniter\CodeIgniter->run()
#5 D:\PT Konimex\Proyek PPL\pd_ln\system\Commands\Server\rewrite.php(43): require_once('D:\\PT Konimex\\P...')
#6 {main}
CRITICAL - 2023-08-28 03:20:23 --> Undefined variable $id_transaksi
#0 D:\PT Konimex\Proyek PPL\pd_ln\app\Controllers\Admin\PJUM.php(253): CodeIgniter\Debug\Exceptions->errorHandler(2, 'Undefined varia...', 'D:\\PT Konimex\\P...', 253)
#1 D:\PT Konimex\Proyek PPL\pd_ln\system\CodeIgniter.php(832): App\Controllers\Admin\PJUM->kategoripesawat('pjum', '1', 'IDR', '', '')
#2 D:\PT Konimex\Proyek PPL\pd_ln\system\CodeIgniter.php(419): CodeIgniter\CodeIgniter->runController(Object(App\Controllers\Admin\PJUM))
#3 D:\PT Konimex\Proyek PPL\pd_ln\system\CodeIgniter.php(326): CodeIgniter\CodeIgniter->handleRequest(NULL, Object(Config\Cache), false)
#4 D:\PT Konimex\Proyek PPL\pd_ln\public\index.php(37): CodeIgniter\CodeIgniter->run()
#5 D:\PT Konimex\Proyek PPL\pd_ln\system\Commands\Server\rewrite.php(43): require_once('D:\\PT Konimex\\P...')
#6 {main}
CRITICAL - 2023-08-28 03:20:24 --> Undefined variable $id_transaksi
#0 D:\PT Konimex\Proyek PPL\pd_ln\app\Controllers\Admin\PJUM.php(253): CodeIgniter\Debug\Exceptions->errorHandler(2, 'Undefined varia...', 'D:\\PT Konimex\\P...', 253)
#1 D:\PT Konimex\Proyek PPL\pd_ln\system\CodeIgniter.php(832): App\Controllers\Admin\PJUM->kategoripesawat('pjum', '1', 'IDR', '', '')
#2 D:\PT Konimex\Proyek PPL\pd_ln\system\CodeIgniter.php(419): CodeIgniter\CodeIgniter->runController(Object(App\Controllers\Admin\PJUM))
#3 D:\PT Konimex\Proyek PPL\pd_ln\system\CodeIgniter.php(326): CodeIgniter\CodeIgniter->handleRequest(NULL, Object(Config\Cache), false)
#4 D:\PT Konimex\Proyek PPL\pd_ln\public\index.php(37): CodeIgniter\CodeIgniter->run()
#5 D:\PT Konimex\Proyek PPL\pd_ln\system\Commands\Server\rewrite.php(43): require_once('D:\\PT Konimex\\P...')
#6 {main}
CRITICAL - 2023-08-28 03:20:27 --> Undefined variable $id_transaksi
#0 D:\PT Konimex\Proyek PPL\pd_ln\app\Controllers\Admin\PJUM.php(253): CodeIgniter\Debug\Exceptions->errorHandler(2, 'Undefined varia...', 'D:\\PT Konimex\\P...', 253)
#1 D:\PT Konimex\Proyek PPL\pd_ln\system\CodeIgniter.php(832): App\Controllers\Admin\PJUM->kategoripesawat('pjum', '1', 'IDR', '', '')
#2 D:\PT Konimex\Proyek PPL\pd_ln\system\CodeIgniter.php(419): CodeIgniter\CodeIgniter->runController(Object(App\Controllers\Admin\PJUM))
#3 D:\PT Konimex\Proyek PPL\pd_ln\system\CodeIgniter.php(326): CodeIgniter\CodeIgniter->handleRequest(NULL, Object(Config\Cache), false)
#4 D:\PT Konimex\Proyek PPL\pd_ln\public\index.php(37): CodeIgniter\CodeIgniter->run()
#5 D:\PT Konimex\Proyek PPL\pd_ln\system\Commands\Server\rewrite.php(43): require_once('D:\\PT Konimex\\P...')
#6 {main}
CRITICAL - 2023-08-28 03:20:27 --> Undefined variable $id_transaksi
#0 D:\PT Konimex\Proyek PPL\pd_ln\app\Controllers\Admin\PJUM.php(253): CodeIgniter\Debug\Exceptions->errorHandler(2, 'Undefined varia...', 'D:\\PT Konimex\\P...', 253)
#1 D:\PT Konimex\Proyek PPL\pd_ln\system\CodeIgniter.php(832): App\Controllers\Admin\PJUM->kategoripesawat('pjum', '1', 'IDR', '', '')
#2 D:\PT Konimex\Proyek PPL\pd_ln\system\CodeIgniter.php(419): CodeIgniter\CodeIgniter->runController(Object(App\Controllers\Admin\PJUM))
#3 D:\PT Konimex\Proyek PPL\pd_ln\system\CodeIgniter.php(326): CodeIgniter\CodeIgniter->handleRequest(NULL, Object(Config\Cache), false)
#4 D:\PT Konimex\Proyek PPL\pd_ln\public\index.php(37): CodeIgniter\CodeIgniter->run()
#5 D:\PT Konimex\Proyek PPL\pd_ln\system\Commands\Server\rewrite.php(43): require_once('D:\\PT Konimex\\P...')
#6 {main}
CRITICAL - 2023-08-28 03:20:32 --> Undefined variable $id_transaksi
#0 D:\PT Konimex\Proyek PPL\pd_ln\app\Controllers\Admin\PJUM.php(253): CodeIgniter\Debug\Exceptions->errorHandler(2, 'Undefined varia...', 'D:\\PT Konimex\\P...', 253)
#1 D:\PT Konimex\Proyek PPL\pd_ln\system\CodeIgniter.php(832): App\Controllers\Admin\PJUM->kategoripesawat('pjum', 'pjum', 'IDR', '', '')
#2 D:\PT Konimex\Proyek PPL\pd_ln\system\CodeIgniter.php(419): CodeIgniter\CodeIgniter->runController(Object(App\Controllers\Admin\PJUM))
#3 D:\PT Konimex\Proyek PPL\pd_ln\system\CodeIgniter.php(326): CodeIgniter\CodeIgniter->handleRequest(NULL, Object(Config\Cache), false)
#4 D:\PT Konimex\Proyek PPL\pd_ln\public\index.php(37): CodeIgniter\CodeIgniter->run()
#5 D:\PT Konimex\Proyek PPL\pd_ln\system\Commands\Server\rewrite.php(43): require_once('D:\\PT Konimex\\P...')
#6 {main}
CRITICAL - 2023-08-28 03:20:32 --> Undefined variable $id_transaksi
#0 D:\PT Konimex\Proyek PPL\pd_ln\app\Controllers\Admin\PJUM.php(253): CodeIgniter\Debug\Exceptions->errorHandler(2, 'Undefined varia...', 'D:\\PT Konimex\\P...', 253)
#1 D:\PT Konimex\Proyek PPL\pd_ln\system\CodeIgniter.php(832): App\Controllers\Admin\PJUM->kategoripesawat('pjum', 'pjum', 'IDR', '', '')
#2 D:\PT Konimex\Proyek PPL\pd_ln\system\CodeIgniter.php(419): CodeIgniter\CodeIgniter->runController(Object(App\Controllers\Admin\PJUM))
#3 D:\PT Konimex\Proyek PPL\pd_ln\system\CodeIgniter.php(326): CodeIgniter\CodeIgniter->handleRequest(NULL, Object(Config\Cache), false)
#4 D:\PT Konimex\Proyek PPL\pd_ln\public\index.php(37): CodeIgniter\CodeIgniter->run()
#5 D:\PT Konimex\Proyek PPL\pd_ln\system\Commands\Server\rewrite.php(43): require_once('D:\\PT Konimex\\P...')
#6 {main}
CRITICAL - 2023-08-28 03:31:31 --> Undefined variable $idt
#0 D:\PT Konimex\Proyek PPL\pd_ln\app\Views\pjum\v_lihatdatavalaspjum.php(246): CodeIgniter\Debug\Exceptions->errorHandler(2, 'Undefined varia...', 'D:\\PT Konimex\\P...', 246)
#1 D:\PT Konimex\Proyek PPL\pd_ln\system\View\View.php(210): include('D:\\PT Konimex\\P...')
#2 D:\PT Konimex\Proyek PPL\pd_ln\system\View\View.php(213): CodeIgniter\View\View->CodeIgniter\View\{closure}()
#3 D:\PT Konimex\Proyek PPL\pd_ln\system\Common.php(1089): CodeIgniter\View\View->render('pjum/v_lihatdat...', Array, true)
#4 D:\PT Konimex\Proyek PPL\pd_ln\app\Controllers\Admin\PJUM.php(194): view('pjum/v_lihatdat...', Array)
#5 D:\PT Konimex\Proyek PPL\pd_ln\system\CodeIgniter.php(832): App\Controllers\Admin\PJUM->lihatdatavalas('pjum', '1', '')
#6 D:\PT Konimex\Proyek PPL\pd_ln\system\CodeIgniter.php(419): CodeIgniter\CodeIgniter->runController(Object(App\Controllers\Admin\PJUM))
#7 D:\PT Konimex\Proyek PPL\pd_ln\system\CodeIgniter.php(326): CodeIgniter\CodeIgniter->handleRequest(NULL, Object(Config\Cache), false)
#8 D:\PT Konimex\Proyek PPL\pd_ln\public\index.php(37): CodeIgniter\CodeIgniter->run()
#9 D:\PT Konimex\Proyek PPL\pd_ln\system\Commands\Server\rewrite.php(43): require_once('D:\\PT Konimex\\P...')
#10 {main}
CRITICAL - 2023-08-28 03:31:32 --> Undefined variable $idt
#0 D:\PT Konimex\Proyek PPL\pd_ln\app\Views\pjum\v_lihatdatavalaspjum.php(246): CodeIgniter\Debug\Exceptions->errorHandler(2, 'Undefined varia...', 'D:\\PT Konimex\\P...', 246)
#1 D:\PT Konimex\Proyek PPL\pd_ln\system\View\View.php(210): include('D:\\PT Konimex\\P...')
#2 D:\PT Konimex\Proyek PPL\pd_ln\system\View\View.php(213): CodeIgniter\View\View->CodeIgniter\View\{closure}()
#3 D:\PT Konimex\Proyek PPL\pd_ln\system\Common.php(1089): CodeIgniter\View\View->render('pjum/v_lihatdat...', Array, true)
#4 D:\PT Konimex\Proyek PPL\pd_ln\app\Controllers\Admin\PJUM.php(194): view('pjum/v_lihatdat...', Array)
#5 D:\PT Konimex\Proyek PPL\pd_ln\system\CodeIgniter.php(832): App\Controllers\Admin\PJUM->lihatdatavalas('pjum', '1', '')
#6 D:\PT Konimex\Proyek PPL\pd_ln\system\CodeIgniter.php(419): CodeIgniter\CodeIgniter->runController(Object(App\Controllers\Admin\PJUM))
#7 D:\PT Konimex\Proyek PPL\pd_ln\system\CodeIgniter.php(326): CodeIgniter\CodeIgniter->handleRequest(NULL, Object(Config\Cache), false)
#8 D:\PT Konimex\Proyek PPL\pd_ln\public\index.php(37): CodeIgniter\CodeIgniter->run()
#9 D:\PT Konimex\Proyek PPL\pd_ln\system\Commands\Server\rewrite.php(43): require_once('D:\\PT Konimex\\P...')
#10 {main}
CRITICAL - 2023-08-28 03:31:53 --> Undefined variable $idt
#0 D:\PT Konimex\Proyek PPL\pd_ln\app\Views\pjum\v_lihatdatavalaspjum.php(246): CodeIgniter\Debug\Exceptions->errorHandler(2, 'Undefined varia...', 'D:\\PT Konimex\\P...', 246)
#1 D:\PT Konimex\Proyek PPL\pd_ln\system\View\View.php(210): include('D:\\PT Konimex\\P...')
#2 D:\PT Konimex\Proyek PPL\pd_ln\system\View\View.php(213): CodeIgniter\View\View->CodeIgniter\View\{closure}()
#3 D:\PT Konimex\Proyek PPL\pd_ln\system\Common.php(1089): CodeIgniter\View\View->render('pjum/v_lihatdat...', Array, true)
#4 D:\PT Konimex\Proyek PPL\pd_ln\app\Controllers\Admin\PJUM.php(194): view('pjum/v_lihatdat...', Array)
#5 D:\PT Konimex\Proyek PPL\pd_ln\system\CodeIgniter.php(832): App\Controllers\Admin\PJUM->lihatdatavalas('pjum', '1', '')
#6 D:\PT Konimex\Proyek PPL\pd_ln\system\CodeIgniter.php(419): CodeIgniter\CodeIgniter->runController(Object(App\Controllers\Admin\PJUM))
#7 D:\PT Konimex\Proyek PPL\pd_ln\system\CodeIgniter.php(326): CodeIgniter\CodeIgniter->handleRequest(NULL, Object(Config\Cache), false)
#8 D:\PT Konimex\Proyek PPL\pd_ln\public\index.php(37): CodeIgniter\CodeIgniter->run()
#9 D:\PT Konimex\Proyek PPL\pd_ln\system\Commands\Server\rewrite.php(43): require_once('D:\\PT Konimex\\P...')
#10 {main}
CRITICAL - 2023-08-28 03:31:54 --> Undefined variable $idt
#0 D:\PT Konimex\Proyek PPL\pd_ln\app\Views\pjum\v_lihatdatavalaspjum.php(246): CodeIgniter\Debug\Exceptions->errorHandler(2, 'Undefined varia...', 'D:\\PT Konimex\\P...', 246)
#1 D:\PT Konimex\Proyek PPL\pd_ln\system\View\View.php(210): include('D:\\PT Konimex\\P...')
#2 D:\PT Konimex\Proyek PPL\pd_ln\system\View\View.php(213): CodeIgniter\View\View->CodeIgniter\View\{closure}()
#3 D:\PT Konimex\Proyek PPL\pd_ln\system\Common.php(1089): CodeIgniter\View\View->render('pjum/v_lihatdat...', Array, true)
#4 D:\PT Konimex\Proyek PPL\pd_ln\app\Controllers\Admin\PJUM.php(194): view('pjum/v_lihatdat...', Array)
#5 D:\PT Konimex\Proyek PPL\pd_ln\system\CodeIgniter.php(832): App\Controllers\Admin\PJUM->lihatdatavalas('pjum', '1', '')
#6 D:\PT Konimex\Proyek PPL\pd_ln\system\CodeIgniter.php(419): CodeIgniter\CodeIgniter->runController(Object(App\Controllers\Admin\PJUM))
#7 D:\PT Konimex\Proyek PPL\pd_ln\system\CodeIgniter.php(326): CodeIgniter\CodeIgniter->handleRequest(NULL, Object(Config\Cache), false)
#8 D:\PT Konimex\Proyek PPL\pd_ln\public\index.php(37): CodeIgniter\CodeIgniter->run()
#9 D:\PT Konimex\Proyek PPL\pd_ln\system\Commands\Server\rewrite.php(43): require_once('D:\\PT Konimex\\P...')
#10 {main}
CRITICAL - 2023-08-28 03:34:34 --> Undefined variable $hasil
#0 D:\PT Konimex\Proyek PPL\pd_ln\app\Controllers\Admin\PB.php(204): CodeIgniter\Debug\Exceptions->errorHandler(2, 'Undefined varia...', 'D:\\PT Konimex\\P...', 204)
#1 D:\PT Konimex\Proyek PPL\pd_ln\system\CodeIgniter.php(832): App\Controllers\Admin\PB->lihatdatapb(Array)
#2 D:\PT Konimex\Proyek PPL\pd_ln\system\CodeIgniter.php(419): CodeIgniter\CodeIgniter->runController(Object(App\Controllers\Admin\PB))
#3 D:\PT Konimex\Proyek PPL\pd_ln\system\CodeIgniter.php(326): CodeIgniter\CodeIgniter->handleRequest(NULL, Object(Config\Cache), false)
#4 D:\PT Konimex\Proyek PPL\pd_ln\public\index.php(37): CodeIgniter\CodeIgniter->run()
#5 D:\PT Konimex\Proyek PPL\pd_ln\system\Commands\Server\rewrite.php(43): require_once('D:\\PT Konimex\\P...')
#6 {main}
CRITICAL - 2023-08-28 03:34:35 --> Undefined variable $hasil
#0 D:\PT Konimex\Proyek PPL\pd_ln\app\Controllers\Admin\PB.php(204): CodeIgniter\Debug\Exceptions->errorHandler(2, 'Undefined varia...', 'D:\\PT Konimex\\P...', 204)
#1 D:\PT Konimex\Proyek PPL\pd_ln\system\CodeIgniter.php(832): App\Controllers\Admin\PB->lihatdatapb(Array)
#2 D:\PT Konimex\Proyek PPL\pd_ln\system\CodeIgniter.php(419): CodeIgniter\CodeIgniter->runController(Object(App\Controllers\Admin\PB))
#3 D:\PT Konimex\Proyek PPL\pd_ln\system\CodeIgniter.php(326): CodeIgniter\CodeIgniter->handleRequest(NULL, Object(Config\Cache), false)
#4 D:\PT Konimex\Proyek PPL\pd_ln\public\index.php(37): CodeIgniter\CodeIgniter->run()
#5 D:\PT Konimex\Proyek PPL\pd_ln\system\Commands\Server\rewrite.php(43): require_once('D:\\PT Konimex\\P...')
#6 {main}
CRITICAL - 2023-08-28 03:50:45 --> Undefined variable $id_transaksi
#0 D:\PT Konimex\Proyek PPL\pd_ln\app\Models\BiayaModel.php(61): CodeIgniter\Debug\Exceptions->errorHandler(2, 'Undefined varia...', 'D:\\PT Konimex\\P...', 61)
#1 D:\PT Konimex\Proyek PPL\pd_ln\app\Controllers\Admin\PJUM.php(220): App\Models\BiayaModel->getDataSemua('1', 'pjum', 'IDR')
#2 D:\PT Konimex\Proyek PPL\pd_ln\system\CodeIgniter.php(832): App\Controllers\Admin\PJUM->kategori('1', 'pjum', 'IDR', '', '')
#3 D:\PT Konimex\Proyek PPL\pd_ln\system\CodeIgniter.php(419): CodeIgniter\CodeIgniter->runController(Object(App\Controllers\Admin\PJUM))
#4 D:\PT Konimex\Proyek PPL\pd_ln\system\CodeIgniter.php(326): CodeIgniter\CodeIgniter->handleRequest(NULL, Object(Config\Cache), false)
#5 D:\PT Konimex\Proyek PPL\pd_ln\public\index.php(37): CodeIgniter\CodeIgniter->run()
#6 D:\PT Konimex\Proyek PPL\pd_ln\system\Commands\Server\rewrite.php(43): require_once('D:\\PT Konimex\\P...')
#7 {main}
CRITICAL - 2023-08-28 03:50:45 --> Undefined variable $id_transaksi
#0 D:\PT Konimex\Proyek PPL\pd_ln\app\Models\BiayaModel.php(61): CodeIgniter\Debug\Exceptions->errorHandler(2, 'Undefined varia...', 'D:\\PT Konimex\\P...', 61)
#1 D:\PT Konimex\Proyek PPL\pd_ln\app\Controllers\Admin\PJUM.php(220): App\Models\BiayaModel->getDataSemua('1', 'pjum', 'IDR')
#2 D:\PT Konimex\Proyek PPL\pd_ln\system\CodeIgniter.php(832): App\Controllers\Admin\PJUM->kategori('1', 'pjum', 'IDR', '', '')
#3 D:\PT Konimex\Proyek PPL\pd_ln\system\CodeIgniter.php(419): CodeIgniter\CodeIgniter->runController(Object(App\Controllers\Admin\PJUM))
#4 D:\PT Konimex\Proyek PPL\pd_ln\system\CodeIgniter.php(326): CodeIgniter\CodeIgniter->handleRequest(NULL, Object(Config\Cache), false)
#5 D:\PT Konimex\Proyek PPL\pd_ln\public\index.php(37): CodeIgniter\CodeIgniter->run()
#6 D:\PT Konimex\Proyek PPL\pd_ln\system\Commands\Server\rewrite.php(43): require_once('D:\\PT Konimex\\P...')
#7 {main}
CRITICAL - 2023-08-28 03:50:59 --> Undefined variable $id_transaksi
#0 D:\PT Konimex\Proyek PPL\pd_ln\app\Models\BiayaModel.php(61): CodeIgniter\Debug\Exceptions->errorHandler(2, 'Undefined varia...', 'D:\\PT Konimex\\P...', 61)
#1 D:\PT Konimex\Proyek PPL\pd_ln\app\Controllers\Admin\PJUM.php(220): App\Models\BiayaModel->getDataSemua('1', 'pjum', 'IDR')
#2 D:\PT Konimex\Proyek PPL\pd_ln\system\CodeIgniter.php(832): App\Controllers\Admin\PJUM->kategori('1', 'pjum', 'IDR', '', '')
#3 D:\PT Konimex\Proyek PPL\pd_ln\system\CodeIgniter.php(419): CodeIgniter\CodeIgniter->runController(Object(App\Controllers\Admin\PJUM))
#4 D:\PT Konimex\Proyek PPL\pd_ln\system\CodeIgniter.php(326): CodeIgniter\CodeIgniter->handleRequest(NULL, Object(Config\Cache), false)
#5 D:\PT Konimex\Proyek PPL\pd_ln\public\index.php(37): CodeIgniter\CodeIgniter->run()
#6 D:\PT Konimex\Proyek PPL\pd_ln\system\Commands\Server\rewrite.php(43): require_once('D:\\PT Konimex\\P...')
#7 {main}
CRITICAL - 2023-08-28 03:51:00 --> Undefined variable $id_transaksi
#0 D:\PT Konimex\Proyek PPL\pd_ln\app\Models\BiayaModel.php(61): CodeIgniter\Debug\Exceptions->errorHandler(2, 'Undefined varia...', 'D:\\PT Konimex\\P...', 61)
#1 D:\PT Konimex\Proyek PPL\pd_ln\app\Controllers\Admin\PJUM.php(220): App\Models\BiayaModel->getDataSemua('1', 'pjum', 'IDR')
#2 D:\PT Konimex\Proyek PPL\pd_ln\system\CodeIgniter.php(832): App\Controllers\Admin\PJUM->kategori('1', 'pjum', 'IDR', '', '')
#3 D:\PT Konimex\Proyek PPL\pd_ln\system\CodeIgniter.php(419): CodeIgniter\CodeIgniter->runController(Object(App\Controllers\Admin\PJUM))
#4 D:\PT Konimex\Proyek PPL\pd_ln\system\CodeIgniter.php(326): CodeIgniter\CodeIgniter->handleRequest(NULL, Object(Config\Cache), false)
#5 D:\PT Konimex\Proyek PPL\pd_ln\public\index.php(37): CodeIgniter\CodeIgniter->run()
#6 D:\PT Konimex\Proyek PPL\pd_ln\system\Commands\Server\rewrite.php(43): require_once('D:\\PT Konimex\\P...')
#7 {main}
CRITICAL - 2023-08-28 03:55:02 --> Undefined variable $id_transaksi
#0 D:\PT Konimex\Proyek PPL\pd_ln\app\Controllers\Admin\PJUM.php(252): CodeIgniter\Debug\Exceptions->errorHandler(2, 'Undefined varia...', 'D:\\PT Konimex\\P...', 252)
#1 D:\PT Konimex\Proyek PPL\pd_ln\system\CodeIgniter.php(832): App\Controllers\Admin\PJUM->kategoripesawat('1', 'pjum', 'IDR', '', '')
#2 D:\PT Konimex\Proyek PPL\pd_ln\system\CodeIgniter.php(419): CodeIgniter\CodeIgniter->runController(Object(App\Controllers\Admin\PJUM))
#3 D:\PT Konimex\Proyek PPL\pd_ln\system\CodeIgniter.php(326): CodeIgniter\CodeIgniter->handleRequest(NULL, Object(Config\Cache), false)
#4 D:\PT Konimex\Proyek PPL\pd_ln\public\index.php(37): CodeIgniter\CodeIgniter->run()
#5 D:\PT Konimex\Proyek PPL\pd_ln\system\Commands\Server\rewrite.php(43): require_once('D:\\PT Konimex\\P...')
#6 {main}
CRITICAL - 2023-08-28 03:55:03 --> Undefined variable $id_transaksi
#0 D:\PT Konimex\Proyek PPL\pd_ln\app\Controllers\Admin\PJUM.php(252): CodeIgniter\Debug\Exceptions->errorHandler(2, 'Undefined varia...', 'D:\\PT Konimex\\P...', 252)
#1 D:\PT Konimex\Proyek PPL\pd_ln\system\CodeIgniter.php(832): App\Controllers\Admin\PJUM->kategoripesawat('1', 'pjum', 'IDR', '', '')
#2 D:\PT Konimex\Proyek PPL\pd_ln\system\CodeIgniter.php(419): CodeIgniter\CodeIgniter->runController(Object(App\Controllers\Admin\PJUM))
#3 D:\PT Konimex\Proyek PPL\pd_ln\system\CodeIgniter.php(326): CodeIgniter\CodeIgniter->handleRequest(NULL, Object(Config\Cache), false)
#4 D:\PT Konimex\Proyek PPL\pd_ln\public\index.php(37): CodeIgniter\CodeIgniter->run()
#5 D:\PT Konimex\Proyek PPL\pd_ln\system\Commands\Server\rewrite.php(43): require_once('D:\\PT Konimex\\P...')
#6 {main}
CRITICAL - 2023-08-28 04:00:38 --> Undefined variable $id_transaksi
#0 D:\PT Konimex\Proyek PPL\pd_ln\app\Controllers\Admin\PJUM.php(294): CodeIgniter\Debug\Exceptions->errorHandler(2, 'Undefined varia...', 'D:\\PT Konimex\\P...', 294)
#1 D:\PT Konimex\Proyek PPL\pd_ln\system\CodeIgniter.php(832): App\Controllers\Admin\PJUM->tiketpesawatpjum('1', 'pjum', 'IDR', '')
#2 D:\PT Konimex\Proyek PPL\pd_ln\system\CodeIgniter.php(419): CodeIgniter\CodeIgniter->runController(Object(App\Controllers\Admin\PJUM))
#3 D:\PT Konimex\Proyek PPL\pd_ln\system\CodeIgniter.php(326): CodeIgniter\CodeIgniter->handleRequest(NULL, Object(Config\Cache), false)
#4 D:\PT Konimex\Proyek PPL\pd_ln\public\index.php(37): CodeIgniter\CodeIgniter->run()
#5 D:\PT Konimex\Proyek PPL\pd_ln\system\Commands\Server\rewrite.php(43): require_once('D:\\PT Konimex\\P...')
#6 {main}
CRITICAL - 2023-08-28 04:00:39 --> Undefined variable $id_transaksi
#0 D:\PT Konimex\Proyek PPL\pd_ln\app\Controllers\Admin\PJUM.php(294): CodeIgniter\Debug\Exceptions->errorHandler(2, 'Undefined varia...', 'D:\\PT Konimex\\P...', 294)
#1 D:\PT Konimex\Proyek PPL\pd_ln\system\CodeIgniter.php(832): App\Controllers\Admin\PJUM->tiketpesawatpjum('1', 'pjum', 'IDR', '')
#2 D:\PT Konimex\Proyek PPL\pd_ln\system\CodeIgniter.php(419): CodeIgniter\CodeIgniter->runController(Object(App\Controllers\Admin\PJUM))
#3 D:\PT Konimex\Proyek PPL\pd_ln\system\CodeIgniter.php(326): CodeIgniter\CodeIgniter->handleRequest(NULL, Object(Config\Cache), false)
#4 D:\PT Konimex\Proyek PPL\pd_ln\public\index.php(37): CodeIgniter\CodeIgniter->run()
#5 D:\PT Konimex\Proyek PPL\pd_ln\system\Commands\Server\rewrite.php(43): require_once('D:\\PT Konimex\\P...')
#6 {main}
CRITICAL - 2023-08-28 04:00:53 --> Undefined variable $id_transaksi
#0 D:\PT Konimex\Proyek PPL\pd_ln\app\Controllers\Admin\PJUM.php(294): CodeIgniter\Debug\Exceptions->errorHandler(2, 'Undefined varia...', 'D:\\PT Konimex\\P...', 294)
#1 D:\PT Konimex\Proyek PPL\pd_ln\system\CodeIgniter.php(832): App\Controllers\Admin\PJUM->tiketpesawatpjum('1', 'pjum', 'IDR', '', '')
#2 D:\PT Konimex\Proyek PPL\pd_ln\system\CodeIgniter.php(419): CodeIgniter\CodeIgniter->runController(Object(App\Controllers\Admin\PJUM))
#3 D:\PT Konimex\Proyek PPL\pd_ln\system\CodeIgniter.php(326): CodeIgniter\CodeIgniter->handleRequest(NULL, Object(Config\Cache), false)
#4 D:\PT Konimex\Proyek PPL\pd_ln\public\index.php(37): CodeIgniter\CodeIgniter->run()
#5 D:\PT Konimex\Proyek PPL\pd_ln\system\Commands\Server\rewrite.php(43): require_once('D:\\PT Konimex\\P...')
#6 {main}
CRITICAL - 2023-08-28 04:00:54 --> Undefined variable $id_transaksi
#0 D:\PT Konimex\Proyek PPL\pd_ln\app\Controllers\Admin\PJUM.php(294): CodeIgniter\Debug\Exceptions->errorHandler(2, 'Undefined varia...', 'D:\\PT Konimex\\P...', 294)
#1 D:\PT Konimex\Proyek PPL\pd_ln\system\CodeIgniter.php(832): App\Controllers\Admin\PJUM->tiketpesawatpjum('1', 'pjum', 'IDR', '', '')
#2 D:\PT Konimex\Proyek PPL\pd_ln\system\CodeIgniter.php(419): CodeIgniter\CodeIgniter->runController(Object(App\Controllers\Admin\PJUM))
#3 D:\PT Konimex\Proyek PPL\pd_ln\system\CodeIgniter.php(326): CodeIgniter\CodeIgniter->handleRequest(NULL, Object(Config\Cache), false)
#4 D:\PT Konimex\Proyek PPL\pd_ln\public\index.php(37): CodeIgniter\CodeIgniter->run()
#5 D:\PT Konimex\Proyek PPL\pd_ln\system\Commands\Server\rewrite.php(43): require_once('D:\\PT Konimex\\P...')
#6 {main}
CRITICAL - 2023-08-28 04:01:38 --> Undefined variable $id_transaksi
#0 D:\PT Konimex\Proyek PPL\pd_ln\app\Controllers\Admin\PJUM.php(294): CodeIgniter\Debug\Exceptions->errorHandler(2, 'Undefined varia...', 'D:\\PT Konimex\\P...', 294)
#1 D:\PT Konimex\Proyek PPL\pd_ln\system\CodeIgniter.php(832): App\Controllers\Admin\PJUM->tiketpesawatpjum('1', 'pjum', 'IDR', '', '')
#2 D:\PT Konimex\Proyek PPL\pd_ln\system\CodeIgniter.php(419): CodeIgniter\CodeIgniter->runController(Object(App\Controllers\Admin\PJUM))
#3 D:\PT Konimex\Proyek PPL\pd_ln\system\CodeIgniter.php(326): CodeIgniter\CodeIgniter->handleRequest(NULL, Object(Config\Cache), false)
#4 D:\PT Konimex\Proyek PPL\pd_ln\public\index.php(37): CodeIgniter\CodeIgniter->run()
#5 D:\PT Konimex\Proyek PPL\pd_ln\system\Commands\Server\rewrite.php(43): require_once('D:\\PT Konimex\\P...')
#6 {main}
CRITICAL - 2023-08-28 04:01:39 --> Undefined variable $id_transaksi
#0 D:\PT Konimex\Proyek PPL\pd_ln\app\Controllers\Admin\PJUM.php(294): CodeIgniter\Debug\Exceptions->errorHandler(2, 'Undefined varia...', 'D:\\PT Konimex\\P...', 294)
#1 D:\PT Konimex\Proyek PPL\pd_ln\system\CodeIgniter.php(832): App\Controllers\Admin\PJUM->tiketpesawatpjum('1', 'pjum', 'IDR', '', '')
#2 D:\PT Konimex\Proyek PPL\pd_ln\system\CodeIgniter.php(419): CodeIgniter\CodeIgniter->runController(Object(App\Controllers\Admin\PJUM))
#3 D:\PT Konimex\Proyek PPL\pd_ln\system\CodeIgniter.php(326): CodeIgniter\CodeIgniter->handleRequest(NULL, Object(Config\Cache), false)
#4 D:\PT Konimex\Proyek PPL\pd_ln\public\index.php(37): CodeIgniter\CodeIgniter->run()
#5 D:\PT Konimex\Proyek PPL\pd_ln\system\Commands\Server\rewrite.php(43): require_once('D:\\PT Konimex\\P...')
#6 {main}
CRITICAL - 2023-08-28 20:17:42 --> Undefined array key "kode_valas"
#0 D:\PT Konimex\Proyek PPL\pd_ln\app\Views\pjum\v_kategoripjum.php(76): CodeIgniter\Debug\Exceptions->errorHandler(2, 'Undefined array...', 'D:\\PT Konimex\\P...', 76)
#1 D:\PT Konimex\Proyek PPL\pd_ln\system\View\View.php(210): include('D:\\PT Konimex\\P...')
#2 D:\PT Konimex\Proyek PPL\pd_ln\system\View\View.php(213): CodeIgniter\View\View->CodeIgniter\View\{closure}()
#3 D:\PT Konimex\Proyek PPL\pd_ln\system\Common.php(1089): CodeIgniter\View\View->render('pjum/v_kategori...', Array, true)
#4 D:\PT Konimex\Proyek PPL\pd_ln\app\Controllers\Admin\PJUM.php(241): view('pjum/v_kategori...', Array)
#5 D:\PT Konimex\Proyek PPL\pd_ln\system\CodeIgniter.php(832): App\Controllers\Admin\PJUM->kategoripjum('1', 'pjum', 'IDR', '', '')
#6 D:\PT Konimex\Proyek PPL\pd_ln\system\CodeIgniter.php(419): CodeIgniter\CodeIgniter->runController(Object(App\Controllers\Admin\PJUM))
#7 D:\PT Konimex\Proyek PPL\pd_ln\system\CodeIgniter.php(326): CodeIgniter\CodeIgniter->handleRequest(NULL, Object(Config\Cache), false)
#8 D:\PT Konimex\Proyek PPL\pd_ln\public\index.php(37): CodeIgniter\CodeIgniter->run()
#9 D:\PT Konimex\Proyek PPL\pd_ln\system\Commands\Server\rewrite.php(43): require_once('D:\\PT Konimex\\P...')
#10 {main}
CRITICAL - 2023-08-28 20:17:46 --> Undefined array key "kode_valas"
#0 D:\PT Konimex\Proyek PPL\pd_ln\app\Views\pjum\v_kategoripjum.php(76): CodeIgniter\Debug\Exceptions->errorHandler(2, 'Undefined array...', 'D:\\PT Konimex\\P...', 76)
#1 D:\PT Konimex\Proyek PPL\pd_ln\system\View\View.php(210): include('D:\\PT Konimex\\P...')
#2 D:\PT Konimex\Proyek PPL\pd_ln\system\View\View.php(213): CodeIgniter\View\View->CodeIgniter\View\{closure}()
#3 D:\PT Konimex\Proyek PPL\pd_ln\system\Common.php(1089): CodeIgniter\View\View->render('pjum/v_kategori...', Array, true)
#4 D:\PT Konimex\Proyek PPL\pd_ln\app\Controllers\Admin\PJUM.php(241): view('pjum/v_kategori...', Array)
#5 D:\PT Konimex\Proyek PPL\pd_ln\system\CodeIgniter.php(832): App\Controllers\Admin\PJUM->kategoripjum('1', 'pjum', 'IDR', '', '')
#6 D:\PT Konimex\Proyek PPL\pd_ln\system\CodeIgniter.php(419): CodeIgniter\CodeIgniter->runController(Object(App\Controllers\Admin\PJUM))
#7 D:\PT Konimex\Proyek PPL\pd_ln\system\CodeIgniter.php(326): CodeIgniter\CodeIgniter->handleRequest(NULL, Object(Config\Cache), false)
#8 D:\PT Konimex\Proyek PPL\pd_ln\public\index.php(37): CodeIgniter\CodeIgniter->run()
#9 D:\PT Konimex\Proyek PPL\pd_ln\system\Commands\Server\rewrite.php(43): require_once('D:\\PT Konimex\\P...')
#10 {main}
CRITICAL - 2023-08-28 20:17:54 --> Undefined array key "kode_valas"
#0 D:\PT Konimex\Proyek PPL\pd_ln\app\Views\pjum\v_kategoripjum.php(76): CodeIgniter\Debug\Exceptions->errorHandler(2, 'Undefined array...', 'D:\\PT Konimex\\P...', 76)
#1 D:\PT Konimex\Proyek PPL\pd_ln\system\View\View.php(210): include('D:\\PT Konimex\\P...')
#2 D:\PT Konimex\Proyek PPL\pd_ln\system\View\View.php(213): CodeIgniter\View\View->CodeIgniter\View\{closure}()
#3 D:\PT Konimex\Proyek PPL\pd_ln\system\Common.php(1089): CodeIgniter\View\View->render('pjum/v_kategori...', Array, true)
#4 D:\PT Konimex\Proyek PPL\pd_ln\app\Controllers\Admin\PJUM.php(241): view('pjum/v_kategori...', Array)
#5 D:\PT Konimex\Proyek PPL\pd_ln\system\CodeIgniter.php(832): App\Controllers\Admin\PJUM->kategoripjum('1', 'pjum', 'IDR', '', '')
#6 D:\PT Konimex\Proyek PPL\pd_ln\system\CodeIgniter.php(419): CodeIgniter\CodeIgniter->runController(Object(App\Controllers\Admin\PJUM))
#7 D:\PT Konimex\Proyek PPL\pd_ln\system\CodeIgniter.php(326): CodeIgniter\CodeIgniter->handleRequest(NULL, Object(Config\Cache), false)
#8 D:\PT Konimex\Proyek PPL\pd_ln\public\index.php(37): CodeIgniter\CodeIgniter->run()
#9 D:\PT Konimex\Proyek PPL\pd_ln\system\Commands\Server\rewrite.php(43): require_once('D:\\PT Konimex\\P...')
#10 {main}
CRITICAL - 2023-08-28 20:17:55 --> Undefined array key "kode_valas"
#0 D:\PT Konimex\Proyek PPL\pd_ln\app\Views\pjum\v_kategoripjum.php(76): CodeIgniter\Debug\Exceptions->errorHandler(2, 'Undefined array...', 'D:\\PT Konimex\\P...', 76)
#1 D:\PT Konimex\Proyek PPL\pd_ln\system\View\View.php(210): include('D:\\PT Konimex\\P...')
#2 D:\PT Konimex\Proyek PPL\pd_ln\system\View\View.php(213): CodeIgniter\View\View->CodeIgniter\View\{closure}()
#3 D:\PT Konimex\Proyek PPL\pd_ln\system\Common.php(1089): CodeIgniter\View\View->render('pjum/v_kategori...', Array, true)
#4 D:\PT Konimex\Proyek PPL\pd_ln\app\Controllers\Admin\PJUM.php(241): view('pjum/v_kategori...', Array)
#5 D:\PT Konimex\Proyek PPL\pd_ln\system\CodeIgniter.php(832): App\Controllers\Admin\PJUM->kategoripjum('1', 'pjum', 'IDR', '', '')
#6 D:\PT Konimex\Proyek PPL\pd_ln\system\CodeIgniter.php(419): CodeIgniter\CodeIgniter->runController(Object(App\Controllers\Admin\PJUM))
#7 D:\PT Konimex\Proyek PPL\pd_ln\system\CodeIgniter.php(326): CodeIgniter\CodeIgniter->handleRequest(NULL, Object(Config\Cache), false)
#8 D:\PT Konimex\Proyek PPL\pd_ln\public\index.php(37): CodeIgniter\CodeIgniter->run()
#9 D:\PT Konimex\Proyek PPL\pd_ln\system\Commands\Server\rewrite.php(43): require_once('D:\\PT Konimex\\P...')
#10 {main}
CRITICAL - 2023-08-28 20:19:42 --> Undefined array key "kode_valas"
#0 D:\PT Konimex\Proyek PPL\pd_ln\app\Views\pjum\v_kategoripjum.php(77): CodeIgniter\Debug\Exceptions->errorHandler(2, 'Undefined array...', 'D:\\PT Konimex\\P...', 77)
#1 D:\PT Konimex\Proyek PPL\pd_ln\system\View\View.php(210): include('D:\\PT Konimex\\P...')
#2 D:\PT Konimex\Proyek PPL\pd_ln\system\View\View.php(213): CodeIgniter\View\View->CodeIgniter\View\{closure}()
#3 D:\PT Konimex\Proyek PPL\pd_ln\system\Common.php(1089): CodeIgniter\View\View->render('pjum/v_kategori...', Array, true)
#4 D:\PT Konimex\Proyek PPL\pd_ln\app\Controllers\Admin\PJUM.php(241): view('pjum/v_kategori...', Array)
#5 D:\PT Konimex\Proyek PPL\pd_ln\system\CodeIgniter.php(832): App\Controllers\Admin\PJUM->kategoripjum('1', 'pjum', 'IDR', '', '')
#6 D:\PT Konimex\Proyek PPL\pd_ln\system\CodeIgniter.php(419): CodeIgniter\CodeIgniter->runController(Object(App\Controllers\Admin\PJUM))
#7 D:\PT Konimex\Proyek PPL\pd_ln\system\CodeIgniter.php(326): CodeIgniter\CodeIgniter->handleRequest(NULL, Object(Config\Cache), false)
#8 D:\PT Konimex\Proyek PPL\pd_ln\public\index.php(37): CodeIgniter\CodeIgniter->run()
#9 D:\PT Konimex\Proyek PPL\pd_ln\system\Commands\Server\rewrite.php(43): require_once('D:\\PT Konimex\\P...')
#10 {main}
CRITICAL - 2023-08-28 20:19:43 --> Undefined array key "kode_valas"
#0 D:\PT Konimex\Proyek PPL\pd_ln\app\Views\pjum\v_kategoripjum.php(77): CodeIgniter\Debug\Exceptions->errorHandler(2, 'Undefined array...', 'D:\\PT Konimex\\P...', 77)
#1 D:\PT Konimex\Proyek PPL\pd_ln\system\View\View.php(210): include('D:\\PT Konimex\\P...')
#2 D:\PT Konimex\Proyek PPL\pd_ln\system\View\View.php(213): CodeIgniter\View\View->CodeIgniter\View\{closure}()
#3 D:\PT Konimex\Proyek PPL\pd_ln\system\Common.php(1089): CodeIgniter\View\View->render('pjum/v_kategori...', Array, true)
#4 D:\PT Konimex\Proyek PPL\pd_ln\app\Controllers\Admin\PJUM.php(241): view('pjum/v_kategori...', Array)
#5 D:\PT Konimex\Proyek PPL\pd_ln\system\CodeIgniter.php(832): App\Controllers\Admin\PJUM->kategoripjum('1', 'pjum', 'IDR', '', '')
#6 D:\PT Konimex\Proyek PPL\pd_ln\system\CodeIgniter.php(419): CodeIgniter\CodeIgniter->runController(Object(App\Controllers\Admin\PJUM))
#7 D:\PT Konimex\Proyek PPL\pd_ln\system\CodeIgniter.php(326): CodeIgniter\CodeIgniter->handleRequest(NULL, Object(Config\Cache), false)
#8 D:\PT Konimex\Proyek PPL\pd_ln\public\index.php(37): CodeIgniter\CodeIgniter->run()
#9 D:\PT Konimex\Proyek PPL\pd_ln\system\Commands\Server\rewrite.php(43): require_once('D:\\PT Konimex\\P...')
#10 {main}
CRITICAL - 2023-08-28 20:20:20 --> Undefined array key "kode_valas"
#0 D:\PT Konimex\Proyek PPL\pd_ln\app\Views\pjum\v_kategoripjum.php(77): CodeIgniter\Debug\Exceptions->errorHandler(2, 'Undefined array...', 'D:\\PT Konimex\\P...', 77)
#1 D:\PT Konimex\Proyek PPL\pd_ln\system\View\View.php(210): include('D:\\PT Konimex\\P...')
#2 D:\PT Konimex\Proyek PPL\pd_ln\system\View\View.php(213): CodeIgniter\View\View->CodeIgniter\View\{closure}()
#3 D:\PT Konimex\Proyek PPL\pd_ln\system\Common.php(1089): CodeIgniter\View\View->render('pjum/v_kategori...', Array, true)
#4 D:\PT Konimex\Proyek PPL\pd_ln\app\Controllers\Admin\PJUM.php(241): view('pjum/v_kategori...', Array)
#5 D:\PT Konimex\Proyek PPL\pd_ln\system\CodeIgniter.php(832): App\Controllers\Admin\PJUM->kategoripjum('1', 'pjum', 'IDR', '', '')
#6 D:\PT Konimex\Proyek PPL\pd_ln\system\CodeIgniter.php(419): CodeIgniter\CodeIgniter->runController(Object(App\Controllers\Admin\PJUM))
#7 D:\PT Konimex\Proyek PPL\pd_ln\system\CodeIgniter.php(326): CodeIgniter\CodeIgniter->handleRequest(NULL, Object(Config\Cache), false)
#8 D:\PT Konimex\Proyek PPL\pd_ln\public\index.php(37): CodeIgniter\CodeIgniter->run()
#9 D:\PT Konimex\Proyek PPL\pd_ln\system\Commands\Server\rewrite.php(43): require_once('D:\\PT Konimex\\P...')
#10 {main}
CRITICAL - 2023-08-28 20:20:21 --> Undefined array key "kode_valas"
#0 D:\PT Konimex\Proyek PPL\pd_ln\app\Views\pjum\v_kategoripjum.php(77): CodeIgniter\Debug\Exceptions->errorHandler(2, 'Undefined array...', 'D:\\PT Konimex\\P...', 77)
#1 D:\PT Konimex\Proyek PPL\pd_ln\system\View\View.php(210): include('D:\\PT Konimex\\P...')
#2 D:\PT Konimex\Proyek PPL\pd_ln\system\View\View.php(213): CodeIgniter\View\View->CodeIgniter\View\{closure}()
#3 D:\PT Konimex\Proyek PPL\pd_ln\system\Common.php(1089): CodeIgniter\View\View->render('pjum/v_kategori...', Array, true)
#4 D:\PT Konimex\Proyek PPL\pd_ln\app\Controllers\Admin\PJUM.php(241): view('pjum/v_kategori...', Array)
#5 D:\PT Konimex\Proyek PPL\pd_ln\system\CodeIgniter.php(832): App\Controllers\Admin\PJUM->kategoripjum('1', 'pjum', 'IDR', '', '')
#6 D:\PT Konimex\Proyek PPL\pd_ln\system\CodeIgniter.php(419): CodeIgniter\CodeIgniter->runController(Object(App\Controllers\Admin\PJUM))
#7 D:\PT Konimex\Proyek PPL\pd_ln\system\CodeIgniter.php(326): CodeIgniter\CodeIgniter->handleRequest(NULL, Object(Config\Cache), false)
#8 D:\PT Konimex\Proyek PPL\pd_ln\public\index.php(37): CodeIgniter\CodeIgniter->run()
#9 D:\PT Konimex\Proyek PPL\pd_ln\system\Commands\Server\rewrite.php(43): require_once('D:\\PT Konimex\\P...')
#10 {main}
CRITICAL - 2023-08-28 23:00:54 --> Undefined variable $link_lihatdatavalaspjum
#0 D:\PT Konimex\Proyek PPL\pd_ln\app\Views\admin\v_dashboard.php(78): CodeIgniter\Debug\Exceptions->errorHandler(2, 'Undefined varia...', 'D:\\PT Konimex\\P...', 78)
#1 D:\PT Konimex\Proyek PPL\pd_ln\system\View\View.php(210): include('D:\\PT Konimex\\P...')
#2 D:\PT Konimex\Proyek PPL\pd_ln\system\View\View.php(213): CodeIgniter\View\View->CodeIgniter\View\{closure}()
#3 D:\PT Konimex\Proyek PPL\pd_ln\system\Common.php(1089): CodeIgniter\View\View->render('admin/v_dashboa...', Array, true)
#4 D:\PT Konimex\Proyek PPL\pd_ln\app\Controllers\Admin\Dashboard.php(77): view('admin/v_dashboa...', Array)
#5 D:\PT Konimex\Proyek PPL\pd_ln\system\CodeIgniter.php(832): App\Controllers\Admin\Dashboard->dashboard(Array)
#6 D:\PT Konimex\Proyek PPL\pd_ln\system\CodeIgniter.php(419): CodeIgniter\CodeIgniter->runController(Object(App\Controllers\Admin\Dashboard))
#7 D:\PT Konimex\Proyek PPL\pd_ln\system\CodeIgniter.php(326): CodeIgniter\CodeIgniter->handleRequest(NULL, Object(Config\Cache), false)
#8 D:\PT Konimex\Proyek PPL\pd_ln\public\index.php(37): CodeIgniter\CodeIgniter->run()
#9 D:\PT Konimex\Proyek PPL\pd_ln\system\Commands\Server\rewrite.php(43): require_once('D:\\PT Konimex\\P...')
#10 {main}
CRITICAL - 2023-08-28 23:00:55 --> Undefined variable $link_lihatdatavalaspjum
#0 D:\PT Konimex\Proyek PPL\pd_ln\app\Views\admin\v_dashboard.php(78): CodeIgniter\Debug\Exceptions->errorHandler(2, 'Undefined varia...', 'D:\\PT Konimex\\P...', 78)
#1 D:\PT Konimex\Proyek PPL\pd_ln\system\View\View.php(210): include('D:\\PT Konimex\\P...')
#2 D:\PT Konimex\Proyek PPL\pd_ln\system\View\View.php(213): CodeIgniter\View\View->CodeIgniter\View\{closure}()
#3 D:\PT Konimex\Proyek PPL\pd_ln\system\Common.php(1089): CodeIgniter\View\View->render('admin/v_dashboa...', Array, true)
#4 D:\PT Konimex\Proyek PPL\pd_ln\app\Controllers\Admin\Dashboard.php(77): view('admin/v_dashboa...', Array)
#5 D:\PT Konimex\Proyek PPL\pd_ln\system\CodeIgniter.php(832): App\Controllers\Admin\Dashboard->dashboard(Array)
#6 D:\PT Konimex\Proyek PPL\pd_ln\system\CodeIgniter.php(419): CodeIgniter\CodeIgniter->runController(Object(App\Controllers\Admin\Dashboard))
#7 D:\PT Konimex\Proyek PPL\pd_ln\system\CodeIgniter.php(326): CodeIgniter\CodeIgniter->handleRequest(NULL, Object(Config\Cache), false)
#8 D:\PT Konimex\Proyek PPL\pd_ln\public\index.php(37): CodeIgniter\CodeIgniter->run()
#9 D:\PT Konimex\Proyek PPL\pd_ln\system\Commands\Server\rewrite.php(43): require_once('D:\\PT Konimex\\P...')
#10 {main}
CRITICAL - 2023-08-28 23:00:59 --> Undefined variable $link_lihatdatavalaspjum
#0 D:\PT Konimex\Proyek PPL\pd_ln\app\Views\admin\v_dashboard.php(78): CodeIgniter\Debug\Exceptions->errorHandler(2, 'Undefined varia...', 'D:\\PT Konimex\\P...', 78)
#1 D:\PT Konimex\Proyek PPL\pd_ln\system\View\View.php(210): include('D:\\PT Konimex\\P...')
#2 D:\PT Konimex\Proyek PPL\pd_ln\system\View\View.php(213): CodeIgniter\View\View->CodeIgniter\View\{closure}()
#3 D:\PT Konimex\Proyek PPL\pd_ln\system\Common.php(1089): CodeIgniter\View\View->render('admin/v_dashboa...', Array, true)
#4 D:\PT Konimex\Proyek PPL\pd_ln\app\Controllers\Admin\Dashboard.php(77): view('admin/v_dashboa...', Array)
#5 D:\PT Konimex\Proyek PPL\pd_ln\system\CodeIgniter.php(832): App\Controllers\Admin\Dashboard->dashboard(Array)
#6 D:\PT Konimex\Proyek PPL\pd_ln\system\CodeIgniter.php(419): CodeIgniter\CodeIgniter->runController(Object(App\Controllers\Admin\Dashboard))
#7 D:\PT Konimex\Proyek PPL\pd_ln\system\CodeIgniter.php(326): CodeIgniter\CodeIgniter->handleRequest(NULL, Object(Config\Cache), false)
#8 D:\PT Konimex\Proyek PPL\pd_ln\public\index.php(37): CodeIgniter\CodeIgniter->run()
#9 D:\PT Konimex\Proyek PPL\pd_ln\system\Commands\Server\rewrite.php(43): require_once('D:\\PT Konimex\\P...')
#10 {main}
CRITICAL - 2023-08-28 23:01:00 --> Undefined variable $link_lihatdatavalaspjum
#0 D:\PT Konimex\Proyek PPL\pd_ln\app\Views\admin\v_dashboard.php(78): CodeIgniter\Debug\Exceptions->errorHandler(2, 'Undefined varia...', 'D:\\PT Konimex\\P...', 78)
#1 D:\PT Konimex\Proyek PPL\pd_ln\system\View\View.php(210): include('D:\\PT Konimex\\P...')
#2 D:\PT Konimex\Proyek PPL\pd_ln\system\View\View.php(213): CodeIgniter\View\View->CodeIgniter\View\{closure}()
#3 D:\PT Konimex\Proyek PPL\pd_ln\system\Common.php(1089): CodeIgniter\View\View->render('admin/v_dashboa...', Array, true)
#4 D:\PT Konimex\Proyek PPL\pd_ln\app\Controllers\Admin\Dashboard.php(77): view('admin/v_dashboa...', Array)
#5 D:\PT Konimex\Proyek PPL\pd_ln\system\CodeIgniter.php(832): App\Controllers\Admin\Dashboard->dashboard(Array)
#6 D:\PT Konimex\Proyek PPL\pd_ln\system\CodeIgniter.php(419): CodeIgniter\CodeIgniter->runController(Object(App\Controllers\Admin\Dashboard))
#7 D:\PT Konimex\Proyek PPL\pd_ln\system\CodeIgniter.php(326): CodeIgniter\CodeIgniter->handleRequest(NULL, Object(Config\Cache), false)
#8 D:\PT Konimex\Proyek PPL\pd_ln\public\index.php(37): CodeIgniter\CodeIgniter->run()
#9 D:\PT Konimex\Proyek PPL\pd_ln\system\Commands\Server\rewrite.php(43): require_once('D:\\PT Konimex\\P...')
#10 {main}
CRITICAL - 2023-08-28 23:17:17 --> Undefined variable $link_pjum
#0 D:\PT Konimex\Proyek PPL\pd_ln\app\Views\pjum\v_lihatdatavalaspjum.php(233): CodeIgniter\Debug\Exceptions->errorHandler(2, 'Undefined varia...', 'D:\\PT Konimex\\P...', 233)
#1 D:\PT Konimex\Proyek PPL\pd_ln\system\View\View.php(210): include('D:\\PT Konimex\\P...')
#2 D:\PT Konimex\Proyek PPL\pd_ln\system\View\View.php(213): CodeIgniter\View\View->CodeIgniter\View\{closure}()
#3 D:\PT Konimex\Proyek PPL\pd_ln\system\Common.php(1089): CodeIgniter\View\View->render('pjum/v_lihatdat...', Array, true)
#4 D:\PT Konimex\Proyek PPL\pd_ln\app\Controllers\Admin\PJUM.php(194): view('pjum/v_lihatdat...', Array)
#5 D:\PT Konimex\Proyek PPL\pd_ln\system\CodeIgniter.php(832): App\Controllers\Admin\PJUM->lihatdatavalaspjum('pjum', '1', '')
#6 D:\PT Konimex\Proyek PPL\pd_ln\system\CodeIgniter.php(419): CodeIgniter\CodeIgniter->runController(Object(App\Controllers\Admin\PJUM))
#7 D:\PT Konimex\Proyek PPL\pd_ln\system\CodeIgniter.php(326): CodeIgniter\CodeIgniter->handleRequest(NULL, Object(Config\Cache), false)
#8 D:\PT Konimex\Proyek PPL\pd_ln\public\index.php(37): CodeIgniter\CodeIgniter->run()
#9 D:\PT Konimex\Proyek PPL\pd_ln\system\Commands\Server\rewrite.php(43): require_once('D:\\PT Konimex\\P...')
#10 {main}
CRITICAL - 2023-08-28 23:17:17 --> Undefined variable $link_pjum
#0 D:\PT Konimex\Proyek PPL\pd_ln\app\Views\pjum\v_lihatdatavalaspjum.php(233): CodeIgniter\Debug\Exceptions->errorHandler(2, 'Undefined varia...', 'D:\\PT Konimex\\P...', 233)
#1 D:\PT Konimex\Proyek PPL\pd_ln\system\View\View.php(210): include('D:\\PT Konimex\\P...')
#2 D:\PT Konimex\Proyek PPL\pd_ln\system\View\View.php(213): CodeIgniter\View\View->CodeIgniter\View\{closure}()
#3 D:\PT Konimex\Proyek PPL\pd_ln\system\Common.php(1089): CodeIgniter\View\View->render('pjum/v_lihatdat...', Array, true)
#4 D:\PT Konimex\Proyek PPL\pd_ln\app\Controllers\Admin\PJUM.php(194): view('pjum/v_lihatdat...', Array)
#5 D:\PT Konimex\Proyek PPL\pd_ln\system\CodeIgniter.php(832): App\Controllers\Admin\PJUM->lihatdatavalaspjum('pjum', '1', '')
#6 D:\PT Konimex\Proyek PPL\pd_ln\system\CodeIgniter.php(419): CodeIgniter\CodeIgniter->runController(Object(App\Controllers\Admin\PJUM))
#7 D:\PT Konimex\Proyek PPL\pd_ln\system\CodeIgniter.php(326): CodeIgniter\CodeIgniter->handleRequest(NULL, Object(Config\Cache), false)
#8 D:\PT Konimex\Proyek PPL\pd_ln\public\index.php(37): CodeIgniter\CodeIgniter->run()
#9 D:\PT Konimex\Proyek PPL\pd_ln\system\Commands\Server\rewrite.php(43): require_once('D:\\PT Konimex\\P...')
#10 {main}
CRITICAL - 2023-08-28 23:23:19 --> Undefined variable $link_kategoripesawat
#0 D:\PT Konimex\Proyek PPL\pd_ln\app\Views\pjum\v_kategoripjum.php(97): CodeIgniter\Debug\Exceptions->errorHandler(2, 'Undefined varia...', 'D:\\PT Konimex\\P...', 97)
#1 D:\PT Konimex\Proyek PPL\pd_ln\system\View\View.php(210): include('D:\\PT Konimex\\P...')
#2 D:\PT Konimex\Proyek PPL\pd_ln\system\View\View.php(213): CodeIgniter\View\View->CodeIgniter\View\{closure}()
#3 D:\PT Konimex\Proyek PPL\pd_ln\system\Common.php(1089): CodeIgniter\View\View->render('pjum/v_kategori...', Array, true)
#4 D:\PT Konimex\Proyek PPL\pd_ln\app\Controllers\Admin\PJUM.php(241): view('pjum/v_kategori...', Array)
#5 D:\PT Konimex\Proyek PPL\pd_ln\system\CodeIgniter.php(832): App\Controllers\Admin\PJUM->kategoripjum('1', 'pjum', 'IDR', '', '')
#6 D:\PT Konimex\Proyek PPL\pd_ln\system\CodeIgniter.php(419): CodeIgniter\CodeIgniter->runController(Object(App\Controllers\Admin\PJUM))
#7 D:\PT Konimex\Proyek PPL\pd_ln\system\CodeIgniter.php(326): CodeIgniter\CodeIgniter->handleRequest(NULL, Object(Config\Cache), false)
#8 D:\PT Konimex\Proyek PPL\pd_ln\public\index.php(37): CodeIgniter\CodeIgniter->run()
#9 D:\PT Konimex\Proyek PPL\pd_ln\system\Commands\Server\rewrite.php(43): require_once('D:\\PT Konimex\\P...')
#10 {main}
CRITICAL - 2023-08-28 23:23:20 --> Undefined variable $link_kategoripesawat
#0 D:\PT Konimex\Proyek PPL\pd_ln\app\Views\pjum\v_kategoripjum.php(97): CodeIgniter\Debug\Exceptions->errorHandler(2, 'Undefined varia...', 'D:\\PT Konimex\\P...', 97)
#1 D:\PT Konimex\Proyek PPL\pd_ln\system\View\View.php(210): include('D:\\PT Konimex\\P...')
#2 D:\PT Konimex\Proyek PPL\pd_ln\system\View\View.php(213): CodeIgniter\View\View->CodeIgniter\View\{closure}()
#3 D:\PT Konimex\Proyek PPL\pd_ln\system\Common.php(1089): CodeIgniter\View\View->render('pjum/v_kategori...', Array, true)
#4 D:\PT Konimex\Proyek PPL\pd_ln\app\Controllers\Admin\PJUM.php(241): view('pjum/v_kategori...', Array)
#5 D:\PT Konimex\Proyek PPL\pd_ln\system\CodeIgniter.php(832): App\Controllers\Admin\PJUM->kategoripjum('1', 'pjum', 'IDR', '', '')
#6 D:\PT Konimex\Proyek PPL\pd_ln\system\CodeIgniter.php(419): CodeIgniter\CodeIgniter->runController(Object(App\Controllers\Admin\PJUM))
#7 D:\PT Konimex\Proyek PPL\pd_ln\system\CodeIgniter.php(326): CodeIgniter\CodeIgniter->handleRequest(NULL, Object(Config\Cache), false)
#8 D:\PT Konimex\Proyek PPL\pd_ln\public\index.php(37): CodeIgniter\CodeIgniter->run()
#9 D:\PT Konimex\Proyek PPL\pd_ln\system\Commands\Server\rewrite.php(43): require_once('D:\\PT Konimex\\P...')
#10 {main}
