CRITICAL - 2023-10-05 01:22:25 --> Class "PHPMailer\PHPMailer" not found
#0 C:\xampp\htdocs\pdln\system\CodeIgniter.php(832): App\Controllers\Admin\PJUM->datapjum('pjum', '1', '')
#1 C:\xampp\htdocs\pdln\system\CodeIgniter.php(419): CodeIgniter\CodeIgniter->runController(Object(App\Controllers\Admin\PJUM))
#2 C:\xampp\htdocs\pdln\system\CodeIgniter.php(326): CodeIgniter\CodeIgniter->handleRequest(NULL, Object(Config\Cache), false)
#3 C:\xampp\htdocs\pdln\index.php(37): CodeIgniter\CodeIgniter->run()
#4 {main}
CRITICAL - 2023-10-05 01:22:31 --> Class "PHPMailer\PHPMailer" not found
#0 C:\xampp\htdocs\pdln\system\CodeIgniter.php(832): App\Controllers\Admin\PJUM->datapjum('pjum', '1', '')
#1 C:\xampp\htdocs\pdln\system\CodeIgniter.php(419): CodeIgniter\CodeIgniter->runController(Object(App\Controllers\Admin\PJUM))
#2 C:\xampp\htdocs\pdln\system\CodeIgniter.php(326): CodeIgniter\CodeIgniter->handleRequest(NULL, Object(Config\Cache), false)
#3 C:\xampp\htdocs\pdln\index.php(37): CodeIgniter\CodeIgniter->run()
#4 {main}
CRITICAL - 2023-10-05 01:24:06 --> require(path/to/PHPMailer/src/Exception.php): Failed to open stream: No such file or directory
#0 C:\xampp\htdocs\pdln\app\Controllers\Admin\PJUM.php(36): CodeIgniter\Debug\Exceptions->errorHandler(2, 'require(path/to...', 'C:\\xampp\\htdocs...', 36)
#1 C:\xampp\htdocs\pdln\app\Controllers\Admin\PJUM.php(36): require()
#2 C:\xampp\htdocs\pdln\system\CodeIgniter.php(809): App\Controllers\Admin\PJUM->__construct()
#3 C:\xampp\htdocs\pdln\system\CodeIgniter.php(410): CodeIgniter\CodeIgniter->createController()
#4 C:\xampp\htdocs\pdln\system\CodeIgniter.php(326): CodeIgniter\CodeIgniter->handleRequest(NULL, Object(Config\Cache), false)
#5 C:\xampp\htdocs\pdln\index.php(37): CodeIgniter\CodeIgniter->run()
#6 {main}
CRITICAL - 2023-10-05 01:24:07 --> require(path/to/PHPMailer/src/Exception.php): Failed to open stream: No such file or directory
#0 C:\xampp\htdocs\pdln\app\Controllers\Admin\PJUM.php(36): CodeIgniter\Debug\Exceptions->errorHandler(2, 'require(path/to...', 'C:\\xampp\\htdocs...', 36)
#1 C:\xampp\htdocs\pdln\app\Controllers\Admin\PJUM.php(36): require()
#2 C:\xampp\htdocs\pdln\system\CodeIgniter.php(809): App\Controllers\Admin\PJUM->__construct()
#3 C:\xampp\htdocs\pdln\system\CodeIgniter.php(410): CodeIgniter\CodeIgniter->createController()
#4 C:\xampp\htdocs\pdln\system\CodeIgniter.php(326): CodeIgniter\CodeIgniter->handleRequest(NULL, Object(Config\Cache), false)
#5 C:\xampp\htdocs\pdln\index.php(37): CodeIgniter\CodeIgniter->run()
#6 {main}
CRITICAL - 2023-10-05 01:24:12 --> require(path/to/PHPMailer/src/Exception.php): Failed to open stream: No such file or directory
#0 C:\xampp\htdocs\pdln\app\Controllers\Admin\PJUM.php(36): CodeIgniter\Debug\Exceptions->errorHandler(2, 'require(path/to...', 'C:\\xampp\\htdocs...', 36)
#1 C:\xampp\htdocs\pdln\app\Controllers\Admin\PJUM.php(36): require()
#2 C:\xampp\htdocs\pdln\system\CodeIgniter.php(809): App\Controllers\Admin\PJUM->__construct()
#3 C:\xampp\htdocs\pdln\system\CodeIgniter.php(410): CodeIgniter\CodeIgniter->createController()
#4 C:\xampp\htdocs\pdln\system\CodeIgniter.php(326): CodeIgniter\CodeIgniter->handleRequest(NULL, Object(Config\Cache), false)
#5 C:\xampp\htdocs\pdln\index.php(37): CodeIgniter\CodeIgniter->run()
#6 {main}
CRITICAL - 2023-10-05 01:29:10 --> require(path/to/PHPMailer/PHPMailer/src/Exception.php): Failed to open stream: No such file or directory
#0 C:\xampp\htdocs\pdln\app\Controllers\Admin\PJUM.php(36): CodeIgniter\Debug\Exceptions->errorHandler(2, 'require(path/to...', 'C:\\xampp\\htdocs...', 36)
#1 C:\xampp\htdocs\pdln\app\Controllers\Admin\PJUM.php(36): require()
#2 C:\xampp\htdocs\pdln\system\CodeIgniter.php(809): App\Controllers\Admin\PJUM->__construct()
#3 C:\xampp\htdocs\pdln\system\CodeIgniter.php(410): CodeIgniter\CodeIgniter->createController()
#4 C:\xampp\htdocs\pdln\system\CodeIgniter.php(326): CodeIgniter\CodeIgniter->handleRequest(NULL, Object(Config\Cache), false)
#5 C:\xampp\htdocs\pdln\index.php(37): CodeIgniter\CodeIgniter->run()
#6 {main}
CRITICAL - 2023-10-05 01:29:16 --> require(path/to/PHPMailer/PHPMailer/src/Exception.php): Failed to open stream: No such file or directory
#0 C:\xampp\htdocs\pdln\app\Controllers\Admin\PJUM.php(36): CodeIgniter\Debug\Exceptions->errorHandler(2, 'require(path/to...', 'C:\\xampp\\htdocs...', 36)
#1 C:\xampp\htdocs\pdln\app\Controllers\Admin\PJUM.php(36): require()
#2 C:\xampp\htdocs\pdln\system\CodeIgniter.php(809): App\Controllers\Admin\PJUM->__construct()
#3 C:\xampp\htdocs\pdln\system\CodeIgniter.php(410): CodeIgniter\CodeIgniter->createController()
#4 C:\xampp\htdocs\pdln\system\CodeIgniter.php(326): CodeIgniter\CodeIgniter->handleRequest(NULL, Object(Config\Cache), false)
#5 C:\xampp\htdocs\pdln\index.php(37): CodeIgniter\CodeIgniter->run()
#6 {main}
CRITICAL - 2023-10-05 01:46:36 --> Class "App\Controllers\Admin\SMTP" not found
#0 C:\xampp\htdocs\pdln\system\CodeIgniter.php(832): App\Controllers\Admin\PJUM->datapjum('pjum', '1', '')
#1 C:\xampp\htdocs\pdln\system\CodeIgniter.php(419): CodeIgniter\CodeIgniter->runController(Object(App\Controllers\Admin\PJUM))
#2 C:\xampp\htdocs\pdln\system\CodeIgniter.php(326): CodeIgniter\CodeIgniter->handleRequest(NULL, Object(Config\Cache), false)
#3 C:\xampp\htdocs\pdln\index.php(37): CodeIgniter\CodeIgniter->run()
#4 {main}
CRITICAL - 2023-10-05 01:46:43 --> Class "App\Controllers\Admin\SMTP" not found
#0 C:\xampp\htdocs\pdln\system\CodeIgniter.php(832): App\Controllers\Admin\PJUM->datapjum('pjum', '1', '')
#1 C:\xampp\htdocs\pdln\system\CodeIgniter.php(419): CodeIgniter\CodeIgniter->runController(Object(App\Controllers\Admin\PJUM))
#2 C:\xampp\htdocs\pdln\system\CodeIgniter.php(326): CodeIgniter\CodeIgniter->handleRequest(NULL, Object(Config\Cache), false)
#3 C:\xampp\htdocs\pdln\index.php(37): CodeIgniter\CodeIgniter->run()
#4 {main}
CRITICAL - 2023-10-05 02:44:16 --> fopen(PB 09002.xlsx): Failed to open stream: Resource temporarily unavailable
#0 [internal function]: CodeIgniter\Debug\Exceptions->errorHandler(2, 'fopen(PB 09002....', 'C:\\xampp\\htdocs...', 128)
#1 C:\xampp\htdocs\pdln\vendor\phpoffice\phpspreadsheet\src\PhpSpreadsheet\Writer\BaseWriter.php(128): fopen('PB 09002.xlsx', 'wb')
#2 C:\xampp\htdocs\pdln\vendor\phpoffice\phpspreadsheet\src\PhpSpreadsheet\Writer\Xlsx.php(546): PhpOffice\PhpSpreadsheet\Writer\BaseWriter->openFileHandle('PB 09002.xlsx')
#3 C:\xampp\htdocs\pdln\app\Controllers\Admin\PB.php(538): PhpOffice\PhpSpreadsheet\Writer\Xlsx->save('PB 09002.xlsx')
#4 C:\xampp\htdocs\pdln\system\CodeIgniter.php(832): App\Controllers\Admin\PB->exportpb('pb', '1', '')
#5 C:\xampp\htdocs\pdln\system\CodeIgniter.php(419): CodeIgniter\CodeIgniter->runController(Object(App\Controllers\Admin\PB))
#6 C:\xampp\htdocs\pdln\system\CodeIgniter.php(326): CodeIgniter\CodeIgniter->handleRequest(NULL, Object(Config\Cache), false)
#7 C:\xampp\htdocs\pdln\index.php(37): CodeIgniter\CodeIgniter->run()
#8 {main}
CRITICAL - 2023-10-05 02:44:21 --> fopen(PB 09002.xlsx): Failed to open stream: Resource temporarily unavailable
#0 [internal function]: CodeIgniter\Debug\Exceptions->errorHandler(2, 'fopen(PB 09002....', 'C:\\xampp\\htdocs...', 128)
#1 C:\xampp\htdocs\pdln\vendor\phpoffice\phpspreadsheet\src\PhpSpreadsheet\Writer\BaseWriter.php(128): fopen('PB 09002.xlsx', 'wb')
#2 C:\xampp\htdocs\pdln\vendor\phpoffice\phpspreadsheet\src\PhpSpreadsheet\Writer\Xlsx.php(546): PhpOffice\PhpSpreadsheet\Writer\BaseWriter->openFileHandle('PB 09002.xlsx')
#3 C:\xampp\htdocs\pdln\app\Controllers\Admin\PB.php(538): PhpOffice\PhpSpreadsheet\Writer\Xlsx->save('PB 09002.xlsx')
#4 C:\xampp\htdocs\pdln\system\CodeIgniter.php(832): App\Controllers\Admin\PB->exportpb('pb', '1', '')
#5 C:\xampp\htdocs\pdln\system\CodeIgniter.php(419): CodeIgniter\CodeIgniter->runController(Object(App\Controllers\Admin\PB))
#6 C:\xampp\htdocs\pdln\system\CodeIgniter.php(326): CodeIgniter\CodeIgniter->handleRequest(NULL, Object(Config\Cache), false)
#7 C:\xampp\htdocs\pdln\index.php(37): CodeIgniter\CodeIgniter->run()
#8 {main}
ERROR - 2023-10-05 03:23:58 --> Unknown column 'negara_tujuan' in 'field list'
CRITICAL - 2023-10-05 03:23:58 --> Unknown column 'negara_tujuan' in 'field list'
#0 C:\xampp\htdocs\pdln\system\Database\MySQLi\Connection.php(292): mysqli->query('SELECT `negara_...', 0)
#1 C:\xampp\htdocs\pdln\system\Database\BaseConnection.php(670): CodeIgniter\Database\MySQLi\Connection->execute('SELECT `negara_...')
#2 C:\xampp\htdocs\pdln\system\Database\BaseConnection.php(598): CodeIgniter\Database\BaseConnection->simpleQuery('SELECT `negara_...')
#3 C:\xampp\htdocs\pdln\system\Database\BaseBuilder.php(1455): CodeIgniter\Database\BaseConnection->query('SELECT `negara_...', Array, false)
#4 C:\xampp\htdocs\pdln\system\Model.php(210): CodeIgniter\Database\BaseBuilder->get()
#5 C:\xampp\htdocs\pdln\system\BaseModel.php(622): CodeIgniter\Model->doFirst()
#6 C:\xampp\htdocs\pdln\app\Controllers\Admin\PB.php(448): CodeIgniter\BaseModel->first()
#7 C:\xampp\htdocs\pdln\system\CodeIgniter.php(832): App\Controllers\Admin\PB->exportpb('pb', '1', '')
#8 C:\xampp\htdocs\pdln\system\CodeIgniter.php(419): CodeIgniter\CodeIgniter->runController(Object(App\Controllers\Admin\PB))
#9 C:\xampp\htdocs\pdln\system\CodeIgniter.php(326): CodeIgniter\CodeIgniter->handleRequest(NULL, Object(Config\Cache), false)
#10 C:\xampp\htdocs\pdln\index.php(37): CodeIgniter\CodeIgniter->run()
#11 {main}
ERROR - 2023-10-05 03:24:06 --> Unknown column 'negara_tujuan' in 'field list'
CRITICAL - 2023-10-05 03:24:06 --> Unknown column 'negara_tujuan' in 'field list'
#0 C:\xampp\htdocs\pdln\system\Database\MySQLi\Connection.php(292): mysqli->query('SELECT `negara_...', 0)
#1 C:\xampp\htdocs\pdln\system\Database\BaseConnection.php(670): CodeIgniter\Database\MySQLi\Connection->execute('SELECT `negara_...')
#2 C:\xampp\htdocs\pdln\system\Database\BaseConnection.php(598): CodeIgniter\Database\BaseConnection->simpleQuery('SELECT `negara_...')
#3 C:\xampp\htdocs\pdln\system\Database\BaseBuilder.php(1455): CodeIgniter\Database\BaseConnection->query('SELECT `negara_...', Array, false)
#4 C:\xampp\htdocs\pdln\system\Model.php(210): CodeIgniter\Database\BaseBuilder->get()
#5 C:\xampp\htdocs\pdln\system\BaseModel.php(622): CodeIgniter\Model->doFirst()
#6 C:\xampp\htdocs\pdln\app\Controllers\Admin\PB.php(448): CodeIgniter\BaseModel->first()
#7 C:\xampp\htdocs\pdln\system\CodeIgniter.php(832): App\Controllers\Admin\PB->exportpb('pb', '1', '')
#8 C:\xampp\htdocs\pdln\system\CodeIgniter.php(419): CodeIgniter\CodeIgniter->runController(Object(App\Controllers\Admin\PB))
#9 C:\xampp\htdocs\pdln\system\CodeIgniter.php(326): CodeIgniter\CodeIgniter->handleRequest(NULL, Object(Config\Cache), false)
#10 C:\xampp\htdocs\pdln\index.php(37): CodeIgniter\CodeIgniter->run()
#11 {main}
ERROR - 2023-10-05 03:24:43 --> Unknown column 'negara_tujuan' in 'field list'
CRITICAL - 2023-10-05 03:24:43 --> Unknown column 'negara_tujuan' in 'field list'
#0 C:\xampp\htdocs\pdln\system\Database\MySQLi\Connection.php(292): mysqli->query('SELECT `negara_...', 0)
#1 C:\xampp\htdocs\pdln\system\Database\BaseConnection.php(670): CodeIgniter\Database\MySQLi\Connection->execute('SELECT `negara_...')
#2 C:\xampp\htdocs\pdln\system\Database\BaseConnection.php(598): CodeIgniter\Database\BaseConnection->simpleQuery('SELECT `negara_...')
#3 C:\xampp\htdocs\pdln\system\Database\BaseBuilder.php(1455): CodeIgniter\Database\BaseConnection->query('SELECT `negara_...', Array, false)
#4 C:\xampp\htdocs\pdln\system\Model.php(210): CodeIgniter\Database\BaseBuilder->get()
#5 C:\xampp\htdocs\pdln\system\BaseModel.php(622): CodeIgniter\Model->doFirst()
#6 C:\xampp\htdocs\pdln\app\Controllers\Admin\PB.php(448): CodeIgniter\BaseModel->first()
#7 C:\xampp\htdocs\pdln\system\CodeIgniter.php(832): App\Controllers\Admin\PB->exportpb('pb', '1', '')
#8 C:\xampp\htdocs\pdln\system\CodeIgniter.php(419): CodeIgniter\CodeIgniter->runController(Object(App\Controllers\Admin\PB))
#9 C:\xampp\htdocs\pdln\system\CodeIgniter.php(326): CodeIgniter\CodeIgniter->handleRequest(NULL, Object(Config\Cache), false)
#10 C:\xampp\htdocs\pdln\index.php(37): CodeIgniter\CodeIgniter->run()
#11 {main}
ERROR - 2023-10-05 03:25:43 --> Unknown column 'nik' in 'field list'
CRITICAL - 2023-10-05 03:25:43 --> Unknown column 'nik' in 'field list'
#0 C:\xampp\htdocs\pdln\system\Database\MySQLi\Connection.php(292): mysqli->query('SELECT `nik`\nFR...', 0)
#1 C:\xampp\htdocs\pdln\system\Database\BaseConnection.php(670): CodeIgniter\Database\MySQLi\Connection->execute('SELECT `nik`\nFR...')
#2 C:\xampp\htdocs\pdln\system\Database\BaseConnection.php(598): CodeIgniter\Database\BaseConnection->simpleQuery('SELECT `nik`\nFR...')
#3 C:\xampp\htdocs\pdln\system\Database\BaseBuilder.php(1455): CodeIgniter\Database\BaseConnection->query('SELECT `nik`\nFR...', Array, false)
#4 C:\xampp\htdocs\pdln\system\Model.php(210): CodeIgniter\Database\BaseBuilder->get()
#5 C:\xampp\htdocs\pdln\system\BaseModel.php(622): CodeIgniter\Model->doFirst()
#6 C:\xampp\htdocs\pdln\app\Controllers\Admin\PB.php(450): CodeIgniter\BaseModel->first()
#7 C:\xampp\htdocs\pdln\system\CodeIgniter.php(832): App\Controllers\Admin\PB->exportpb('pb', '1', '')
#8 C:\xampp\htdocs\pdln\system\CodeIgniter.php(419): CodeIgniter\CodeIgniter->runController(Object(App\Controllers\Admin\PB))
#9 C:\xampp\htdocs\pdln\system\CodeIgniter.php(326): CodeIgniter\CodeIgniter->handleRequest(NULL, Object(Config\Cache), false)
#10 C:\xampp\htdocs\pdln\index.php(37): CodeIgniter\CodeIgniter->run()
#11 {main}
CRITICAL - 2023-10-05 03:26:15 --> Cannot access offset of type string on string
#0 C:\xampp\htdocs\pdln\system\CodeIgniter.php(832): App\Controllers\Admin\PB->exportpb('pb', '1', '')
#1 C:\xampp\htdocs\pdln\system\CodeIgniter.php(419): CodeIgniter\CodeIgniter->runController(Object(App\Controllers\Admin\PB))
#2 C:\xampp\htdocs\pdln\system\CodeIgniter.php(326): CodeIgniter\CodeIgniter->handleRequest(NULL, Object(Config\Cache), false)
#3 C:\xampp\htdocs\pdln\index.php(37): CodeIgniter\CodeIgniter->run()
#4 {main}
CRITICAL - 2023-10-05 03:27:07 --> foreach() argument must be of type array|object, string given
#0 C:\xampp\htdocs\pdln\app\Controllers\Admin\PB.php(459): CodeIgniter\Debug\Exceptions->errorHandler(2, 'foreach() argum...', 'C:\\xampp\\htdocs...', 459)
#1 C:\xampp\htdocs\pdln\system\CodeIgniter.php(832): App\Controllers\Admin\PB->exportpb('pb', '1', '')
#2 C:\xampp\htdocs\pdln\system\CodeIgniter.php(419): CodeIgniter\CodeIgniter->runController(Object(App\Controllers\Admin\PB))
#3 C:\xampp\htdocs\pdln\system\CodeIgniter.php(326): CodeIgniter\CodeIgniter->handleRequest(NULL, Object(Config\Cache), false)
#4 C:\xampp\htdocs\pdln\index.php(37): CodeIgniter\CodeIgniter->run()
#5 {main}
CRITICAL - 2023-10-05 03:35:17 --> Array to string conversion
#0 C:\xampp\htdocs\pdln\app\Controllers\Admin\PB.php(461): CodeIgniter\Debug\Exceptions->errorHandler(2, 'Array to string...', 'C:\\xampp\\htdocs...', 461)
#1 C:\xampp\htdocs\pdln\system\CodeIgniter.php(832): App\Controllers\Admin\PB->exportpb('pb', '1', '')
#2 C:\xampp\htdocs\pdln\system\CodeIgniter.php(419): CodeIgniter\CodeIgniter->runController(Object(App\Controllers\Admin\PB))
#3 C:\xampp\htdocs\pdln\system\CodeIgniter.php(326): CodeIgniter\CodeIgniter->handleRequest(NULL, Object(Config\Cache), false)
#4 C:\xampp\htdocs\pdln\index.php(37): CodeIgniter\CodeIgniter->run()
#5 {main}
CRITICAL - 2023-10-05 03:35:23 --> Array to string conversion
#0 C:\xampp\htdocs\pdln\app\Controllers\Admin\PB.php(461): CodeIgniter\Debug\Exceptions->errorHandler(2, 'Array to string...', 'C:\\xampp\\htdocs...', 461)
#1 C:\xampp\htdocs\pdln\system\CodeIgniter.php(832): App\Controllers\Admin\PB->exportpb('pb', '1', '')
#2 C:\xampp\htdocs\pdln\system\CodeIgniter.php(419): CodeIgniter\CodeIgniter->runController(Object(App\Controllers\Admin\PB))
#3 C:\xampp\htdocs\pdln\system\CodeIgniter.php(326): CodeIgniter\CodeIgniter->handleRequest(NULL, Object(Config\Cache), false)
#4 C:\xampp\htdocs\pdln\index.php(37): CodeIgniter\CodeIgniter->run()
#5 {main}
CRITICAL - 2023-10-05 03:35:41 --> Array to string conversion
#0 C:\xampp\htdocs\pdln\app\Controllers\Admin\PB.php(460): CodeIgniter\Debug\Exceptions->errorHandler(2, 'Array to string...', 'C:\\xampp\\htdocs...', 460)
#1 C:\xampp\htdocs\pdln\system\CodeIgniter.php(832): App\Controllers\Admin\PB->exportpb('pb', '1', '')
#2 C:\xampp\htdocs\pdln\system\CodeIgniter.php(419): CodeIgniter\CodeIgniter->runController(Object(App\Controllers\Admin\PB))
#3 C:\xampp\htdocs\pdln\system\CodeIgniter.php(326): CodeIgniter\CodeIgniter->handleRequest(NULL, Object(Config\Cache), false)
#4 C:\xampp\htdocs\pdln\index.php(37): CodeIgniter\CodeIgniter->run()
#5 {main}
CRITICAL - 2023-10-05 03:37:52 --> Array to string conversion
#0 C:\xampp\htdocs\pdln\app\Controllers\Admin\PB.php(459): CodeIgniter\Debug\Exceptions->errorHandler(2, 'Array to string...', 'C:\\xampp\\htdocs...', 459)
#1 C:\xampp\htdocs\pdln\system\CodeIgniter.php(832): App\Controllers\Admin\PB->exportpb('pb', '1', '')
#2 C:\xampp\htdocs\pdln\system\CodeIgniter.php(419): CodeIgniter\CodeIgniter->runController(Object(App\Controllers\Admin\PB))
#3 C:\xampp\htdocs\pdln\system\CodeIgniter.php(326): CodeIgniter\CodeIgniter->handleRequest(NULL, Object(Config\Cache), false)
#4 C:\xampp\htdocs\pdln\index.php(37): CodeIgniter\CodeIgniter->run()
#5 {main}
CRITICAL - 2023-10-05 03:37:58 --> Array to string conversion
#0 C:\xampp\htdocs\pdln\app\Controllers\Admin\PB.php(459): CodeIgniter\Debug\Exceptions->errorHandler(2, 'Array to string...', 'C:\\xampp\\htdocs...', 459)
#1 C:\xampp\htdocs\pdln\system\CodeIgniter.php(832): App\Controllers\Admin\PB->exportpb('pb', '1', '')
#2 C:\xampp\htdocs\pdln\system\CodeIgniter.php(419): CodeIgniter\CodeIgniter->runController(Object(App\Controllers\Admin\PB))
#3 C:\xampp\htdocs\pdln\system\CodeIgniter.php(326): CodeIgniter\CodeIgniter->handleRequest(NULL, Object(Config\Cache), false)
#4 C:\xampp\htdocs\pdln\index.php(37): CodeIgniter\CodeIgniter->run()
#5 {main}
CRITICAL - 2023-10-05 03:39:08 --> Undefined array key "negara_tujuan"
#0 C:\xampp\htdocs\pdln\app\Controllers\Admin\PB.php(459): CodeIgniter\Debug\Exceptions->errorHandler(2, 'Undefined array...', 'C:\\xampp\\htdocs...', 459)
#1 C:\xampp\htdocs\pdln\system\CodeIgniter.php(832): App\Controllers\Admin\PB->exportpb('pb', '1', '')
#2 C:\xampp\htdocs\pdln\system\CodeIgniter.php(419): CodeIgniter\CodeIgniter->runController(Object(App\Controllers\Admin\PB))
#3 C:\xampp\htdocs\pdln\system\CodeIgniter.php(326): CodeIgniter\CodeIgniter->handleRequest(NULL, Object(Config\Cache), false)
#4 C:\xampp\htdocs\pdln\index.php(37): CodeIgniter\CodeIgniter->run()
#5 {main}
CRITICAL - 2023-10-05 03:39:13 --> Undefined array key "negara_tujuan"
#0 C:\xampp\htdocs\pdln\app\Controllers\Admin\PB.php(459): CodeIgniter\Debug\Exceptions->errorHandler(2, 'Undefined array...', 'C:\\xampp\\htdocs...', 459)
#1 C:\xampp\htdocs\pdln\system\CodeIgniter.php(832): App\Controllers\Admin\PB->exportpb('pb', '1', '')
#2 C:\xampp\htdocs\pdln\system\CodeIgniter.php(419): CodeIgniter\CodeIgniter->runController(Object(App\Controllers\Admin\PB))
#3 C:\xampp\htdocs\pdln\system\CodeIgniter.php(326): CodeIgniter\CodeIgniter->handleRequest(NULL, Object(Config\Cache), false)
#4 C:\xampp\htdocs\pdln\index.php(37): CodeIgniter\CodeIgniter->run()
#5 {main}
CRITICAL - 2023-10-05 03:48:16 --> fopen(PB 09002.xlsx): Failed to open stream: Resource temporarily unavailable
#0 [internal function]: CodeIgniter\Debug\Exceptions->errorHandler(2, 'fopen(PB 09002....', 'C:\\xampp\\htdocs...', 128)
#1 C:\xampp\htdocs\pdln\vendor\phpoffice\phpspreadsheet\src\PhpSpreadsheet\Writer\BaseWriter.php(128): fopen('PB 09002.xlsx', 'wb')
#2 C:\xampp\htdocs\pdln\vendor\phpoffice\phpspreadsheet\src\PhpSpreadsheet\Writer\Xlsx.php(546): PhpOffice\PhpSpreadsheet\Writer\BaseWriter->openFileHandle('PB 09002.xlsx')
#3 C:\xampp\htdocs\pdln\app\Controllers\Admin\PB.php(535): PhpOffice\PhpSpreadsheet\Writer\Xlsx->save('PB 09002.xlsx')
#4 C:\xampp\htdocs\pdln\system\CodeIgniter.php(832): App\Controllers\Admin\PB->exportpb('pb', '1', '')
#5 C:\xampp\htdocs\pdln\system\CodeIgniter.php(419): CodeIgniter\CodeIgniter->runController(Object(App\Controllers\Admin\PB))
#6 C:\xampp\htdocs\pdln\system\CodeIgniter.php(326): CodeIgniter\CodeIgniter->handleRequest(NULL, Object(Config\Cache), false)
#7 C:\xampp\htdocs\pdln\index.php(37): CodeIgniter\CodeIgniter->run()
#8 {main}
CRITICAL - 2023-10-05 03:48:27 --> fopen(PB 09002.xlsx): Failed to open stream: Resource temporarily unavailable
#0 [internal function]: CodeIgniter\Debug\Exceptions->errorHandler(2, 'fopen(PB 09002....', 'C:\\xampp\\htdocs...', 128)
#1 C:\xampp\htdocs\pdln\vendor\phpoffice\phpspreadsheet\src\PhpSpreadsheet\Writer\BaseWriter.php(128): fopen('PB 09002.xlsx', 'wb')
#2 C:\xampp\htdocs\pdln\vendor\phpoffice\phpspreadsheet\src\PhpSpreadsheet\Writer\Xlsx.php(546): PhpOffice\PhpSpreadsheet\Writer\BaseWriter->openFileHandle('PB 09002.xlsx')
#3 C:\xampp\htdocs\pdln\app\Controllers\Admin\PB.php(535): PhpOffice\PhpSpreadsheet\Writer\Xlsx->save('PB 09002.xlsx')
#4 C:\xampp\htdocs\pdln\system\CodeIgniter.php(832): App\Controllers\Admin\PB->exportpb('pb', '1', '')
#5 C:\xampp\htdocs\pdln\system\CodeIgniter.php(419): CodeIgniter\CodeIgniter->runController(Object(App\Controllers\Admin\PB))
#6 C:\xampp\htdocs\pdln\system\CodeIgniter.php(326): CodeIgniter\CodeIgniter->handleRequest(NULL, Object(Config\Cache), false)
#7 C:\xampp\htdocs\pdln\index.php(37): CodeIgniter\CodeIgniter->run()
#8 {main}
CRITICAL - 2023-10-05 03:53:06 --> Undefined array key "negara_tujuan"
#0 C:\xampp\htdocs\pdln\app\Controllers\Admin\PB.php(459): CodeIgniter\Debug\Exceptions->errorHandler(2, 'Undefined array...', 'C:\\xampp\\htdocs...', 459)
#1 C:\xampp\htdocs\pdln\system\CodeIgniter.php(832): App\Controllers\Admin\PB->exportpb('pb', '1', '')
#2 C:\xampp\htdocs\pdln\system\CodeIgniter.php(419): CodeIgniter\CodeIgniter->runController(Object(App\Controllers\Admin\PB))
#3 C:\xampp\htdocs\pdln\system\CodeIgniter.php(326): CodeIgniter\CodeIgniter->handleRequest(NULL, Object(Config\Cache), false)
#4 C:\xampp\htdocs\pdln\index.php(37): CodeIgniter\CodeIgniter->run()
#5 {main}
CRITICAL - 2023-10-05 03:53:15 --> Undefined array key "negara_tujuan"
#0 C:\xampp\htdocs\pdln\app\Controllers\Admin\PB.php(459): CodeIgniter\Debug\Exceptions->errorHandler(2, 'Undefined array...', 'C:\\xampp\\htdocs...', 459)
#1 C:\xampp\htdocs\pdln\system\CodeIgniter.php(832): App\Controllers\Admin\PB->exportpb('pb', '1', '')
#2 C:\xampp\htdocs\pdln\system\CodeIgniter.php(419): CodeIgniter\CodeIgniter->runController(Object(App\Controllers\Admin\PB))
#3 C:\xampp\htdocs\pdln\system\CodeIgniter.php(326): CodeIgniter\CodeIgniter->handleRequest(NULL, Object(Config\Cache), false)
#4 C:\xampp\htdocs\pdln\index.php(37): CodeIgniter\CodeIgniter->run()
#5 {main}
CRITICAL - 2023-10-05 03:54:00 --> Undefined array key "negara_tujuan"
#0 C:\xampp\htdocs\pdln\app\Controllers\Admin\PB.php(459): CodeIgniter\Debug\Exceptions->errorHandler(2, 'Undefined array...', 'C:\\xampp\\htdocs...', 459)
#1 C:\xampp\htdocs\pdln\system\CodeIgniter.php(832): App\Controllers\Admin\PB->exportpb('pb', '1', '')
#2 C:\xampp\htdocs\pdln\system\CodeIgniter.php(419): CodeIgniter\CodeIgniter->runController(Object(App\Controllers\Admin\PB))
#3 C:\xampp\htdocs\pdln\system\CodeIgniter.php(326): CodeIgniter\CodeIgniter->handleRequest(NULL, Object(Config\Cache), false)
#4 C:\xampp\htdocs\pdln\index.php(37): CodeIgniter\CodeIgniter->run()
#5 {main}
CRITICAL - 2023-10-05 03:54:13 --> Array to string conversion
#0 C:\xampp\htdocs\pdln\app\Controllers\Admin\PB.php(459): CodeIgniter\Debug\Exceptions->errorHandler(2, 'Array to string...', 'C:\\xampp\\htdocs...', 459)
#1 C:\xampp\htdocs\pdln\system\CodeIgniter.php(832): App\Controllers\Admin\PB->exportpb('pb', '1', '')
#2 C:\xampp\htdocs\pdln\system\CodeIgniter.php(419): CodeIgniter\CodeIgniter->runController(Object(App\Controllers\Admin\PB))
#3 C:\xampp\htdocs\pdln\system\CodeIgniter.php(326): CodeIgniter\CodeIgniter->handleRequest(NULL, Object(Config\Cache), false)
#4 C:\xampp\htdocs\pdln\index.php(37): CodeIgniter\CodeIgniter->run()
#5 {main}
CRITICAL - 2023-10-05 03:54:31 --> Cannot use object of type App\Models\NegaraTujuanModel as array
#0 C:\xampp\htdocs\pdln\system\CodeIgniter.php(832): App\Controllers\Admin\PB->exportpb('pb', '1', '')
#1 C:\xampp\htdocs\pdln\system\CodeIgniter.php(419): CodeIgniter\CodeIgniter->runController(Object(App\Controllers\Admin\PB))
#2 C:\xampp\htdocs\pdln\system\CodeIgniter.php(326): CodeIgniter\CodeIgniter->handleRequest(NULL, Object(Config\Cache), false)
#3 C:\xampp\htdocs\pdln\index.php(37): CodeIgniter\CodeIgniter->run()
#4 {main}
CRITICAL - 2023-10-05 03:59:41 --> Undefined array key "negara_tujuan"
#0 C:\xampp\htdocs\pdln\app\Controllers\Admin\PB.php(459): CodeIgniter\Debug\Exceptions->errorHandler(2, 'Undefined array...', 'C:\\xampp\\htdocs...', 459)
#1 C:\xampp\htdocs\pdln\system\CodeIgniter.php(832): App\Controllers\Admin\PB->exportpb('pb', '1', '')
#2 C:\xampp\htdocs\pdln\system\CodeIgniter.php(419): CodeIgniter\CodeIgniter->runController(Object(App\Controllers\Admin\PB))
#3 C:\xampp\htdocs\pdln\system\CodeIgniter.php(326): CodeIgniter\CodeIgniter->handleRequest(NULL, Object(Config\Cache), false)
#4 C:\xampp\htdocs\pdln\index.php(37): CodeIgniter\CodeIgniter->run()
#5 {main}
CRITICAL - 2023-10-05 04:04:17 --> Object of class PhpOffice\PhpSpreadsheet\Worksheet\Worksheet could not be converted to string
#0 C:\xampp\htdocs\pdln\system\CodeIgniter.php(832): App\Controllers\Admin\PB->exportpb('pb', '1', '')
#1 C:\xampp\htdocs\pdln\system\CodeIgniter.php(419): CodeIgniter\CodeIgniter->runController(Object(App\Controllers\Admin\PB))
#2 C:\xampp\htdocs\pdln\system\CodeIgniter.php(326): CodeIgniter\CodeIgniter->handleRequest(NULL, Object(Config\Cache), false)
#3 C:\xampp\htdocs\pdln\index.php(37): CodeIgniter\CodeIgniter->run()
#4 {main}
CRITICAL - 2023-10-05 04:04:28 --> Object of class PhpOffice\PhpSpreadsheet\Worksheet\Worksheet could not be converted to string
#0 C:\xampp\htdocs\pdln\system\CodeIgniter.php(832): App\Controllers\Admin\PB->exportpb('pb', '1', '')
#1 C:\xampp\htdocs\pdln\system\CodeIgniter.php(419): CodeIgniter\CodeIgniter->runController(Object(App\Controllers\Admin\PB))
#2 C:\xampp\htdocs\pdln\system\CodeIgniter.php(326): CodeIgniter\CodeIgniter->handleRequest(NULL, Object(Config\Cache), false)
#3 C:\xampp\htdocs\pdln\index.php(37): CodeIgniter\CodeIgniter->run()
#4 {main}
CRITICAL - 2023-10-05 04:05:05 --> Object of class PhpOffice\PhpSpreadsheet\Worksheet\Worksheet could not be converted to string
#0 C:\xampp\htdocs\pdln\system\CodeIgniter.php(832): App\Controllers\Admin\PB->exportpb('pb', '1', '')
#1 C:\xampp\htdocs\pdln\system\CodeIgniter.php(419): CodeIgniter\CodeIgniter->runController(Object(App\Controllers\Admin\PB))
#2 C:\xampp\htdocs\pdln\system\CodeIgniter.php(326): CodeIgniter\CodeIgniter->handleRequest(NULL, Object(Config\Cache), false)
#3 C:\xampp\htdocs\pdln\index.php(37): CodeIgniter\CodeIgniter->run()
#4 {main}
CRITICAL - 2023-10-05 04:05:10 --> Object of class PhpOffice\PhpSpreadsheet\Worksheet\Worksheet could not be converted to string
#0 C:\xampp\htdocs\pdln\system\CodeIgniter.php(832): App\Controllers\Admin\PB->exportpb('pb', '1', '')
#1 C:\xampp\htdocs\pdln\system\CodeIgniter.php(419): CodeIgniter\CodeIgniter->runController(Object(App\Controllers\Admin\PB))
#2 C:\xampp\htdocs\pdln\system\CodeIgniter.php(326): CodeIgniter\CodeIgniter->handleRequest(NULL, Object(Config\Cache), false)
#3 C:\xampp\htdocs\pdln\index.php(37): CodeIgniter\CodeIgniter->run()
#4 {main}
CRITICAL - 2023-10-05 20:11:17 --> Undefined variable $value
#0 C:\xampp\htdocs\pdln\app\Controllers\Admin\PB.php(467): CodeIgniter\Debug\Exceptions->errorHandler(2, 'Undefined varia...', 'C:\\xampp\\htdocs...', 467)
#1 C:\xampp\htdocs\pdln\system\CodeIgniter.php(832): App\Controllers\Admin\PB->exportpb('pb', '1', '')
#2 C:\xampp\htdocs\pdln\system\CodeIgniter.php(419): CodeIgniter\CodeIgniter->runController(Object(App\Controllers\Admin\PB))
#3 C:\xampp\htdocs\pdln\system\CodeIgniter.php(326): CodeIgniter\CodeIgniter->handleRequest(NULL, Object(Config\Cache), false)
#4 C:\xampp\htdocs\pdln\index.php(37): CodeIgniter\CodeIgniter->run()
#5 {main}
CRITICAL - 2023-10-05 20:11:34 --> Undefined variable $value
#0 C:\xampp\htdocs\pdln\app\Controllers\Admin\PB.php(467): CodeIgniter\Debug\Exceptions->errorHandler(2, 'Undefined varia...', 'C:\\xampp\\htdocs...', 467)
#1 C:\xampp\htdocs\pdln\system\CodeIgniter.php(832): App\Controllers\Admin\PB->exportpb('pb', '1', '')
#2 C:\xampp\htdocs\pdln\system\CodeIgniter.php(419): CodeIgniter\CodeIgniter->runController(Object(App\Controllers\Admin\PB))
#3 C:\xampp\htdocs\pdln\system\CodeIgniter.php(326): CodeIgniter\CodeIgniter->handleRequest(NULL, Object(Config\Cache), false)
#4 C:\xampp\htdocs\pdln\index.php(37): CodeIgniter\CodeIgniter->run()
#5 {main}
CRITICAL - 2023-10-05 20:11:56 --> Undefined variable $value
#0 C:\xampp\htdocs\pdln\app\Controllers\Admin\PB.php(467): CodeIgniter\Debug\Exceptions->errorHandler(2, 'Undefined varia...', 'C:\\xampp\\htdocs...', 467)
#1 C:\xampp\htdocs\pdln\system\CodeIgniter.php(832): App\Controllers\Admin\PB->exportpb('pb', '1', '')
#2 C:\xampp\htdocs\pdln\system\CodeIgniter.php(419): CodeIgniter\CodeIgniter->runController(Object(App\Controllers\Admin\PB))
#3 C:\xampp\htdocs\pdln\system\CodeIgniter.php(326): CodeIgniter\CodeIgniter->handleRequest(NULL, Object(Config\Cache), false)
#4 C:\xampp\htdocs\pdln\index.php(37): CodeIgniter\CodeIgniter->run()
#5 {main}
CRITICAL - 2023-10-05 20:35:28 --> Undefined array key "negara_tujuan"
#0 C:\xampp\htdocs\pdln\app\Controllers\Admin\PB.php(464): CodeIgniter\Debug\Exceptions->errorHandler(2, 'Undefined array...', 'C:\\xampp\\htdocs...', 464)
#1 C:\xampp\htdocs\pdln\system\CodeIgniter.php(832): App\Controllers\Admin\PB->exportpb('pb', '1', '')
#2 C:\xampp\htdocs\pdln\system\CodeIgniter.php(419): CodeIgniter\CodeIgniter->runController(Object(App\Controllers\Admin\PB))
#3 C:\xampp\htdocs\pdln\system\CodeIgniter.php(326): CodeIgniter\CodeIgniter->handleRequest(NULL, Object(Config\Cache), false)
#4 C:\xampp\htdocs\pdln\index.php(37): CodeIgniter\CodeIgniter->run()
#5 {main}
CRITICAL - 2023-10-05 20:36:17 --> Undefined array key "negara_tujuan"
#0 C:\xampp\htdocs\pdln\app\Controllers\Admin\PB.php(465): CodeIgniter\Debug\Exceptions->errorHandler(2, 'Undefined array...', 'C:\\xampp\\htdocs...', 465)
#1 C:\xampp\htdocs\pdln\system\CodeIgniter.php(832): App\Controllers\Admin\PB->exportpb('pb', '1', '')
#2 C:\xampp\htdocs\pdln\system\CodeIgniter.php(419): CodeIgniter\CodeIgniter->runController(Object(App\Controllers\Admin\PB))
#3 C:\xampp\htdocs\pdln\system\CodeIgniter.php(326): CodeIgniter\CodeIgniter->handleRequest(NULL, Object(Config\Cache), false)
#4 C:\xampp\htdocs\pdln\index.php(37): CodeIgniter\CodeIgniter->run()
#5 {main}
CRITICAL - 2023-10-05 20:37:42 --> fopen(PB 09002.xlsx): Failed to open stream: Resource temporarily unavailable
#0 [internal function]: CodeIgniter\Debug\Exceptions->errorHandler(2, 'fopen(PB 09002....', 'C:\\xampp\\htdocs...', 128)
#1 C:\xampp\htdocs\pdln\vendor\phpoffice\phpspreadsheet\src\PhpSpreadsheet\Writer\BaseWriter.php(128): fopen('PB 09002.xlsx', 'wb')
#2 C:\xampp\htdocs\pdln\vendor\phpoffice\phpspreadsheet\src\PhpSpreadsheet\Writer\Xlsx.php(546): PhpOffice\PhpSpreadsheet\Writer\BaseWriter->openFileHandle('PB 09002.xlsx')
#3 C:\xampp\htdocs\pdln\app\Controllers\Admin\PB.php(541): PhpOffice\PhpSpreadsheet\Writer\Xlsx->save('PB 09002.xlsx')
#4 C:\xampp\htdocs\pdln\system\CodeIgniter.php(832): App\Controllers\Admin\PB->exportpb('pb', '1', '')
#5 C:\xampp\htdocs\pdln\system\CodeIgniter.php(419): CodeIgniter\CodeIgniter->runController(Object(App\Controllers\Admin\PB))
#6 C:\xampp\htdocs\pdln\system\CodeIgniter.php(326): CodeIgniter\CodeIgniter->handleRequest(NULL, Object(Config\Cache), false)
#7 C:\xampp\htdocs\pdln\index.php(37): CodeIgniter\CodeIgniter->run()
#8 {main}
CRITICAL - 2023-10-05 20:37:47 --> fopen(PB 09002.xlsx): Failed to open stream: Resource temporarily unavailable
#0 [internal function]: CodeIgniter\Debug\Exceptions->errorHandler(2, 'fopen(PB 09002....', 'C:\\xampp\\htdocs...', 128)
#1 C:\xampp\htdocs\pdln\vendor\phpoffice\phpspreadsheet\src\PhpSpreadsheet\Writer\BaseWriter.php(128): fopen('PB 09002.xlsx', 'wb')
#2 C:\xampp\htdocs\pdln\vendor\phpoffice\phpspreadsheet\src\PhpSpreadsheet\Writer\Xlsx.php(546): PhpOffice\PhpSpreadsheet\Writer\BaseWriter->openFileHandle('PB 09002.xlsx')
#3 C:\xampp\htdocs\pdln\app\Controllers\Admin\PB.php(541): PhpOffice\PhpSpreadsheet\Writer\Xlsx->save('PB 09002.xlsx')
#4 C:\xampp\htdocs\pdln\system\CodeIgniter.php(832): App\Controllers\Admin\PB->exportpb('pb', '1', '')
#5 C:\xampp\htdocs\pdln\system\CodeIgniter.php(419): CodeIgniter\CodeIgniter->runController(Object(App\Controllers\Admin\PB))
#6 C:\xampp\htdocs\pdln\system\CodeIgniter.php(326): CodeIgniter\CodeIgniter->handleRequest(NULL, Object(Config\Cache), false)
#7 C:\xampp\htdocs\pdln\index.php(37): CodeIgniter\CodeIgniter->run()
#8 {main}
CRITICAL - 2023-10-05 20:39:37 --> Undefined array key "negara_tujuan"
#0 C:\xampp\htdocs\pdln\app\Controllers\Admin\PB.php(466): CodeIgniter\Debug\Exceptions->errorHandler(2, 'Undefined array...', 'C:\\xampp\\htdocs...', 466)
#1 C:\xampp\htdocs\pdln\system\CodeIgniter.php(832): App\Controllers\Admin\PB->exportpb('pb', '1', '')
#2 C:\xampp\htdocs\pdln\system\CodeIgniter.php(419): CodeIgniter\CodeIgniter->runController(Object(App\Controllers\Admin\PB))
#3 C:\xampp\htdocs\pdln\system\CodeIgniter.php(326): CodeIgniter\CodeIgniter->handleRequest(NULL, Object(Config\Cache), false)
#4 C:\xampp\htdocs\pdln\index.php(37): CodeIgniter\CodeIgniter->run()
#5 {main}
CRITICAL - 2023-10-05 20:39:43 --> Undefined array key "negara_tujuan"
#0 C:\xampp\htdocs\pdln\app\Controllers\Admin\PB.php(466): CodeIgniter\Debug\Exceptions->errorHandler(2, 'Undefined array...', 'C:\\xampp\\htdocs...', 466)
#1 C:\xampp\htdocs\pdln\system\CodeIgniter.php(832): App\Controllers\Admin\PB->exportpb('pb', '1', '')
#2 C:\xampp\htdocs\pdln\system\CodeIgniter.php(419): CodeIgniter\CodeIgniter->runController(Object(App\Controllers\Admin\PB))
#3 C:\xampp\htdocs\pdln\system\CodeIgniter.php(326): CodeIgniter\CodeIgniter->handleRequest(NULL, Object(Config\Cache), false)
#4 C:\xampp\htdocs\pdln\index.php(37): CodeIgniter\CodeIgniter->run()
#5 {main}
CRITICAL - 2023-10-05 20:42:13 --> preg_match(): Argument #2 ($subject) must be of type string, array given
#0 C:\xampp\htdocs\pdln\vendor\phpoffice\phpspreadsheet\src\PhpSpreadsheet\Cell\DefaultValueBinder.php(63): preg_match('/^[\\+\\-]?(\\d+\\....', Array)
#1 C:\xampp\htdocs\pdln\vendor\phpoffice\phpspreadsheet\src\PhpSpreadsheet\Cell\DefaultValueBinder.php(35): PhpOffice\PhpSpreadsheet\Cell\DefaultValueBinder::dataTypeForValue(Array)
#2 C:\xampp\htdocs\pdln\vendor\phpoffice\phpspreadsheet\src\PhpSpreadsheet\Cell\Cell.php(237): PhpOffice\PhpSpreadsheet\Cell\DefaultValueBinder->bindValue(Object(PhpOffice\PhpSpreadsheet\Cell\Cell), Array)
#3 C:\xampp\htdocs\pdln\vendor\phpoffice\phpspreadsheet\src\PhpSpreadsheet\Worksheet\Worksheet.php(1179): PhpOffice\PhpSpreadsheet\Cell\Cell->setValue(Array, Object(PhpOffice\PhpSpreadsheet\Cell\DefaultValueBinder))
#4 C:\xampp\htdocs\pdln\app\Controllers\Admin\PB.php(466): PhpOffice\PhpSpreadsheet\Worksheet\Worksheet->setCellValue('B1', Array)
#5 C:\xampp\htdocs\pdln\system\CodeIgniter.php(832): App\Controllers\Admin\PB->exportpb('pb', '1', '')
#6 C:\xampp\htdocs\pdln\system\CodeIgniter.php(419): CodeIgniter\CodeIgniter->runController(Object(App\Controllers\Admin\PB))
#7 C:\xampp\htdocs\pdln\system\CodeIgniter.php(326): CodeIgniter\CodeIgniter->handleRequest(NULL, Object(Config\Cache), false)
#8 C:\xampp\htdocs\pdln\index.php(37): CodeIgniter\CodeIgniter->run()
#9 {main}
CRITICAL - 2023-10-05 20:46:34 --> Undefined variable $row
#0 C:\xampp\htdocs\pdln\app\Controllers\Admin\PB.php(472): CodeIgniter\Debug\Exceptions->errorHandler(2, 'Undefined varia...', 'C:\\xampp\\htdocs...', 472)
#1 C:\xampp\htdocs\pdln\system\CodeIgniter.php(832): App\Controllers\Admin\PB->exportpb('pb', '1', '')
#2 C:\xampp\htdocs\pdln\system\CodeIgniter.php(419): CodeIgniter\CodeIgniter->runController(Object(App\Controllers\Admin\PB))
#3 C:\xampp\htdocs\pdln\system\CodeIgniter.php(326): CodeIgniter\CodeIgniter->handleRequest(NULL, Object(Config\Cache), false)
#4 C:\xampp\htdocs\pdln\index.php(37): CodeIgniter\CodeIgniter->run()
#5 {main}
CRITICAL - 2023-10-05 20:46:39 --> Undefined variable $row
#0 C:\xampp\htdocs\pdln\app\Controllers\Admin\PB.php(472): CodeIgniter\Debug\Exceptions->errorHandler(2, 'Undefined varia...', 'C:\\xampp\\htdocs...', 472)
#1 C:\xampp\htdocs\pdln\system\CodeIgniter.php(832): App\Controllers\Admin\PB->exportpb('pb', '1', '')
#2 C:\xampp\htdocs\pdln\system\CodeIgniter.php(419): CodeIgniter\CodeIgniter->runController(Object(App\Controllers\Admin\PB))
#3 C:\xampp\htdocs\pdln\system\CodeIgniter.php(326): CodeIgniter\CodeIgniter->handleRequest(NULL, Object(Config\Cache), false)
#4 C:\xampp\htdocs\pdln\index.php(37): CodeIgniter\CodeIgniter->run()
#5 {main}
CRITICAL - 2023-10-05 20:57:18 --> preg_match(): Argument #2 ($subject) must be of type string, array given
#0 C:\xampp\htdocs\pdln\vendor\phpoffice\phpspreadsheet\src\PhpSpreadsheet\Cell\DefaultValueBinder.php(63): preg_match('/^[\\+\\-]?(\\d+\\....', Array)
#1 C:\xampp\htdocs\pdln\vendor\phpoffice\phpspreadsheet\src\PhpSpreadsheet\Cell\DefaultValueBinder.php(35): PhpOffice\PhpSpreadsheet\Cell\DefaultValueBinder::dataTypeForValue(Array)
#2 C:\xampp\htdocs\pdln\vendor\phpoffice\phpspreadsheet\src\PhpSpreadsheet\Cell\Cell.php(237): PhpOffice\PhpSpreadsheet\Cell\DefaultValueBinder->bindValue(Object(PhpOffice\PhpSpreadsheet\Cell\Cell), Array)
#3 C:\xampp\htdocs\pdln\vendor\phpoffice\phpspreadsheet\src\PhpSpreadsheet\Worksheet\Worksheet.php(3019): PhpOffice\PhpSpreadsheet\Cell\Cell->setValue(Array)
#4 C:\xampp\htdocs\pdln\app\Controllers\Admin\PB.php(473): PhpOffice\PhpSpreadsheet\Worksheet\Worksheet->fromArray(Array, NULL, 'B1')
#5 C:\xampp\htdocs\pdln\system\CodeIgniter.php(832): App\Controllers\Admin\PB->exportpb('pb', '1', '')
#6 C:\xampp\htdocs\pdln\system\CodeIgniter.php(419): CodeIgniter\CodeIgniter->runController(Object(App\Controllers\Admin\PB))
#7 C:\xampp\htdocs\pdln\system\CodeIgniter.php(326): CodeIgniter\CodeIgniter->handleRequest(NULL, Object(Config\Cache), false)
#8 C:\xampp\htdocs\pdln\index.php(37): CodeIgniter\CodeIgniter->run()
#9 {main}
CRITICAL - 2023-10-05 20:58:05 --> Cannot use [] for reading
#0 C:\xampp\htdocs\pdln\system\CodeIgniter.php(832): App\Controllers\Admin\PB->exportpb('pb', '1', '')
#1 C:\xampp\htdocs\pdln\system\CodeIgniter.php(419): CodeIgniter\CodeIgniter->runController(Object(App\Controllers\Admin\PB))
#2 C:\xampp\htdocs\pdln\system\CodeIgniter.php(326): CodeIgniter\CodeIgniter->handleRequest(NULL, Object(Config\Cache), false)
#3 C:\xampp\htdocs\pdln\index.php(37): CodeIgniter\CodeIgniter->run()
#4 {main}
CRITICAL - 2023-10-05 20:58:30 --> preg_match(): Argument #2 ($subject) must be of type string, array given
#0 C:\xampp\htdocs\pdln\vendor\phpoffice\phpspreadsheet\src\PhpSpreadsheet\Cell\DefaultValueBinder.php(63): preg_match('/^[\\+\\-]?(\\d+\\....', Array)
#1 C:\xampp\htdocs\pdln\vendor\phpoffice\phpspreadsheet\src\PhpSpreadsheet\Cell\DefaultValueBinder.php(35): PhpOffice\PhpSpreadsheet\Cell\DefaultValueBinder::dataTypeForValue(Array)
#2 C:\xampp\htdocs\pdln\vendor\phpoffice\phpspreadsheet\src\PhpSpreadsheet\Cell\Cell.php(237): PhpOffice\PhpSpreadsheet\Cell\DefaultValueBinder->bindValue(Object(PhpOffice\PhpSpreadsheet\Cell\Cell), Array)
#3 C:\xampp\htdocs\pdln\vendor\phpoffice\phpspreadsheet\src\PhpSpreadsheet\Worksheet\Worksheet.php(3019): PhpOffice\PhpSpreadsheet\Cell\Cell->setValue(Array)
#4 C:\xampp\htdocs\pdln\app\Controllers\Admin\PB.php(473): PhpOffice\PhpSpreadsheet\Worksheet\Worksheet->fromArray(Array, NULL, 'B1')
#5 C:\xampp\htdocs\pdln\system\CodeIgniter.php(832): App\Controllers\Admin\PB->exportpb('pb', '1', '')
#6 C:\xampp\htdocs\pdln\system\CodeIgniter.php(419): CodeIgniter\CodeIgniter->runController(Object(App\Controllers\Admin\PB))
#7 C:\xampp\htdocs\pdln\system\CodeIgniter.php(326): CodeIgniter\CodeIgniter->handleRequest(NULL, Object(Config\Cache), false)
#8 C:\xampp\htdocs\pdln\index.php(37): CodeIgniter\CodeIgniter->run()
#9 {main}
CRITICAL - 2023-10-05 20:59:30 --> Undefined array key "negara_tujuan"
#0 C:\xampp\htdocs\pdln\app\Controllers\Admin\PB.php(459): CodeIgniter\Debug\Exceptions->errorHandler(2, 'Undefined array...', 'C:\\xampp\\htdocs...', 459)
#1 C:\xampp\htdocs\pdln\system\CodeIgniter.php(832): App\Controllers\Admin\PB->exportpb('pb', '1', '')
#2 C:\xampp\htdocs\pdln\system\CodeIgniter.php(419): CodeIgniter\CodeIgniter->runController(Object(App\Controllers\Admin\PB))
#3 C:\xampp\htdocs\pdln\system\CodeIgniter.php(326): CodeIgniter\CodeIgniter->handleRequest(NULL, Object(Config\Cache), false)
#4 C:\xampp\htdocs\pdln\index.php(37): CodeIgniter\CodeIgniter->run()
#5 {main}
CRITICAL - 2023-10-05 20:59:41 --> Cannot use [] for reading
#0 C:\xampp\htdocs\pdln\system\CodeIgniter.php(832): App\Controllers\Admin\PB->exportpb('pb', '1', '')
#1 C:\xampp\htdocs\pdln\system\CodeIgniter.php(419): CodeIgniter\CodeIgniter->runController(Object(App\Controllers\Admin\PB))
#2 C:\xampp\htdocs\pdln\system\CodeIgniter.php(326): CodeIgniter\CodeIgniter->handleRequest(NULL, Object(Config\Cache), false)
#3 C:\xampp\htdocs\pdln\index.php(37): CodeIgniter\CodeIgniter->run()
#4 {main}
CRITICAL - 2023-10-05 21:05:39 --> array_map() expects at least 2 arguments, 1 given
#0 C:\xampp\htdocs\pdln\app\Controllers\Admin\PB.php(459): array_map(Array)
#1 C:\xampp\htdocs\pdln\system\CodeIgniter.php(832): App\Controllers\Admin\PB->exportpb('pb', '1', '')
#2 C:\xampp\htdocs\pdln\system\CodeIgniter.php(419): CodeIgniter\CodeIgniter->runController(Object(App\Controllers\Admin\PB))
#3 C:\xampp\htdocs\pdln\system\CodeIgniter.php(326): CodeIgniter\CodeIgniter->handleRequest(NULL, Object(Config\Cache), false)
#4 C:\xampp\htdocs\pdln\index.php(37): CodeIgniter\CodeIgniter->run()
#5 {main}
CRITICAL - 2023-10-05 21:05:45 --> array_map() expects at least 2 arguments, 1 given
#0 C:\xampp\htdocs\pdln\app\Controllers\Admin\PB.php(459): array_map(Array)
#1 C:\xampp\htdocs\pdln\system\CodeIgniter.php(832): App\Controllers\Admin\PB->exportpb('pb', '1', '')
#2 C:\xampp\htdocs\pdln\system\CodeIgniter.php(419): CodeIgniter\CodeIgniter->runController(Object(App\Controllers\Admin\PB))
#3 C:\xampp\htdocs\pdln\system\CodeIgniter.php(326): CodeIgniter\CodeIgniter->handleRequest(NULL, Object(Config\Cache), false)
#4 C:\xampp\htdocs\pdln\index.php(37): CodeIgniter\CodeIgniter->run()
#5 {main}
CRITICAL - 2023-10-05 21:12:28 --> Array to string conversion
#0 C:\xampp\htdocs\pdln\app\Controllers\Admin\PB.php(466): CodeIgniter\Debug\Exceptions->errorHandler(2, 'Array to string...', 'C:\\xampp\\htdocs...', 466)
#1 C:\xampp\htdocs\pdln\system\CodeIgniter.php(832): App\Controllers\Admin\PB->exportpb('pb', '1', '')
#2 C:\xampp\htdocs\pdln\system\CodeIgniter.php(419): CodeIgniter\CodeIgniter->runController(Object(App\Controllers\Admin\PB))
#3 C:\xampp\htdocs\pdln\system\CodeIgniter.php(326): CodeIgniter\CodeIgniter->handleRequest(NULL, Object(Config\Cache), false)
#4 C:\xampp\htdocs\pdln\index.php(37): CodeIgniter\CodeIgniter->run()
#5 {main}
CRITICAL - 2023-10-05 21:12:42 --> Array to string conversion
#0 C:\xampp\htdocs\pdln\app\Controllers\Admin\PB.php(466): CodeIgniter\Debug\Exceptions->errorHandler(2, 'Array to string...', 'C:\\xampp\\htdocs...', 466)
#1 C:\xampp\htdocs\pdln\system\CodeIgniter.php(832): App\Controllers\Admin\PB->exportpb('pb', '1', '')
#2 C:\xampp\htdocs\pdln\system\CodeIgniter.php(419): CodeIgniter\CodeIgniter->runController(Object(App\Controllers\Admin\PB))
#3 C:\xampp\htdocs\pdln\system\CodeIgniter.php(326): CodeIgniter\CodeIgniter->handleRequest(NULL, Object(Config\Cache), false)
#4 C:\xampp\htdocs\pdln\index.php(37): CodeIgniter\CodeIgniter->run()
#5 {main}
CRITICAL - 2023-10-05 21:14:47 --> Cannot access offset of type string on string
#0 C:\xampp\htdocs\pdln\system\CodeIgniter.php(832): App\Controllers\Admin\PB->exportpb('pb', '1', '')
#1 C:\xampp\htdocs\pdln\system\CodeIgniter.php(419): CodeIgniter\CodeIgniter->runController(Object(App\Controllers\Admin\PB))
#2 C:\xampp\htdocs\pdln\system\CodeIgniter.php(326): CodeIgniter\CodeIgniter->handleRequest(NULL, Object(Config\Cache), false)
#3 C:\xampp\htdocs\pdln\index.php(37): CodeIgniter\CodeIgniter->run()
#4 {main}
CRITICAL - 2023-10-05 21:36:06 --> Array to string conversion
#0 C:\xampp\htdocs\pdln\app\Controllers\Admin\PB.php(545): CodeIgniter\Debug\Exceptions->errorHandler(2, 'Array to string...', 'C:\\xampp\\htdocs...', 545)
#1 C:\xampp\htdocs\pdln\system\CodeIgniter.php(832): App\Controllers\Admin\PB->exportpb('pb', '1', '')
#2 C:\xampp\htdocs\pdln\system\CodeIgniter.php(419): CodeIgniter\CodeIgniter->runController(Object(App\Controllers\Admin\PB))
#3 C:\xampp\htdocs\pdln\system\CodeIgniter.php(326): CodeIgniter\CodeIgniter->handleRequest(NULL, Object(Config\Cache), false)
#4 C:\xampp\htdocs\pdln\index.php(37): CodeIgniter\CodeIgniter->run()
#5 {main}
CRITICAL - 2023-10-05 21:36:08 --> Array to string conversion
#0 C:\xampp\htdocs\pdln\app\Controllers\Admin\PB.php(545): CodeIgniter\Debug\Exceptions->errorHandler(2, 'Array to string...', 'C:\\xampp\\htdocs...', 545)
#1 C:\xampp\htdocs\pdln\system\CodeIgniter.php(832): App\Controllers\Admin\PB->exportpb('pb', '1', '')
#2 C:\xampp\htdocs\pdln\system\CodeIgniter.php(419): CodeIgniter\CodeIgniter->runController(Object(App\Controllers\Admin\PB))
#3 C:\xampp\htdocs\pdln\system\CodeIgniter.php(326): CodeIgniter\CodeIgniter->handleRequest(NULL, Object(Config\Cache), false)
#4 C:\xampp\htdocs\pdln\index.php(37): CodeIgniter\CodeIgniter->run()
#5 {main}
CRITICAL - 2023-10-05 21:56:44 --> Undefined variable $jenis_biaya
#0 C:\xampp\htdocs\pdln\app\Controllers\Admin\Dashboard.php(324): CodeIgniter\Debug\Exceptions->errorHandler(2, 'Undefined varia...', 'C:\\xampp\\htdocs...', 324)
#1 C:\xampp\htdocs\pdln\system\CodeIgniter.php(832): App\Controllers\Admin\Dashboard->exportlaporan('1')
#2 C:\xampp\htdocs\pdln\system\CodeIgniter.php(419): CodeIgniter\CodeIgniter->runController(Object(App\Controllers\Admin\Dashboard))
#3 C:\xampp\htdocs\pdln\system\CodeIgniter.php(326): CodeIgniter\CodeIgniter->handleRequest(NULL, Object(Config\Cache), false)
#4 C:\xampp\htdocs\pdln\index.php(37): CodeIgniter\CodeIgniter->run()
#5 {main}
CRITICAL - 2023-10-05 21:56:49 --> Undefined variable $jenis_biaya
#0 C:\xampp\htdocs\pdln\app\Controllers\Admin\Dashboard.php(324): CodeIgniter\Debug\Exceptions->errorHandler(2, 'Undefined varia...', 'C:\\xampp\\htdocs...', 324)
#1 C:\xampp\htdocs\pdln\system\CodeIgniter.php(832): App\Controllers\Admin\Dashboard->exportlaporan('1')
#2 C:\xampp\htdocs\pdln\system\CodeIgniter.php(419): CodeIgniter\CodeIgniter->runController(Object(App\Controllers\Admin\Dashboard))
#3 C:\xampp\htdocs\pdln\system\CodeIgniter.php(326): CodeIgniter\CodeIgniter->handleRequest(NULL, Object(Config\Cache), false)
#4 C:\xampp\htdocs\pdln\index.php(37): CodeIgniter\CodeIgniter->run()
#5 {main}
CRITICAL - 2023-10-05 22:00:03 --> Undefined variable $bawah
#0 C:\xampp\htdocs\pdln\app\Controllers\Admin\Dashboard.php(345): CodeIgniter\Debug\Exceptions->errorHandler(2, 'Undefined varia...', 'C:\\xampp\\htdocs...', 345)
#1 C:\xampp\htdocs\pdln\system\CodeIgniter.php(832): App\Controllers\Admin\Dashboard->exportlaporan('1')
#2 C:\xampp\htdocs\pdln\system\CodeIgniter.php(419): CodeIgniter\CodeIgniter->runController(Object(App\Controllers\Admin\Dashboard))
#3 C:\xampp\htdocs\pdln\system\CodeIgniter.php(326): CodeIgniter\CodeIgniter->handleRequest(NULL, Object(Config\Cache), false)
#4 C:\xampp\htdocs\pdln\index.php(37): CodeIgniter\CodeIgniter->run()
#5 {main}
CRITICAL - 2023-10-05 22:00:08 --> Undefined variable $bawah
#0 C:\xampp\htdocs\pdln\app\Controllers\Admin\Dashboard.php(345): CodeIgniter\Debug\Exceptions->errorHandler(2, 'Undefined varia...', 'C:\\xampp\\htdocs...', 345)
#1 C:\xampp\htdocs\pdln\system\CodeIgniter.php(832): App\Controllers\Admin\Dashboard->exportlaporan('1')
#2 C:\xampp\htdocs\pdln\system\CodeIgniter.php(419): CodeIgniter\CodeIgniter->runController(Object(App\Controllers\Admin\Dashboard))
#3 C:\xampp\htdocs\pdln\system\CodeIgniter.php(326): CodeIgniter\CodeIgniter->handleRequest(NULL, Object(Config\Cache), false)
#4 C:\xampp\htdocs\pdln\index.php(37): CodeIgniter\CodeIgniter->run()
#5 {main}
CRITICAL - 2023-10-05 22:36:51 --> Undefined array key ":"
#0 C:\xampp\htdocs\pdln\vendor\phpoffice\phpspreadsheet\src\PhpSpreadsheet\Cell\Coordinate.php(307): CodeIgniter\Debug\Exceptions->errorHandler(2, 'Undefined array...', 'C:\\xampp\\htdocs...', 307)
#1 C:\xampp\htdocs\pdln\vendor\phpoffice\phpspreadsheet\src\PhpSpreadsheet\Worksheet\Worksheet.php(1500): PhpOffice\PhpSpreadsheet\Cell\Coordinate::columnIndexFromString('G:L')
#2 C:\xampp\htdocs\pdln\app\Controllers\Admin\Dashboard.php(382): PhpOffice\PhpSpreadsheet\Worksheet\Worksheet->getColumnDimension('G:L')
#3 C:\xampp\htdocs\pdln\system\CodeIgniter.php(832): App\Controllers\Admin\Dashboard->exportlaporan('1')
#4 C:\xampp\htdocs\pdln\system\CodeIgniter.php(419): CodeIgniter\CodeIgniter->runController(Object(App\Controllers\Admin\Dashboard))
#5 C:\xampp\htdocs\pdln\system\CodeIgniter.php(326): CodeIgniter\CodeIgniter->handleRequest(NULL, Object(Config\Cache), false)
#6 C:\xampp\htdocs\pdln\index.php(37): CodeIgniter\CodeIgniter->run()
#7 {main}
CRITICAL - 2023-10-05 22:37:06 --> Undefined array key ":"
#0 C:\xampp\htdocs\pdln\vendor\phpoffice\phpspreadsheet\src\PhpSpreadsheet\Cell\Coordinate.php(307): CodeIgniter\Debug\Exceptions->errorHandler(2, 'Undefined array...', 'C:\\xampp\\htdocs...', 307)
#1 C:\xampp\htdocs\pdln\vendor\phpoffice\phpspreadsheet\src\PhpSpreadsheet\Worksheet\Worksheet.php(1500): PhpOffice\PhpSpreadsheet\Cell\Coordinate::columnIndexFromString('G:L')
#2 C:\xampp\htdocs\pdln\app\Controllers\Admin\Dashboard.php(382): PhpOffice\PhpSpreadsheet\Worksheet\Worksheet->getColumnDimension('G:L')
#3 C:\xampp\htdocs\pdln\system\CodeIgniter.php(832): App\Controllers\Admin\Dashboard->exportlaporan('1')
#4 C:\xampp\htdocs\pdln\system\CodeIgniter.php(419): CodeIgniter\CodeIgniter->runController(Object(App\Controllers\Admin\Dashboard))
#5 C:\xampp\htdocs\pdln\system\CodeIgniter.php(326): CodeIgniter\CodeIgniter->handleRequest(NULL, Object(Config\Cache), false)
#6 C:\xampp\htdocs\pdln\index.php(37): CodeIgniter\CodeIgniter->run()
#7 {main}
CRITICAL - 2023-10-05 23:13:51 --> Undefined variable $biayasupport
#0 C:\xampp\htdocs\pdln\app\Controllers\Admin\Dashboard.php(487): CodeIgniter\Debug\Exceptions->errorHandler(2, 'Undefined varia...', 'C:\\xampp\\htdocs...', 487)
#1 C:\xampp\htdocs\pdln\system\CodeIgniter.php(832): App\Controllers\Admin\Dashboard->exportlaporan('1')
#2 C:\xampp\htdocs\pdln\system\CodeIgniter.php(419): CodeIgniter\CodeIgniter->runController(Object(App\Controllers\Admin\Dashboard))
#3 C:\xampp\htdocs\pdln\system\CodeIgniter.php(326): CodeIgniter\CodeIgniter->handleRequest(NULL, Object(Config\Cache), false)
#4 C:\xampp\htdocs\pdln\index.php(37): CodeIgniter\CodeIgniter->run()
#5 {main}
CRITICAL - 2023-10-05 23:15:13 --> Undefined variable $biayasupport
#0 C:\xampp\htdocs\pdln\app\Controllers\Admin\Dashboard.php(487): CodeIgniter\Debug\Exceptions->errorHandler(2, 'Undefined varia...', 'C:\\xampp\\htdocs...', 487)
#1 C:\xampp\htdocs\pdln\system\CodeIgniter.php(832): App\Controllers\Admin\Dashboard->exportlaporan('1')
#2 C:\xampp\htdocs\pdln\system\CodeIgniter.php(419): CodeIgniter\CodeIgniter->runController(Object(App\Controllers\Admin\Dashboard))
#3 C:\xampp\htdocs\pdln\system\CodeIgniter.php(326): CodeIgniter\CodeIgniter->handleRequest(NULL, Object(Config\Cache), false)
#4 C:\xampp\htdocs\pdln\index.php(37): CodeIgniter\CodeIgniter->run()
#5 {main}
CRITICAL - 2023-10-05 23:15:20 --> Undefined variable $biayasupport
#0 C:\xampp\htdocs\pdln\app\Controllers\Admin\Dashboard.php(487): CodeIgniter\Debug\Exceptions->errorHandler(2, 'Undefined varia...', 'C:\\xampp\\htdocs...', 487)
#1 C:\xampp\htdocs\pdln\system\CodeIgniter.php(832): App\Controllers\Admin\Dashboard->exportlaporan('1')
#2 C:\xampp\htdocs\pdln\system\CodeIgniter.php(419): CodeIgniter\CodeIgniter->runController(Object(App\Controllers\Admin\Dashboard))
#3 C:\xampp\htdocs\pdln\system\CodeIgniter.php(326): CodeIgniter\CodeIgniter->handleRequest(NULL, Object(Config\Cache), false)
#4 C:\xampp\htdocs\pdln\index.php(37): CodeIgniter\CodeIgniter->run()
#5 {main}
CRITICAL - 2023-10-05 23:31:06 --> fopen(Report Biaya 09002.xlsx): Failed to open stream: Resource temporarily unavailable
#0 [internal function]: CodeIgniter\Debug\Exceptions->errorHandler(2, 'fopen(Report Bi...', 'C:\\xampp\\htdocs...', 128)
#1 C:\xampp\htdocs\pdln\vendor\phpoffice\phpspreadsheet\src\PhpSpreadsheet\Writer\BaseWriter.php(128): fopen('Report Biaya 09...', 'wb')
#2 C:\xampp\htdocs\pdln\vendor\phpoffice\phpspreadsheet\src\PhpSpreadsheet\Writer\Xlsx.php(546): PhpOffice\PhpSpreadsheet\Writer\BaseWriter->openFileHandle('Report Biaya 09...')
#3 C:\xampp\htdocs\pdln\app\Controllers\Admin\Dashboard.php(532): PhpOffice\PhpSpreadsheet\Writer\Xlsx->save('Report Biaya 09...')
#4 C:\xampp\htdocs\pdln\system\CodeIgniter.php(832): App\Controllers\Admin\Dashboard->exportlaporan('1')
#5 C:\xampp\htdocs\pdln\system\CodeIgniter.php(419): CodeIgniter\CodeIgniter->runController(Object(App\Controllers\Admin\Dashboard))
#6 C:\xampp\htdocs\pdln\system\CodeIgniter.php(326): CodeIgniter\CodeIgniter->handleRequest(NULL, Object(Config\Cache), false)
#7 C:\xampp\htdocs\pdln\index.php(37): CodeIgniter\CodeIgniter->run()
#8 {main}
CRITICAL - 2023-10-05 23:39:53 --> Undefined variable $jenis_biaya
#0 C:\xampp\htdocs\pdln\app\Controllers\Admin\Dashboard.php(150): CodeIgniter\Debug\Exceptions->errorHandler(2, 'Undefined varia...', 'C:\\xampp\\htdocs...', 150)
#1 C:\xampp\htdocs\pdln\system\CodeIgniter.php(832): App\Controllers\Admin\Dashboard->support('1')
#2 C:\xampp\htdocs\pdln\system\CodeIgniter.php(419): CodeIgniter\CodeIgniter->runController(Object(App\Controllers\Admin\Dashboard))
#3 C:\xampp\htdocs\pdln\system\CodeIgniter.php(326): CodeIgniter\CodeIgniter->handleRequest(NULL, Object(Config\Cache), false)
#4 C:\xampp\htdocs\pdln\index.php(37): CodeIgniter\CodeIgniter->run()
#5 {main}
CRITICAL - 2023-10-05 23:41:13 --> Trying to access array offset on value of type null
#0 C:\xampp\htdocs\pdln\app\Controllers\Admin\PB.php(85): CodeIgniter\Debug\Exceptions->errorHandler(2, 'Trying to acces...', 'C:\\xampp\\htdocs...', 85)
#1 C:\xampp\htdocs\pdln\system\CodeIgniter.php(832): App\Controllers\Admin\PB->datapb('pb1', '')
#2 C:\xampp\htdocs\pdln\system\CodeIgniter.php(419): CodeIgniter\CodeIgniter->runController(Object(App\Controllers\Admin\PB))
#3 C:\xampp\htdocs\pdln\system\CodeIgniter.php(326): CodeIgniter\CodeIgniter->handleRequest(NULL, Object(Config\Cache), false)
#4 C:\xampp\htdocs\pdln\index.php(37): CodeIgniter\CodeIgniter->run()
#5 {main}
CRITICAL - 2023-10-05 23:41:37 --> Trying to access array offset on value of type null
#0 C:\xampp\htdocs\pdln\app\Controllers\Admin\PB.php(85): CodeIgniter\Debug\Exceptions->errorHandler(2, 'Trying to acces...', 'C:\\xampp\\htdocs...', 85)
#1 C:\xampp\htdocs\pdln\system\CodeIgniter.php(832): App\Controllers\Admin\PB->datapb('pb1', '')
#2 C:\xampp\htdocs\pdln\system\CodeIgniter.php(419): CodeIgniter\CodeIgniter->runController(Object(App\Controllers\Admin\PB))
#3 C:\xampp\htdocs\pdln\system\CodeIgniter.php(326): CodeIgniter\CodeIgniter->handleRequest(NULL, Object(Config\Cache), false)
#4 C:\xampp\htdocs\pdln\index.php(37): CodeIgniter\CodeIgniter->run()
#5 {main}
