CRITICAL - 2023-07-24 00:03:31 --> Undefined variable: inisial
#0 D:\PT Konimex\Proyek PPL\pd\app\Controllers\Admin\Admin.php(71): CodeIgniter\Debug\Exceptions->errorHandler(8, 'Undefined varia...', 'D:\\PT Konimex\\P...', 71, Array)
#1 D:\PT Konimex\Proyek PPL\pd\system\CodeIgniter.php(832): App\Controllers\Admin\Admin->login()
#2 D:\PT Konimex\Proyek PPL\pd\system\CodeIgniter.php(419): CodeIgniter\CodeIgniter->runController(Object(App\Controllers\Admin\Admin))
#3 D:\PT Konimex\Proyek PPL\pd\system\CodeIgniter.php(326): CodeIgniter\CodeIgniter->handleRequest(NULL, Object(Config\Cache), false)
#4 D:\PT Konimex\Proyek PPL\pd\public\index.php(37): CodeIgniter\CodeIgniter->run()
#5 D:\PT Konimex\Proyek PPL\pd\system\Commands\Server\rewrite.php(43): require_once('D:\\PT Konimex\\P...')
#6 {main}
CRITICAL - 2023-07-24 00:04:22 --> Undefined variable: inisial
#0 D:\PT Konimex\Proyek PPL\pd\app\Controllers\Admin\Admin.php(71): CodeIgniter\Debug\Exceptions->errorHandler(8, 'Undefined varia...', 'D:\\PT Konimex\\P...', 71, Array)
#1 D:\PT Konimex\Proyek PPL\pd\system\CodeIgniter.php(832): App\Controllers\Admin\Admin->login()
#2 D:\PT Konimex\Proyek PPL\pd\system\CodeIgniter.php(419): CodeIgniter\CodeIgniter->runController(Object(App\Controllers\Admin\Admin))
#3 D:\PT Konimex\Proyek PPL\pd\system\CodeIgniter.php(326): CodeIgniter\CodeIgniter->handleRequest(NULL, Object(Config\Cache), false)
#4 D:\PT Konimex\Proyek PPL\pd\public\index.php(37): CodeIgniter\CodeIgniter->run()
#5 D:\PT Konimex\Proyek PPL\pd\system\Commands\Server\rewrite.php(43): require_once('D:\\PT Konimex\\P...')
#6 {main}
ERROR - 2023-07-24 00:51:44 --> You have an error in your SQL syntax; check the manual that corresponds to your MariaDB server version for the right syntax to use near 'UNSIGNED NOT NULL UNIQUE,
	`inisial` VARCHAR(25) NOT NULL UNIQUE,
	`password`...' at line 4
ERROR - 2023-07-24 01:14:42 --> Duplicate entry '9002' for key 'nik'
ERROR - 2023-07-24 01:45:50 --> Table 'pdln.posts' doesn't exist
CRITICAL - 2023-07-24 01:45:50 --> Table 'pdln.posts' doesn't exist
#0 D:\PT Konimex\Proyek PPL\pd\system\Database\MySQLi\Connection.php(292): mysqli->query('SELECT COUNT(*)...', 0)
#1 D:\PT Konimex\Proyek PPL\pd\system\Database\BaseConnection.php(670): CodeIgniter\Database\MySQLi\Connection->execute('SELECT COUNT(*)...')
#2 D:\PT Konimex\Proyek PPL\pd\system\Database\BaseConnection.php(598): CodeIgniter\Database\BaseConnection->simpleQuery('SELECT COUNT(*)...')
#3 D:\PT Konimex\Proyek PPL\pd\system\Database\BaseBuilder.php(1539): CodeIgniter\Database\BaseConnection->query('SELECT COUNT(*)...', Array, false)
#4 D:\PT Konimex\Proyek PPL\pd\system\Model.php(509): CodeIgniter\Database\BaseBuilder->countAllResults(false)
#5 D:\PT Konimex\Proyek PPL\pd\system\BaseModel.php(1084): CodeIgniter\Model->countAllResults(false)
#6 D:\PT Konimex\Proyek PPL\pd\app\Models\PostsModel.php(85): CodeIgniter\BaseModel->paginate(2, 'dt')
#7 D:\PT Konimex\Proyek PPL\pd\app\Controllers\Admin\PJUM.php(119): App\Models\PostsModel->listPost('article', '2', NULL, 'dt')
#8 D:\PT Konimex\Proyek PPL\pd\system\CodeIgniter.php(832): App\Controllers\Admin\PJUM->lihatdatapjum()
#9 D:\PT Konimex\Proyek PPL\pd\system\CodeIgniter.php(419): CodeIgniter\CodeIgniter->runController(Object(App\Controllers\Admin\PJUM))
#10 D:\PT Konimex\Proyek PPL\pd\system\CodeIgniter.php(326): CodeIgniter\CodeIgniter->handleRequest(NULL, Object(Config\Cache), false)
#11 D:\PT Konimex\Proyek PPL\pd\public\index.php(37): CodeIgniter\CodeIgniter->run()
#12 D:\PT Konimex\Proyek PPL\pd\system\Commands\Server\rewrite.php(43): require_once('D:\\PT Konimex\\P...')
#13 {main}
ERROR - 2023-07-24 01:45:51 --> Table 'pdln.posts' doesn't exist
CRITICAL - 2023-07-24 01:45:51 --> Table 'pdln.posts' doesn't exist
#0 D:\PT Konimex\Proyek PPL\pd\system\Database\MySQLi\Connection.php(292): mysqli->query('SELECT COUNT(*)...', 0)
#1 D:\PT Konimex\Proyek PPL\pd\system\Database\BaseConnection.php(670): CodeIgniter\Database\MySQLi\Connection->execute('SELECT COUNT(*)...')
#2 D:\PT Konimex\Proyek PPL\pd\system\Database\BaseConnection.php(598): CodeIgniter\Database\BaseConnection->simpleQuery('SELECT COUNT(*)...')
#3 D:\PT Konimex\Proyek PPL\pd\system\Database\BaseBuilder.php(1539): CodeIgniter\Database\BaseConnection->query('SELECT COUNT(*)...', Array, false)
#4 D:\PT Konimex\Proyek PPL\pd\system\Model.php(509): CodeIgniter\Database\BaseBuilder->countAllResults(false)
#5 D:\PT Konimex\Proyek PPL\pd\system\BaseModel.php(1084): CodeIgniter\Model->countAllResults(false)
#6 D:\PT Konimex\Proyek PPL\pd\app\Models\PostsModel.php(85): CodeIgniter\BaseModel->paginate(2, 'dt')
#7 D:\PT Konimex\Proyek PPL\pd\app\Controllers\Admin\PJUM.php(119): App\Models\PostsModel->listPost('article', '2', NULL, 'dt')
#8 D:\PT Konimex\Proyek PPL\pd\system\CodeIgniter.php(832): App\Controllers\Admin\PJUM->lihatdatapjum()
#9 D:\PT Konimex\Proyek PPL\pd\system\CodeIgniter.php(419): CodeIgniter\CodeIgniter->runController(Object(App\Controllers\Admin\PJUM))
#10 D:\PT Konimex\Proyek PPL\pd\system\CodeIgniter.php(326): CodeIgniter\CodeIgniter->handleRequest(NULL, Object(Config\Cache), false)
#11 D:\PT Konimex\Proyek PPL\pd\public\index.php(37): CodeIgniter\CodeIgniter->run()
#12 D:\PT Konimex\Proyek PPL\pd\system\Commands\Server\rewrite.php(43): require_once('D:\\PT Konimex\\P...')
#13 {main}
ERROR - 2023-07-24 01:51:25 --> Can't create table `pdln`.`posts` (errno: 150 "Foreign key constraint is incorrectly formed")
ERROR - 2023-07-24 01:55:30 --> Can't create table `pdln`.`posts` (errno: 150 "Foreign key constraint is incorrectly formed")
ERROR - 2023-07-24 02:00:52 --> Cannot add or update a child row: a foreign key constraint fails (`pdln`.`posts`, CONSTRAINT `posts_inisial_foreign` FOREIGN KEY (`inisial`) REFERENCES `akun` (`inisial`))
CRITICAL - 2023-07-24 02:00:52 --> Cannot add or update a child row: a foreign key constraint fails (`pdln`.`posts`, CONSTRAINT `posts_inisial_foreign` FOREIGN KEY (`inisial`) REFERENCES `akun` (`inisial`))
#0 D:\PT Konimex\Proyek PPL\pd\system\Database\MySQLi\Connection.php(292): mysqli->query('INSERT INTO `po...', 0)
#1 D:\PT Konimex\Proyek PPL\pd\system\Database\BaseConnection.php(670): CodeIgniter\Database\MySQLi\Connection->execute('INSERT INTO `po...')
#2 D:\PT Konimex\Proyek PPL\pd\system\Database\BaseConnection.php(598): CodeIgniter\Database\BaseConnection->simpleQuery('INSERT INTO `po...')
#3 D:\PT Konimex\Proyek PPL\pd\system\Database\BaseBuilder.php(1771): CodeIgniter\Database\BaseConnection->query('INSERT INTO `po...', Array, false)
#4 D:\PT Konimex\Proyek PPL\pd\system\Model.php(239): CodeIgniter\Database\BaseBuilder->insert()
#5 D:\PT Konimex\Proyek PPL\pd\system\BaseModel.php(738): CodeIgniter\Model->doInsert(Array)
#6 D:\PT Konimex\Proyek PPL\pd\system\Model.php(625): CodeIgniter\BaseModel->insert(Array, false)
#7 D:\PT Konimex\Proyek PPL\pd\system\BaseModel.php(658): CodeIgniter\Model->insert(Array, false)
#8 D:\PT Konimex\Proyek PPL\pd\app\Models\PostsModel.php(55): CodeIgniter\BaseModel->save(Array)
#9 D:\PT Konimex\Proyek PPL\pd\app\Controllers\Admin\PJUM.php(73): App\Models\PostsModel->insertPost(Array, 'article')
#10 D:\PT Konimex\Proyek PPL\pd\system\CodeIgniter.php(832): App\Controllers\Admin\PJUM->tambahdatapjum()
#11 D:\PT Konimex\Proyek PPL\pd\system\CodeIgniter.php(419): CodeIgniter\CodeIgniter->runController(Object(App\Controllers\Admin\PJUM))
#12 D:\PT Konimex\Proyek PPL\pd\system\CodeIgniter.php(326): CodeIgniter\CodeIgniter->handleRequest(NULL, Object(Config\Cache), false)
#13 D:\PT Konimex\Proyek PPL\pd\public\index.php(37): CodeIgniter\CodeIgniter->run()
#14 D:\PT Konimex\Proyek PPL\pd\system\Commands\Server\rewrite.php(43): require_once('D:\\PT Konimex\\P...')
#15 {main}
ERROR - 2023-07-24 03:29:57 --> Cannot add or update a child row: a foreign key constraint fails (`pdln`.`posts`, CONSTRAINT `posts_ibfk_1` FOREIGN KEY (`inisial`) REFERENCES `akun` (`inisial`))
CRITICAL - 2023-07-24 03:29:57 --> Cannot add or update a child row: a foreign key constraint fails (`pdln`.`posts`, CONSTRAINT `posts_ibfk_1` FOREIGN KEY (`inisial`) REFERENCES `akun` (`inisial`))
#0 D:\PT Konimex\Proyek PPL\pd\system\Database\MySQLi\Connection.php(292): mysqli->query('INSERT INTO `po...', 0)
#1 D:\PT Konimex\Proyek PPL\pd\system\Database\BaseConnection.php(670): CodeIgniter\Database\MySQLi\Connection->execute('INSERT INTO `po...')
#2 D:\PT Konimex\Proyek PPL\pd\system\Database\BaseConnection.php(598): CodeIgniter\Database\BaseConnection->simpleQuery('INSERT INTO `po...')
#3 D:\PT Konimex\Proyek PPL\pd\system\Database\BaseBuilder.php(1771): CodeIgniter\Database\BaseConnection->query('INSERT INTO `po...', Array, false)
#4 D:\PT Konimex\Proyek PPL\pd\system\Model.php(239): CodeIgniter\Database\BaseBuilder->insert()
#5 D:\PT Konimex\Proyek PPL\pd\system\BaseModel.php(738): CodeIgniter\Model->doInsert(Array)
#6 D:\PT Konimex\Proyek PPL\pd\system\Model.php(625): CodeIgniter\BaseModel->insert(Array, false)
#7 D:\PT Konimex\Proyek PPL\pd\system\BaseModel.php(658): CodeIgniter\Model->insert(Array, false)
#8 D:\PT Konimex\Proyek PPL\pd\app\Models\PostsModel.php(55): CodeIgniter\BaseModel->save(Array)
#9 D:\PT Konimex\Proyek PPL\pd\app\Controllers\Admin\PJUM.php(73): App\Models\PostsModel->insertPost(Array, 'article')
#10 D:\PT Konimex\Proyek PPL\pd\system\CodeIgniter.php(832): App\Controllers\Admin\PJUM->tambahdatapjum()
#11 D:\PT Konimex\Proyek PPL\pd\system\CodeIgniter.php(419): CodeIgniter\CodeIgniter->runController(Object(App\Controllers\Admin\PJUM))
#12 D:\PT Konimex\Proyek PPL\pd\system\CodeIgniter.php(326): CodeIgniter\CodeIgniter->handleRequest(NULL, Object(Config\Cache), false)
#13 D:\PT Konimex\Proyek PPL\pd\public\index.php(37): CodeIgniter\CodeIgniter->run()
#14 D:\PT Konimex\Proyek PPL\pd\system\Commands\Server\rewrite.php(43): require_once('D:\\PT Konimex\\P...')
#15 {main}
ERROR - 2023-07-24 03:32:04 --> Cannot add or update a child row: a foreign key constraint fails (`pdln`.`posts`, CONSTRAINT `posts_ibfk_1` FOREIGN KEY (`inisial`) REFERENCES `akun` (`inisial`))
CRITICAL - 2023-07-24 03:32:04 --> Cannot add or update a child row: a foreign key constraint fails (`pdln`.`posts`, CONSTRAINT `posts_ibfk_1` FOREIGN KEY (`inisial`) REFERENCES `akun` (`inisial`))
#0 D:\PT Konimex\Proyek PPL\pd\system\Database\MySQLi\Connection.php(292): mysqli->query('INSERT INTO `po...', 0)
#1 D:\PT Konimex\Proyek PPL\pd\system\Database\BaseConnection.php(670): CodeIgniter\Database\MySQLi\Connection->execute('INSERT INTO `po...')
#2 D:\PT Konimex\Proyek PPL\pd\system\Database\BaseConnection.php(598): CodeIgniter\Database\BaseConnection->simpleQuery('INSERT INTO `po...')
#3 D:\PT Konimex\Proyek PPL\pd\system\Database\BaseBuilder.php(1771): CodeIgniter\Database\BaseConnection->query('INSERT INTO `po...', Array, false)
#4 D:\PT Konimex\Proyek PPL\pd\system\Model.php(239): CodeIgniter\Database\BaseBuilder->insert()
#5 D:\PT Konimex\Proyek PPL\pd\system\BaseModel.php(738): CodeIgniter\Model->doInsert(Array)
#6 D:\PT Konimex\Proyek PPL\pd\system\Model.php(625): CodeIgniter\BaseModel->insert(Array, false)
#7 D:\PT Konimex\Proyek PPL\pd\system\BaseModel.php(658): CodeIgniter\Model->insert(Array, false)
#8 D:\PT Konimex\Proyek PPL\pd\app\Models\PostsModel.php(55): CodeIgniter\BaseModel->save(Array)
#9 D:\PT Konimex\Proyek PPL\pd\app\Controllers\Admin\PJUM.php(73): App\Models\PostsModel->insertPost(Array, 'article')
#10 D:\PT Konimex\Proyek PPL\pd\system\CodeIgniter.php(832): App\Controllers\Admin\PJUM->tambahdatapjum()
#11 D:\PT Konimex\Proyek PPL\pd\system\CodeIgniter.php(419): CodeIgniter\CodeIgniter->runController(Object(App\Controllers\Admin\PJUM))
#12 D:\PT Konimex\Proyek PPL\pd\system\CodeIgniter.php(326): CodeIgniter\CodeIgniter->handleRequest(NULL, Object(Config\Cache), false)
#13 D:\PT Konimex\Proyek PPL\pd\public\index.php(37): CodeIgniter\CodeIgniter->run()
#14 D:\PT Konimex\Proyek PPL\pd\system\Commands\Server\rewrite.php(43): require_once('D:\\PT Konimex\\P...')
#15 {main}
ERROR - 2023-07-24 03:35:28 --> Cannot add or update a child row: a foreign key constraint fails (`pdln`.`posts`, CONSTRAINT `posts_ibfk_1` FOREIGN KEY (`inisial`) REFERENCES `akun` (`inisial`))
CRITICAL - 2023-07-24 03:35:28 --> Cannot add or update a child row: a foreign key constraint fails (`pdln`.`posts`, CONSTRAINT `posts_ibfk_1` FOREIGN KEY (`inisial`) REFERENCES `akun` (`inisial`))
#0 D:\PT Konimex\Proyek PPL\pd\system\Database\MySQLi\Connection.php(292): mysqli->query('INSERT INTO `po...', 0)
#1 D:\PT Konimex\Proyek PPL\pd\system\Database\BaseConnection.php(670): CodeIgniter\Database\MySQLi\Connection->execute('INSERT INTO `po...')
#2 D:\PT Konimex\Proyek PPL\pd\system\Database\BaseConnection.php(598): CodeIgniter\Database\BaseConnection->simpleQuery('INSERT INTO `po...')
#3 D:\PT Konimex\Proyek PPL\pd\system\Database\BaseBuilder.php(1771): CodeIgniter\Database\BaseConnection->query('INSERT INTO `po...', Array, false)
#4 D:\PT Konimex\Proyek PPL\pd\system\Model.php(239): CodeIgniter\Database\BaseBuilder->insert()
#5 D:\PT Konimex\Proyek PPL\pd\system\BaseModel.php(738): CodeIgniter\Model->doInsert(Array)
#6 D:\PT Konimex\Proyek PPL\pd\system\Model.php(625): CodeIgniter\BaseModel->insert(Array, false)
#7 D:\PT Konimex\Proyek PPL\pd\system\BaseModel.php(658): CodeIgniter\Model->insert(Array, false)
#8 D:\PT Konimex\Proyek PPL\pd\app\Models\PostsModel.php(55): CodeIgniter\BaseModel->save(Array)
#9 D:\PT Konimex\Proyek PPL\pd\app\Controllers\Admin\PJUM.php(73): App\Models\PostsModel->insertPost(Array, 'article')
#10 D:\PT Konimex\Proyek PPL\pd\system\CodeIgniter.php(832): App\Controllers\Admin\PJUM->tambahdatapjum()
#11 D:\PT Konimex\Proyek PPL\pd\system\CodeIgniter.php(419): CodeIgniter\CodeIgniter->runController(Object(App\Controllers\Admin\PJUM))
#12 D:\PT Konimex\Proyek PPL\pd\system\CodeIgniter.php(326): CodeIgniter\CodeIgniter->handleRequest(NULL, Object(Config\Cache), false)
#13 D:\PT Konimex\Proyek PPL\pd\public\index.php(37): CodeIgniter\CodeIgniter->run()
#14 D:\PT Konimex\Proyek PPL\pd\system\Commands\Server\rewrite.php(43): require_once('D:\\PT Konimex\\P...')
#15 {main}
ERROR - 2023-07-24 03:37:51 --> Cannot add or update a child row: a foreign key constraint fails (`pdln`.`posts`, CONSTRAINT `posts_ibfk_2` FOREIGN KEY (`username`) REFERENCES `akun` (`username`))
CRITICAL - 2023-07-24 03:37:51 --> Cannot add or update a child row: a foreign key constraint fails (`pdln`.`posts`, CONSTRAINT `posts_ibfk_2` FOREIGN KEY (`username`) REFERENCES `akun` (`username`))
#0 D:\PT Konimex\Proyek PPL\pd\system\Database\MySQLi\Connection.php(292): mysqli->query('INSERT INTO `po...', 0)
#1 D:\PT Konimex\Proyek PPL\pd\system\Database\BaseConnection.php(670): CodeIgniter\Database\MySQLi\Connection->execute('INSERT INTO `po...')
#2 D:\PT Konimex\Proyek PPL\pd\system\Database\BaseConnection.php(598): CodeIgniter\Database\BaseConnection->simpleQuery('INSERT INTO `po...')
#3 D:\PT Konimex\Proyek PPL\pd\system\Database\BaseBuilder.php(1771): CodeIgniter\Database\BaseConnection->query('INSERT INTO `po...', Array, false)
#4 D:\PT Konimex\Proyek PPL\pd\system\Model.php(239): CodeIgniter\Database\BaseBuilder->insert()
#5 D:\PT Konimex\Proyek PPL\pd\system\BaseModel.php(738): CodeIgniter\Model->doInsert(Array)
#6 D:\PT Konimex\Proyek PPL\pd\system\Model.php(625): CodeIgniter\BaseModel->insert(Array, false)
#7 D:\PT Konimex\Proyek PPL\pd\system\BaseModel.php(658): CodeIgniter\Model->insert(Array, false)
#8 D:\PT Konimex\Proyek PPL\pd\app\Models\PostsModel.php(55): CodeIgniter\BaseModel->save(Array)
#9 D:\PT Konimex\Proyek PPL\pd\app\Controllers\Admin\PJUM.php(74): App\Models\PostsModel->insertPost(Array, 'article')
#10 D:\PT Konimex\Proyek PPL\pd\system\CodeIgniter.php(832): App\Controllers\Admin\PJUM->tambahdatapjum()
#11 D:\PT Konimex\Proyek PPL\pd\system\CodeIgniter.php(419): CodeIgniter\CodeIgniter->runController(Object(App\Controllers\Admin\PJUM))
#12 D:\PT Konimex\Proyek PPL\pd\system\CodeIgniter.php(326): CodeIgniter\CodeIgniter->handleRequest(NULL, Object(Config\Cache), false)
#13 D:\PT Konimex\Proyek PPL\pd\public\index.php(37): CodeIgniter\CodeIgniter->run()
#14 D:\PT Konimex\Proyek PPL\pd\system\Commands\Server\rewrite.php(43): require_once('D:\\PT Konimex\\P...')
#15 {main}
ERROR - 2023-07-24 03:39:06 --> Cannot add or update a child row: a foreign key constraint fails (`pdln`.`posts`, CONSTRAINT `posts_ibfk_1` FOREIGN KEY (`inisial`) REFERENCES `akun` (`inisial`))
CRITICAL - 2023-07-24 03:39:06 --> Cannot add or update a child row: a foreign key constraint fails (`pdln`.`posts`, CONSTRAINT `posts_ibfk_1` FOREIGN KEY (`inisial`) REFERENCES `akun` (`inisial`))
#0 D:\PT Konimex\Proyek PPL\pd\system\Database\MySQLi\Connection.php(292): mysqli->query('INSERT INTO `po...', 0)
#1 D:\PT Konimex\Proyek PPL\pd\system\Database\BaseConnection.php(670): CodeIgniter\Database\MySQLi\Connection->execute('INSERT INTO `po...')
#2 D:\PT Konimex\Proyek PPL\pd\system\Database\BaseConnection.php(598): CodeIgniter\Database\BaseConnection->simpleQuery('INSERT INTO `po...')
#3 D:\PT Konimex\Proyek PPL\pd\system\Database\BaseBuilder.php(1771): CodeIgniter\Database\BaseConnection->query('INSERT INTO `po...', Array, false)
#4 D:\PT Konimex\Proyek PPL\pd\system\Model.php(239): CodeIgniter\Database\BaseBuilder->insert()
#5 D:\PT Konimex\Proyek PPL\pd\system\BaseModel.php(738): CodeIgniter\Model->doInsert(Array)
#6 D:\PT Konimex\Proyek PPL\pd\system\Model.php(625): CodeIgniter\BaseModel->insert(Array, false)
#7 D:\PT Konimex\Proyek PPL\pd\system\BaseModel.php(658): CodeIgniter\Model->insert(Array, false)
#8 D:\PT Konimex\Proyek PPL\pd\app\Models\PostsModel.php(55): CodeIgniter\BaseModel->save(Array)
#9 D:\PT Konimex\Proyek PPL\pd\app\Controllers\Admin\PJUM.php(74): App\Models\PostsModel->insertPost(Array, 'article')
#10 D:\PT Konimex\Proyek PPL\pd\system\CodeIgniter.php(832): App\Controllers\Admin\PJUM->tambahdatapjum()
#11 D:\PT Konimex\Proyek PPL\pd\system\CodeIgniter.php(419): CodeIgniter\CodeIgniter->runController(Object(App\Controllers\Admin\PJUM))
#12 D:\PT Konimex\Proyek PPL\pd\system\CodeIgniter.php(326): CodeIgniter\CodeIgniter->handleRequest(NULL, Object(Config\Cache), false)
#13 D:\PT Konimex\Proyek PPL\pd\public\index.php(37): CodeIgniter\CodeIgniter->run()
#14 D:\PT Konimex\Proyek PPL\pd\system\Commands\Server\rewrite.php(43): require_once('D:\\PT Konimex\\P...')
#15 {main}
CRITICAL - 2023-07-24 04:01:16 --> Too few arguments to function App\Controllers\Admin\PJUM::lihat(), 0 passed in D:\PT Konimex\Proyek PPL\pd\system\CodeIgniter.php on line 832 and exactly 1 expected
#0 D:\PT Konimex\Proyek PPL\pd\system\CodeIgniter.php(832): App\Controllers\Admin\PJUM->lihat()
#1 D:\PT Konimex\Proyek PPL\pd\system\CodeIgniter.php(419): CodeIgniter\CodeIgniter->runController(Object(App\Controllers\Admin\PJUM))
#2 D:\PT Konimex\Proyek PPL\pd\system\CodeIgniter.php(326): CodeIgniter\CodeIgniter->handleRequest(NULL, Object(Config\Cache), false)
#3 D:\PT Konimex\Proyek PPL\pd\public\index.php(37): CodeIgniter\CodeIgniter->run()
#4 D:\PT Konimex\Proyek PPL\pd\system\Commands\Server\rewrite.php(43): require_once('D:\\PT Konimex\\P...')
#5 {main}
CRITICAL - 2023-07-24 04:01:16 --> Too few arguments to function App\Controllers\Admin\PJUM::lihat(), 0 passed in D:\PT Konimex\Proyek PPL\pd\system\CodeIgniter.php on line 832 and exactly 1 expected
#0 D:\PT Konimex\Proyek PPL\pd\system\CodeIgniter.php(832): App\Controllers\Admin\PJUM->lihat()
#1 D:\PT Konimex\Proyek PPL\pd\system\CodeIgniter.php(419): CodeIgniter\CodeIgniter->runController(Object(App\Controllers\Admin\PJUM))
#2 D:\PT Konimex\Proyek PPL\pd\system\CodeIgniter.php(326): CodeIgniter\CodeIgniter->handleRequest(NULL, Object(Config\Cache), false)
#3 D:\PT Konimex\Proyek PPL\pd\public\index.php(37): CodeIgniter\CodeIgniter->run()
#4 D:\PT Konimex\Proyek PPL\pd\system\Commands\Server\rewrite.php(43): require_once('D:\\PT Konimex\\P...')
#5 {main}
CRITICAL - 2023-07-24 04:02:45 --> Too few arguments to function App\Controllers\Admin\PJUM::lihat(), 0 passed in D:\PT Konimex\Proyek PPL\pd\system\CodeIgniter.php on line 832 and exactly 1 expected
#0 D:\PT Konimex\Proyek PPL\pd\system\CodeIgniter.php(832): App\Controllers\Admin\PJUM->lihat()
#1 D:\PT Konimex\Proyek PPL\pd\system\CodeIgniter.php(419): CodeIgniter\CodeIgniter->runController(Object(App\Controllers\Admin\PJUM))
#2 D:\PT Konimex\Proyek PPL\pd\system\CodeIgniter.php(326): CodeIgniter\CodeIgniter->handleRequest(NULL, Object(Config\Cache), false)
#3 D:\PT Konimex\Proyek PPL\pd\public\index.php(37): CodeIgniter\CodeIgniter->run()
#4 D:\PT Konimex\Proyek PPL\pd\system\Commands\Server\rewrite.php(43): require_once('D:\\PT Konimex\\P...')
#5 {main}
CRITICAL - 2023-07-24 04:02:46 --> Too few arguments to function App\Controllers\Admin\PJUM::lihat(), 0 passed in D:\PT Konimex\Proyek PPL\pd\system\CodeIgniter.php on line 832 and exactly 1 expected
#0 D:\PT Konimex\Proyek PPL\pd\system\CodeIgniter.php(832): App\Controllers\Admin\PJUM->lihat()
#1 D:\PT Konimex\Proyek PPL\pd\system\CodeIgniter.php(419): CodeIgniter\CodeIgniter->runController(Object(App\Controllers\Admin\PJUM))
#2 D:\PT Konimex\Proyek PPL\pd\system\CodeIgniter.php(326): CodeIgniter\CodeIgniter->handleRequest(NULL, Object(Config\Cache), false)
#3 D:\PT Konimex\Proyek PPL\pd\public\index.php(37): CodeIgniter\CodeIgniter->run()
#4 D:\PT Konimex\Proyek PPL\pd\system\Commands\Server\rewrite.php(43): require_once('D:\\PT Konimex\\P...')
#5 {main}
CRITICAL - 2023-07-24 04:03:02 --> Undefined variable: username
#0 D:\PT Konimex\Proyek PPL\pd\app\Controllers\Admin\PJUM.php(135): CodeIgniter\Debug\Exceptions->errorHandler(8, 'Undefined varia...', 'D:\\PT Konimex\\P...', 135, Array)
#1 D:\PT Konimex\Proyek PPL\pd\system\CodeIgniter.php(832): App\Controllers\Admin\PJUM->lihat()
#2 D:\PT Konimex\Proyek PPL\pd\system\CodeIgniter.php(419): CodeIgniter\CodeIgniter->runController(Object(App\Controllers\Admin\PJUM))
#3 D:\PT Konimex\Proyek PPL\pd\system\CodeIgniter.php(326): CodeIgniter\CodeIgniter->handleRequest(NULL, Object(Config\Cache), false)
#4 D:\PT Konimex\Proyek PPL\pd\public\index.php(37): CodeIgniter\CodeIgniter->run()
#5 D:\PT Konimex\Proyek PPL\pd\system\Commands\Server\rewrite.php(43): require_once('D:\\PT Konimex\\P...')
#6 {main}
CRITICAL - 2023-07-24 04:03:03 --> Undefined variable: username
#0 D:\PT Konimex\Proyek PPL\pd\app\Controllers\Admin\PJUM.php(135): CodeIgniter\Debug\Exceptions->errorHandler(8, 'Undefined varia...', 'D:\\PT Konimex\\P...', 135, Array)
#1 D:\PT Konimex\Proyek PPL\pd\system\CodeIgniter.php(832): App\Controllers\Admin\PJUM->lihat()
#2 D:\PT Konimex\Proyek PPL\pd\system\CodeIgniter.php(419): CodeIgniter\CodeIgniter->runController(Object(App\Controllers\Admin\PJUM))
#3 D:\PT Konimex\Proyek PPL\pd\system\CodeIgniter.php(326): CodeIgniter\CodeIgniter->handleRequest(NULL, Object(Config\Cache), false)
#4 D:\PT Konimex\Proyek PPL\pd\public\index.php(37): CodeIgniter\CodeIgniter->run()
#5 D:\PT Konimex\Proyek PPL\pd\system\Commands\Server\rewrite.php(43): require_once('D:\\PT Konimex\\P...')
#6 {main}
ERROR - 2023-07-24 22:08:38 --> Error connecting to the database: No connection could be made because the target machine actively refused it.

CRITICAL - 2023-07-24 22:08:38 --> Unable to connect to the database.
Main connection [MySQLi]: No connection could be made because the target machine actively refused it.

#0 D:\PT Konimex\Proyek PPL\pd\system\Database\BaseConnection.php(577): CodeIgniter\Database\BaseConnection->initialize()
#1 D:\PT Konimex\Proyek PPL\pd\system\Database\BaseBuilder.php(1455): CodeIgniter\Database\BaseConnection->query('SELECT *\nFROM `...', Array, false)
#2 D:\PT Konimex\Proyek PPL\pd\system\Model.php(728): CodeIgniter\Database\BaseBuilder->get()
#3 D:\PT Konimex\Proyek PPL\pd\app\Models\AdminModel.php(19): CodeIgniter\Model->__call('get', Array)
#4 D:\PT Konimex\Proyek PPL\pd\app\Controllers\Admin\Admin.php(72): App\Models\AdminModel->getData('bas')
#5 D:\PT Konimex\Proyek PPL\pd\system\CodeIgniter.php(832): App\Controllers\Admin\Admin->login()
#6 D:\PT Konimex\Proyek PPL\pd\system\CodeIgniter.php(419): CodeIgniter\CodeIgniter->runController(Object(App\Controllers\Admin\Admin))
#7 D:\PT Konimex\Proyek PPL\pd\system\CodeIgniter.php(326): CodeIgniter\CodeIgniter->handleRequest(NULL, Object(Config\Cache), false)
#8 D:\PT Konimex\Proyek PPL\pd\public\index.php(37): CodeIgniter\CodeIgniter->run()
#9 D:\PT Konimex\Proyek PPL\pd\system\Commands\Server\rewrite.php(43): require_once('D:\\PT Konimex\\P...')
#10 {main}
ERROR - 2023-07-24 22:39:47 --> Incorrect table definition; there can be only one auto column and it must be defined as a key
CRITICAL - 2023-07-24 22:52:22 --> Undefined variable: data
#0 D:\PT Konimex\Proyek PPL\pd\app\Controllers\Admin\Idtransaksi.php(42): CodeIgniter\Debug\Exceptions->errorHandler(8, 'Undefined varia...', 'D:\\PT Konimex\\P...', 42, Array)
#1 D:\PT Konimex\Proyek PPL\pd\system\CodeIgniter.php(832): App\Controllers\Admin\Idtransaksi->tambahdataid()
#2 D:\PT Konimex\Proyek PPL\pd\system\CodeIgniter.php(419): CodeIgniter\CodeIgniter->runController(Object(App\Controllers\Admin\Idtransaksi))
#3 D:\PT Konimex\Proyek PPL\pd\system\CodeIgniter.php(326): CodeIgniter\CodeIgniter->handleRequest(NULL, Object(Config\Cache), false)
#4 D:\PT Konimex\Proyek PPL\pd\public\index.php(37): CodeIgniter\CodeIgniter->run()
#5 D:\PT Konimex\Proyek PPL\pd\system\Commands\Server\rewrite.php(43): require_once('D:\\PT Konimex\\P...')
#6 {main}
CRITICAL - 2023-07-24 22:52:23 --> Undefined variable: data
#0 D:\PT Konimex\Proyek PPL\pd\app\Controllers\Admin\Idtransaksi.php(42): CodeIgniter\Debug\Exceptions->errorHandler(8, 'Undefined varia...', 'D:\\PT Konimex\\P...', 42, Array)
#1 D:\PT Konimex\Proyek PPL\pd\system\CodeIgniter.php(832): App\Controllers\Admin\Idtransaksi->tambahdataid()
#2 D:\PT Konimex\Proyek PPL\pd\system\CodeIgniter.php(419): CodeIgniter\CodeIgniter->runController(Object(App\Controllers\Admin\Idtransaksi))
#3 D:\PT Konimex\Proyek PPL\pd\system\CodeIgniter.php(326): CodeIgniter\CodeIgniter->handleRequest(NULL, Object(Config\Cache), false)
#4 D:\PT Konimex\Proyek PPL\pd\public\index.php(37): CodeIgniter\CodeIgniter->run()
#5 D:\PT Konimex\Proyek PPL\pd\system\Commands\Server\rewrite.php(43): require_once('D:\\PT Konimex\\P...')
#6 {main}
