CRITICAL - 2023-08-03 01:20:50 --> Undefined variable: aturan
#0 D:\PT Konimex\Proyek PPL\pd\app\Controllers\Admin\Idtransaksi.php(71): CodeIgniter\Debug\Exceptions->errorHandler(8, 'Undefined varia...', 'D:\\PT Konimex\\P...', 71, Array)
#1 D:\PT Konimex\Proyek PPL\pd\system\CodeIgniter.php(832): App\Controllers\Admin\Idtransaksi->tambahdataid()
#2 D:\PT Konimex\Proyek PPL\pd\system\CodeIgniter.php(419): CodeIgniter\CodeIgniter->runController(Object(App\Controllers\Admin\Idtransaksi))
#3 D:\PT Konimex\Proyek PPL\pd\system\CodeIgniter.php(326): CodeIgniter\CodeIgniter->handleRequest(NULL, Object(Config\Cache), false)
#4 D:\PT Konimex\Proyek PPL\pd\public\index.php(37): CodeIgniter\CodeIgniter->run()
#5 D:\PT Konimex\Proyek PPL\pd\system\Commands\Server\rewrite.php(43): require_once('D:\\PT Konimex\\P...')
#6 {main}
ERROR - 2023-08-03 01:21:50 --> Cannot add or update a child row: a foreign key constraint fails (`pd_ln`.`idtransaksi`, CONSTRAINT `idtransaksi_nama_lengkap_foreign` FOREIGN KEY (`nama_lengkap`) REFERENCES `akun` (`nama_lengkap`))
CRITICAL - 2023-08-03 01:21:50 --> Cannot add or update a child row: a foreign key constraint fails (`pd_ln`.`idtransaksi`, CONSTRAINT `idtransaksi_nama_lengkap_foreign` FOREIGN KEY (`nama_lengkap`) REFERENCES `akun` (`nama_lengkap`))
#0 D:\PT Konimex\Proyek PPL\pd\system\Database\MySQLi\Connection.php(292): mysqli->query('INSERT INTO `id...', 0)
#1 D:\PT Konimex\Proyek PPL\pd\system\Database\BaseConnection.php(670): CodeIgniter\Database\MySQLi\Connection->execute('INSERT INTO `id...')
#2 D:\PT Konimex\Proyek PPL\pd\system\Database\BaseConnection.php(598): CodeIgniter\Database\BaseConnection->simpleQuery('INSERT INTO `id...')
#3 D:\PT Konimex\Proyek PPL\pd\system\Database\BaseBuilder.php(1771): CodeIgniter\Database\BaseConnection->query('INSERT INTO `id...', Array, false)
#4 D:\PT Konimex\Proyek PPL\pd\system\Model.php(239): CodeIgniter\Database\BaseBuilder->insert()
#5 D:\PT Konimex\Proyek PPL\pd\system\BaseModel.php(738): CodeIgniter\Model->doInsert(Array)
#6 D:\PT Konimex\Proyek PPL\pd\system\Model.php(625): CodeIgniter\BaseModel->insert(Array, false)
#7 D:\PT Konimex\Proyek PPL\pd\system\BaseModel.php(658): CodeIgniter\Model->insert(Array, false)
#8 D:\PT Konimex\Proyek PPL\pd\app\Models\IdtransaksiModel.php(46): CodeIgniter\BaseModel->save(Array)
#9 D:\PT Konimex\Proyek PPL\pd\app\Controllers\Admin\Idtransaksi.php(84): App\Models\IdtransaksiModel->insertPostId(Array, '09002')
#10 D:\PT Konimex\Proyek PPL\pd\system\CodeIgniter.php(832): App\Controllers\Admin\Idtransaksi->tambahdataid()
#11 D:\PT Konimex\Proyek PPL\pd\system\CodeIgniter.php(419): CodeIgniter\CodeIgniter->runController(Object(App\Controllers\Admin\Idtransaksi))
#12 D:\PT Konimex\Proyek PPL\pd\system\CodeIgniter.php(326): CodeIgniter\CodeIgniter->handleRequest(NULL, Object(Config\Cache), false)
#13 D:\PT Konimex\Proyek PPL\pd\public\index.php(37): CodeIgniter\CodeIgniter->run()
#14 D:\PT Konimex\Proyek PPL\pd\system\Commands\Server\rewrite.php(43): require_once('D:\\PT Konimex\\P...')
#15 {main}
ERROR - 2023-08-03 01:21:50 --> Cannot add or update a child row: a foreign key constraint fails (`pd_ln`.`idtransaksi`, CONSTRAINT `idtransaksi_nama_lengkap_foreign` FOREIGN KEY (`nama_lengkap`) REFERENCES `akun` (`nama_lengkap`))
CRITICAL - 2023-08-03 01:21:50 --> Cannot add or update a child row: a foreign key constraint fails (`pd_ln`.`idtransaksi`, CONSTRAINT `idtransaksi_nama_lengkap_foreign` FOREIGN KEY (`nama_lengkap`) REFERENCES `akun` (`nama_lengkap`))
#0 D:\PT Konimex\Proyek PPL\pd\system\Database\MySQLi\Connection.php(292): mysqli->query('INSERT INTO `id...', 0)
#1 D:\PT Konimex\Proyek PPL\pd\system\Database\BaseConnection.php(670): CodeIgniter\Database\MySQLi\Connection->execute('INSERT INTO `id...')
#2 D:\PT Konimex\Proyek PPL\pd\system\Database\BaseConnection.php(598): CodeIgniter\Database\BaseConnection->simpleQuery('INSERT INTO `id...')
#3 D:\PT Konimex\Proyek PPL\pd\system\Database\BaseBuilder.php(1771): CodeIgniter\Database\BaseConnection->query('INSERT INTO `id...', Array, false)
#4 D:\PT Konimex\Proyek PPL\pd\system\Model.php(239): CodeIgniter\Database\BaseBuilder->insert()
#5 D:\PT Konimex\Proyek PPL\pd\system\BaseModel.php(738): CodeIgniter\Model->doInsert(Array)
#6 D:\PT Konimex\Proyek PPL\pd\system\Model.php(625): CodeIgniter\BaseModel->insert(Array, false)
#7 D:\PT Konimex\Proyek PPL\pd\system\BaseModel.php(658): CodeIgniter\Model->insert(Array, false)
#8 D:\PT Konimex\Proyek PPL\pd\app\Models\IdtransaksiModel.php(46): CodeIgniter\BaseModel->save(Array)
#9 D:\PT Konimex\Proyek PPL\pd\app\Controllers\Admin\Idtransaksi.php(84): App\Models\IdtransaksiModel->insertPostId(Array, '09002')
#10 D:\PT Konimex\Proyek PPL\pd\system\CodeIgniter.php(832): App\Controllers\Admin\Idtransaksi->tambahdataid()
#11 D:\PT Konimex\Proyek PPL\pd\system\CodeIgniter.php(419): CodeIgniter\CodeIgniter->runController(Object(App\Controllers\Admin\Idtransaksi))
#12 D:\PT Konimex\Proyek PPL\pd\system\CodeIgniter.php(326): CodeIgniter\CodeIgniter->handleRequest(NULL, Object(Config\Cache), false)
#13 D:\PT Konimex\Proyek PPL\pd\public\index.php(37): CodeIgniter\CodeIgniter->run()
#14 D:\PT Konimex\Proyek PPL\pd\system\Commands\Server\rewrite.php(43): require_once('D:\\PT Konimex\\P...')
#15 {main}
ERROR - 2023-08-03 01:45:36 --> Cannot add or update a child row: a foreign key constraint fails (`pd_ln`.`idtransaksi`, CONSTRAINT `idtransaksi_nama_lengkap_foreign` FOREIGN KEY (`nama_lengkap`) REFERENCES `akun` (`nama_lengkap`))
CRITICAL - 2023-08-03 01:45:36 --> Cannot add or update a child row: a foreign key constraint fails (`pd_ln`.`idtransaksi`, CONSTRAINT `idtransaksi_nama_lengkap_foreign` FOREIGN KEY (`nama_lengkap`) REFERENCES `akun` (`nama_lengkap`))
#0 D:\PT Konimex\Proyek PPL\pd\system\Database\MySQLi\Connection.php(292): mysqli->query('INSERT INTO `id...', 0)
#1 D:\PT Konimex\Proyek PPL\pd\system\Database\BaseConnection.php(670): CodeIgniter\Database\MySQLi\Connection->execute('INSERT INTO `id...')
#2 D:\PT Konimex\Proyek PPL\pd\system\Database\BaseConnection.php(598): CodeIgniter\Database\BaseConnection->simpleQuery('INSERT INTO `id...')
#3 D:\PT Konimex\Proyek PPL\pd\system\Database\BaseBuilder.php(1771): CodeIgniter\Database\BaseConnection->query('INSERT INTO `id...', Array, false)
#4 D:\PT Konimex\Proyek PPL\pd\system\Model.php(239): CodeIgniter\Database\BaseBuilder->insert()
#5 D:\PT Konimex\Proyek PPL\pd\system\BaseModel.php(738): CodeIgniter\Model->doInsert(Array)
#6 D:\PT Konimex\Proyek PPL\pd\system\Model.php(625): CodeIgniter\BaseModel->insert(Array, false)
#7 D:\PT Konimex\Proyek PPL\pd\system\BaseModel.php(658): CodeIgniter\Model->insert(Array, false)
#8 D:\PT Konimex\Proyek PPL\pd\app\Models\IdtransaksiModel.php(46): CodeIgniter\BaseModel->save(Array)
#9 D:\PT Konimex\Proyek PPL\pd\app\Controllers\Admin\Idtransaksi.php(84): App\Models\IdtransaksiModel->insertPostId(Array, '09002')
#10 D:\PT Konimex\Proyek PPL\pd\system\CodeIgniter.php(832): App\Controllers\Admin\Idtransaksi->tambahdataid()
#11 D:\PT Konimex\Proyek PPL\pd\system\CodeIgniter.php(419): CodeIgniter\CodeIgniter->runController(Object(App\Controllers\Admin\Idtransaksi))
#12 D:\PT Konimex\Proyek PPL\pd\system\CodeIgniter.php(326): CodeIgniter\CodeIgniter->handleRequest(NULL, Object(Config\Cache), false)
#13 D:\PT Konimex\Proyek PPL\pd\public\index.php(37): CodeIgniter\CodeIgniter->run()
#14 D:\PT Konimex\Proyek PPL\pd\system\Commands\Server\rewrite.php(43): require_once('D:\\PT Konimex\\P...')
#15 {main}
CRITICAL - 2023-08-03 02:21:08 --> Undefined variable: nama
#0 D:\PT Konimex\Proyek PPL\pd\app\Models\IdtransaksiModel.php(42): CodeIgniter\Debug\Exceptions->errorHandler(8, 'Undefined varia...', 'D:\\PT Konimex\\P...', 42, Array)
#1 D:\PT Konimex\Proyek PPL\pd\app\Controllers\Admin\Idtransaksi.php(130): App\Models\IdtransaksiModel->insertPostId(Array, '09002', 'User')
#2 D:\PT Konimex\Proyek PPL\pd\system\CodeIgniter.php(832): App\Controllers\Admin\Idtransaksi->tambahdataid()
#3 D:\PT Konimex\Proyek PPL\pd\system\CodeIgniter.php(419): CodeIgniter\CodeIgniter->runController(Object(App\Controllers\Admin\Idtransaksi))
#4 D:\PT Konimex\Proyek PPL\pd\system\CodeIgniter.php(326): CodeIgniter\CodeIgniter->handleRequest(NULL, Object(Config\Cache), false)
#5 D:\PT Konimex\Proyek PPL\pd\public\index.php(37): CodeIgniter\CodeIgniter->run()
#6 D:\PT Konimex\Proyek PPL\pd\system\Commands\Server\rewrite.php(43): require_once('D:\\PT Konimex\\P...')
#7 {main}
CRITICAL - 2023-08-03 02:21:42 --> Call to a member function where() on array
#0 D:\PT Konimex\Proyek PPL\pd\app\Controllers\Admin\Idtransaksi.php(130): App\Models\IdtransaksiModel->insertPostId(Array, '09002', 'User')
#1 D:\PT Konimex\Proyek PPL\pd\system\CodeIgniter.php(832): App\Controllers\Admin\Idtransaksi->tambahdataid()
#2 D:\PT Konimex\Proyek PPL\pd\system\CodeIgniter.php(419): CodeIgniter\CodeIgniter->runController(Object(App\Controllers\Admin\Idtransaksi))
#3 D:\PT Konimex\Proyek PPL\pd\system\CodeIgniter.php(326): CodeIgniter\CodeIgniter->handleRequest(NULL, Object(Config\Cache), false)
#4 D:\PT Konimex\Proyek PPL\pd\public\index.php(37): CodeIgniter\CodeIgniter->run()
#5 D:\PT Konimex\Proyek PPL\pd\system\Commands\Server\rewrite.php(43): require_once('D:\\PT Konimex\\P...')
#6 {main}
CRITICAL - 2023-08-03 02:23:05 --> count(): Parameter must be an array or an object that implements Countable
#0 [internal function]: CodeIgniter\Debug\Exceptions->errorHandler(2, 'count(): Parame...', 'D:\\PT Konimex\\P...', 43, Array)
#1 D:\PT Konimex\Proyek PPL\pd\app\Models\IdtransaksiModel.php(43): count('User')
#2 D:\PT Konimex\Proyek PPL\pd\app\Controllers\Admin\Idtransaksi.php(130): App\Models\IdtransaksiModel->insertPostId(Array, '09002', 'User')
#3 D:\PT Konimex\Proyek PPL\pd\system\CodeIgniter.php(832): App\Controllers\Admin\Idtransaksi->tambahdataid()
#4 D:\PT Konimex\Proyek PPL\pd\system\CodeIgniter.php(419): CodeIgniter\CodeIgniter->runController(Object(App\Controllers\Admin\Idtransaksi))
#5 D:\PT Konimex\Proyek PPL\pd\system\CodeIgniter.php(326): CodeIgniter\CodeIgniter->handleRequest(NULL, Object(Config\Cache), false)
#6 D:\PT Konimex\Proyek PPL\pd\public\index.php(37): CodeIgniter\CodeIgniter->run()
#7 D:\PT Konimex\Proyek PPL\pd\system\Commands\Server\rewrite.php(43): require_once('D:\\PT Konimex\\P...')
#8 {main}
CRITICAL - 2023-08-03 02:24:33 --> count(): Parameter must be an array or an object that implements Countable
#0 [internal function]: CodeIgniter\Debug\Exceptions->errorHandler(2, 'count(): Parame...', 'D:\\PT Konimex\\P...', 43, Array)
#1 D:\PT Konimex\Proyek PPL\pd\app\Models\IdtransaksiModel.php(43): count('User')
#2 D:\PT Konimex\Proyek PPL\pd\app\Controllers\Admin\Idtransaksi.php(130): App\Models\IdtransaksiModel->insertPostId(Array, '09002')
#3 D:\PT Konimex\Proyek PPL\pd\system\CodeIgniter.php(832): App\Controllers\Admin\Idtransaksi->tambahdataid()
#4 D:\PT Konimex\Proyek PPL\pd\system\CodeIgniter.php(419): CodeIgniter\CodeIgniter->runController(Object(App\Controllers\Admin\Idtransaksi))
#5 D:\PT Konimex\Proyek PPL\pd\system\CodeIgniter.php(326): CodeIgniter\CodeIgniter->handleRequest(NULL, Object(Config\Cache), false)
#6 D:\PT Konimex\Proyek PPL\pd\public\index.php(37): CodeIgniter\CodeIgniter->run()
#7 D:\PT Konimex\Proyek PPL\pd\system\Commands\Server\rewrite.php(43): require_once('D:\\PT Konimex\\P...')
#8 {main}
CRITICAL - 2023-08-03 02:29:20 --> Array to string conversion
#0 D:\PT Konimex\Proyek PPL\pd\vendor\ezyang\htmlpurifier\library\HTMLPurifier\Lexer.php(314): CodeIgniter\Debug\Exceptions->errorHandler(8, 'Array to string...', 'D:\\PT Konimex\\P...', 314, Array)
#1 D:\PT Konimex\Proyek PPL\pd\vendor\ezyang\htmlpurifier\library\HTMLPurifier\Lexer\DOMLex.php(50): HTMLPurifier_Lexer->normalize(Array, Object(HTMLPurifier_Config), Object(HTMLPurifier_Context))
#2 D:\PT Konimex\Proyek PPL\pd\vendor\ezyang\htmlpurifier\library\HTMLPurifier.php(213): HTMLPurifier_Lexer_DOMLex->tokenizeHTML(Array, Object(HTMLPurifier_Config), Object(HTMLPurifier_Context))
#3 D:\PT Konimex\Proyek PPL\pd\app\Helpers\global_fungsi_helper.php(88): HTMLPurifier->purify(Array)
#4 D:\PT Konimex\Proyek PPL\pd\app\Models\IdtransaksiModel.php(39): purify(Array)
#5 D:\PT Konimex\Proyek PPL\pd\app\Controllers\Admin\Idtransaksi.php(130): App\Models\IdtransaksiModel->insertPostId(Array, '09002')
#6 D:\PT Konimex\Proyek PPL\pd\system\CodeIgniter.php(832): App\Controllers\Admin\Idtransaksi->tambahdataid()
#7 D:\PT Konimex\Proyek PPL\pd\system\CodeIgniter.php(419): CodeIgniter\CodeIgniter->runController(Object(App\Controllers\Admin\Idtransaksi))
#8 D:\PT Konimex\Proyek PPL\pd\system\CodeIgniter.php(326): CodeIgniter\CodeIgniter->handleRequest(NULL, Object(Config\Cache), false)
#9 D:\PT Konimex\Proyek PPL\pd\public\index.php(37): CodeIgniter\CodeIgniter->run()
#10 D:\PT Konimex\Proyek PPL\pd\system\Commands\Server\rewrite.php(43): require_once('D:\\PT Konimex\\P...')
#11 {main}
CRITICAL - 2023-08-03 02:34:45 --> Array to string conversion
#0 D:\PT Konimex\Proyek PPL\pd\vendor\ezyang\htmlpurifier\library\HTMLPurifier\Lexer.php(314): CodeIgniter\Debug\Exceptions->errorHandler(8, 'Array to string...', 'D:\\PT Konimex\\P...', 314, Array)
#1 D:\PT Konimex\Proyek PPL\pd\vendor\ezyang\htmlpurifier\library\HTMLPurifier\Lexer\DOMLex.php(50): HTMLPurifier_Lexer->normalize(Array, Object(HTMLPurifier_Config), Object(HTMLPurifier_Context))
#2 D:\PT Konimex\Proyek PPL\pd\vendor\ezyang\htmlpurifier\library\HTMLPurifier.php(213): HTMLPurifier_Lexer_DOMLex->tokenizeHTML(Array, Object(HTMLPurifier_Config), Object(HTMLPurifier_Context))
#3 D:\PT Konimex\Proyek PPL\pd\app\Helpers\global_fungsi_helper.php(88): HTMLPurifier->purify(Array)
#4 D:\PT Konimex\Proyek PPL\pd\app\Models\IdtransaksiModel.php(39): purify(Array)
#5 D:\PT Konimex\Proyek PPL\pd\app\Controllers\Admin\Idtransaksi.php(130): App\Models\IdtransaksiModel->insertPostId(Array, '09002')
#6 D:\PT Konimex\Proyek PPL\pd\system\CodeIgniter.php(832): App\Controllers\Admin\Idtransaksi->tambahdataid()
#7 D:\PT Konimex\Proyek PPL\pd\system\CodeIgniter.php(419): CodeIgniter\CodeIgniter->runController(Object(App\Controllers\Admin\Idtransaksi))
#8 D:\PT Konimex\Proyek PPL\pd\system\CodeIgniter.php(326): CodeIgniter\CodeIgniter->handleRequest(NULL, Object(Config\Cache), false)
#9 D:\PT Konimex\Proyek PPL\pd\public\index.php(37): CodeIgniter\CodeIgniter->run()
#10 D:\PT Konimex\Proyek PPL\pd\system\Commands\Server\rewrite.php(43): require_once('D:\\PT Konimex\\P...')
#11 {main}
CRITICAL - 2023-08-03 02:36:20 --> Array to string conversion
#0 D:\PT Konimex\Proyek PPL\pd\vendor\ezyang\htmlpurifier\library\HTMLPurifier\Lexer.php(314): CodeIgniter\Debug\Exceptions->errorHandler(8, 'Array to string...', 'D:\\PT Konimex\\P...', 314, Array)
#1 D:\PT Konimex\Proyek PPL\pd\vendor\ezyang\htmlpurifier\library\HTMLPurifier\Lexer\DOMLex.php(50): HTMLPurifier_Lexer->normalize(Array, Object(HTMLPurifier_Config), Object(HTMLPurifier_Context))
#2 D:\PT Konimex\Proyek PPL\pd\vendor\ezyang\htmlpurifier\library\HTMLPurifier.php(213): HTMLPurifier_Lexer_DOMLex->tokenizeHTML(Array, Object(HTMLPurifier_Config), Object(HTMLPurifier_Context))
#3 D:\PT Konimex\Proyek PPL\pd\app\Helpers\global_fungsi_helper.php(88): HTMLPurifier->purify(Array)
#4 D:\PT Konimex\Proyek PPL\pd\app\Models\IdtransaksiModel.php(39): purify(Array)
#5 D:\PT Konimex\Proyek PPL\pd\app\Controllers\Admin\Idtransaksi.php(130): App\Models\IdtransaksiModel->insertPostId(Array, '09002')
#6 D:\PT Konimex\Proyek PPL\pd\system\CodeIgniter.php(832): App\Controllers\Admin\Idtransaksi->tambahdataid()
#7 D:\PT Konimex\Proyek PPL\pd\system\CodeIgniter.php(419): CodeIgniter\CodeIgniter->runController(Object(App\Controllers\Admin\Idtransaksi))
#8 D:\PT Konimex\Proyek PPL\pd\system\CodeIgniter.php(326): CodeIgniter\CodeIgniter->handleRequest(NULL, Object(Config\Cache), false)
#9 D:\PT Konimex\Proyek PPL\pd\public\index.php(37): CodeIgniter\CodeIgniter->run()
#10 D:\PT Konimex\Proyek PPL\pd\system\Commands\Server\rewrite.php(43): require_once('D:\\PT Konimex\\P...')
#11 {main}
CRITICAL - 2023-08-03 02:36:47 --> Array to string conversion
#0 D:\PT Konimex\Proyek PPL\pd\vendor\ezyang\htmlpurifier\library\HTMLPurifier\Lexer.php(314): CodeIgniter\Debug\Exceptions->errorHandler(8, 'Array to string...', 'D:\\PT Konimex\\P...', 314, Array)
#1 D:\PT Konimex\Proyek PPL\pd\vendor\ezyang\htmlpurifier\library\HTMLPurifier\Lexer\DOMLex.php(50): HTMLPurifier_Lexer->normalize(Array, Object(HTMLPurifier_Config), Object(HTMLPurifier_Context))
#2 D:\PT Konimex\Proyek PPL\pd\vendor\ezyang\htmlpurifier\library\HTMLPurifier.php(213): HTMLPurifier_Lexer_DOMLex->tokenizeHTML(Array, Object(HTMLPurifier_Config), Object(HTMLPurifier_Context))
#3 D:\PT Konimex\Proyek PPL\pd\app\Helpers\global_fungsi_helper.php(88): HTMLPurifier->purify(Array)
#4 D:\PT Konimex\Proyek PPL\pd\app\Models\IdtransaksiModel.php(39): purify(Array)
#5 D:\PT Konimex\Proyek PPL\pd\app\Controllers\Admin\Idtransaksi.php(130): App\Models\IdtransaksiModel->insertPostId(Array, '09002')
#6 D:\PT Konimex\Proyek PPL\pd\system\CodeIgniter.php(832): App\Controllers\Admin\Idtransaksi->tambahdataid()
#7 D:\PT Konimex\Proyek PPL\pd\system\CodeIgniter.php(419): CodeIgniter\CodeIgniter->runController(Object(App\Controllers\Admin\Idtransaksi))
#8 D:\PT Konimex\Proyek PPL\pd\system\CodeIgniter.php(326): CodeIgniter\CodeIgniter->handleRequest(NULL, Object(Config\Cache), false)
#9 D:\PT Konimex\Proyek PPL\pd\public\index.php(37): CodeIgniter\CodeIgniter->run()
#10 D:\PT Konimex\Proyek PPL\pd\system\Commands\Server\rewrite.php(43): require_once('D:\\PT Konimex\\P...')
#11 {main}
CRITICAL - 2023-08-03 02:37:18 --> Call to undefined method App\Models\IdtransaksiModel::insert_batch
#0 D:\PT Konimex\Proyek PPL\pd\app\Models\IdtransaksiModel.php(46): CodeIgniter\Model->__call('insert_batch', Array)
#1 D:\PT Konimex\Proyek PPL\pd\app\Controllers\Admin\Idtransaksi.php(130): App\Models\IdtransaksiModel->insertPostId(Array, '09002')
#2 D:\PT Konimex\Proyek PPL\pd\system\CodeIgniter.php(832): App\Controllers\Admin\Idtransaksi->tambahdataid()
#3 D:\PT Konimex\Proyek PPL\pd\system\CodeIgniter.php(419): CodeIgniter\CodeIgniter->runController(Object(App\Controllers\Admin\Idtransaksi))
#4 D:\PT Konimex\Proyek PPL\pd\system\CodeIgniter.php(326): CodeIgniter\CodeIgniter->handleRequest(NULL, Object(Config\Cache), false)
#5 D:\PT Konimex\Proyek PPL\pd\public\index.php(37): CodeIgniter\CodeIgniter->run()
#6 D:\PT Konimex\Proyek PPL\pd\system\Commands\Server\rewrite.php(43): require_once('D:\\PT Konimex\\P...')
#7 {main}
CRITICAL - 2023-08-03 02:40:45 --> Undefined variable: aksi
#0 D:\PT Konimex\Proyek PPL\pd\app\Controllers\Admin\Idtransaksi.php(130): CodeIgniter\Debug\Exceptions->errorHandler(8, 'Undefined varia...', 'D:\\PT Konimex\\P...', 130, Array)
#1 D:\PT Konimex\Proyek PPL\pd\system\CodeIgniter.php(832): App\Controllers\Admin\Idtransaksi->tambahdataid()
#2 D:\PT Konimex\Proyek PPL\pd\system\CodeIgniter.php(419): CodeIgniter\CodeIgniter->runController(Object(App\Controllers\Admin\Idtransaksi))
#3 D:\PT Konimex\Proyek PPL\pd\system\CodeIgniter.php(326): CodeIgniter\CodeIgniter->handleRequest(NULL, Object(Config\Cache), false)
#4 D:\PT Konimex\Proyek PPL\pd\public\index.php(37): CodeIgniter\CodeIgniter->run()
#5 D:\PT Konimex\Proyek PPL\pd\system\Commands\Server\rewrite.php(43): require_once('D:\\PT Konimex\\P...')
#6 {main}
CRITICAL - 2023-08-03 02:42:24 --> Undefined variable: builder
#0 D:\PT Konimex\Proyek PPL\pd\app\Controllers\Admin\Idtransaksi.php(131): CodeIgniter\Debug\Exceptions->errorHandler(8, 'Undefined varia...', 'D:\\PT Konimex\\P...', 131, Array)
#1 D:\PT Konimex\Proyek PPL\pd\system\CodeIgniter.php(832): App\Controllers\Admin\Idtransaksi->tambahdataid()
#2 D:\PT Konimex\Proyek PPL\pd\system\CodeIgniter.php(419): CodeIgniter\CodeIgniter->runController(Object(App\Controllers\Admin\Idtransaksi))
#3 D:\PT Konimex\Proyek PPL\pd\system\CodeIgniter.php(326): CodeIgniter\CodeIgniter->handleRequest(NULL, Object(Config\Cache), false)
#4 D:\PT Konimex\Proyek PPL\pd\public\index.php(37): CodeIgniter\CodeIgniter->run()
#5 D:\PT Konimex\Proyek PPL\pd\system\Commands\Server\rewrite.php(43): require_once('D:\\PT Konimex\\P...')
#6 {main}
CRITICAL - 2023-08-03 03:03:59 --> Call to undefined method CodeIgniter\Database\MySQLi\Connection::select()
#0 D:\PT Konimex\Proyek PPL\pd\app\Controllers\Admin\Idtransaksi.php(152): App\Models\IdtransaksiModel->get_idtransaksi()
#1 D:\PT Konimex\Proyek PPL\pd\system\CodeIgniter.php(832): App\Controllers\Admin\Idtransaksi->index()
#2 D:\PT Konimex\Proyek PPL\pd\system\CodeIgniter.php(419): CodeIgniter\CodeIgniter->runController(Object(App\Controllers\Admin\Idtransaksi))
#3 D:\PT Konimex\Proyek PPL\pd\system\CodeIgniter.php(326): CodeIgniter\CodeIgniter->handleRequest(NULL, Object(Config\Cache), false)
#4 D:\PT Konimex\Proyek PPL\pd\public\index.php(37): CodeIgniter\CodeIgniter->run()
#5 D:\PT Konimex\Proyek PPL\pd\system\Commands\Server\rewrite.php(43): require_once('D:\\PT Konimex\\P...')
#6 {main}
CRITICAL - 2023-08-03 03:03:59 --> Call to undefined method CodeIgniter\Database\MySQLi\Connection::select()
#0 D:\PT Konimex\Proyek PPL\pd\app\Controllers\Admin\Idtransaksi.php(152): App\Models\IdtransaksiModel->get_idtransaksi()
#1 D:\PT Konimex\Proyek PPL\pd\system\CodeIgniter.php(832): App\Controllers\Admin\Idtransaksi->index()
#2 D:\PT Konimex\Proyek PPL\pd\system\CodeIgniter.php(419): CodeIgniter\CodeIgniter->runController(Object(App\Controllers\Admin\Idtransaksi))
#3 D:\PT Konimex\Proyek PPL\pd\system\CodeIgniter.php(326): CodeIgniter\CodeIgniter->handleRequest(NULL, Object(Config\Cache), false)
#4 D:\PT Konimex\Proyek PPL\pd\public\index.php(37): CodeIgniter\CodeIgniter->run()
#5 D:\PT Konimex\Proyek PPL\pd\system\Commands\Server\rewrite.php(43): require_once('D:\\PT Konimex\\P...')
#6 {main}
CRITICAL - 2023-08-03 03:05:05 --> Cannot call constructor
#0 D:\PT Konimex\Proyek PPL\pd\system\CodeIgniter.php(809): App\Controllers\Admin\Multiple_insert->__construct()
#1 D:\PT Konimex\Proyek PPL\pd\system\CodeIgniter.php(410): CodeIgniter\CodeIgniter->createController()
#2 D:\PT Konimex\Proyek PPL\pd\system\CodeIgniter.php(326): CodeIgniter\CodeIgniter->handleRequest(NULL, Object(Config\Cache), false)
#3 D:\PT Konimex\Proyek PPL\pd\public\index.php(37): CodeIgniter\CodeIgniter->run()
#4 D:\PT Konimex\Proyek PPL\pd\system\Commands\Server\rewrite.php(43): require_once('D:\\PT Konimex\\P...')
#5 {main}
CRITICAL - 2023-08-03 03:05:06 --> Cannot call constructor
#0 D:\PT Konimex\Proyek PPL\pd\system\CodeIgniter.php(809): App\Controllers\Admin\Multiple_insert->__construct()
#1 D:\PT Konimex\Proyek PPL\pd\system\CodeIgniter.php(410): CodeIgniter\CodeIgniter->createController()
#2 D:\PT Konimex\Proyek PPL\pd\system\CodeIgniter.php(326): CodeIgniter\CodeIgniter->handleRequest(NULL, Object(Config\Cache), false)
#3 D:\PT Konimex\Proyek PPL\pd\public\index.php(37): CodeIgniter\CodeIgniter->run()
#4 D:\PT Konimex\Proyek PPL\pd\system\Commands\Server\rewrite.php(43): require_once('D:\\PT Konimex\\P...')
#5 {main}
CRITICAL - 2023-08-03 03:05:15 --> Call to undefined method CodeIgniter\Database\MySQLi\Connection::select()
#0 D:\PT Konimex\Proyek PPL\pd\app\Controllers\Admin\Multiple_insert.php(15): App\Models\M_multiple->get_karyawan()
#1 D:\PT Konimex\Proyek PPL\pd\system\CodeIgniter.php(832): App\Controllers\Admin\Multiple_insert->index()
#2 D:\PT Konimex\Proyek PPL\pd\system\CodeIgniter.php(419): CodeIgniter\CodeIgniter->runController(Object(App\Controllers\Admin\Multiple_insert))
#3 D:\PT Konimex\Proyek PPL\pd\system\CodeIgniter.php(326): CodeIgniter\CodeIgniter->handleRequest(NULL, Object(Config\Cache), false)
#4 D:\PT Konimex\Proyek PPL\pd\public\index.php(37): CodeIgniter\CodeIgniter->run()
#5 D:\PT Konimex\Proyek PPL\pd\system\Commands\Server\rewrite.php(43): require_once('D:\\PT Konimex\\P...')
#6 {main}
CRITICAL - 2023-08-03 03:05:15 --> Call to undefined method CodeIgniter\Database\MySQLi\Connection::select()
#0 D:\PT Konimex\Proyek PPL\pd\app\Controllers\Admin\Multiple_insert.php(15): App\Models\M_multiple->get_karyawan()
#1 D:\PT Konimex\Proyek PPL\pd\system\CodeIgniter.php(832): App\Controllers\Admin\Multiple_insert->index()
#2 D:\PT Konimex\Proyek PPL\pd\system\CodeIgniter.php(419): CodeIgniter\CodeIgniter->runController(Object(App\Controllers\Admin\Multiple_insert))
#3 D:\PT Konimex\Proyek PPL\pd\system\CodeIgniter.php(326): CodeIgniter\CodeIgniter->handleRequest(NULL, Object(Config\Cache), false)
#4 D:\PT Konimex\Proyek PPL\pd\public\index.php(37): CodeIgniter\CodeIgniter->run()
#5 D:\PT Konimex\Proyek PPL\pd\system\Commands\Server\rewrite.php(43): require_once('D:\\PT Konimex\\P...')
#6 {main}
CRITICAL - 2023-08-03 03:07:57 --> Call to a member function result() on null
#0 D:\PT Konimex\Proyek PPL\pd\system\CodeIgniter.php(832): App\Controllers\Admin\Multiple_insert->index()
#1 D:\PT Konimex\Proyek PPL\pd\system\CodeIgniter.php(419): CodeIgniter\CodeIgniter->runController(Object(App\Controllers\Admin\Multiple_insert))
#2 D:\PT Konimex\Proyek PPL\pd\system\CodeIgniter.php(326): CodeIgniter\CodeIgniter->handleRequest(NULL, Object(Config\Cache), false)
#3 D:\PT Konimex\Proyek PPL\pd\public\index.php(37): CodeIgniter\CodeIgniter->run()
#4 D:\PT Konimex\Proyek PPL\pd\system\Commands\Server\rewrite.php(43): require_once('D:\\PT Konimex\\P...')
#5 {main}
CRITICAL - 2023-08-03 03:07:57 --> Call to a member function result() on null
#0 D:\PT Konimex\Proyek PPL\pd\system\CodeIgniter.php(832): App\Controllers\Admin\Multiple_insert->index()
#1 D:\PT Konimex\Proyek PPL\pd\system\CodeIgniter.php(419): CodeIgniter\CodeIgniter->runController(Object(App\Controllers\Admin\Multiple_insert))
#2 D:\PT Konimex\Proyek PPL\pd\system\CodeIgniter.php(326): CodeIgniter\CodeIgniter->handleRequest(NULL, Object(Config\Cache), false)
#3 D:\PT Konimex\Proyek PPL\pd\public\index.php(37): CodeIgniter\CodeIgniter->run()
#4 D:\PT Konimex\Proyek PPL\pd\system\Commands\Server\rewrite.php(43): require_once('D:\\PT Konimex\\P...')
#5 {main}
CRITICAL - 2023-08-03 03:08:26 --> Invalid argument supplied for foreach()
#0 D:\PT Konimex\Proyek PPL\pd\app\Views\ui\multiple_view.php(101): CodeIgniter\Debug\Exceptions->errorHandler(2, 'Invalid argumen...', 'D:\\PT Konimex\\P...', 101, Array)
#1 D:\PT Konimex\Proyek PPL\pd\system\View\View.php(210): include('D:\\PT Konimex\\P...')
#2 D:\PT Konimex\Proyek PPL\pd\system\View\View.php(213): CodeIgniter\View\View->CodeIgniter\View\{closure}()
#3 D:\PT Konimex\Proyek PPL\pd\system\Common.php(1089): CodeIgniter\View\View->render('ui/multiple_vie...', Array, true)
#4 D:\PT Konimex\Proyek PPL\pd\app\Controllers\Admin\Multiple_insert.php(16): view('ui/multiple_vie...', Array)
#5 D:\PT Konimex\Proyek PPL\pd\system\CodeIgniter.php(832): App\Controllers\Admin\Multiple_insert->index()
#6 D:\PT Konimex\Proyek PPL\pd\system\CodeIgniter.php(419): CodeIgniter\CodeIgniter->runController(Object(App\Controllers\Admin\Multiple_insert))
#7 D:\PT Konimex\Proyek PPL\pd\system\CodeIgniter.php(326): CodeIgniter\CodeIgniter->handleRequest(NULL, Object(Config\Cache), false)
#8 D:\PT Konimex\Proyek PPL\pd\public\index.php(37): CodeIgniter\CodeIgniter->run()
#9 D:\PT Konimex\Proyek PPL\pd\system\Commands\Server\rewrite.php(43): require_once('D:\\PT Konimex\\P...')
#10 {main}
CRITICAL - 2023-08-03 03:08:26 --> Invalid argument supplied for foreach()
#0 D:\PT Konimex\Proyek PPL\pd\app\Views\ui\multiple_view.php(101): CodeIgniter\Debug\Exceptions->errorHandler(2, 'Invalid argumen...', 'D:\\PT Konimex\\P...', 101, Array)
#1 D:\PT Konimex\Proyek PPL\pd\system\View\View.php(210): include('D:\\PT Konimex\\P...')
#2 D:\PT Konimex\Proyek PPL\pd\system\View\View.php(213): CodeIgniter\View\View->CodeIgniter\View\{closure}()
#3 D:\PT Konimex\Proyek PPL\pd\system\Common.php(1089): CodeIgniter\View\View->render('ui/multiple_vie...', Array, true)
#4 D:\PT Konimex\Proyek PPL\pd\app\Controllers\Admin\Multiple_insert.php(16): view('ui/multiple_vie...', Array)
#5 D:\PT Konimex\Proyek PPL\pd\system\CodeIgniter.php(832): App\Controllers\Admin\Multiple_insert->index()
#6 D:\PT Konimex\Proyek PPL\pd\system\CodeIgniter.php(419): CodeIgniter\CodeIgniter->runController(Object(App\Controllers\Admin\Multiple_insert))
#7 D:\PT Konimex\Proyek PPL\pd\system\CodeIgniter.php(326): CodeIgniter\CodeIgniter->handleRequest(NULL, Object(Config\Cache), false)
#8 D:\PT Konimex\Proyek PPL\pd\public\index.php(37): CodeIgniter\CodeIgniter->run()
#9 D:\PT Konimex\Proyek PPL\pd\system\Commands\Server\rewrite.php(43): require_once('D:\\PT Konimex\\P...')
#10 {main}
CRITICAL - 2023-08-03 03:11:06 --> Invalid argument supplied for foreach()
#0 D:\PT Konimex\Proyek PPL\pd\app\Views\ui\multiple_view.php(98): CodeIgniter\Debug\Exceptions->errorHandler(2, 'Invalid argumen...', 'D:\\PT Konimex\\P...', 98, Array)
#1 D:\PT Konimex\Proyek PPL\pd\system\View\View.php(210): include('D:\\PT Konimex\\P...')
#2 D:\PT Konimex\Proyek PPL\pd\system\View\View.php(213): CodeIgniter\View\View->CodeIgniter\View\{closure}()
#3 D:\PT Konimex\Proyek PPL\pd\system\Common.php(1089): CodeIgniter\View\View->render('ui/multiple_vie...', Array, true)
#4 D:\PT Konimex\Proyek PPL\pd\app\Controllers\Admin\Multiple_insert.php(16): view('ui/multiple_vie...', Array)
#5 D:\PT Konimex\Proyek PPL\pd\system\CodeIgniter.php(832): App\Controllers\Admin\Multiple_insert->index()
#6 D:\PT Konimex\Proyek PPL\pd\system\CodeIgniter.php(419): CodeIgniter\CodeIgniter->runController(Object(App\Controllers\Admin\Multiple_insert))
#7 D:\PT Konimex\Proyek PPL\pd\system\CodeIgniter.php(326): CodeIgniter\CodeIgniter->handleRequest(NULL, Object(Config\Cache), false)
#8 D:\PT Konimex\Proyek PPL\pd\public\index.php(37): CodeIgniter\CodeIgniter->run()
#9 D:\PT Konimex\Proyek PPL\pd\system\Commands\Server\rewrite.php(43): require_once('D:\\PT Konimex\\P...')
#10 {main}
CRITICAL - 2023-08-03 03:11:07 --> Invalid argument supplied for foreach()
#0 D:\PT Konimex\Proyek PPL\pd\app\Views\ui\multiple_view.php(98): CodeIgniter\Debug\Exceptions->errorHandler(2, 'Invalid argumen...', 'D:\\PT Konimex\\P...', 98, Array)
#1 D:\PT Konimex\Proyek PPL\pd\system\View\View.php(210): include('D:\\PT Konimex\\P...')
#2 D:\PT Konimex\Proyek PPL\pd\system\View\View.php(213): CodeIgniter\View\View->CodeIgniter\View\{closure}()
#3 D:\PT Konimex\Proyek PPL\pd\system\Common.php(1089): CodeIgniter\View\View->render('ui/multiple_vie...', Array, true)
#4 D:\PT Konimex\Proyek PPL\pd\app\Controllers\Admin\Multiple_insert.php(16): view('ui/multiple_vie...', Array)
#5 D:\PT Konimex\Proyek PPL\pd\system\CodeIgniter.php(832): App\Controllers\Admin\Multiple_insert->index()
#6 D:\PT Konimex\Proyek PPL\pd\system\CodeIgniter.php(419): CodeIgniter\CodeIgniter->runController(Object(App\Controllers\Admin\Multiple_insert))
#7 D:\PT Konimex\Proyek PPL\pd\system\CodeIgniter.php(326): CodeIgniter\CodeIgniter->handleRequest(NULL, Object(Config\Cache), false)
#8 D:\PT Konimex\Proyek PPL\pd\public\index.php(37): CodeIgniter\CodeIgniter->run()
#9 D:\PT Konimex\Proyek PPL\pd\system\Commands\Server\rewrite.php(43): require_once('D:\\PT Konimex\\P...')
#10 {main}
CRITICAL - 2023-08-03 03:12:48 --> Undefined index: nama
#0 D:\PT Konimex\Proyek PPL\pd\app\Controllers\Admin\Multiple_insert.php(16): CodeIgniter\Debug\Exceptions->errorHandler(8, 'Undefined index...', 'D:\\PT Konimex\\P...', 16, Array)
#1 D:\PT Konimex\Proyek PPL\pd\system\CodeIgniter.php(832): App\Controllers\Admin\Multiple_insert->index()
#2 D:\PT Konimex\Proyek PPL\pd\system\CodeIgniter.php(419): CodeIgniter\CodeIgniter->runController(Object(App\Controllers\Admin\Multiple_insert))
#3 D:\PT Konimex\Proyek PPL\pd\system\CodeIgniter.php(326): CodeIgniter\CodeIgniter->handleRequest(NULL, Object(Config\Cache), false)
#4 D:\PT Konimex\Proyek PPL\pd\public\index.php(37): CodeIgniter\CodeIgniter->run()
#5 D:\PT Konimex\Proyek PPL\pd\system\Commands\Server\rewrite.php(43): require_once('D:\\PT Konimex\\P...')
#6 {main}
CRITICAL - 2023-08-03 03:12:48 --> Undefined index: nama
#0 D:\PT Konimex\Proyek PPL\pd\app\Controllers\Admin\Multiple_insert.php(16): CodeIgniter\Debug\Exceptions->errorHandler(8, 'Undefined index...', 'D:\\PT Konimex\\P...', 16, Array)
#1 D:\PT Konimex\Proyek PPL\pd\system\CodeIgniter.php(832): App\Controllers\Admin\Multiple_insert->index()
#2 D:\PT Konimex\Proyek PPL\pd\system\CodeIgniter.php(419): CodeIgniter\CodeIgniter->runController(Object(App\Controllers\Admin\Multiple_insert))
#3 D:\PT Konimex\Proyek PPL\pd\system\CodeIgniter.php(326): CodeIgniter\CodeIgniter->handleRequest(NULL, Object(Config\Cache), false)
#4 D:\PT Konimex\Proyek PPL\pd\public\index.php(37): CodeIgniter\CodeIgniter->run()
#5 D:\PT Konimex\Proyek PPL\pd\system\Commands\Server\rewrite.php(43): require_once('D:\\PT Konimex\\P...')
#6 {main}
CRITICAL - 2023-08-03 03:26:10 --> Array to string conversion
#0 D:\PT Konimex\Proyek PPL\pd\vendor\ezyang\htmlpurifier\library\HTMLPurifier\Lexer.php(314): CodeIgniter\Debug\Exceptions->errorHandler(8, 'Array to string...', 'D:\\PT Konimex\\P...', 314, Array)
#1 D:\PT Konimex\Proyek PPL\pd\vendor\ezyang\htmlpurifier\library\HTMLPurifier\Lexer\DOMLex.php(50): HTMLPurifier_Lexer->normalize(Array, Object(HTMLPurifier_Config), Object(HTMLPurifier_Context))
#2 D:\PT Konimex\Proyek PPL\pd\vendor\ezyang\htmlpurifier\library\HTMLPurifier.php(213): HTMLPurifier_Lexer_DOMLex->tokenizeHTML(Array, Object(HTMLPurifier_Config), Object(HTMLPurifier_Context))
#3 D:\PT Konimex\Proyek PPL\pd\app\Helpers\global_fungsi_helper.php(88): HTMLPurifier->purify(Array)
#4 D:\PT Konimex\Proyek PPL\pd\app\Models\IdtransaksiModel.php(45): purify(Array)
#5 D:\PT Konimex\Proyek PPL\pd\app\Controllers\Admin\Idtransaksi.php(130): App\Models\IdtransaksiModel->insertPostId(Array, '09002')
#6 D:\PT Konimex\Proyek PPL\pd\system\CodeIgniter.php(832): App\Controllers\Admin\Idtransaksi->tambahdataid()
#7 D:\PT Konimex\Proyek PPL\pd\system\CodeIgniter.php(419): CodeIgniter\CodeIgniter->runController(Object(App\Controllers\Admin\Idtransaksi))
#8 D:\PT Konimex\Proyek PPL\pd\system\CodeIgniter.php(326): CodeIgniter\CodeIgniter->handleRequest(NULL, Object(Config\Cache), false)
#9 D:\PT Konimex\Proyek PPL\pd\public\index.php(37): CodeIgniter\CodeIgniter->run()
#10 D:\PT Konimex\Proyek PPL\pd\system\Commands\Server\rewrite.php(43): require_once('D:\\PT Konimex\\P...')
#11 {main}
CRITICAL - 2023-08-03 03:45:37 --> Undefined offset: 0
#0 D:\PT Konimex\Proyek PPL\pd\app\Helpers\global_fungsi_helper.php(80): CodeIgniter\Debug\Exceptions->errorHandler(8, 'Undefined offse...', 'D:\\PT Konimex\\P...', 80, Array)
#1 D:\PT Konimex\Proyek PPL\pd\app\Views\idtransaksi\v_idtransaksi.php(174): tanggal_indonesia('0000-00-00')
#2 D:\PT Konimex\Proyek PPL\pd\system\View\View.php(210): include('D:\\PT Konimex\\P...')
#3 D:\PT Konimex\Proyek PPL\pd\system\View\View.php(213): CodeIgniter\View\View->CodeIgniter\View\{closure}()
#4 D:\PT Konimex\Proyek PPL\pd\system\Common.php(1089): CodeIgniter\View\View->render('idtransaksi/v_i...', Array, true)
#5 D:\PT Konimex\Proyek PPL\pd\app\Controllers\Admin\Idtransaksi.php(60): view('idtransaksi/v_i...', Array)
#6 D:\PT Konimex\Proyek PPL\pd\system\CodeIgniter.php(832): App\Controllers\Admin\Idtransaksi->idtransaksi()
#7 D:\PT Konimex\Proyek PPL\pd\system\CodeIgniter.php(419): CodeIgniter\CodeIgniter->runController(Object(App\Controllers\Admin\Idtransaksi))
#8 D:\PT Konimex\Proyek PPL\pd\system\CodeIgniter.php(326): CodeIgniter\CodeIgniter->handleRequest(NULL, Object(Config\Cache), false)
#9 D:\PT Konimex\Proyek PPL\pd\public\index.php(37): CodeIgniter\CodeIgniter->run()
#10 D:\PT Konimex\Proyek PPL\pd\system\Commands\Server\rewrite.php(43): require_once('D:\\PT Konimex\\P...')
#11 {main}
CRITICAL - 2023-08-03 03:45:37 --> Undefined offset: 0
#0 D:\PT Konimex\Proyek PPL\pd\app\Helpers\global_fungsi_helper.php(80): CodeIgniter\Debug\Exceptions->errorHandler(8, 'Undefined offse...', 'D:\\PT Konimex\\P...', 80, Array)
#1 D:\PT Konimex\Proyek PPL\pd\app\Views\idtransaksi\v_idtransaksi.php(174): tanggal_indonesia('0000-00-00')
#2 D:\PT Konimex\Proyek PPL\pd\system\View\View.php(210): include('D:\\PT Konimex\\P...')
#3 D:\PT Konimex\Proyek PPL\pd\system\View\View.php(213): CodeIgniter\View\View->CodeIgniter\View\{closure}()
#4 D:\PT Konimex\Proyek PPL\pd\system\Common.php(1089): CodeIgniter\View\View->render('idtransaksi/v_i...', Array, true)
#5 D:\PT Konimex\Proyek PPL\pd\app\Controllers\Admin\Idtransaksi.php(60): view('idtransaksi/v_i...', Array)
#6 D:\PT Konimex\Proyek PPL\pd\system\CodeIgniter.php(832): App\Controllers\Admin\Idtransaksi->idtransaksi()
#7 D:\PT Konimex\Proyek PPL\pd\system\CodeIgniter.php(419): CodeIgniter\CodeIgniter->runController(Object(App\Controllers\Admin\Idtransaksi))
#8 D:\PT Konimex\Proyek PPL\pd\system\CodeIgniter.php(326): CodeIgniter\CodeIgniter->handleRequest(NULL, Object(Config\Cache), false)
#9 D:\PT Konimex\Proyek PPL\pd\public\index.php(37): CodeIgniter\CodeIgniter->run()
#10 D:\PT Konimex\Proyek PPL\pd\system\Commands\Server\rewrite.php(43): require_once('D:\\PT Konimex\\P...')
#11 {main}
CRITICAL - 2023-08-03 22:08:46 --> Call to a member function findAll() on null
#0 D:\PT Konimex\Proyek PPL\pd\system\CodeIgniter.php(832): App\Controllers\Admin\Idtransaksi->index()
#1 D:\PT Konimex\Proyek PPL\pd\system\CodeIgniter.php(419): CodeIgniter\CodeIgniter->runController(Object(App\Controllers\Admin\Idtransaksi))
#2 D:\PT Konimex\Proyek PPL\pd\system\CodeIgniter.php(326): CodeIgniter\CodeIgniter->handleRequest(NULL, Object(Config\Cache), false)
#3 D:\PT Konimex\Proyek PPL\pd\public\index.php(37): CodeIgniter\CodeIgniter->run()
#4 D:\PT Konimex\Proyek PPL\pd\system\Commands\Server\rewrite.php(43): require_once('D:\\PT Konimex\\P...')
#5 {main}
CRITICAL - 2023-08-03 22:08:47 --> Call to a member function findAll() on null
#0 D:\PT Konimex\Proyek PPL\pd\system\CodeIgniter.php(832): App\Controllers\Admin\Idtransaksi->index()
#1 D:\PT Konimex\Proyek PPL\pd\system\CodeIgniter.php(419): CodeIgniter\CodeIgniter->runController(Object(App\Controllers\Admin\Idtransaksi))
#2 D:\PT Konimex\Proyek PPL\pd\system\CodeIgniter.php(326): CodeIgniter\CodeIgniter->handleRequest(NULL, Object(Config\Cache), false)
#3 D:\PT Konimex\Proyek PPL\pd\public\index.php(37): CodeIgniter\CodeIgniter->run()
#4 D:\PT Konimex\Proyek PPL\pd\system\Commands\Server\rewrite.php(43): require_once('D:\\PT Konimex\\P...')
#5 {main}
CRITICAL - 2023-08-03 22:09:34 --> Undefined variable: mahasiswa
#0 D:\PT Konimex\Proyek PPL\pd\app\Controllers\Admin\Idtransaksi.php(155): CodeIgniter\Debug\Exceptions->errorHandler(8, 'Undefined varia...', 'D:\\PT Konimex\\P...', 155, Array)
#1 D:\PT Konimex\Proyek PPL\pd\system\CodeIgniter.php(832): App\Controllers\Admin\Idtransaksi->index()
#2 D:\PT Konimex\Proyek PPL\pd\system\CodeIgniter.php(419): CodeIgniter\CodeIgniter->runController(Object(App\Controllers\Admin\Idtransaksi))
#3 D:\PT Konimex\Proyek PPL\pd\system\CodeIgniter.php(326): CodeIgniter\CodeIgniter->handleRequest(NULL, Object(Config\Cache), false)
#4 D:\PT Konimex\Proyek PPL\pd\public\index.php(37): CodeIgniter\CodeIgniter->run()
#5 D:\PT Konimex\Proyek PPL\pd\system\Commands\Server\rewrite.php(43): require_once('D:\\PT Konimex\\P...')
#6 {main}
CRITICAL - 2023-08-03 22:09:34 --> Undefined variable: mahasiswa
#0 D:\PT Konimex\Proyek PPL\pd\app\Controllers\Admin\Idtransaksi.php(155): CodeIgniter\Debug\Exceptions->errorHandler(8, 'Undefined varia...', 'D:\\PT Konimex\\P...', 155, Array)
#1 D:\PT Konimex\Proyek PPL\pd\system\CodeIgniter.php(832): App\Controllers\Admin\Idtransaksi->index()
#2 D:\PT Konimex\Proyek PPL\pd\system\CodeIgniter.php(419): CodeIgniter\CodeIgniter->runController(Object(App\Controllers\Admin\Idtransaksi))
#3 D:\PT Konimex\Proyek PPL\pd\system\CodeIgniter.php(326): CodeIgniter\CodeIgniter->handleRequest(NULL, Object(Config\Cache), false)
#4 D:\PT Konimex\Proyek PPL\pd\public\index.php(37): CodeIgniter\CodeIgniter->run()
#5 D:\PT Konimex\Proyek PPL\pd\system\Commands\Server\rewrite.php(43): require_once('D:\\PT Konimex\\P...')
#6 {main}
CRITICAL - 2023-08-03 22:14:54 --> Undefined variable: mahasiswa
#0 D:\PT Konimex\Proyek PPL\pd\app\Views\ui\data.php(21): CodeIgniter\Debug\Exceptions->errorHandler(8, 'Undefined varia...', 'D:\\PT Konimex\\P...', 21, Array)
#1 D:\PT Konimex\Proyek PPL\pd\system\View\View.php(210): include('D:\\PT Konimex\\P...')
#2 D:\PT Konimex\Proyek PPL\pd\system\View\View.php(213): CodeIgniter\View\View->CodeIgniter\View\{closure}()
#3 D:\PT Konimex\Proyek PPL\pd\system\Common.php(1089): CodeIgniter\View\View->render('ui/data', Array, true)
#4 D:\PT Konimex\Proyek PPL\pd\app\Controllers\Admin\Idtransaksi.php(158): view('ui/data')
#5 D:\PT Konimex\Proyek PPL\pd\system\CodeIgniter.php(832): App\Controllers\Admin\Idtransaksi->index()
#6 D:\PT Konimex\Proyek PPL\pd\system\CodeIgniter.php(419): CodeIgniter\CodeIgniter->runController(Object(App\Controllers\Admin\Idtransaksi))
#7 D:\PT Konimex\Proyek PPL\pd\system\CodeIgniter.php(326): CodeIgniter\CodeIgniter->handleRequest(NULL, Object(Config\Cache), false)
#8 D:\PT Konimex\Proyek PPL\pd\public\index.php(37): CodeIgniter\CodeIgniter->run()
#9 D:\PT Konimex\Proyek PPL\pd\system\Commands\Server\rewrite.php(43): require_once('D:\\PT Konimex\\P...')
#10 {main}
CRITICAL - 2023-08-03 22:14:54 --> Undefined variable: mahasiswa
#0 D:\PT Konimex\Proyek PPL\pd\app\Views\ui\data.php(21): CodeIgniter\Debug\Exceptions->errorHandler(8, 'Undefined varia...', 'D:\\PT Konimex\\P...', 21, Array)
#1 D:\PT Konimex\Proyek PPL\pd\system\View\View.php(210): include('D:\\PT Konimex\\P...')
#2 D:\PT Konimex\Proyek PPL\pd\system\View\View.php(213): CodeIgniter\View\View->CodeIgniter\View\{closure}()
#3 D:\PT Konimex\Proyek PPL\pd\system\Common.php(1089): CodeIgniter\View\View->render('ui/data', Array, true)
#4 D:\PT Konimex\Proyek PPL\pd\app\Controllers\Admin\Idtransaksi.php(158): view('ui/data')
#5 D:\PT Konimex\Proyek PPL\pd\system\CodeIgniter.php(832): App\Controllers\Admin\Idtransaksi->index()
#6 D:\PT Konimex\Proyek PPL\pd\system\CodeIgniter.php(419): CodeIgniter\CodeIgniter->runController(Object(App\Controllers\Admin\Idtransaksi))
#7 D:\PT Konimex\Proyek PPL\pd\system\CodeIgniter.php(326): CodeIgniter\CodeIgniter->handleRequest(NULL, Object(Config\Cache), false)
#8 D:\PT Konimex\Proyek PPL\pd\public\index.php(37): CodeIgniter\CodeIgniter->run()
#9 D:\PT Konimex\Proyek PPL\pd\system\Commands\Server\rewrite.php(43): require_once('D:\\PT Konimex\\P...')
#10 {main}
CRITICAL - 2023-08-03 22:15:04 --> Undefined variable: orang
#0 D:\PT Konimex\Proyek PPL\pd\app\Views\ui\data.php(21): CodeIgniter\Debug\Exceptions->errorHandler(8, 'Undefined varia...', 'D:\\PT Konimex\\P...', 21, Array)
#1 D:\PT Konimex\Proyek PPL\pd\system\View\View.php(210): include('D:\\PT Konimex\\P...')
#2 D:\PT Konimex\Proyek PPL\pd\system\View\View.php(213): CodeIgniter\View\View->CodeIgniter\View\{closure}()
#3 D:\PT Konimex\Proyek PPL\pd\system\Common.php(1089): CodeIgniter\View\View->render('ui/data', Array, true)
#4 D:\PT Konimex\Proyek PPL\pd\app\Controllers\Admin\Idtransaksi.php(158): view('ui/data')
#5 D:\PT Konimex\Proyek PPL\pd\system\CodeIgniter.php(832): App\Controllers\Admin\Idtransaksi->index()
#6 D:\PT Konimex\Proyek PPL\pd\system\CodeIgniter.php(419): CodeIgniter\CodeIgniter->runController(Object(App\Controllers\Admin\Idtransaksi))
#7 D:\PT Konimex\Proyek PPL\pd\system\CodeIgniter.php(326): CodeIgniter\CodeIgniter->handleRequest(NULL, Object(Config\Cache), false)
#8 D:\PT Konimex\Proyek PPL\pd\public\index.php(37): CodeIgniter\CodeIgniter->run()
#9 D:\PT Konimex\Proyek PPL\pd\system\Commands\Server\rewrite.php(43): require_once('D:\\PT Konimex\\P...')
#10 {main}
CRITICAL - 2023-08-03 22:15:05 --> Undefined variable: orang
#0 D:\PT Konimex\Proyek PPL\pd\app\Views\ui\data.php(21): CodeIgniter\Debug\Exceptions->errorHandler(8, 'Undefined varia...', 'D:\\PT Konimex\\P...', 21, Array)
#1 D:\PT Konimex\Proyek PPL\pd\system\View\View.php(210): include('D:\\PT Konimex\\P...')
#2 D:\PT Konimex\Proyek PPL\pd\system\View\View.php(213): CodeIgniter\View\View->CodeIgniter\View\{closure}()
#3 D:\PT Konimex\Proyek PPL\pd\system\Common.php(1089): CodeIgniter\View\View->render('ui/data', Array, true)
#4 D:\PT Konimex\Proyek PPL\pd\app\Controllers\Admin\Idtransaksi.php(158): view('ui/data')
#5 D:\PT Konimex\Proyek PPL\pd\system\CodeIgniter.php(832): App\Controllers\Admin\Idtransaksi->index()
#6 D:\PT Konimex\Proyek PPL\pd\system\CodeIgniter.php(419): CodeIgniter\CodeIgniter->runController(Object(App\Controllers\Admin\Idtransaksi))
#7 D:\PT Konimex\Proyek PPL\pd\system\CodeIgniter.php(326): CodeIgniter\CodeIgniter->handleRequest(NULL, Object(Config\Cache), false)
#8 D:\PT Konimex\Proyek PPL\pd\public\index.php(37): CodeIgniter\CodeIgniter->run()
#9 D:\PT Konimex\Proyek PPL\pd\system\Commands\Server\rewrite.php(43): require_once('D:\\PT Konimex\\P...')
#10 {main}
CRITICAL - 2023-08-03 23:16:13 --> Invalid argument supplied for foreach()
#0 D:\PT Konimex\Proyek PPL\pd\app\Views\idtransaksi\v_idtransaksi.php(50): CodeIgniter\Debug\Exceptions->errorHandler(2, 'Invalid argumen...', 'D:\\PT Konimex\\P...', 50, Array)
#1 D:\PT Konimex\Proyek PPL\pd\system\View\View.php(210): include('D:\\PT Konimex\\P...')
#2 D:\PT Konimex\Proyek PPL\pd\system\View\View.php(213): CodeIgniter\View\View->CodeIgniter\View\{closure}()
#3 D:\PT Konimex\Proyek PPL\pd\system\Common.php(1089): CodeIgniter\View\View->render('idtransaksi/v_i...', Array, true)
#4 D:\PT Konimex\Proyek PPL\pd\app\Controllers\Admin\Idtransaksi.php(61): view('idtransaksi/v_i...', Array)
#5 D:\PT Konimex\Proyek PPL\pd\system\CodeIgniter.php(832): App\Controllers\Admin\Idtransaksi->idtransaksi()
#6 D:\PT Konimex\Proyek PPL\pd\system\CodeIgniter.php(419): CodeIgniter\CodeIgniter->runController(Object(App\Controllers\Admin\Idtransaksi))
#7 D:\PT Konimex\Proyek PPL\pd\system\CodeIgniter.php(326): CodeIgniter\CodeIgniter->handleRequest(NULL, Object(Config\Cache), false)
#8 D:\PT Konimex\Proyek PPL\pd\public\index.php(37): CodeIgniter\CodeIgniter->run()
#9 D:\PT Konimex\Proyek PPL\pd\system\Commands\Server\rewrite.php(43): require_once('D:\\PT Konimex\\P...')
#10 {main}
CRITICAL - 2023-08-03 23:16:14 --> Invalid argument supplied for foreach()
#0 D:\PT Konimex\Proyek PPL\pd\app\Views\idtransaksi\v_idtransaksi.php(50): CodeIgniter\Debug\Exceptions->errorHandler(2, 'Invalid argumen...', 'D:\\PT Konimex\\P...', 50, Array)
#1 D:\PT Konimex\Proyek PPL\pd\system\View\View.php(210): include('D:\\PT Konimex\\P...')
#2 D:\PT Konimex\Proyek PPL\pd\system\View\View.php(213): CodeIgniter\View\View->CodeIgniter\View\{closure}()
#3 D:\PT Konimex\Proyek PPL\pd\system\Common.php(1089): CodeIgniter\View\View->render('idtransaksi/v_i...', Array, true)
#4 D:\PT Konimex\Proyek PPL\pd\app\Controllers\Admin\Idtransaksi.php(61): view('idtransaksi/v_i...', Array)
#5 D:\PT Konimex\Proyek PPL\pd\system\CodeIgniter.php(832): App\Controllers\Admin\Idtransaksi->idtransaksi()
#6 D:\PT Konimex\Proyek PPL\pd\system\CodeIgniter.php(419): CodeIgniter\CodeIgniter->runController(Object(App\Controllers\Admin\Idtransaksi))
#7 D:\PT Konimex\Proyek PPL\pd\system\CodeIgniter.php(326): CodeIgniter\CodeIgniter->handleRequest(NULL, Object(Config\Cache), false)
#8 D:\PT Konimex\Proyek PPL\pd\public\index.php(37): CodeIgniter\CodeIgniter->run()
#9 D:\PT Konimex\Proyek PPL\pd\system\Commands\Server\rewrite.php(43): require_once('D:\\PT Konimex\\P...')
#10 {main}
