ERROR - 2023-09-21 02:56:49 --> MySQL server has gone away
CRITICAL - 2023-09-21 02:56:49 --> MySQL server has gone away
#0 C:\xampp\htdocs\pdln\system\Database\MySQLi\Connection.php(292): mysqli->query('SELECT *\nFROM `...', 0)
#1 C:\xampp\htdocs\pdln\system\Database\BaseConnection.php(670): CodeIgniter\Database\MySQLi\Connection->execute('SELECT *\nFROM `...')
#2 C:\xampp\htdocs\pdln\system\Database\BaseConnection.php(598): CodeIgniter\Database\BaseConnection->simpleQuery('SELECT *\nFROM `...')
#3 C:\xampp\htdocs\pdln\system\Database\BaseBuilder.php(1455): CodeIgniter\Database\BaseConnection->query('SELECT *\nFROM `...', Array, false)
#4 C:\xampp\htdocs\pdln\system\Model.php(728): CodeIgniter\Database\BaseBuilder->get()
#5 C:\xampp\htdocs\pdln\app\Models\Bm06Model.php(17): CodeIgniter\Model->__call('get', Array)
#6 C:\xampp\htdocs\pdln\app\Controllers\Admin\Transaksi.php(50): App\Models\Bm06Model->getData('1120100000')
#7 C:\xampp\htdocs\pdln\system\CodeIgniter.php(832): App\Controllers\Admin\Transaksi->transaksi()
#8 C:\xampp\htdocs\pdln\system\CodeIgniter.php(419): CodeIgniter\CodeIgniter->runController(Object(App\Controllers\Admin\Transaksi))
#9 C:\xampp\htdocs\pdln\system\CodeIgniter.php(326): CodeIgniter\CodeIgniter->handleRequest(NULL, Object(Config\Cache), false)
#10 C:\xampp\htdocs\pdln\index.php(37): CodeIgniter\CodeIgniter->run()
#11 {main}
CRITICAL - 2023-09-21 21:43:46 --> Undefined variable $UangMasuk
#0 C:\xampp\htdocs\pdln\app\Controllers\Admin\PJUM.php(204): CodeIgniter\Debug\Exceptions->errorHandler(2, 'Undefined varia...', 'C:\\xampp\\htdocs...', 204)
#1 C:\xampp\htdocs\pdln\system\CodeIgniter.php(832): App\Controllers\Admin\PJUM->datapjum('pjum', '1', '')
#2 C:\xampp\htdocs\pdln\system\CodeIgniter.php(419): CodeIgniter\CodeIgniter->runController(Object(App\Controllers\Admin\PJUM))
#3 C:\xampp\htdocs\pdln\system\CodeIgniter.php(326): CodeIgniter\CodeIgniter->handleRequest(NULL, Object(Config\Cache), false)
#4 C:\xampp\htdocs\pdln\index.php(37): CodeIgniter\CodeIgniter->run()
#5 {main}
ERROR - 2023-09-21 21:48:45 --> You have an error in your SQL syntax; check the manual that corresponds to your MariaDB server version for the right syntax to use near '`:kategori` = !:
OR `kategori=!` `:kategori` = !.1:
GROUP BY `id_valas`, `id_...' at line 7
CRITICAL - 2023-09-21 21:48:45 --> You have an error in your SQL syntax; check the manual that corresponds to your MariaDB server version for the right syntax to use near '`:kategori` = !:
OR `kategori=!` `:kategori` = !.1:
GROUP BY `id_valas`, `id_...' at line 7
#0 C:\xampp\htdocs\pdln\system\Database\MySQLi\Connection.php(292): mysqli->query('SELECT sum(biay...', 0)
#1 C:\xampp\htdocs\pdln\system\Database\BaseConnection.php(670): CodeIgniter\Database\MySQLi\Connection->execute('SELECT sum(biay...')
#2 C:\xampp\htdocs\pdln\system\Database\BaseConnection.php(598): CodeIgniter\Database\BaseConnection->simpleQuery('SELECT sum(biay...')
#3 C:\xampp\htdocs\pdln\system\Database\BaseBuilder.php(1455): CodeIgniter\Database\BaseConnection->query('SELECT sum(biay...', Array, false)
#4 C:\xampp\htdocs\pdln\system\Model.php(728): CodeIgniter\Database\BaseBuilder->get()
#5 C:\xampp\htdocs\pdln\app\Models\BiayaModel.php(143): CodeIgniter\Model->__call('get', Array)
#6 C:\xampp\htdocs\pdln\app\Controllers\Admin\PJUM.php(189): App\Models\BiayaModel->uangMasuk('1', 'pjum', 'Tukar Uang Masu...', 'Kembalian')
#7 C:\xampp\htdocs\pdln\system\CodeIgniter.php(832): App\Controllers\Admin\PJUM->datapjum('pjum', '1', '')
#8 C:\xampp\htdocs\pdln\system\CodeIgniter.php(419): CodeIgniter\CodeIgniter->runController(Object(App\Controllers\Admin\PJUM))
#9 C:\xampp\htdocs\pdln\system\CodeIgniter.php(326): CodeIgniter\CodeIgniter->handleRequest(NULL, Object(Config\Cache), false)
#10 C:\xampp\htdocs\pdln\index.php(37): CodeIgniter\CodeIgniter->run()
#11 {main}
ERROR - 2023-09-21 21:48:53 --> You have an error in your SQL syntax; check the manual that corresponds to your MariaDB server version for the right syntax to use near '`:kategori` = !:
OR `kategori=!` `:kategori` = !.1:
GROUP BY `id_valas`, `id_...' at line 7
CRITICAL - 2023-09-21 21:48:53 --> You have an error in your SQL syntax; check the manual that corresponds to your MariaDB server version for the right syntax to use near '`:kategori` = !:
OR `kategori=!` `:kategori` = !.1:
GROUP BY `id_valas`, `id_...' at line 7
#0 C:\xampp\htdocs\pdln\system\Database\MySQLi\Connection.php(292): mysqli->query('SELECT sum(biay...', 0)
#1 C:\xampp\htdocs\pdln\system\Database\BaseConnection.php(670): CodeIgniter\Database\MySQLi\Connection->execute('SELECT sum(biay...')
#2 C:\xampp\htdocs\pdln\system\Database\BaseConnection.php(598): CodeIgniter\Database\BaseConnection->simpleQuery('SELECT sum(biay...')
#3 C:\xampp\htdocs\pdln\system\Database\BaseBuilder.php(1455): CodeIgniter\Database\BaseConnection->query('SELECT sum(biay...', Array, false)
#4 C:\xampp\htdocs\pdln\system\Model.php(728): CodeIgniter\Database\BaseBuilder->get()
#5 C:\xampp\htdocs\pdln\app\Models\BiayaModel.php(143): CodeIgniter\Model->__call('get', Array)
#6 C:\xampp\htdocs\pdln\app\Controllers\Admin\PJUM.php(189): App\Models\BiayaModel->uangMasuk('1', 'pjum', 'Tukar Uang Masu...', 'Kembalian')
#7 C:\xampp\htdocs\pdln\system\CodeIgniter.php(832): App\Controllers\Admin\PJUM->datapjum('pjum', '1', '')
#8 C:\xampp\htdocs\pdln\system\CodeIgniter.php(419): CodeIgniter\CodeIgniter->runController(Object(App\Controllers\Admin\PJUM))
#9 C:\xampp\htdocs\pdln\system\CodeIgniter.php(326): CodeIgniter\CodeIgniter->handleRequest(NULL, Object(Config\Cache), false)
#10 C:\xampp\htdocs\pdln\index.php(37): CodeIgniter\CodeIgniter->run()
#11 {main}
CRITICAL - 2023-09-21 22:05:06 --> Undefined array key "uangmasuk"
#0 C:\xampp\htdocs\pdln\app\Views\pjum\v_datapjum.php(394): CodeIgniter\Debug\Exceptions->errorHandler(2, 'Undefined array...', 'C:\\xampp\\htdocs...', 394)
#1 C:\xampp\htdocs\pdln\system\View\View.php(210): include('C:\\xampp\\htdocs...')
#2 C:\xampp\htdocs\pdln\system\View\View.php(213): CodeIgniter\View\View->CodeIgniter\View\{closure}()
#3 C:\xampp\htdocs\pdln\system\Common.php(1089): CodeIgniter\View\View->render('pjum/v_datapjum', Array, true)
#4 C:\xampp\htdocs\pdln\app\Controllers\Admin\PJUM.php(235): view('pjum/v_datapjum', Array)
#5 C:\xampp\htdocs\pdln\system\CodeIgniter.php(832): App\Controllers\Admin\PJUM->datapjum('pjum', '1', '')
#6 C:\xampp\htdocs\pdln\system\CodeIgniter.php(419): CodeIgniter\CodeIgniter->runController(Object(App\Controllers\Admin\PJUM))
#7 C:\xampp\htdocs\pdln\system\CodeIgniter.php(326): CodeIgniter\CodeIgniter->handleRequest(NULL, Object(Config\Cache), false)
#8 C:\xampp\htdocs\pdln\index.php(37): CodeIgniter\CodeIgniter->run()
#9 {main}
ERROR - 2023-09-21 22:46:05 --> Unknown column 'tanggal' in 'where clause'
CRITICAL - 2023-09-21 22:46:05 --> Unknown column 'tanggal' in 'where clause'
#0 C:\xampp\htdocs\pdln\system\Database\MySQLi\Connection.php(292): mysqli->query('SELECT sum(biay...', 0)
#1 C:\xampp\htdocs\pdln\system\Database\BaseConnection.php(670): CodeIgniter\Database\MySQLi\Connection->execute('SELECT sum(biay...')
#2 C:\xampp\htdocs\pdln\system\Database\BaseConnection.php(598): CodeIgniter\Database\BaseConnection->simpleQuery('SELECT sum(biay...')
#3 C:\xampp\htdocs\pdln\system\Database\BaseBuilder.php(1455): CodeIgniter\Database\BaseConnection->query('SELECT sum(biay...', Array, false)
#4 C:\xampp\htdocs\pdln\system\Model.php(728): CodeIgniter\Database\BaseBuilder->get()
#5 C:\xampp\htdocs\pdln\app\Models\BiayaModel.php(156): CodeIgniter\Model->__call('get', Array)
#6 C:\xampp\htdocs\pdln\app\Controllers\Admin\PJUM.php(188): App\Models\BiayaModel->total('1', 'pjum', 'Tukar Uang Masu...', 'Kembalian')
#7 C:\xampp\htdocs\pdln\system\CodeIgniter.php(832): App\Controllers\Admin\PJUM->datapjum('pjum', '1', '')
#8 C:\xampp\htdocs\pdln\system\CodeIgniter.php(419): CodeIgniter\CodeIgniter->runController(Object(App\Controllers\Admin\PJUM))
#9 C:\xampp\htdocs\pdln\system\CodeIgniter.php(326): CodeIgniter\CodeIgniter->handleRequest(NULL, Object(Config\Cache), false)
#10 C:\xampp\htdocs\pdln\index.php(37): CodeIgniter\CodeIgniter->run()
#11 {main}
