CRITICAL - 2023-07-20 01:04:00 --> Too few arguments to function App\Controllers\Admin\Dashboard::editdatapjum(), 0 passed in D:\PT Konimex\Proyek PPL\pd\system\CodeIgniter.php on line 832 and exactly 1 expected
#0 D:\PT Konimex\Proyek PPL\pd\system\CodeIgniter.php(832): App\Controllers\Admin\Dashboard->editdatapjum()
#1 D:\PT Konimex\Proyek PPL\pd\system\CodeIgniter.php(419): CodeIgniter\CodeIgniter->runController(Object(App\Controllers\Admin\Dashboard))
#2 D:\PT Konimex\Proyek PPL\pd\system\CodeIgniter.php(326): CodeIgniter\CodeIgniter->handleRequest(NULL, Object(Config\Cache), false)
#3 D:\PT Konimex\Proyek PPL\pd\public\index.php(37): CodeIgniter\CodeIgniter->run()
#4 D:\PT Konimex\Proyek PPL\pd\system\Commands\Server\rewrite.php(43): require_once('D:\\PT Konimex\\P...')
#5 {main}
CRITICAL - 2023-07-20 01:04:01 --> Too few arguments to function App\Controllers\Admin\Dashboard::editdatapjum(), 0 passed in D:\PT Konimex\Proyek PPL\pd\system\CodeIgniter.php on line 832 and exactly 1 expected
#0 D:\PT Konimex\Proyek PPL\pd\system\CodeIgniter.php(832): App\Controllers\Admin\Dashboard->editdatapjum()
#1 D:\PT Konimex\Proyek PPL\pd\system\CodeIgniter.php(419): CodeIgniter\CodeIgniter->runController(Object(App\Controllers\Admin\Dashboard))
#2 D:\PT Konimex\Proyek PPL\pd\system\CodeIgniter.php(326): CodeIgniter\CodeIgniter->handleRequest(NULL, Object(Config\Cache), false)
#3 D:\PT Konimex\Proyek PPL\pd\public\index.php(37): CodeIgniter\CodeIgniter->run()
#4 D:\PT Konimex\Proyek PPL\pd\system\Commands\Server\rewrite.php(43): require_once('D:\\PT Konimex\\P...')
#5 {main}
CRITICAL - 2023-07-20 01:15:41 --> Undefined variable: post_id
#0 D:\PT Konimex\Proyek PPL\pd\app\Controllers\Admin\Dashboard.php(129): CodeIgniter\Debug\Exceptions->errorHandler(8, 'Undefined varia...', 'D:\\PT Konimex\\P...', 129, Array)
#1 D:\PT Konimex\Proyek PPL\pd\system\CodeIgniter.php(832): App\Controllers\Admin\Dashboard->edit()
#2 D:\PT Konimex\Proyek PPL\pd\system\CodeIgniter.php(419): CodeIgniter\CodeIgniter->runController(Object(App\Controllers\Admin\Dashboard))
#3 D:\PT Konimex\Proyek PPL\pd\system\CodeIgniter.php(326): CodeIgniter\CodeIgniter->handleRequest(NULL, Object(Config\Cache), false)
#4 D:\PT Konimex\Proyek PPL\pd\public\index.php(37): CodeIgniter\CodeIgniter->run()
#5 D:\PT Konimex\Proyek PPL\pd\system\Commands\Server\rewrite.php(43): require_once('D:\\PT Konimex\\P...')
#6 {main}
CRITICAL - 2023-07-20 01:15:42 --> Undefined variable: post_id
#0 D:\PT Konimex\Proyek PPL\pd\app\Controllers\Admin\Dashboard.php(129): CodeIgniter\Debug\Exceptions->errorHandler(8, 'Undefined varia...', 'D:\\PT Konimex\\P...', 129, Array)
#1 D:\PT Konimex\Proyek PPL\pd\system\CodeIgniter.php(832): App\Controllers\Admin\Dashboard->edit()
#2 D:\PT Konimex\Proyek PPL\pd\system\CodeIgniter.php(419): CodeIgniter\CodeIgniter->runController(Object(App\Controllers\Admin\Dashboard))
#3 D:\PT Konimex\Proyek PPL\pd\system\CodeIgniter.php(326): CodeIgniter\CodeIgniter->handleRequest(NULL, Object(Config\Cache), false)
#4 D:\PT Konimex\Proyek PPL\pd\public\index.php(37): CodeIgniter\CodeIgniter->run()
#5 D:\PT Konimex\Proyek PPL\pd\system\Commands\Server\rewrite.php(43): require_once('D:\\PT Konimex\\P...')
#6 {main}
CRITICAL - 2023-07-20 01:16:55 --> Too few arguments to function App\Controllers\Admin\Dashboard::edit(), 0 passed in D:\PT Konimex\Proyek PPL\pd\system\CodeIgniter.php on line 832 and exactly 1 expected
#0 D:\PT Konimex\Proyek PPL\pd\system\CodeIgniter.php(832): App\Controllers\Admin\Dashboard->edit()
#1 D:\PT Konimex\Proyek PPL\pd\system\CodeIgniter.php(419): CodeIgniter\CodeIgniter->runController(Object(App\Controllers\Admin\Dashboard))
#2 D:\PT Konimex\Proyek PPL\pd\system\CodeIgniter.php(326): CodeIgniter\CodeIgniter->handleRequest(NULL, Object(Config\Cache), false)
#3 D:\PT Konimex\Proyek PPL\pd\public\index.php(37): CodeIgniter\CodeIgniter->run()
#4 D:\PT Konimex\Proyek PPL\pd\system\Commands\Server\rewrite.php(43): require_once('D:\\PT Konimex\\P...')
#5 {main}
CRITICAL - 2023-07-20 01:16:56 --> Too few arguments to function App\Controllers\Admin\Dashboard::edit(), 0 passed in D:\PT Konimex\Proyek PPL\pd\system\CodeIgniter.php on line 832 and exactly 1 expected
#0 D:\PT Konimex\Proyek PPL\pd\system\CodeIgniter.php(832): App\Controllers\Admin\Dashboard->edit()
#1 D:\PT Konimex\Proyek PPL\pd\system\CodeIgniter.php(419): CodeIgniter\CodeIgniter->runController(Object(App\Controllers\Admin\Dashboard))
#2 D:\PT Konimex\Proyek PPL\pd\system\CodeIgniter.php(326): CodeIgniter\CodeIgniter->handleRequest(NULL, Object(Config\Cache), false)
#3 D:\PT Konimex\Proyek PPL\pd\public\index.php(37): CodeIgniter\CodeIgniter->run()
#4 D:\PT Konimex\Proyek PPL\pd\system\Commands\Server\rewrite.php(43): require_once('D:\\PT Konimex\\P...')
#5 {main}
CRITICAL - 2023-07-20 01:24:47 --> Call to undefined function App\Models\where()
#0 D:\PT Konimex\Proyek PPL\pd\app\Controllers\Admin\Dashboard.php(129): App\Models\PostsModel->getPost('5')
#1 D:\PT Konimex\Proyek PPL\pd\system\CodeIgniter.php(832): App\Controllers\Admin\Dashboard->editdatapjum('5')
#2 D:\PT Konimex\Proyek PPL\pd\system\CodeIgniter.php(419): CodeIgniter\CodeIgniter->runController(Object(App\Controllers\Admin\Dashboard))
#3 D:\PT Konimex\Proyek PPL\pd\system\CodeIgniter.php(326): CodeIgniter\CodeIgniter->handleRequest(NULL, Object(Config\Cache), false)
#4 D:\PT Konimex\Proyek PPL\pd\public\index.php(37): CodeIgniter\CodeIgniter->run()
#5 D:\PT Konimex\Proyek PPL\pd\system\Commands\Server\rewrite.php(43): require_once('D:\\PT Konimex\\P...')
#6 {main}
CRITICAL - 2023-07-20 01:24:48 --> Call to undefined function App\Models\where()
#0 D:\PT Konimex\Proyek PPL\pd\app\Controllers\Admin\Dashboard.php(129): App\Models\PostsModel->getPost('5')
#1 D:\PT Konimex\Proyek PPL\pd\system\CodeIgniter.php(832): App\Controllers\Admin\Dashboard->editdatapjum('5')
#2 D:\PT Konimex\Proyek PPL\pd\system\CodeIgniter.php(419): CodeIgniter\CodeIgniter->runController(Object(App\Controllers\Admin\Dashboard))
#3 D:\PT Konimex\Proyek PPL\pd\system\CodeIgniter.php(326): CodeIgniter\CodeIgniter->handleRequest(NULL, Object(Config\Cache), false)
#4 D:\PT Konimex\Proyek PPL\pd\public\index.php(37): CodeIgniter\CodeIgniter->run()
#5 D:\PT Konimex\Proyek PPL\pd\system\Commands\Server\rewrite.php(43): require_once('D:\\PT Konimex\\P...')
#6 {main}
CRITICAL - 2023-07-20 01:25:19 --> Call to undefined function App\Models\where()
#0 D:\PT Konimex\Proyek PPL\pd\app\Controllers\Admin\Dashboard.php(129): App\Models\PostsModel->getPost('5')
#1 D:\PT Konimex\Proyek PPL\pd\system\CodeIgniter.php(832): App\Controllers\Admin\Dashboard->editdatapjum('5')
#2 D:\PT Konimex\Proyek PPL\pd\system\CodeIgniter.php(419): CodeIgniter\CodeIgniter->runController(Object(App\Controllers\Admin\Dashboard))
#3 D:\PT Konimex\Proyek PPL\pd\system\CodeIgniter.php(326): CodeIgniter\CodeIgniter->handleRequest(NULL, Object(Config\Cache), false)
#4 D:\PT Konimex\Proyek PPL\pd\public\index.php(37): CodeIgniter\CodeIgniter->run()
#5 D:\PT Konimex\Proyek PPL\pd\system\Commands\Server\rewrite.php(43): require_once('D:\\PT Konimex\\P...')
#6 {main}
CRITICAL - 2023-07-20 01:25:19 --> Call to undefined function App\Models\where()
#0 D:\PT Konimex\Proyek PPL\pd\app\Controllers\Admin\Dashboard.php(129): App\Models\PostsModel->getPost('5')
#1 D:\PT Konimex\Proyek PPL\pd\system\CodeIgniter.php(832): App\Controllers\Admin\Dashboard->editdatapjum('5')
#2 D:\PT Konimex\Proyek PPL\pd\system\CodeIgniter.php(419): CodeIgniter\CodeIgniter->runController(Object(App\Controllers\Admin\Dashboard))
#3 D:\PT Konimex\Proyek PPL\pd\system\CodeIgniter.php(326): CodeIgniter\CodeIgniter->handleRequest(NULL, Object(Config\Cache), false)
#4 D:\PT Konimex\Proyek PPL\pd\public\index.php(37): CodeIgniter\CodeIgniter->run()
#5 D:\PT Konimex\Proyek PPL\pd\system\Commands\Server\rewrite.php(43): require_once('D:\\PT Konimex\\P...')
#6 {main}
CRITICAL - 2023-07-20 01:26:54 --> Call to undefined function App\Models\where()
#0 D:\PT Konimex\Proyek PPL\pd\app\Controllers\Admin\Dashboard.php(129): App\Models\PostsModel->getPost('$post_id')
#1 D:\PT Konimex\Proyek PPL\pd\system\CodeIgniter.php(832): App\Controllers\Admin\Dashboard->editdatapjum('$post_id')
#2 D:\PT Konimex\Proyek PPL\pd\system\CodeIgniter.php(419): CodeIgniter\CodeIgniter->runController(Object(App\Controllers\Admin\Dashboard))
#3 D:\PT Konimex\Proyek PPL\pd\system\CodeIgniter.php(326): CodeIgniter\CodeIgniter->handleRequest(NULL, Object(Config\Cache), false)
#4 D:\PT Konimex\Proyek PPL\pd\public\index.php(37): CodeIgniter\CodeIgniter->run()
#5 D:\PT Konimex\Proyek PPL\pd\system\Commands\Server\rewrite.php(43): require_once('D:\\PT Konimex\\P...')
#6 {main}
CRITICAL - 2023-07-20 01:26:55 --> Call to undefined function App\Models\where()
#0 D:\PT Konimex\Proyek PPL\pd\app\Controllers\Admin\Dashboard.php(129): App\Models\PostsModel->getPost('$post_id')
#1 D:\PT Konimex\Proyek PPL\pd\system\CodeIgniter.php(832): App\Controllers\Admin\Dashboard->editdatapjum('$post_id')
#2 D:\PT Konimex\Proyek PPL\pd\system\CodeIgniter.php(419): CodeIgniter\CodeIgniter->runController(Object(App\Controllers\Admin\Dashboard))
#3 D:\PT Konimex\Proyek PPL\pd\system\CodeIgniter.php(326): CodeIgniter\CodeIgniter->handleRequest(NULL, Object(Config\Cache), false)
#4 D:\PT Konimex\Proyek PPL\pd\public\index.php(37): CodeIgniter\CodeIgniter->run()
#5 D:\PT Konimex\Proyek PPL\pd\system\Commands\Server\rewrite.php(43): require_once('D:\\PT Konimex\\P...')
#6 {main}
CRITICAL - 2023-07-20 20:47:12 --> Undefined index: inactive
#0 D:\PT Konimex\Proyek PPL\pd\app\Views\pager\datatable.php(6): CodeIgniter\Debug\Exceptions->errorHandler(8, 'Undefined index...', 'D:\\PT Konimex\\P...', 6, Array)
#1 D:\PT Konimex\Proyek PPL\pd\system\View\View.php(210): include('D:\\PT Konimex\\P...')
#2 D:\PT Konimex\Proyek PPL\pd\system\View\View.php(213): CodeIgniter\View\View->CodeIgniter\View\{closure}()
#3 D:\PT Konimex\Proyek PPL\pd\system\Pager\Pager.php(125): CodeIgniter\View\View->render('App\\Views\\Pager...')
#4 D:\PT Konimex\Proyek PPL\pd\system\Pager\Pager.php(83): CodeIgniter\Pager\Pager->displayLinks('dt', 'datatable')
#5 D:\PT Konimex\Proyek PPL\pd\app\Views\pjum\v_lihatdatapjum.php(212): CodeIgniter\Pager\Pager->links('dt', 'datatable')
#6 D:\PT Konimex\Proyek PPL\pd\system\View\View.php(210): include('D:\\PT Konimex\\P...')
#7 D:\PT Konimex\Proyek PPL\pd\system\View\View.php(213): CodeIgniter\View\View->CodeIgniter\View\{closure}()
#8 D:\PT Konimex\Proyek PPL\pd\system\Common.php(1089): CodeIgniter\View\View->render('pjum/v_lihatdat...', Array, true)
#9 D:\PT Konimex\Proyek PPL\pd\app\Controllers\Admin\Dashboard.php(142): view('pjum/v_lihatdat...', Array)
#10 D:\PT Konimex\Proyek PPL\pd\system\CodeIgniter.php(832): App\Controllers\Admin\Dashboard->lihatdatapjum()
#11 D:\PT Konimex\Proyek PPL\pd\system\CodeIgniter.php(419): CodeIgniter\CodeIgniter->runController(Object(App\Controllers\Admin\Dashboard))
#12 D:\PT Konimex\Proyek PPL\pd\system\CodeIgniter.php(326): CodeIgniter\CodeIgniter->handleRequest(NULL, Object(Config\Cache), false)
#13 D:\PT Konimex\Proyek PPL\pd\public\index.php(37): CodeIgniter\CodeIgniter->run()
#14 D:\PT Konimex\Proyek PPL\pd\system\Commands\Server\rewrite.php(43): require_once('D:\\PT Konimex\\P...')
#15 {main}
CRITICAL - 2023-07-20 20:47:13 --> Undefined index: inactive
#0 D:\PT Konimex\Proyek PPL\pd\app\Views\pager\datatable.php(6): CodeIgniter\Debug\Exceptions->errorHandler(8, 'Undefined index...', 'D:\\PT Konimex\\P...', 6, Array)
#1 D:\PT Konimex\Proyek PPL\pd\system\View\View.php(210): include('D:\\PT Konimex\\P...')
#2 D:\PT Konimex\Proyek PPL\pd\system\View\View.php(213): CodeIgniter\View\View->CodeIgniter\View\{closure}()
#3 D:\PT Konimex\Proyek PPL\pd\system\Pager\Pager.php(125): CodeIgniter\View\View->render('App\\Views\\Pager...')
#4 D:\PT Konimex\Proyek PPL\pd\system\Pager\Pager.php(83): CodeIgniter\Pager\Pager->displayLinks('dt', 'datatable')
#5 D:\PT Konimex\Proyek PPL\pd\app\Views\pjum\v_lihatdatapjum.php(212): CodeIgniter\Pager\Pager->links('dt', 'datatable')
#6 D:\PT Konimex\Proyek PPL\pd\system\View\View.php(210): include('D:\\PT Konimex\\P...')
#7 D:\PT Konimex\Proyek PPL\pd\system\View\View.php(213): CodeIgniter\View\View->CodeIgniter\View\{closure}()
#8 D:\PT Konimex\Proyek PPL\pd\system\Common.php(1089): CodeIgniter\View\View->render('pjum/v_lihatdat...', Array, true)
#9 D:\PT Konimex\Proyek PPL\pd\app\Controllers\Admin\Dashboard.php(142): view('pjum/v_lihatdat...', Array)
#10 D:\PT Konimex\Proyek PPL\pd\system\CodeIgniter.php(832): App\Controllers\Admin\Dashboard->lihatdatapjum()
#11 D:\PT Konimex\Proyek PPL\pd\system\CodeIgniter.php(419): CodeIgniter\CodeIgniter->runController(Object(App\Controllers\Admin\Dashboard))
#12 D:\PT Konimex\Proyek PPL\pd\system\CodeIgniter.php(326): CodeIgniter\CodeIgniter->handleRequest(NULL, Object(Config\Cache), false)
#13 D:\PT Konimex\Proyek PPL\pd\public\index.php(37): CodeIgniter\CodeIgniter->run()
#14 D:\PT Konimex\Proyek PPL\pd\system\Commands\Server\rewrite.php(43): require_once('D:\\PT Konimex\\P...')
#15 {main}
CRITICAL - 2023-07-20 20:49:19 --> Undefined index: page-item active
#0 D:\PT Konimex\Proyek PPL\pd\app\Views\pager\datatable.php(6): CodeIgniter\Debug\Exceptions->errorHandler(8, 'Undefined index...', 'D:\\PT Konimex\\P...', 6, Array)
#1 D:\PT Konimex\Proyek PPL\pd\system\View\View.php(210): include('D:\\PT Konimex\\P...')
#2 D:\PT Konimex\Proyek PPL\pd\system\View\View.php(213): CodeIgniter\View\View->CodeIgniter\View\{closure}()
#3 D:\PT Konimex\Proyek PPL\pd\system\Pager\Pager.php(125): CodeIgniter\View\View->render('App\\Views\\Pager...')
#4 D:\PT Konimex\Proyek PPL\pd\system\Pager\Pager.php(83): CodeIgniter\Pager\Pager->displayLinks('dt', 'datatable')
#5 D:\PT Konimex\Proyek PPL\pd\app\Views\pjum\v_lihatdatapjum.php(212): CodeIgniter\Pager\Pager->links('dt', 'datatable')
#6 D:\PT Konimex\Proyek PPL\pd\system\View\View.php(210): include('D:\\PT Konimex\\P...')
#7 D:\PT Konimex\Proyek PPL\pd\system\View\View.php(213): CodeIgniter\View\View->CodeIgniter\View\{closure}()
#8 D:\PT Konimex\Proyek PPL\pd\system\Common.php(1089): CodeIgniter\View\View->render('pjum/v_lihatdat...', Array, true)
#9 D:\PT Konimex\Proyek PPL\pd\app\Controllers\Admin\Dashboard.php(142): view('pjum/v_lihatdat...', Array)
#10 D:\PT Konimex\Proyek PPL\pd\system\CodeIgniter.php(832): App\Controllers\Admin\Dashboard->lihatdatapjum()
#11 D:\PT Konimex\Proyek PPL\pd\system\CodeIgniter.php(419): CodeIgniter\CodeIgniter->runController(Object(App\Controllers\Admin\Dashboard))
#12 D:\PT Konimex\Proyek PPL\pd\system\CodeIgniter.php(326): CodeIgniter\CodeIgniter->handleRequest(NULL, Object(Config\Cache), false)
#13 D:\PT Konimex\Proyek PPL\pd\public\index.php(37): CodeIgniter\CodeIgniter->run()
#14 D:\PT Konimex\Proyek PPL\pd\system\Commands\Server\rewrite.php(43): require_once('D:\\PT Konimex\\P...')
#15 {main}
CRITICAL - 2023-07-20 20:49:20 --> Undefined index: page-item active
#0 D:\PT Konimex\Proyek PPL\pd\app\Views\pager\datatable.php(6): CodeIgniter\Debug\Exceptions->errorHandler(8, 'Undefined index...', 'D:\\PT Konimex\\P...', 6, Array)
#1 D:\PT Konimex\Proyek PPL\pd\system\View\View.php(210): include('D:\\PT Konimex\\P...')
#2 D:\PT Konimex\Proyek PPL\pd\system\View\View.php(213): CodeIgniter\View\View->CodeIgniter\View\{closure}()
#3 D:\PT Konimex\Proyek PPL\pd\system\Pager\Pager.php(125): CodeIgniter\View\View->render('App\\Views\\Pager...')
#4 D:\PT Konimex\Proyek PPL\pd\system\Pager\Pager.php(83): CodeIgniter\Pager\Pager->displayLinks('dt', 'datatable')
#5 D:\PT Konimex\Proyek PPL\pd\app\Views\pjum\v_lihatdatapjum.php(212): CodeIgniter\Pager\Pager->links('dt', 'datatable')
#6 D:\PT Konimex\Proyek PPL\pd\system\View\View.php(210): include('D:\\PT Konimex\\P...')
#7 D:\PT Konimex\Proyek PPL\pd\system\View\View.php(213): CodeIgniter\View\View->CodeIgniter\View\{closure}()
#8 D:\PT Konimex\Proyek PPL\pd\system\Common.php(1089): CodeIgniter\View\View->render('pjum/v_lihatdat...', Array, true)
#9 D:\PT Konimex\Proyek PPL\pd\app\Controllers\Admin\Dashboard.php(142): view('pjum/v_lihatdat...', Array)
#10 D:\PT Konimex\Proyek PPL\pd\system\CodeIgniter.php(832): App\Controllers\Admin\Dashboard->lihatdatapjum()
#11 D:\PT Konimex\Proyek PPL\pd\system\CodeIgniter.php(419): CodeIgniter\CodeIgniter->runController(Object(App\Controllers\Admin\Dashboard))
#12 D:\PT Konimex\Proyek PPL\pd\system\CodeIgniter.php(326): CodeIgniter\CodeIgniter->handleRequest(NULL, Object(Config\Cache), false)
#13 D:\PT Konimex\Proyek PPL\pd\public\index.php(37): CodeIgniter\CodeIgniter->run()
#14 D:\PT Konimex\Proyek PPL\pd\system\Commands\Server\rewrite.php(43): require_once('D:\\PT Konimex\\P...')
#15 {main}
CRITICAL - 2023-07-20 20:52:43 --> Undefined variable: activeclass
#0 D:\PT Konimex\Proyek PPL\pd\app\Views\pager\datatable.php(8): CodeIgniter\Debug\Exceptions->errorHandler(8, 'Undefined varia...', 'D:\\PT Konimex\\P...', 8, Array)
#1 D:\PT Konimex\Proyek PPL\pd\system\View\View.php(210): include('D:\\PT Konimex\\P...')
#2 D:\PT Konimex\Proyek PPL\pd\system\View\View.php(213): CodeIgniter\View\View->CodeIgniter\View\{closure}()
#3 D:\PT Konimex\Proyek PPL\pd\system\Pager\Pager.php(125): CodeIgniter\View\View->render('App\\Views\\Pager...')
#4 D:\PT Konimex\Proyek PPL\pd\system\Pager\Pager.php(83): CodeIgniter\Pager\Pager->displayLinks('dt', 'datatable')
#5 D:\PT Konimex\Proyek PPL\pd\app\Views\pjum\v_lihatdatapjum.php(212): CodeIgniter\Pager\Pager->links('dt', 'datatable')
#6 D:\PT Konimex\Proyek PPL\pd\system\View\View.php(210): include('D:\\PT Konimex\\P...')
#7 D:\PT Konimex\Proyek PPL\pd\system\View\View.php(213): CodeIgniter\View\View->CodeIgniter\View\{closure}()
#8 D:\PT Konimex\Proyek PPL\pd\system\Common.php(1089): CodeIgniter\View\View->render('pjum/v_lihatdat...', Array, true)
#9 D:\PT Konimex\Proyek PPL\pd\app\Controllers\Admin\Dashboard.php(142): view('pjum/v_lihatdat...', Array)
#10 D:\PT Konimex\Proyek PPL\pd\system\CodeIgniter.php(832): App\Controllers\Admin\Dashboard->lihatdatapjum()
#11 D:\PT Konimex\Proyek PPL\pd\system\CodeIgniter.php(419): CodeIgniter\CodeIgniter->runController(Object(App\Controllers\Admin\Dashboard))
#12 D:\PT Konimex\Proyek PPL\pd\system\CodeIgniter.php(326): CodeIgniter\CodeIgniter->handleRequest(NULL, Object(Config\Cache), false)
#13 D:\PT Konimex\Proyek PPL\pd\public\index.php(37): CodeIgniter\CodeIgniter->run()
#14 D:\PT Konimex\Proyek PPL\pd\system\Commands\Server\rewrite.php(43): require_once('D:\\PT Konimex\\P...')
#15 {main}
CRITICAL - 2023-07-20 20:52:45 --> Undefined variable: activeclass
#0 D:\PT Konimex\Proyek PPL\pd\app\Views\pager\datatable.php(8): CodeIgniter\Debug\Exceptions->errorHandler(8, 'Undefined varia...', 'D:\\PT Konimex\\P...', 8, Array)
#1 D:\PT Konimex\Proyek PPL\pd\system\View\View.php(210): include('D:\\PT Konimex\\P...')
#2 D:\PT Konimex\Proyek PPL\pd\system\View\View.php(213): CodeIgniter\View\View->CodeIgniter\View\{closure}()
#3 D:\PT Konimex\Proyek PPL\pd\system\Pager\Pager.php(125): CodeIgniter\View\View->render('App\\Views\\Pager...')
#4 D:\PT Konimex\Proyek PPL\pd\system\Pager\Pager.php(83): CodeIgniter\Pager\Pager->displayLinks('dt', 'datatable')
#5 D:\PT Konimex\Proyek PPL\pd\app\Views\pjum\v_lihatdatapjum.php(212): CodeIgniter\Pager\Pager->links('dt', 'datatable')
#6 D:\PT Konimex\Proyek PPL\pd\system\View\View.php(210): include('D:\\PT Konimex\\P...')
#7 D:\PT Konimex\Proyek PPL\pd\system\View\View.php(213): CodeIgniter\View\View->CodeIgniter\View\{closure}()
#8 D:\PT Konimex\Proyek PPL\pd\system\Common.php(1089): CodeIgniter\View\View->render('pjum/v_lihatdat...', Array, true)
#9 D:\PT Konimex\Proyek PPL\pd\app\Controllers\Admin\Dashboard.php(142): view('pjum/v_lihatdat...', Array)
#10 D:\PT Konimex\Proyek PPL\pd\system\CodeIgniter.php(832): App\Controllers\Admin\Dashboard->lihatdatapjum()
#11 D:\PT Konimex\Proyek PPL\pd\system\CodeIgniter.php(419): CodeIgniter\CodeIgniter->runController(Object(App\Controllers\Admin\Dashboard))
#12 D:\PT Konimex\Proyek PPL\pd\system\CodeIgniter.php(326): CodeIgniter\CodeIgniter->handleRequest(NULL, Object(Config\Cache), false)
#13 D:\PT Konimex\Proyek PPL\pd\public\index.php(37): CodeIgniter\CodeIgniter->run()
#14 D:\PT Konimex\Proyek PPL\pd\system\Commands\Server\rewrite.php(43): require_once('D:\\PT Konimex\\P...')
#15 {main}
CRITICAL - 2023-07-20 22:33:45 --> Undefined variable: jumlahBaris
#0 D:\PT Konimex\Proyek PPL\pd\app\Views\pager\datatable.php(8): CodeIgniter\Debug\Exceptions->errorHandler(8, 'Undefined varia...', 'D:\\PT Konimex\\P...', 8, Array)
#1 D:\PT Konimex\Proyek PPL\pd\system\View\View.php(210): include('D:\\PT Konimex\\P...')
#2 D:\PT Konimex\Proyek PPL\pd\system\View\View.php(213): CodeIgniter\View\View->CodeIgniter\View\{closure}()
#3 D:\PT Konimex\Proyek PPL\pd\system\Pager\Pager.php(125): CodeIgniter\View\View->render('App\\Views\\Pager...')
#4 D:\PT Konimex\Proyek PPL\pd\system\Pager\Pager.php(83): CodeIgniter\Pager\Pager->displayLinks('dt', 'datatable')
#5 D:\PT Konimex\Proyek PPL\pd\app\Views\pjum\v_lihatdatapjum.php(209): CodeIgniter\Pager\Pager->links('dt', 'datatable')
#6 D:\PT Konimex\Proyek PPL\pd\system\View\View.php(210): include('D:\\PT Konimex\\P...')
#7 D:\PT Konimex\Proyek PPL\pd\system\View\View.php(213): CodeIgniter\View\View->CodeIgniter\View\{closure}()
#8 D:\PT Konimex\Proyek PPL\pd\system\Common.php(1089): CodeIgniter\View\View->render('pjum/v_lihatdat...', Array, true)
#9 D:\PT Konimex\Proyek PPL\pd\app\Controllers\Admin\Dashboard.php(142): view('pjum/v_lihatdat...', Array)
#10 D:\PT Konimex\Proyek PPL\pd\system\CodeIgniter.php(832): App\Controllers\Admin\Dashboard->lihatdatapjum()
#11 D:\PT Konimex\Proyek PPL\pd\system\CodeIgniter.php(419): CodeIgniter\CodeIgniter->runController(Object(App\Controllers\Admin\Dashboard))
#12 D:\PT Konimex\Proyek PPL\pd\system\CodeIgniter.php(326): CodeIgniter\CodeIgniter->handleRequest(NULL, Object(Config\Cache), false)
#13 D:\PT Konimex\Proyek PPL\pd\public\index.php(37): CodeIgniter\CodeIgniter->run()
#14 D:\PT Konimex\Proyek PPL\pd\system\Commands\Server\rewrite.php(43): require_once('D:\\PT Konimex\\P...')
#15 {main}
CRITICAL - 2023-07-20 22:33:46 --> Undefined variable: jumlahBaris
#0 D:\PT Konimex\Proyek PPL\pd\app\Views\pager\datatable.php(8): CodeIgniter\Debug\Exceptions->errorHandler(8, 'Undefined varia...', 'D:\\PT Konimex\\P...', 8, Array)
#1 D:\PT Konimex\Proyek PPL\pd\system\View\View.php(210): include('D:\\PT Konimex\\P...')
#2 D:\PT Konimex\Proyek PPL\pd\system\View\View.php(213): CodeIgniter\View\View->CodeIgniter\View\{closure}()
#3 D:\PT Konimex\Proyek PPL\pd\system\Pager\Pager.php(125): CodeIgniter\View\View->render('App\\Views\\Pager...')
#4 D:\PT Konimex\Proyek PPL\pd\system\Pager\Pager.php(83): CodeIgniter\Pager\Pager->displayLinks('dt', 'datatable')
#5 D:\PT Konimex\Proyek PPL\pd\app\Views\pjum\v_lihatdatapjum.php(209): CodeIgniter\Pager\Pager->links('dt', 'datatable')
#6 D:\PT Konimex\Proyek PPL\pd\system\View\View.php(210): include('D:\\PT Konimex\\P...')
#7 D:\PT Konimex\Proyek PPL\pd\system\View\View.php(213): CodeIgniter\View\View->CodeIgniter\View\{closure}()
#8 D:\PT Konimex\Proyek PPL\pd\system\Common.php(1089): CodeIgniter\View\View->render('pjum/v_lihatdat...', Array, true)
#9 D:\PT Konimex\Proyek PPL\pd\app\Controllers\Admin\Dashboard.php(142): view('pjum/v_lihatdat...', Array)
#10 D:\PT Konimex\Proyek PPL\pd\system\CodeIgniter.php(832): App\Controllers\Admin\Dashboard->lihatdatapjum()
#11 D:\PT Konimex\Proyek PPL\pd\system\CodeIgniter.php(419): CodeIgniter\CodeIgniter->runController(Object(App\Controllers\Admin\Dashboard))
#12 D:\PT Konimex\Proyek PPL\pd\system\CodeIgniter.php(326): CodeIgniter\CodeIgniter->handleRequest(NULL, Object(Config\Cache), false)
#13 D:\PT Konimex\Proyek PPL\pd\public\index.php(37): CodeIgniter\CodeIgniter->run()
#14 D:\PT Konimex\Proyek PPL\pd\system\Commands\Server\rewrite.php(43): require_once('D:\\PT Konimex\\P...')
#15 {main}
CRITICAL - 2023-07-20 23:06:04 --> Invalid file: datapjum/v_pjum.php
#0 D:\PT Konimex\Proyek PPL\pd\system\View\View.php(198): CodeIgniter\Exceptions\FrameworkException::forInvalidFile('datapjum/v_pjum...')
#1 D:\PT Konimex\Proyek PPL\pd\system\Common.php(1089): CodeIgniter\View\View->render('datapjum/v_pjum', Array, true)
#2 D:\PT Konimex\Proyek PPL\pd\app\Controllers\Admin\PJUM.php(26): view('datapjum/v_pjum', Array)
#3 D:\PT Konimex\Proyek PPL\pd\system\CodeIgniter.php(832): App\Controllers\Admin\PJUM->datapjum()
#4 D:\PT Konimex\Proyek PPL\pd\system\CodeIgniter.php(419): CodeIgniter\CodeIgniter->runController(Object(App\Controllers\Admin\PJUM))
#5 D:\PT Konimex\Proyek PPL\pd\system\CodeIgniter.php(326): CodeIgniter\CodeIgniter->handleRequest(NULL, Object(Config\Cache), false)
#6 D:\PT Konimex\Proyek PPL\pd\public\index.php(37): CodeIgniter\CodeIgniter->run()
#7 D:\PT Konimex\Proyek PPL\pd\system\Commands\Server\rewrite.php(43): require_once('D:\\PT Konimex\\P...')
#8 {main}
CRITICAL - 2023-07-20 23:06:05 --> Invalid file: datapjum/v_pjum.php
#0 D:\PT Konimex\Proyek PPL\pd\system\View\View.php(198): CodeIgniter\Exceptions\FrameworkException::forInvalidFile('datapjum/v_pjum...')
#1 D:\PT Konimex\Proyek PPL\pd\system\Common.php(1089): CodeIgniter\View\View->render('datapjum/v_pjum', Array, true)
#2 D:\PT Konimex\Proyek PPL\pd\app\Controllers\Admin\PJUM.php(26): view('datapjum/v_pjum', Array)
#3 D:\PT Konimex\Proyek PPL\pd\system\CodeIgniter.php(832): App\Controllers\Admin\PJUM->datapjum()
#4 D:\PT Konimex\Proyek PPL\pd\system\CodeIgniter.php(419): CodeIgniter\CodeIgniter->runController(Object(App\Controllers\Admin\PJUM))
#5 D:\PT Konimex\Proyek PPL\pd\system\CodeIgniter.php(326): CodeIgniter\CodeIgniter->handleRequest(NULL, Object(Config\Cache), false)
#6 D:\PT Konimex\Proyek PPL\pd\public\index.php(37): CodeIgniter\CodeIgniter->run()
#7 D:\PT Konimex\Proyek PPL\pd\system\Commands\Server\rewrite.php(43): require_once('D:\\PT Konimex\\P...')
#8 {main}
