CRITICAL - 2023-08-13 20:35:04 --> Class 'App\Controllers\Admin\DataModel' not found
#0 D:\PT Konimex\Proyek PPL\pd_ln\system\CodeIgniter.php(832): App\Controllers\Admin\Idtransaksi->index()
#1 D:\PT Konimex\Proyek PPL\pd_ln\system\CodeIgniter.php(419): CodeIgniter\CodeIgniter->runController(Object(App\Controllers\Admin\Idtransaksi))
#2 D:\PT Konimex\Proyek PPL\pd_ln\system\CodeIgniter.php(326): CodeIgniter\CodeIgniter->handleRequest(NULL, Object(Config\Cache), false)
#3 D:\PT Konimex\Proyek PPL\pd_ln\public\index.php(37): CodeIgniter\CodeIgniter->run()
#4 D:\PT Konimex\Proyek PPL\pd_ln\system\Commands\Server\rewrite.php(43): require_once('D:\\PT Konimex\\P...')
#5 {main}
CRITICAL - 2023-08-13 20:35:07 --> Class 'App\Controllers\Admin\DataModel' not found
#0 D:\PT Konimex\Proyek PPL\pd_ln\system\CodeIgniter.php(832): App\Controllers\Admin\Idtransaksi->index()
#1 D:\PT Konimex\Proyek PPL\pd_ln\system\CodeIgniter.php(419): CodeIgniter\CodeIgniter->runController(Object(App\Controllers\Admin\Idtransaksi))
#2 D:\PT Konimex\Proyek PPL\pd_ln\system\CodeIgniter.php(326): CodeIgniter\CodeIgniter->handleRequest(NULL, Object(Config\Cache), false)
#3 D:\PT Konimex\Proyek PPL\pd_ln\public\index.php(37): CodeIgniter\CodeIgniter->run()
#4 D:\PT Konimex\Proyek PPL\pd_ln\system\Commands\Server\rewrite.php(43): require_once('D:\\PT Konimex\\P...')
#5 {main}
CRITICAL - 2023-08-13 20:35:44 --> Trying to get property 'bagian' of non-object
#0 D:\PT Konimex\Proyek PPL\pd_ln\app\Views\ui\data.php(27): CodeIgniter\Debug\Exceptions->errorHandler(8, 'Trying to get p...', 'D:\\PT Konimex\\P...', 27, Array)
#1 D:\PT Konimex\Proyek PPL\pd_ln\system\View\View.php(210): include('D:\\PT Konimex\\P...')
#2 D:\PT Konimex\Proyek PPL\pd_ln\system\View\View.php(213): CodeIgniter\View\View->CodeIgniter\View\{closure}()
#3 D:\PT Konimex\Proyek PPL\pd_ln\system\Common.php(1089): CodeIgniter\View\View->render('ui/data', Array, true)
#4 D:\PT Konimex\Proyek PPL\pd_ln\app\Controllers\Admin\Idtransaksi.php(197): view('ui/data', Array)
#5 D:\PT Konimex\Proyek PPL\pd_ln\system\CodeIgniter.php(832): App\Controllers\Admin\Idtransaksi->index()
#6 D:\PT Konimex\Proyek PPL\pd_ln\system\CodeIgniter.php(419): CodeIgniter\CodeIgniter->runController(Object(App\Controllers\Admin\Idtransaksi))
#7 D:\PT Konimex\Proyek PPL\pd_ln\system\CodeIgniter.php(326): CodeIgniter\CodeIgniter->handleRequest(NULL, Object(Config\Cache), false)
#8 D:\PT Konimex\Proyek PPL\pd_ln\public\index.php(37): CodeIgniter\CodeIgniter->run()
#9 D:\PT Konimex\Proyek PPL\pd_ln\system\Commands\Server\rewrite.php(43): require_once('D:\\PT Konimex\\P...')
#10 {main}
CRITICAL - 2023-08-13 20:35:45 --> Trying to get property 'bagian' of non-object
#0 D:\PT Konimex\Proyek PPL\pd_ln\app\Views\ui\data.php(27): CodeIgniter\Debug\Exceptions->errorHandler(8, 'Trying to get p...', 'D:\\PT Konimex\\P...', 27, Array)
#1 D:\PT Konimex\Proyek PPL\pd_ln\system\View\View.php(210): include('D:\\PT Konimex\\P...')
#2 D:\PT Konimex\Proyek PPL\pd_ln\system\View\View.php(213): CodeIgniter\View\View->CodeIgniter\View\{closure}()
#3 D:\PT Konimex\Proyek PPL\pd_ln\system\Common.php(1089): CodeIgniter\View\View->render('ui/data', Array, true)
#4 D:\PT Konimex\Proyek PPL\pd_ln\app\Controllers\Admin\Idtransaksi.php(197): view('ui/data', Array)
#5 D:\PT Konimex\Proyek PPL\pd_ln\system\CodeIgniter.php(832): App\Controllers\Admin\Idtransaksi->index()
#6 D:\PT Konimex\Proyek PPL\pd_ln\system\CodeIgniter.php(419): CodeIgniter\CodeIgniter->runController(Object(App\Controllers\Admin\Idtransaksi))
#7 D:\PT Konimex\Proyek PPL\pd_ln\system\CodeIgniter.php(326): CodeIgniter\CodeIgniter->handleRequest(NULL, Object(Config\Cache), false)
#8 D:\PT Konimex\Proyek PPL\pd_ln\public\index.php(37): CodeIgniter\CodeIgniter->run()
#9 D:\PT Konimex\Proyek PPL\pd_ln\system\Commands\Server\rewrite.php(43): require_once('D:\\PT Konimex\\P...')
#10 {main}
CRITICAL - 2023-08-13 20:37:00 --> Undefined variable: mahasiswa
#0 D:\PT Konimex\Proyek PPL\pd_ln\app\Views\ui\data.php(24): CodeIgniter\Debug\Exceptions->errorHandler(8, 'Undefined varia...', 'D:\\PT Konimex\\P...', 24, Array)
#1 D:\PT Konimex\Proyek PPL\pd_ln\system\View\View.php(210): include('D:\\PT Konimex\\P...')
#2 D:\PT Konimex\Proyek PPL\pd_ln\system\View\View.php(213): CodeIgniter\View\View->CodeIgniter\View\{closure}()
#3 D:\PT Konimex\Proyek PPL\pd_ln\system\Common.php(1089): CodeIgniter\View\View->render('ui/data', Array, true)
#4 D:\PT Konimex\Proyek PPL\pd_ln\app\Controllers\Admin\Idtransaksi.php(197): view('ui/data', Array)
#5 D:\PT Konimex\Proyek PPL\pd_ln\system\CodeIgniter.php(832): App\Controllers\Admin\Idtransaksi->index()
#6 D:\PT Konimex\Proyek PPL\pd_ln\system\CodeIgniter.php(419): CodeIgniter\CodeIgniter->runController(Object(App\Controllers\Admin\Idtransaksi))
#7 D:\PT Konimex\Proyek PPL\pd_ln\system\CodeIgniter.php(326): CodeIgniter\CodeIgniter->handleRequest(NULL, Object(Config\Cache), false)
#8 D:\PT Konimex\Proyek PPL\pd_ln\public\index.php(37): CodeIgniter\CodeIgniter->run()
#9 D:\PT Konimex\Proyek PPL\pd_ln\system\Commands\Server\rewrite.php(43): require_once('D:\\PT Konimex\\P...')
#10 {main}
CRITICAL - 2023-08-13 20:37:02 --> Undefined variable: mahasiswa
#0 D:\PT Konimex\Proyek PPL\pd_ln\app\Views\ui\data.php(24): CodeIgniter\Debug\Exceptions->errorHandler(8, 'Undefined varia...', 'D:\\PT Konimex\\P...', 24, Array)
#1 D:\PT Konimex\Proyek PPL\pd_ln\system\View\View.php(210): include('D:\\PT Konimex\\P...')
#2 D:\PT Konimex\Proyek PPL\pd_ln\system\View\View.php(213): CodeIgniter\View\View->CodeIgniter\View\{closure}()
#3 D:\PT Konimex\Proyek PPL\pd_ln\system\Common.php(1089): CodeIgniter\View\View->render('ui/data', Array, true)
#4 D:\PT Konimex\Proyek PPL\pd_ln\app\Controllers\Admin\Idtransaksi.php(197): view('ui/data', Array)
#5 D:\PT Konimex\Proyek PPL\pd_ln\system\CodeIgniter.php(832): App\Controllers\Admin\Idtransaksi->index()
#6 D:\PT Konimex\Proyek PPL\pd_ln\system\CodeIgniter.php(419): CodeIgniter\CodeIgniter->runController(Object(App\Controllers\Admin\Idtransaksi))
#7 D:\PT Konimex\Proyek PPL\pd_ln\system\CodeIgniter.php(326): CodeIgniter\CodeIgniter->handleRequest(NULL, Object(Config\Cache), false)
#8 D:\PT Konimex\Proyek PPL\pd_ln\public\index.php(37): CodeIgniter\CodeIgniter->run()
#9 D:\PT Konimex\Proyek PPL\pd_ln\system\Commands\Server\rewrite.php(43): require_once('D:\\PT Konimex\\P...')
#10 {main}
CRITICAL - 2023-08-13 20:50:49 --> Undefined property: App\Controllers\Admin\Idtransaksi::$load
#0 D:\PT Konimex\Proyek PPL\pd_ln\app\Controllers\Admin\Idtransaksi.php(205): CodeIgniter\Debug\Exceptions->errorHandler(8, 'Undefined prope...', 'D:\\PT Konimex\\P...', 205, Array)
#1 D:\PT Konimex\Proyek PPL\pd_ln\system\CodeIgniter.php(832): App\Controllers\Admin\Idtransaksi->index1()
#2 D:\PT Konimex\Proyek PPL\pd_ln\system\CodeIgniter.php(419): CodeIgniter\CodeIgniter->runController(Object(App\Controllers\Admin\Idtransaksi))
#3 D:\PT Konimex\Proyek PPL\pd_ln\system\CodeIgniter.php(326): CodeIgniter\CodeIgniter->handleRequest(NULL, Object(Config\Cache), false)
#4 D:\PT Konimex\Proyek PPL\pd_ln\public\index.php(37): CodeIgniter\CodeIgniter->run()
#5 D:\PT Konimex\Proyek PPL\pd_ln\system\Commands\Server\rewrite.php(43): require_once('D:\\PT Konimex\\P...')
#6 {main}
CRITICAL - 2023-08-13 20:50:50 --> Undefined property: App\Controllers\Admin\Idtransaksi::$load
#0 D:\PT Konimex\Proyek PPL\pd_ln\app\Controllers\Admin\Idtransaksi.php(205): CodeIgniter\Debug\Exceptions->errorHandler(8, 'Undefined prope...', 'D:\\PT Konimex\\P...', 205, Array)
#1 D:\PT Konimex\Proyek PPL\pd_ln\system\CodeIgniter.php(832): App\Controllers\Admin\Idtransaksi->index1()
#2 D:\PT Konimex\Proyek PPL\pd_ln\system\CodeIgniter.php(419): CodeIgniter\CodeIgniter->runController(Object(App\Controllers\Admin\Idtransaksi))
#3 D:\PT Konimex\Proyek PPL\pd_ln\system\CodeIgniter.php(326): CodeIgniter\CodeIgniter->handleRequest(NULL, Object(Config\Cache), false)
#4 D:\PT Konimex\Proyek PPL\pd_ln\public\index.php(37): CodeIgniter\CodeIgniter->run()
#5 D:\PT Konimex\Proyek PPL\pd_ln\system\Commands\Server\rewrite.php(43): require_once('D:\\PT Konimex\\P...')
#6 {main}
CRITICAL - 2023-08-13 20:56:10 --> Call to undefined function form_open()
#0 D:\PT Konimex\Proyek PPL\pd_ln\system\View\View.php(210): include()
#1 D:\PT Konimex\Proyek PPL\pd_ln\system\View\View.php(213): CodeIgniter\View\View->CodeIgniter\View\{closure}()
#2 D:\PT Konimex\Proyek PPL\pd_ln\system\Common.php(1089): CodeIgniter\View\View->render('ui/v_index', Array, true)
#3 D:\PT Konimex\Proyek PPL\pd_ln\app\Controllers\Admin\Idtransaksi.php(205): view('ui/v_index', Array)
#4 D:\PT Konimex\Proyek PPL\pd_ln\system\CodeIgniter.php(832): App\Controllers\Admin\Idtransaksi->index1()
#5 D:\PT Konimex\Proyek PPL\pd_ln\system\CodeIgniter.php(419): CodeIgniter\CodeIgniter->runController(Object(App\Controllers\Admin\Idtransaksi))
#6 D:\PT Konimex\Proyek PPL\pd_ln\system\CodeIgniter.php(326): CodeIgniter\CodeIgniter->handleRequest(NULL, Object(Config\Cache), false)
#7 D:\PT Konimex\Proyek PPL\pd_ln\public\index.php(37): CodeIgniter\CodeIgniter->run()
#8 D:\PT Konimex\Proyek PPL\pd_ln\system\Commands\Server\rewrite.php(43): require_once('D:\\PT Konimex\\P...')
#9 {main}
CRITICAL - 2023-08-13 20:56:11 --> Call to undefined function form_open()
#0 D:\PT Konimex\Proyek PPL\pd_ln\system\View\View.php(210): include()
#1 D:\PT Konimex\Proyek PPL\pd_ln\system\View\View.php(213): CodeIgniter\View\View->CodeIgniter\View\{closure}()
#2 D:\PT Konimex\Proyek PPL\pd_ln\system\Common.php(1089): CodeIgniter\View\View->render('ui/v_index', Array, true)
#3 D:\PT Konimex\Proyek PPL\pd_ln\app\Controllers\Admin\Idtransaksi.php(205): view('ui/v_index', Array)
#4 D:\PT Konimex\Proyek PPL\pd_ln\system\CodeIgniter.php(832): App\Controllers\Admin\Idtransaksi->index1()
#5 D:\PT Konimex\Proyek PPL\pd_ln\system\CodeIgniter.php(419): CodeIgniter\CodeIgniter->runController(Object(App\Controllers\Admin\Idtransaksi))
#6 D:\PT Konimex\Proyek PPL\pd_ln\system\CodeIgniter.php(326): CodeIgniter\CodeIgniter->handleRequest(NULL, Object(Config\Cache), false)
#7 D:\PT Konimex\Proyek PPL\pd_ln\public\index.php(37): CodeIgniter\CodeIgniter->run()
#8 D:\PT Konimex\Proyek PPL\pd_ln\system\Commands\Server\rewrite.php(43): require_once('D:\\PT Konimex\\P...')
#9 {main}
CRITICAL - 2023-08-13 21:03:04 --> Undefined property: App\Controllers\Admin\Idtransaksi::$input
#0 D:\PT Konimex\Proyek PPL\pd_ln\app\Controllers\Admin\Idtransaksi.php(204): CodeIgniter\Debug\Exceptions->errorHandler(8, 'Undefined prope...', 'D:\\PT Konimex\\P...', 204, Array)
#1 D:\PT Konimex\Proyek PPL\pd_ln\system\CodeIgniter.php(832): App\Controllers\Admin\Idtransaksi->index1()
#2 D:\PT Konimex\Proyek PPL\pd_ln\system\CodeIgniter.php(419): CodeIgniter\CodeIgniter->runController(Object(App\Controllers\Admin\Idtransaksi))
#3 D:\PT Konimex\Proyek PPL\pd_ln\system\CodeIgniter.php(326): CodeIgniter\CodeIgniter->handleRequest(NULL, Object(Config\Cache), false)
#4 D:\PT Konimex\Proyek PPL\pd_ln\public\index.php(37): CodeIgniter\CodeIgniter->run()
#5 D:\PT Konimex\Proyek PPL\pd_ln\system\Commands\Server\rewrite.php(43): require_once('D:\\PT Konimex\\P...')
#6 {main}
CRITICAL - 2023-08-13 21:03:05 --> Undefined property: App\Controllers\Admin\Idtransaksi::$input
#0 D:\PT Konimex\Proyek PPL\pd_ln\app\Controllers\Admin\Idtransaksi.php(204): CodeIgniter\Debug\Exceptions->errorHandler(8, 'Undefined prope...', 'D:\\PT Konimex\\P...', 204, Array)
#1 D:\PT Konimex\Proyek PPL\pd_ln\system\CodeIgniter.php(832): App\Controllers\Admin\Idtransaksi->index1()
#2 D:\PT Konimex\Proyek PPL\pd_ln\system\CodeIgniter.php(419): CodeIgniter\CodeIgniter->runController(Object(App\Controllers\Admin\Idtransaksi))
#3 D:\PT Konimex\Proyek PPL\pd_ln\system\CodeIgniter.php(326): CodeIgniter\CodeIgniter->handleRequest(NULL, Object(Config\Cache), false)
#4 D:\PT Konimex\Proyek PPL\pd_ln\public\index.php(37): CodeIgniter\CodeIgniter->run()
#5 D:\PT Konimex\Proyek PPL\pd_ln\system\Commands\Server\rewrite.php(43): require_once('D:\\PT Konimex\\P...')
#6 {main}
CRITICAL - 2023-08-13 21:11:46 --> Object of class App\Models\DataModel could not be converted to string
#0 D:\PT Konimex\Proyek PPL\pd_ln\system\CodeIgniter.php(832): App\Controllers\Admin\Idtransaksi->index1()
#1 D:\PT Konimex\Proyek PPL\pd_ln\system\CodeIgniter.php(419): CodeIgniter\CodeIgniter->runController(Object(App\Controllers\Admin\Idtransaksi))
#2 D:\PT Konimex\Proyek PPL\pd_ln\system\CodeIgniter.php(326): CodeIgniter\CodeIgniter->handleRequest(NULL, Object(Config\Cache), false)
#3 D:\PT Konimex\Proyek PPL\pd_ln\public\index.php(37): CodeIgniter\CodeIgniter->run()
#4 D:\PT Konimex\Proyek PPL\pd_ln\system\Commands\Server\rewrite.php(43): require_once('D:\\PT Konimex\\P...')
#5 {main}
CRITICAL - 2023-08-13 21:11:47 --> Object of class App\Models\DataModel could not be converted to string
#0 D:\PT Konimex\Proyek PPL\pd_ln\system\CodeIgniter.php(832): App\Controllers\Admin\Idtransaksi->index1()
#1 D:\PT Konimex\Proyek PPL\pd_ln\system\CodeIgniter.php(419): CodeIgniter\CodeIgniter->runController(Object(App\Controllers\Admin\Idtransaksi))
#2 D:\PT Konimex\Proyek PPL\pd_ln\system\CodeIgniter.php(326): CodeIgniter\CodeIgniter->handleRequest(NULL, Object(Config\Cache), false)
#3 D:\PT Konimex\Proyek PPL\pd_ln\public\index.php(37): CodeIgniter\CodeIgniter->run()
#4 D:\PT Konimex\Proyek PPL\pd_ln\system\Commands\Server\rewrite.php(43): require_once('D:\\PT Konimex\\P...')
#5 {main}
CRITICAL - 2023-08-13 21:12:01 --> Object of class App\Models\DataModel could not be converted to string
#0 D:\PT Konimex\Proyek PPL\pd_ln\system\CodeIgniter.php(832): App\Controllers\Admin\Idtransaksi->index1()
#1 D:\PT Konimex\Proyek PPL\pd_ln\system\CodeIgniter.php(419): CodeIgniter\CodeIgniter->runController(Object(App\Controllers\Admin\Idtransaksi))
#2 D:\PT Konimex\Proyek PPL\pd_ln\system\CodeIgniter.php(326): CodeIgniter\CodeIgniter->handleRequest(NULL, Object(Config\Cache), false)
#3 D:\PT Konimex\Proyek PPL\pd_ln\public\index.php(37): CodeIgniter\CodeIgniter->run()
#4 D:\PT Konimex\Proyek PPL\pd_ln\system\Commands\Server\rewrite.php(43): require_once('D:\\PT Konimex\\P...')
#5 {main}
CRITICAL - 2023-08-13 21:12:01 --> Object of class App\Models\DataModel could not be converted to string
#0 D:\PT Konimex\Proyek PPL\pd_ln\system\CodeIgniter.php(832): App\Controllers\Admin\Idtransaksi->index1()
#1 D:\PT Konimex\Proyek PPL\pd_ln\system\CodeIgniter.php(419): CodeIgniter\CodeIgniter->runController(Object(App\Controllers\Admin\Idtransaksi))
#2 D:\PT Konimex\Proyek PPL\pd_ln\system\CodeIgniter.php(326): CodeIgniter\CodeIgniter->handleRequest(NULL, Object(Config\Cache), false)
#3 D:\PT Konimex\Proyek PPL\pd_ln\public\index.php(37): CodeIgniter\CodeIgniter->run()
#4 D:\PT Konimex\Proyek PPL\pd_ln\system\Commands\Server\rewrite.php(43): require_once('D:\\PT Konimex\\P...')
#5 {main}
CRITICAL - 2023-08-13 21:12:23 --> Call to a member function getVar() on null
#0 D:\PT Konimex\Proyek PPL\pd_ln\app\Controllers\Admin\Idtransaksi.php(202): App\Models\DataModel->tambah()
#1 D:\PT Konimex\Proyek PPL\pd_ln\system\CodeIgniter.php(832): App\Controllers\Admin\Idtransaksi->index1()
#2 D:\PT Konimex\Proyek PPL\pd_ln\system\CodeIgniter.php(419): CodeIgniter\CodeIgniter->runController(Object(App\Controllers\Admin\Idtransaksi))
#3 D:\PT Konimex\Proyek PPL\pd_ln\system\CodeIgniter.php(326): CodeIgniter\CodeIgniter->handleRequest(NULL, Object(Config\Cache), false)
#4 D:\PT Konimex\Proyek PPL\pd_ln\public\index.php(37): CodeIgniter\CodeIgniter->run()
#5 D:\PT Konimex\Proyek PPL\pd_ln\system\Commands\Server\rewrite.php(43): require_once('D:\\PT Konimex\\P...')
#6 {main}
CRITICAL - 2023-08-13 21:12:24 --> Call to a member function getVar() on null
#0 D:\PT Konimex\Proyek PPL\pd_ln\app\Controllers\Admin\Idtransaksi.php(202): App\Models\DataModel->tambah()
#1 D:\PT Konimex\Proyek PPL\pd_ln\system\CodeIgniter.php(832): App\Controllers\Admin\Idtransaksi->index1()
#2 D:\PT Konimex\Proyek PPL\pd_ln\system\CodeIgniter.php(419): CodeIgniter\CodeIgniter->runController(Object(App\Controllers\Admin\Idtransaksi))
#3 D:\PT Konimex\Proyek PPL\pd_ln\system\CodeIgniter.php(326): CodeIgniter\CodeIgniter->handleRequest(NULL, Object(Config\Cache), false)
#4 D:\PT Konimex\Proyek PPL\pd_ln\public\index.php(37): CodeIgniter\CodeIgniter->run()
#5 D:\PT Konimex\Proyek PPL\pd_ln\system\Commands\Server\rewrite.php(43): require_once('D:\\PT Konimex\\P...')
#6 {main}
CRITICAL - 2023-08-13 22:00:00 --> Invalid file: orang.php
#0 D:\PT Konimex\Proyek PPL\pd_ln\system\View\View.php(198): CodeIgniter\Exceptions\FrameworkException::forInvalidFile('orang.php')
#1 D:\PT Konimex\Proyek PPL\pd_ln\system\Common.php(1089): CodeIgniter\View\View->render('orang', Array, true)
#2 D:\PT Konimex\Proyek PPL\pd_ln\app\Controllers\Orang.php(31): view('orang', Array)
#3 D:\PT Konimex\Proyek PPL\pd_ln\system\CodeIgniter.php(832): App\Controllers\Orang->index()
#4 D:\PT Konimex\Proyek PPL\pd_ln\system\CodeIgniter.php(419): CodeIgniter\CodeIgniter->runController(Object(App\Controllers\Orang))
#5 D:\PT Konimex\Proyek PPL\pd_ln\system\CodeIgniter.php(326): CodeIgniter\CodeIgniter->handleRequest(NULL, Object(Config\Cache), false)
#6 D:\PT Konimex\Proyek PPL\pd_ln\public\index.php(37): CodeIgniter\CodeIgniter->run()
#7 D:\PT Konimex\Proyek PPL\pd_ln\system\Commands\Server\rewrite.php(43): require_once('D:\\PT Konimex\\P...')
#8 {main}
CRITICAL - 2023-08-13 22:00:00 --> Invalid file: orang.php
#0 D:\PT Konimex\Proyek PPL\pd_ln\system\View\View.php(198): CodeIgniter\Exceptions\FrameworkException::forInvalidFile('orang.php')
#1 D:\PT Konimex\Proyek PPL\pd_ln\system\Common.php(1089): CodeIgniter\View\View->render('orang', Array, true)
#2 D:\PT Konimex\Proyek PPL\pd_ln\app\Controllers\Orang.php(31): view('orang', Array)
#3 D:\PT Konimex\Proyek PPL\pd_ln\system\CodeIgniter.php(832): App\Controllers\Orang->index()
#4 D:\PT Konimex\Proyek PPL\pd_ln\system\CodeIgniter.php(419): CodeIgniter\CodeIgniter->runController(Object(App\Controllers\Orang))
#5 D:\PT Konimex\Proyek PPL\pd_ln\system\CodeIgniter.php(326): CodeIgniter\CodeIgniter->handleRequest(NULL, Object(Config\Cache), false)
#6 D:\PT Konimex\Proyek PPL\pd_ln\public\index.php(37): CodeIgniter\CodeIgniter->run()
#7 D:\PT Konimex\Proyek PPL\pd_ln\system\Commands\Server\rewrite.php(43): require_once('D:\\PT Konimex\\P...')
#8 {main}
CRITICAL - 2023-08-13 22:00:24 --> Invalid file: ui/v_orang.php
#0 D:\PT Konimex\Proyek PPL\pd_ln\system\View\View.php(198): CodeIgniter\Exceptions\FrameworkException::forInvalidFile('ui/v_orang.php')
#1 D:\PT Konimex\Proyek PPL\pd_ln\system\Common.php(1089): CodeIgniter\View\View->render('ui/v_orang', Array, true)
#2 D:\PT Konimex\Proyek PPL\pd_ln\app\Controllers\Orang.php(31): view('ui/v_orang', Array)
#3 D:\PT Konimex\Proyek PPL\pd_ln\system\CodeIgniter.php(832): App\Controllers\Orang->index()
#4 D:\PT Konimex\Proyek PPL\pd_ln\system\CodeIgniter.php(419): CodeIgniter\CodeIgniter->runController(Object(App\Controllers\Orang))
#5 D:\PT Konimex\Proyek PPL\pd_ln\system\CodeIgniter.php(326): CodeIgniter\CodeIgniter->handleRequest(NULL, Object(Config\Cache), false)
#6 D:\PT Konimex\Proyek PPL\pd_ln\public\index.php(37): CodeIgniter\CodeIgniter->run()
#7 D:\PT Konimex\Proyek PPL\pd_ln\system\Commands\Server\rewrite.php(43): require_once('D:\\PT Konimex\\P...')
#8 {main}
CRITICAL - 2023-08-13 22:00:24 --> Invalid file: ui/v_orang.php
#0 D:\PT Konimex\Proyek PPL\pd_ln\system\View\View.php(198): CodeIgniter\Exceptions\FrameworkException::forInvalidFile('ui/v_orang.php')
#1 D:\PT Konimex\Proyek PPL\pd_ln\system\Common.php(1089): CodeIgniter\View\View->render('ui/v_orang', Array, true)
#2 D:\PT Konimex\Proyek PPL\pd_ln\app\Controllers\Orang.php(31): view('ui/v_orang', Array)
#3 D:\PT Konimex\Proyek PPL\pd_ln\system\CodeIgniter.php(832): App\Controllers\Orang->index()
#4 D:\PT Konimex\Proyek PPL\pd_ln\system\CodeIgniter.php(419): CodeIgniter\CodeIgniter->runController(Object(App\Controllers\Orang))
#5 D:\PT Konimex\Proyek PPL\pd_ln\system\CodeIgniter.php(326): CodeIgniter\CodeIgniter->handleRequest(NULL, Object(Config\Cache), false)
#6 D:\PT Konimex\Proyek PPL\pd_ln\public\index.php(37): CodeIgniter\CodeIgniter->run()
#7 D:\PT Konimex\Proyek PPL\pd_ln\system\Commands\Server\rewrite.php(43): require_once('D:\\PT Konimex\\P...')
#8 {main}
CRITICAL - 2023-08-13 22:00:26 --> Invalid file: ui/v_orang.php
#0 D:\PT Konimex\Proyek PPL\pd_ln\system\View\View.php(198): CodeIgniter\Exceptions\FrameworkException::forInvalidFile('ui/v_orang.php')
#1 D:\PT Konimex\Proyek PPL\pd_ln\system\Common.php(1089): CodeIgniter\View\View->render('ui/v_orang', Array, true)
#2 D:\PT Konimex\Proyek PPL\pd_ln\app\Controllers\Orang.php(31): view('ui/v_orang', Array)
#3 D:\PT Konimex\Proyek PPL\pd_ln\system\CodeIgniter.php(832): App\Controllers\Orang->index()
#4 D:\PT Konimex\Proyek PPL\pd_ln\system\CodeIgniter.php(419): CodeIgniter\CodeIgniter->runController(Object(App\Controllers\Orang))
#5 D:\PT Konimex\Proyek PPL\pd_ln\system\CodeIgniter.php(326): CodeIgniter\CodeIgniter->handleRequest(NULL, Object(Config\Cache), false)
#6 D:\PT Konimex\Proyek PPL\pd_ln\public\index.php(37): CodeIgniter\CodeIgniter->run()
#7 D:\PT Konimex\Proyek PPL\pd_ln\system\Commands\Server\rewrite.php(43): require_once('D:\\PT Konimex\\P...')
#8 {main}
CRITICAL - 2023-08-13 22:00:27 --> Invalid file: ui/v_orang.php
#0 D:\PT Konimex\Proyek PPL\pd_ln\system\View\View.php(198): CodeIgniter\Exceptions\FrameworkException::forInvalidFile('ui/v_orang.php')
#1 D:\PT Konimex\Proyek PPL\pd_ln\system\Common.php(1089): CodeIgniter\View\View->render('ui/v_orang', Array, true)
#2 D:\PT Konimex\Proyek PPL\pd_ln\app\Controllers\Orang.php(31): view('ui/v_orang', Array)
#3 D:\PT Konimex\Proyek PPL\pd_ln\system\CodeIgniter.php(832): App\Controllers\Orang->index()
#4 D:\PT Konimex\Proyek PPL\pd_ln\system\CodeIgniter.php(419): CodeIgniter\CodeIgniter->runController(Object(App\Controllers\Orang))
#5 D:\PT Konimex\Proyek PPL\pd_ln\system\CodeIgniter.php(326): CodeIgniter\CodeIgniter->handleRequest(NULL, Object(Config\Cache), false)
#6 D:\PT Konimex\Proyek PPL\pd_ln\public\index.php(37): CodeIgniter\CodeIgniter->run()
#7 D:\PT Konimex\Proyek PPL\pd_ln\system\Commands\Server\rewrite.php(43): require_once('D:\\PT Konimex\\P...')
#8 {main}
CRITICAL - 2023-08-13 22:00:28 --> Invalid file: ui/v_orang.php
#0 D:\PT Konimex\Proyek PPL\pd_ln\system\View\View.php(198): CodeIgniter\Exceptions\FrameworkException::forInvalidFile('ui/v_orang.php')
#1 D:\PT Konimex\Proyek PPL\pd_ln\system\Common.php(1089): CodeIgniter\View\View->render('ui/v_orang', Array, true)
#2 D:\PT Konimex\Proyek PPL\pd_ln\app\Controllers\Orang.php(31): view('ui/v_orang', Array)
#3 D:\PT Konimex\Proyek PPL\pd_ln\system\CodeIgniter.php(832): App\Controllers\Orang->index()
#4 D:\PT Konimex\Proyek PPL\pd_ln\system\CodeIgniter.php(419): CodeIgniter\CodeIgniter->runController(Object(App\Controllers\Orang))
#5 D:\PT Konimex\Proyek PPL\pd_ln\system\CodeIgniter.php(326): CodeIgniter\CodeIgniter->handleRequest(NULL, Object(Config\Cache), false)
#6 D:\PT Konimex\Proyek PPL\pd_ln\public\index.php(37): CodeIgniter\CodeIgniter->run()
#7 D:\PT Konimex\Proyek PPL\pd_ln\system\Commands\Server\rewrite.php(43): require_once('D:\\PT Konimex\\P...')
#8 {main}
CRITICAL - 2023-08-13 22:00:28 --> Invalid file: ui/v_orang.php
#0 D:\PT Konimex\Proyek PPL\pd_ln\system\View\View.php(198): CodeIgniter\Exceptions\FrameworkException::forInvalidFile('ui/v_orang.php')
#1 D:\PT Konimex\Proyek PPL\pd_ln\system\Common.php(1089): CodeIgniter\View\View->render('ui/v_orang', Array, true)
#2 D:\PT Konimex\Proyek PPL\pd_ln\app\Controllers\Orang.php(31): view('ui/v_orang', Array)
#3 D:\PT Konimex\Proyek PPL\pd_ln\system\CodeIgniter.php(832): App\Controllers\Orang->index()
#4 D:\PT Konimex\Proyek PPL\pd_ln\system\CodeIgniter.php(419): CodeIgniter\CodeIgniter->runController(Object(App\Controllers\Orang))
#5 D:\PT Konimex\Proyek PPL\pd_ln\system\CodeIgniter.php(326): CodeIgniter\CodeIgniter->handleRequest(NULL, Object(Config\Cache), false)
#6 D:\PT Konimex\Proyek PPL\pd_ln\public\index.php(37): CodeIgniter\CodeIgniter->run()
#7 D:\PT Konimex\Proyek PPL\pd_ln\system\Commands\Server\rewrite.php(43): require_once('D:\\PT Konimex\\P...')
#8 {main}
CRITICAL - 2023-08-13 22:00:45 --> Invalid file: layout/master.php
#0 D:\PT Konimex\Proyek PPL\pd_ln\system\View\View.php(198): CodeIgniter\Exceptions\FrameworkException::forInvalidFile('layout/master.p...')
#1 D:\PT Konimex\Proyek PPL\pd_ln\system\View\View.php(226): CodeIgniter\View\View->render('layout/master', Array, true)
#2 D:\PT Konimex\Proyek PPL\pd_ln\system\Common.php(1089): CodeIgniter\View\View->render('v_orang', Array, true)
#3 D:\PT Konimex\Proyek PPL\pd_ln\app\Controllers\Orang.php(31): view('v_orang', Array)
#4 D:\PT Konimex\Proyek PPL\pd_ln\system\CodeIgniter.php(832): App\Controllers\Orang->index()
#5 D:\PT Konimex\Proyek PPL\pd_ln\system\CodeIgniter.php(419): CodeIgniter\CodeIgniter->runController(Object(App\Controllers\Orang))
#6 D:\PT Konimex\Proyek PPL\pd_ln\system\CodeIgniter.php(326): CodeIgniter\CodeIgniter->handleRequest(NULL, Object(Config\Cache), false)
#7 D:\PT Konimex\Proyek PPL\pd_ln\public\index.php(37): CodeIgniter\CodeIgniter->run()
#8 D:\PT Konimex\Proyek PPL\pd_ln\system\Commands\Server\rewrite.php(43): require_once('D:\\PT Konimex\\P...')
#9 {main}
CRITICAL - 2023-08-13 22:00:45 --> Invalid file: layout/master.php
#0 D:\PT Konimex\Proyek PPL\pd_ln\system\View\View.php(198): CodeIgniter\Exceptions\FrameworkException::forInvalidFile('layout/master.p...')
#1 D:\PT Konimex\Proyek PPL\pd_ln\system\View\View.php(226): CodeIgniter\View\View->render('layout/master', Array, true)
#2 D:\PT Konimex\Proyek PPL\pd_ln\system\Common.php(1089): CodeIgniter\View\View->render('v_orang', Array, true)
#3 D:\PT Konimex\Proyek PPL\pd_ln\app\Controllers\Orang.php(31): view('v_orang', Array)
#4 D:\PT Konimex\Proyek PPL\pd_ln\system\CodeIgniter.php(832): App\Controllers\Orang->index()
#5 D:\PT Konimex\Proyek PPL\pd_ln\system\CodeIgniter.php(419): CodeIgniter\CodeIgniter->runController(Object(App\Controllers\Orang))
#6 D:\PT Konimex\Proyek PPL\pd_ln\system\CodeIgniter.php(326): CodeIgniter\CodeIgniter->handleRequest(NULL, Object(Config\Cache), false)
#7 D:\PT Konimex\Proyek PPL\pd_ln\public\index.php(37): CodeIgniter\CodeIgniter->run()
#8 D:\PT Konimex\Proyek PPL\pd_ln\system\Commands\Server\rewrite.php(43): require_once('D:\\PT Konimex\\P...')
#9 {main}
CRITICAL - 2023-08-13 22:00:48 --> Invalid file: layout/master.php
#0 D:\PT Konimex\Proyek PPL\pd_ln\system\View\View.php(198): CodeIgniter\Exceptions\FrameworkException::forInvalidFile('layout/master.p...')
#1 D:\PT Konimex\Proyek PPL\pd_ln\system\View\View.php(226): CodeIgniter\View\View->render('layout/master', Array, true)
#2 D:\PT Konimex\Proyek PPL\pd_ln\system\Common.php(1089): CodeIgniter\View\View->render('v_orang', Array, true)
#3 D:\PT Konimex\Proyek PPL\pd_ln\app\Controllers\Orang.php(31): view('v_orang', Array)
#4 D:\PT Konimex\Proyek PPL\pd_ln\system\CodeIgniter.php(832): App\Controllers\Orang->index()
#5 D:\PT Konimex\Proyek PPL\pd_ln\system\CodeIgniter.php(419): CodeIgniter\CodeIgniter->runController(Object(App\Controllers\Orang))
#6 D:\PT Konimex\Proyek PPL\pd_ln\system\CodeIgniter.php(326): CodeIgniter\CodeIgniter->handleRequest(NULL, Object(Config\Cache), false)
#7 D:\PT Konimex\Proyek PPL\pd_ln\public\index.php(37): CodeIgniter\CodeIgniter->run()
#8 D:\PT Konimex\Proyek PPL\pd_ln\system\Commands\Server\rewrite.php(43): require_once('D:\\PT Konimex\\P...')
#9 {main}
CRITICAL - 2023-08-13 22:00:49 --> Invalid file: layout/master.php
#0 D:\PT Konimex\Proyek PPL\pd_ln\system\View\View.php(198): CodeIgniter\Exceptions\FrameworkException::forInvalidFile('layout/master.p...')
#1 D:\PT Konimex\Proyek PPL\pd_ln\system\View\View.php(226): CodeIgniter\View\View->render('layout/master', Array, true)
#2 D:\PT Konimex\Proyek PPL\pd_ln\system\Common.php(1089): CodeIgniter\View\View->render('v_orang', Array, true)
#3 D:\PT Konimex\Proyek PPL\pd_ln\app\Controllers\Orang.php(31): view('v_orang', Array)
#4 D:\PT Konimex\Proyek PPL\pd_ln\system\CodeIgniter.php(832): App\Controllers\Orang->index()
#5 D:\PT Konimex\Proyek PPL\pd_ln\system\CodeIgniter.php(419): CodeIgniter\CodeIgniter->runController(Object(App\Controllers\Orang))
#6 D:\PT Konimex\Proyek PPL\pd_ln\system\CodeIgniter.php(326): CodeIgniter\CodeIgniter->handleRequest(NULL, Object(Config\Cache), false)
#7 D:\PT Konimex\Proyek PPL\pd_ln\public\index.php(37): CodeIgniter\CodeIgniter->run()
#8 D:\PT Konimex\Proyek PPL\pd_ln\system\Commands\Server\rewrite.php(43): require_once('D:\\PT Konimex\\P...')
#9 {main}
CRITICAL - 2023-08-13 22:40:52 --> Undefined property: CodeIgniter\View\View::$input
#0 D:\PT Konimex\Proyek PPL\pd_ln\app\Views\idtransaksi\v_tambahdataid.php(402): CodeIgniter\Debug\Exceptions->errorHandler(8, 'Undefined prope...', 'D:\\PT Konimex\\P...', 402, Array)
#1 D:\PT Konimex\Proyek PPL\pd_ln\system\View\View.php(210): include('D:\\PT Konimex\\P...')
#2 D:\PT Konimex\Proyek PPL\pd_ln\system\View\View.php(213): CodeIgniter\View\View->CodeIgniter\View\{closure}()
#3 D:\PT Konimex\Proyek PPL\pd_ln\system\Common.php(1089): CodeIgniter\View\View->render('idtransaksi/v_t...', Array, true)
#4 D:\PT Konimex\Proyek PPL\pd_ln\app\Controllers\Admin\Idtransaksi.php(187): view('idtransaksi/v_t...', Array)
#5 D:\PT Konimex\Proyek PPL\pd_ln\system\CodeIgniter.php(832): App\Controllers\Admin\Idtransaksi->tambahdataid()
#6 D:\PT Konimex\Proyek PPL\pd_ln\system\CodeIgniter.php(419): CodeIgniter\CodeIgniter->runController(Object(App\Controllers\Admin\Idtransaksi))
#7 D:\PT Konimex\Proyek PPL\pd_ln\system\CodeIgniter.php(326): CodeIgniter\CodeIgniter->handleRequest(NULL, Object(Config\Cache), false)
#8 D:\PT Konimex\Proyek PPL\pd_ln\public\index.php(37): CodeIgniter\CodeIgniter->run()
#9 D:\PT Konimex\Proyek PPL\pd_ln\system\Commands\Server\rewrite.php(43): require_once('D:\\PT Konimex\\P...')
#10 {main}
CRITICAL - 2023-08-13 22:42:15 --> Undefined property: CodeIgniter\View\View::$request
#0 D:\PT Konimex\Proyek PPL\pd_ln\app\Views\idtransaksi\v_tambahdataid.php(402): CodeIgniter\Debug\Exceptions->errorHandler(8, 'Undefined prope...', 'D:\\PT Konimex\\P...', 402, Array)
#1 D:\PT Konimex\Proyek PPL\pd_ln\system\View\View.php(210): include('D:\\PT Konimex\\P...')
#2 D:\PT Konimex\Proyek PPL\pd_ln\system\View\View.php(213): CodeIgniter\View\View->CodeIgniter\View\{closure}()
#3 D:\PT Konimex\Proyek PPL\pd_ln\system\Common.php(1089): CodeIgniter\View\View->render('idtransaksi/v_t...', Array, true)
#4 D:\PT Konimex\Proyek PPL\pd_ln\app\Controllers\Admin\Idtransaksi.php(187): view('idtransaksi/v_t...', Array)
#5 D:\PT Konimex\Proyek PPL\pd_ln\system\CodeIgniter.php(832): App\Controllers\Admin\Idtransaksi->tambahdataid()
#6 D:\PT Konimex\Proyek PPL\pd_ln\system\CodeIgniter.php(419): CodeIgniter\CodeIgniter->runController(Object(App\Controllers\Admin\Idtransaksi))
#7 D:\PT Konimex\Proyek PPL\pd_ln\system\CodeIgniter.php(326): CodeIgniter\CodeIgniter->handleRequest(NULL, Object(Config\Cache), false)
#8 D:\PT Konimex\Proyek PPL\pd_ln\public\index.php(37): CodeIgniter\CodeIgniter->run()
#9 D:\PT Konimex\Proyek PPL\pd_ln\system\Commands\Server\rewrite.php(43): require_once('D:\\PT Konimex\\P...')
#10 {main}
CRITICAL - 2023-08-13 23:19:46 --> count(): Parameter must be an array or an object that implements Countable
#0 D:\PT Konimex\Proyek PPL\pd_ln\app\Views\idtransaksi\v_tambahdataid.php(404): CodeIgniter\Debug\Exceptions->errorHandler(2, 'count(): Parame...', 'D:\\PT Konimex\\P...', 404, Array)
#1 D:\PT Konimex\Proyek PPL\pd_ln\system\View\View.php(210): include('D:\\PT Konimex\\P...')
#2 D:\PT Konimex\Proyek PPL\pd_ln\system\View\View.php(213): CodeIgniter\View\View->CodeIgniter\View\{closure}()
#3 D:\PT Konimex\Proyek PPL\pd_ln\system\Common.php(1089): CodeIgniter\View\View->render('idtransaksi/v_t...', Array, true)
#4 D:\PT Konimex\Proyek PPL\pd_ln\app\Controllers\Admin\Idtransaksi.php(174): view('idtransaksi/v_t...', Array)
#5 D:\PT Konimex\Proyek PPL\pd_ln\system\CodeIgniter.php(832): App\Controllers\Admin\Idtransaksi->tambahdataid()
#6 D:\PT Konimex\Proyek PPL\pd_ln\system\CodeIgniter.php(419): CodeIgniter\CodeIgniter->runController(Object(App\Controllers\Admin\Idtransaksi))
#7 D:\PT Konimex\Proyek PPL\pd_ln\system\CodeIgniter.php(326): CodeIgniter\CodeIgniter->handleRequest(NULL, Object(Config\Cache), false)
#8 D:\PT Konimex\Proyek PPL\pd_ln\public\index.php(37): CodeIgniter\CodeIgniter->run()
#9 D:\PT Konimex\Proyek PPL\pd_ln\system\Commands\Server\rewrite.php(43): require_once('D:\\PT Konimex\\P...')
#10 {main}
CRITICAL - 2023-08-13 23:22:22 --> Too few arguments to function CodeIgniter\Database\BaseResult::getCustomRowObject(), 0 passed in D:\PT Konimex\Proyek PPL\pd_ln\app\Models\AdminModel.php on line 34 and exactly 2 expected
#0 D:\PT Konimex\Proyek PPL\pd_ln\app\Models\AdminModel.php(34): CodeIgniter\Database\BaseResult->getCustomRowObject()
#1 D:\PT Konimex\Proyek PPL\pd_ln\app\Controllers\Admin\Idtransaksi.php(172): App\Models\AdminModel->selectData()
#2 D:\PT Konimex\Proyek PPL\pd_ln\system\CodeIgniter.php(832): App\Controllers\Admin\Idtransaksi->tambahdataid()
#3 D:\PT Konimex\Proyek PPL\pd_ln\system\CodeIgniter.php(419): CodeIgniter\CodeIgniter->runController(Object(App\Controllers\Admin\Idtransaksi))
#4 D:\PT Konimex\Proyek PPL\pd_ln\system\CodeIgniter.php(326): CodeIgniter\CodeIgniter->handleRequest(NULL, Object(Config\Cache), false)
#5 D:\PT Konimex\Proyek PPL\pd_ln\public\index.php(37): CodeIgniter\CodeIgniter->run()
#6 D:\PT Konimex\Proyek PPL\pd_ln\system\Commands\Server\rewrite.php(43): require_once('D:\\PT Konimex\\P...')
#7 {main}
CRITICAL - 2023-08-13 23:22:23 --> Too few arguments to function CodeIgniter\Database\BaseResult::getCustomRowObject(), 0 passed in D:\PT Konimex\Proyek PPL\pd_ln\app\Models\AdminModel.php on line 34 and exactly 2 expected
#0 D:\PT Konimex\Proyek PPL\pd_ln\app\Models\AdminModel.php(34): CodeIgniter\Database\BaseResult->getCustomRowObject()
#1 D:\PT Konimex\Proyek PPL\pd_ln\app\Controllers\Admin\Idtransaksi.php(172): App\Models\AdminModel->selectData()
#2 D:\PT Konimex\Proyek PPL\pd_ln\system\CodeIgniter.php(832): App\Controllers\Admin\Idtransaksi->tambahdataid()
#3 D:\PT Konimex\Proyek PPL\pd_ln\system\CodeIgniter.php(419): CodeIgniter\CodeIgniter->runController(Object(App\Controllers\Admin\Idtransaksi))
#4 D:\PT Konimex\Proyek PPL\pd_ln\system\CodeIgniter.php(326): CodeIgniter\CodeIgniter->handleRequest(NULL, Object(Config\Cache), false)
#5 D:\PT Konimex\Proyek PPL\pd_ln\public\index.php(37): CodeIgniter\CodeIgniter->run()
#6 D:\PT Konimex\Proyek PPL\pd_ln\system\Commands\Server\rewrite.php(43): require_once('D:\\PT Konimex\\P...')
#7 {main}
CRITICAL - 2023-08-13 23:22:53 --> Too few arguments to function CodeIgniter\Database\BaseResult::getCustomResultObject(), 0 passed in D:\PT Konimex\Proyek PPL\pd_ln\app\Models\AdminModel.php on line 34 and exactly 1 expected
#0 D:\PT Konimex\Proyek PPL\pd_ln\app\Models\AdminModel.php(34): CodeIgniter\Database\BaseResult->getCustomResultObject()
#1 D:\PT Konimex\Proyek PPL\pd_ln\app\Controllers\Admin\Idtransaksi.php(172): App\Models\AdminModel->selectData()
#2 D:\PT Konimex\Proyek PPL\pd_ln\system\CodeIgniter.php(832): App\Controllers\Admin\Idtransaksi->tambahdataid()
#3 D:\PT Konimex\Proyek PPL\pd_ln\system\CodeIgniter.php(419): CodeIgniter\CodeIgniter->runController(Object(App\Controllers\Admin\Idtransaksi))
#4 D:\PT Konimex\Proyek PPL\pd_ln\system\CodeIgniter.php(326): CodeIgniter\CodeIgniter->handleRequest(NULL, Object(Config\Cache), false)
#5 D:\PT Konimex\Proyek PPL\pd_ln\public\index.php(37): CodeIgniter\CodeIgniter->run()
#6 D:\PT Konimex\Proyek PPL\pd_ln\system\Commands\Server\rewrite.php(43): require_once('D:\\PT Konimex\\P...')
#7 {main}
CRITICAL - 2023-08-13 23:22:54 --> Too few arguments to function CodeIgniter\Database\BaseResult::getCustomResultObject(), 0 passed in D:\PT Konimex\Proyek PPL\pd_ln\app\Models\AdminModel.php on line 34 and exactly 1 expected
#0 D:\PT Konimex\Proyek PPL\pd_ln\app\Models\AdminModel.php(34): CodeIgniter\Database\BaseResult->getCustomResultObject()
#1 D:\PT Konimex\Proyek PPL\pd_ln\app\Controllers\Admin\Idtransaksi.php(172): App\Models\AdminModel->selectData()
#2 D:\PT Konimex\Proyek PPL\pd_ln\system\CodeIgniter.php(832): App\Controllers\Admin\Idtransaksi->tambahdataid()
#3 D:\PT Konimex\Proyek PPL\pd_ln\system\CodeIgniter.php(419): CodeIgniter\CodeIgniter->runController(Object(App\Controllers\Admin\Idtransaksi))
#4 D:\PT Konimex\Proyek PPL\pd_ln\system\CodeIgniter.php(326): CodeIgniter\CodeIgniter->handleRequest(NULL, Object(Config\Cache), false)
#5 D:\PT Konimex\Proyek PPL\pd_ln\public\index.php(37): CodeIgniter\CodeIgniter->run()
#6 D:\PT Konimex\Proyek PPL\pd_ln\system\Commands\Server\rewrite.php(43): require_once('D:\\PT Konimex\\P...')
#7 {main}
CRITICAL - 2023-08-13 23:23:54 --> count(): Parameter must be an array or an object that implements Countable
#0 D:\PT Konimex\Proyek PPL\pd_ln\app\Views\idtransaksi\v_tambahdataid.php(404): CodeIgniter\Debug\Exceptions->errorHandler(2, 'count(): Parame...', 'D:\\PT Konimex\\P...', 404, Array)
#1 D:\PT Konimex\Proyek PPL\pd_ln\system\View\View.php(210): include('D:\\PT Konimex\\P...')
#2 D:\PT Konimex\Proyek PPL\pd_ln\system\View\View.php(213): CodeIgniter\View\View->CodeIgniter\View\{closure}()
#3 D:\PT Konimex\Proyek PPL\pd_ln\system\Common.php(1089): CodeIgniter\View\View->render('idtransaksi/v_t...', Array, true)
#4 D:\PT Konimex\Proyek PPL\pd_ln\app\Controllers\Admin\Idtransaksi.php(174): view('idtransaksi/v_t...', Array)
#5 D:\PT Konimex\Proyek PPL\pd_ln\system\CodeIgniter.php(832): App\Controllers\Admin\Idtransaksi->tambahdataid()
#6 D:\PT Konimex\Proyek PPL\pd_ln\system\CodeIgniter.php(419): CodeIgniter\CodeIgniter->runController(Object(App\Controllers\Admin\Idtransaksi))
#7 D:\PT Konimex\Proyek PPL\pd_ln\system\CodeIgniter.php(326): CodeIgniter\CodeIgniter->handleRequest(NULL, Object(Config\Cache), false)
#8 D:\PT Konimex\Proyek PPL\pd_ln\public\index.php(37): CodeIgniter\CodeIgniter->run()
#9 D:\PT Konimex\Proyek PPL\pd_ln\system\Commands\Server\rewrite.php(43): require_once('D:\\PT Konimex\\P...')
#10 {main}
CRITICAL - 2023-08-13 23:24:12 --> count(): Parameter must be an array or an object that implements Countable
#0 D:\PT Konimex\Proyek PPL\pd_ln\app\Views\idtransaksi\v_tambahdataid.php(404): CodeIgniter\Debug\Exceptions->errorHandler(2, 'count(): Parame...', 'D:\\PT Konimex\\P...', 404, Array)
#1 D:\PT Konimex\Proyek PPL\pd_ln\system\View\View.php(210): include('D:\\PT Konimex\\P...')
#2 D:\PT Konimex\Proyek PPL\pd_ln\system\View\View.php(213): CodeIgniter\View\View->CodeIgniter\View\{closure}()
#3 D:\PT Konimex\Proyek PPL\pd_ln\system\Common.php(1089): CodeIgniter\View\View->render('idtransaksi/v_t...', Array, true)
#4 D:\PT Konimex\Proyek PPL\pd_ln\app\Controllers\Admin\Idtransaksi.php(174): view('idtransaksi/v_t...', Array)
#5 D:\PT Konimex\Proyek PPL\pd_ln\system\CodeIgniter.php(832): App\Controllers\Admin\Idtransaksi->tambahdataid()
#6 D:\PT Konimex\Proyek PPL\pd_ln\system\CodeIgniter.php(419): CodeIgniter\CodeIgniter->runController(Object(App\Controllers\Admin\Idtransaksi))
#7 D:\PT Konimex\Proyek PPL\pd_ln\system\CodeIgniter.php(326): CodeIgniter\CodeIgniter->handleRequest(NULL, Object(Config\Cache), false)
#8 D:\PT Konimex\Proyek PPL\pd_ln\public\index.php(37): CodeIgniter\CodeIgniter->run()
#9 D:\PT Konimex\Proyek PPL\pd_ln\system\Commands\Server\rewrite.php(43): require_once('D:\\PT Konimex\\P...')
#10 {main}
CRITICAL - 2023-08-13 23:26:45 --> count(): Parameter must be an array or an object that implements Countable
#0 D:\PT Konimex\Proyek PPL\pd_ln\app\Views\idtransaksi\v_tambahdataid.php(404): CodeIgniter\Debug\Exceptions->errorHandler(2, 'count(): Parame...', 'D:\\PT Konimex\\P...', 404, Array)
#1 D:\PT Konimex\Proyek PPL\pd_ln\system\View\View.php(210): include('D:\\PT Konimex\\P...')
#2 D:\PT Konimex\Proyek PPL\pd_ln\system\View\View.php(213): CodeIgniter\View\View->CodeIgniter\View\{closure}()
#3 D:\PT Konimex\Proyek PPL\pd_ln\system\Common.php(1089): CodeIgniter\View\View->render('idtransaksi/v_t...', Array, true)
#4 D:\PT Konimex\Proyek PPL\pd_ln\app\Controllers\Admin\Idtransaksi.php(174): view('idtransaksi/v_t...', Array)
#5 D:\PT Konimex\Proyek PPL\pd_ln\system\CodeIgniter.php(832): App\Controllers\Admin\Idtransaksi->tambahdataid()
#6 D:\PT Konimex\Proyek PPL\pd_ln\system\CodeIgniter.php(419): CodeIgniter\CodeIgniter->runController(Object(App\Controllers\Admin\Idtransaksi))
#7 D:\PT Konimex\Proyek PPL\pd_ln\system\CodeIgniter.php(326): CodeIgniter\CodeIgniter->handleRequest(NULL, Object(Config\Cache), false)
#8 D:\PT Konimex\Proyek PPL\pd_ln\public\index.php(37): CodeIgniter\CodeIgniter->run()
#9 D:\PT Konimex\Proyek PPL\pd_ln\system\Commands\Server\rewrite.php(43): require_once('D:\\PT Konimex\\P...')
#10 {main}
CRITICAL - 2023-08-13 23:28:29 --> Argument 1 passed to CodeIgniter\BaseModel::doProtectFields() must be of the type array, string given, called in D:\PT Konimex\Proyek PPL\pd_ln\system\BaseModel.php on line 799
#0 D:\PT Konimex\Proyek PPL\pd_ln\system\BaseModel.php(799): CodeIgniter\BaseModel->doProtectFields('09001')
#1 D:\PT Konimex\Proyek PPL\pd_ln\app\Controllers\Admin\Idtransaksi.php(154): CodeIgniter\BaseModel->insertBatch(Array)
#2 D:\PT Konimex\Proyek PPL\pd_ln\system\CodeIgniter.php(832): App\Controllers\Admin\Idtransaksi->tambahdataid()
#3 D:\PT Konimex\Proyek PPL\pd_ln\system\CodeIgniter.php(419): CodeIgniter\CodeIgniter->runController(Object(App\Controllers\Admin\Idtransaksi))
#4 D:\PT Konimex\Proyek PPL\pd_ln\system\CodeIgniter.php(326): CodeIgniter\CodeIgniter->handleRequest(NULL, Object(Config\Cache), false)
#5 D:\PT Konimex\Proyek PPL\pd_ln\public\index.php(37): CodeIgniter\CodeIgniter->run()
#6 D:\PT Konimex\Proyek PPL\pd_ln\system\Commands\Server\rewrite.php(43): require_once('D:\\PT Konimex\\P...')
#7 {main}
CRITICAL - 2023-08-13 23:29:54 --> Argument 1 passed to CodeIgniter\BaseModel::doProtectFields() must be of the type array, string given, called in D:\PT Konimex\Proyek PPL\pd_ln\system\BaseModel.php on line 799
#0 D:\PT Konimex\Proyek PPL\pd_ln\system\BaseModel.php(799): CodeIgniter\BaseModel->doProtectFields('09001')
#1 D:\PT Konimex\Proyek PPL\pd_ln\app\Models\IdtransaksiModel.php(45): CodeIgniter\BaseModel->insertBatch(Array)
#2 D:\PT Konimex\Proyek PPL\pd_ln\app\Controllers\Admin\Idtransaksi.php(154): App\Models\IdtransaksiModel->insertPostId(Array)
#3 D:\PT Konimex\Proyek PPL\pd_ln\system\CodeIgniter.php(832): App\Controllers\Admin\Idtransaksi->tambahdataid()
#4 D:\PT Konimex\Proyek PPL\pd_ln\system\CodeIgniter.php(419): CodeIgniter\CodeIgniter->runController(Object(App\Controllers\Admin\Idtransaksi))
#5 D:\PT Konimex\Proyek PPL\pd_ln\system\CodeIgniter.php(326): CodeIgniter\CodeIgniter->handleRequest(NULL, Object(Config\Cache), false)
#6 D:\PT Konimex\Proyek PPL\pd_ln\public\index.php(37): CodeIgniter\CodeIgniter->run()
#7 D:\PT Konimex\Proyek PPL\pd_ln\system\Commands\Server\rewrite.php(43): require_once('D:\\PT Konimex\\P...')
#8 {main}
CRITICAL - 2023-08-13 23:32:56 --> Array to string conversion
#0 D:\PT Konimex\Proyek PPL\pd_ln\vendor\ezyang\htmlpurifier\library\HTMLPurifier\Lexer.php(314): CodeIgniter\Debug\Exceptions->errorHandler(8, 'Array to string...', 'D:\\PT Konimex\\P...', 314, Array)
#1 D:\PT Konimex\Proyek PPL\pd_ln\vendor\ezyang\htmlpurifier\library\HTMLPurifier\Lexer\DOMLex.php(50): HTMLPurifier_Lexer->normalize(Array, Object(HTMLPurifier_Config), Object(HTMLPurifier_Context))
#2 D:\PT Konimex\Proyek PPL\pd_ln\vendor\ezyang\htmlpurifier\library\HTMLPurifier.php(213): HTMLPurifier_Lexer_DOMLex->tokenizeHTML(Array, Object(HTMLPurifier_Config), Object(HTMLPurifier_Context))
#3 D:\PT Konimex\Proyek PPL\pd_ln\app\Helpers\global_fungsi_helper.php(109): HTMLPurifier->purify(Array)
#4 D:\PT Konimex\Proyek PPL\pd_ln\app\Models\IdtransaksiModel.php(38): purify(Array)
#5 D:\PT Konimex\Proyek PPL\pd_ln\app\Controllers\Admin\Idtransaksi.php(157): App\Models\IdtransaksiModel->insertPostId(Array)
#6 D:\PT Konimex\Proyek PPL\pd_ln\system\CodeIgniter.php(832): App\Controllers\Admin\Idtransaksi->tambahdataid()
#7 D:\PT Konimex\Proyek PPL\pd_ln\system\CodeIgniter.php(419): CodeIgniter\CodeIgniter->runController(Object(App\Controllers\Admin\Idtransaksi))
#8 D:\PT Konimex\Proyek PPL\pd_ln\system\CodeIgniter.php(326): CodeIgniter\CodeIgniter->handleRequest(NULL, Object(Config\Cache), false)
#9 D:\PT Konimex\Proyek PPL\pd_ln\public\index.php(37): CodeIgniter\CodeIgniter->run()
#10 D:\PT Konimex\Proyek PPL\pd_ln\system\Commands\Server\rewrite.php(43): require_once('D:\\PT Konimex\\P...')
#11 {main}
CRITICAL - 2023-08-13 23:33:54 --> Array to string conversion
#0 D:\PT Konimex\Proyek PPL\pd_ln\vendor\ezyang\htmlpurifier\library\HTMLPurifier\Lexer.php(314): CodeIgniter\Debug\Exceptions->errorHandler(8, 'Array to string...', 'D:\\PT Konimex\\P...', 314, Array)
#1 D:\PT Konimex\Proyek PPL\pd_ln\vendor\ezyang\htmlpurifier\library\HTMLPurifier\Lexer\DOMLex.php(50): HTMLPurifier_Lexer->normalize(Array, Object(HTMLPurifier_Config), Object(HTMLPurifier_Context))
#2 D:\PT Konimex\Proyek PPL\pd_ln\vendor\ezyang\htmlpurifier\library\HTMLPurifier.php(213): HTMLPurifier_Lexer_DOMLex->tokenizeHTML(Array, Object(HTMLPurifier_Config), Object(HTMLPurifier_Context))
#3 D:\PT Konimex\Proyek PPL\pd_ln\app\Helpers\global_fungsi_helper.php(109): HTMLPurifier->purify(Array)
#4 D:\PT Konimex\Proyek PPL\pd_ln\app\Models\IdtransaksiModel.php(38): purify(Array)
#5 D:\PT Konimex\Proyek PPL\pd_ln\app\Controllers\Admin\Idtransaksi.php(157): App\Models\IdtransaksiModel->insertPostId(Array)
#6 D:\PT Konimex\Proyek PPL\pd_ln\system\CodeIgniter.php(832): App\Controllers\Admin\Idtransaksi->tambahdataid()
#7 D:\PT Konimex\Proyek PPL\pd_ln\system\CodeIgniter.php(419): CodeIgniter\CodeIgniter->runController(Object(App\Controllers\Admin\Idtransaksi))
#8 D:\PT Konimex\Proyek PPL\pd_ln\system\CodeIgniter.php(326): CodeIgniter\CodeIgniter->handleRequest(NULL, Object(Config\Cache), false)
#9 D:\PT Konimex\Proyek PPL\pd_ln\public\index.php(37): CodeIgniter\CodeIgniter->run()
#10 D:\PT Konimex\Proyek PPL\pd_ln\system\Commands\Server\rewrite.php(43): require_once('D:\\PT Konimex\\P...')
#11 {main}
CRITICAL - 2023-08-13 23:39:42 --> Undefined variable: aksi
#0 D:\PT Konimex\Proyek PPL\pd_ln\app\Controllers\Admin\Idtransaksi.php(164): CodeIgniter\Debug\Exceptions->errorHandler(8, 'Undefined varia...', 'D:\\PT Konimex\\P...', 164, Array)
#1 D:\PT Konimex\Proyek PPL\pd_ln\system\CodeIgniter.php(832): App\Controllers\Admin\Idtransaksi->tambahdataid()
#2 D:\PT Konimex\Proyek PPL\pd_ln\system\CodeIgniter.php(419): CodeIgniter\CodeIgniter->runController(Object(App\Controllers\Admin\Idtransaksi))
#3 D:\PT Konimex\Proyek PPL\pd_ln\system\CodeIgniter.php(326): CodeIgniter\CodeIgniter->handleRequest(NULL, Object(Config\Cache), false)
#4 D:\PT Konimex\Proyek PPL\pd_ln\public\index.php(37): CodeIgniter\CodeIgniter->run()
#5 D:\PT Konimex\Proyek PPL\pd_ln\system\Commands\Server\rewrite.php(43): require_once('D:\\PT Konimex\\P...')
#6 {main}
CRITICAL - 2023-08-13 23:40:05 --> Array to string conversion
#0 [internal function]: CodeIgniter\Debug\Exceptions->errorHandler(8, 'Array to string...', 'D:\\PT Konimex\\P...', 1709, Array)
#1 D:\PT Konimex\Proyek PPL\pd_ln\system\Database\BaseBuilder.php(1709): implode(',', Array)
#2 D:\PT Konimex\Proyek PPL\pd_ln\system\Database\BaseBuilder.php(1640): CodeIgniter\Database\BaseBuilder->setInsertBatch(Array, '', true)
#3 D:\PT Konimex\Proyek PPL\pd_ln\system\Model.php(272): CodeIgniter\Database\BaseBuilder->insertBatch(Array, NULL, 100)
#4 D:\PT Konimex\Proyek PPL\pd_ln\system\BaseModel.php(814): CodeIgniter\Model->doInsertBatch(Array, NULL, 100, false)
#5 D:\PT Konimex\Proyek PPL\pd_ln\app\Models\IdtransaksiModel.php(45): CodeIgniter\BaseModel->insertBatch(Array)
#6 D:\PT Konimex\Proyek PPL\pd_ln\app\Controllers\Admin\Idtransaksi.php(162): App\Models\IdtransaksiModel->insertPostId(Array)
#7 D:\PT Konimex\Proyek PPL\pd_ln\system\CodeIgniter.php(832): App\Controllers\Admin\Idtransaksi->tambahdataid()
#8 D:\PT Konimex\Proyek PPL\pd_ln\system\CodeIgniter.php(419): CodeIgniter\CodeIgniter->runController(Object(App\Controllers\Admin\Idtransaksi))
#9 D:\PT Konimex\Proyek PPL\pd_ln\system\CodeIgniter.php(326): CodeIgniter\CodeIgniter->handleRequest(NULL, Object(Config\Cache), false)
#10 D:\PT Konimex\Proyek PPL\pd_ln\public\index.php(37): CodeIgniter\CodeIgniter->run()
#11 D:\PT Konimex\Proyek PPL\pd_ln\system\Commands\Server\rewrite.php(43): require_once('D:\\PT Konimex\\P...')
#12 {main}
CRITICAL - 2023-08-13 23:40:11 --> Array to string conversion
#0 [internal function]: CodeIgniter\Debug\Exceptions->errorHandler(8, 'Array to string...', 'D:\\PT Konimex\\P...', 1709, Array)
#1 D:\PT Konimex\Proyek PPL\pd_ln\system\Database\BaseBuilder.php(1709): implode(',', Array)
#2 D:\PT Konimex\Proyek PPL\pd_ln\system\Database\BaseBuilder.php(1640): CodeIgniter\Database\BaseBuilder->setInsertBatch(Array, '', true)
#3 D:\PT Konimex\Proyek PPL\pd_ln\system\Model.php(272): CodeIgniter\Database\BaseBuilder->insertBatch(Array, NULL, 100)
#4 D:\PT Konimex\Proyek PPL\pd_ln\system\BaseModel.php(814): CodeIgniter\Model->doInsertBatch(Array, NULL, 100, false)
#5 D:\PT Konimex\Proyek PPL\pd_ln\app\Models\IdtransaksiModel.php(45): CodeIgniter\BaseModel->insertBatch(Array)
#6 D:\PT Konimex\Proyek PPL\pd_ln\app\Controllers\Admin\Idtransaksi.php(162): App\Models\IdtransaksiModel->insertPostId(Array)
#7 D:\PT Konimex\Proyek PPL\pd_ln\system\CodeIgniter.php(832): App\Controllers\Admin\Idtransaksi->tambahdataid()
#8 D:\PT Konimex\Proyek PPL\pd_ln\system\CodeIgniter.php(419): CodeIgniter\CodeIgniter->runController(Object(App\Controllers\Admin\Idtransaksi))
#9 D:\PT Konimex\Proyek PPL\pd_ln\system\CodeIgniter.php(326): CodeIgniter\CodeIgniter->handleRequest(NULL, Object(Config\Cache), false)
#10 D:\PT Konimex\Proyek PPL\pd_ln\public\index.php(37): CodeIgniter\CodeIgniter->run()
#11 D:\PT Konimex\Proyek PPL\pd_ln\system\Commands\Server\rewrite.php(43): require_once('D:\\PT Konimex\\P...')
#12 {main}
