ERROR - 2023-07-23 22:12:59 --> Incorrect table definition; there can be only one auto column and it must be defined as a key
ERROR - 2023-07-23 22:13:55 --> Can't create table `pdln`.`id` (errno: 150 "Foreign key constraint is incorrectly formed")
ERROR - 2023-07-23 22:17:16 --> Can't create table `pdln`.`id` (errno: 150 "Foreign key constraint is incorrectly formed")
ERROR - 2023-07-23 22:18:43 --> Can't create table `pdln`.`id` (errno: 150 "Foreign key constraint is incorrectly formed")
ERROR - 2023-07-23 22:23:17 --> Can't create table `pdln`.`id` (errno: 150 "Foreign key constraint is incorrectly formed")
ERROR - 2023-07-23 22:31:26 --> Can't create table `pdln`.`id` (errno: 150 "Foreign key constraint is incorrectly formed")
ERROR - 2023-07-23 22:34:06 --> Can't create table `pdln`.`id` (errno: 150 "Foreign key constraint is incorrectly formed")
ERROR - 2023-07-23 22:49:37 --> Can't create table `pdln`.`id` (errno: 150 "Foreign key constraint is incorrectly formed")
ERROR - 2023-07-23 22:53:27 --> Can't create table `pdln`.`id` (errno: 150 "Foreign key constraint is incorrectly formed")
CRITICAL - 2023-07-23 22:53:51 --> Class App\Database\Migrations\Id contains 2 abstract methods and must therefore be declared abstract or implement the remaining methods (CodeIgniter\Database\Migration::up, CodeIgniter\Database\Migration::down)
#0 [internal function]: CodeIgniter\Debug\Exceptions->shutdownHandler()
#1 {main}
CRITICAL - 2023-07-23 22:54:16 --> Class App\Database\Migrations\Id contains 2 abstract methods and must therefore be declared abstract or implement the remaining methods (CodeIgniter\Database\Migration::up, CodeIgniter\Database\Migration::down)
#0 [internal function]: CodeIgniter\Debug\Exceptions->shutdownHandler()
#1 {main}
ERROR - 2023-07-23 22:56:35 --> Can't create table `pdln`.`id` (errno: 150 "Foreign key constraint is incorrectly formed")
ERROR - 2023-07-23 23:27:30 --> Unknown column 'username' in 'field list'
CRITICAL - 2023-07-23 23:39:12 --> Undefined index: username
#0 D:\PT Konimex\Proyek PPL\pd\app\Controllers\Admin\Admin.php(84): CodeIgniter\Debug\Exceptions->errorHandler(8, 'Undefined index...', 'D:\\PT Konimex\\P...', 84, Array)
#1 D:\PT Konimex\Proyek PPL\pd\system\CodeIgniter.php(832): App\Controllers\Admin\Admin->login()
#2 D:\PT Konimex\Proyek PPL\pd\system\CodeIgniter.php(419): CodeIgniter\CodeIgniter->runController(Object(App\Controllers\Admin\Admin))
#3 D:\PT Konimex\Proyek PPL\pd\system\CodeIgniter.php(326): CodeIgniter\CodeIgniter->handleRequest(NULL, Object(Config\Cache), false)
#4 D:\PT Konimex\Proyek PPL\pd\public\index.php(37): CodeIgniter\CodeIgniter->run()
#5 D:\PT Konimex\Proyek PPL\pd\system\Commands\Server\rewrite.php(43): require_once('D:\\PT Konimex\\P...')
#6 {main}
ERROR - 2023-07-23 23:45:37 --> Can't create table `pdln`.`posts` (errno: 150 "Foreign key constraint is incorrectly formed")
ERROR - 2023-07-23 23:47:36 --> Unknown column 'post_time' in 'order clause'
CRITICAL - 2023-07-23 23:47:36 --> Unknown column 'post_time' in 'order clause'
#0 D:\PT Konimex\Proyek PPL\pd\system\Database\MySQLi\Connection.php(292): mysqli->query('SELECT *\nFROM `...', 0)
#1 D:\PT Konimex\Proyek PPL\pd\system\Database\BaseConnection.php(670): CodeIgniter\Database\MySQLi\Connection->execute('SELECT *\nFROM `...')
#2 D:\PT Konimex\Proyek PPL\pd\system\Database\BaseConnection.php(598): CodeIgniter\Database\BaseConnection->simpleQuery('SELECT *\nFROM `...')
#3 D:\PT Konimex\Proyek PPL\pd\system\Database\BaseBuilder.php(1455): CodeIgniter\Database\BaseConnection->query('SELECT *\nFROM `...', Array, false)
#4 D:\PT Konimex\Proyek PPL\pd\system\Model.php(183): CodeIgniter\Database\BaseBuilder->get()
#5 D:\PT Konimex\Proyek PPL\pd\system\BaseModel.php(584): CodeIgniter\Model->doFindAll(2, 0)
#6 D:\PT Konimex\Proyek PPL\pd\system\BaseModel.php(1088): CodeIgniter\BaseModel->findAll(2, 0)
#7 D:\PT Konimex\Proyek PPL\pd\app\Models\PostsModel.php(85): CodeIgniter\BaseModel->paginate(2, 'dt')
#8 D:\PT Konimex\Proyek PPL\pd\app\Controllers\Admin\PJUM.php(119): App\Models\PostsModel->listPost('article', '2', NULL, 'dt')
#9 D:\PT Konimex\Proyek PPL\pd\system\CodeIgniter.php(832): App\Controllers\Admin\PJUM->lihatdatapjum()
#10 D:\PT Konimex\Proyek PPL\pd\system\CodeIgniter.php(419): CodeIgniter\CodeIgniter->runController(Object(App\Controllers\Admin\PJUM))
#11 D:\PT Konimex\Proyek PPL\pd\system\CodeIgniter.php(326): CodeIgniter\CodeIgniter->handleRequest(NULL, Object(Config\Cache), false)
#12 D:\PT Konimex\Proyek PPL\pd\public\index.php(37): CodeIgniter\CodeIgniter->run()
#13 D:\PT Konimex\Proyek PPL\pd\system\Commands\Server\rewrite.php(43): require_once('D:\\PT Konimex\\P...')
#14 {main}
ERROR - 2023-07-23 23:47:36 --> Unknown column 'post_time' in 'order clause'
CRITICAL - 2023-07-23 23:47:36 --> Unknown column 'post_time' in 'order clause'
#0 D:\PT Konimex\Proyek PPL\pd\system\Database\MySQLi\Connection.php(292): mysqli->query('SELECT *\nFROM `...', 0)
#1 D:\PT Konimex\Proyek PPL\pd\system\Database\BaseConnection.php(670): CodeIgniter\Database\MySQLi\Connection->execute('SELECT *\nFROM `...')
#2 D:\PT Konimex\Proyek PPL\pd\system\Database\BaseConnection.php(598): CodeIgniter\Database\BaseConnection->simpleQuery('SELECT *\nFROM `...')
#3 D:\PT Konimex\Proyek PPL\pd\system\Database\BaseBuilder.php(1455): CodeIgniter\Database\BaseConnection->query('SELECT *\nFROM `...', Array, false)
#4 D:\PT Konimex\Proyek PPL\pd\system\Model.php(183): CodeIgniter\Database\BaseBuilder->get()
#5 D:\PT Konimex\Proyek PPL\pd\system\BaseModel.php(584): CodeIgniter\Model->doFindAll(2, 0)
#6 D:\PT Konimex\Proyek PPL\pd\system\BaseModel.php(1088): CodeIgniter\BaseModel->findAll(2, 0)
#7 D:\PT Konimex\Proyek PPL\pd\app\Models\PostsModel.php(85): CodeIgniter\BaseModel->paginate(2, 'dt')
#8 D:\PT Konimex\Proyek PPL\pd\app\Controllers\Admin\PJUM.php(119): App\Models\PostsModel->listPost('article', '2', NULL, 'dt')
#9 D:\PT Konimex\Proyek PPL\pd\system\CodeIgniter.php(832): App\Controllers\Admin\PJUM->lihatdatapjum()
#10 D:\PT Konimex\Proyek PPL\pd\system\CodeIgniter.php(419): CodeIgniter\CodeIgniter->runController(Object(App\Controllers\Admin\PJUM))
#11 D:\PT Konimex\Proyek PPL\pd\system\CodeIgniter.php(326): CodeIgniter\CodeIgniter->handleRequest(NULL, Object(Config\Cache), false)
#12 D:\PT Konimex\Proyek PPL\pd\public\index.php(37): CodeIgniter\CodeIgniter->run()
#13 D:\PT Konimex\Proyek PPL\pd\system\Commands\Server\rewrite.php(43): require_once('D:\\PT Konimex\\P...')
#14 {main}
ERROR - 2023-07-23 23:52:16 --> Cannot add or update a child row: a foreign key constraint fails (`pdln`.`posts`, CONSTRAINT `posts_inisial_foreign` FOREIGN KEY (`inisial`) REFERENCES `akun` (`inisial`))
CRITICAL - 2023-07-23 23:52:16 --> Cannot add or update a child row: a foreign key constraint fails (`pdln`.`posts`, CONSTRAINT `posts_inisial_foreign` FOREIGN KEY (`inisial`) REFERENCES `akun` (`inisial`))
#0 D:\PT Konimex\Proyek PPL\pd\system\Database\MySQLi\Connection.php(292): mysqli->query('INSERT INTO `po...', 0)
#1 D:\PT Konimex\Proyek PPL\pd\system\Database\BaseConnection.php(670): CodeIgniter\Database\MySQLi\Connection->execute('INSERT INTO `po...')
#2 D:\PT Konimex\Proyek PPL\pd\system\Database\BaseConnection.php(598): CodeIgniter\Database\BaseConnection->simpleQuery('INSERT INTO `po...')
#3 D:\PT Konimex\Proyek PPL\pd\system\Database\BaseBuilder.php(1771): CodeIgniter\Database\BaseConnection->query('INSERT INTO `po...', Array, false)
#4 D:\PT Konimex\Proyek PPL\pd\system\Model.php(239): CodeIgniter\Database\BaseBuilder->insert()
#5 D:\PT Konimex\Proyek PPL\pd\system\BaseModel.php(738): CodeIgniter\Model->doInsert(Array)
#6 D:\PT Konimex\Proyek PPL\pd\system\Model.php(625): CodeIgniter\BaseModel->insert(Array, false)
#7 D:\PT Konimex\Proyek PPL\pd\system\BaseModel.php(658): CodeIgniter\Model->insert(Array, false)
#8 D:\PT Konimex\Proyek PPL\pd\app\Models\PostsModel.php(55): CodeIgniter\BaseModel->save(Array)
#9 D:\PT Konimex\Proyek PPL\pd\app\Controllers\Admin\PJUM.php(73): App\Models\PostsModel->insertPost(Array, 'article')
#10 D:\PT Konimex\Proyek PPL\pd\system\CodeIgniter.php(832): App\Controllers\Admin\PJUM->tambahdatapjum()
#11 D:\PT Konimex\Proyek PPL\pd\system\CodeIgniter.php(419): CodeIgniter\CodeIgniter->runController(Object(App\Controllers\Admin\PJUM))
#12 D:\PT Konimex\Proyek PPL\pd\system\CodeIgniter.php(326): CodeIgniter\CodeIgniter->handleRequest(NULL, Object(Config\Cache), false)
#13 D:\PT Konimex\Proyek PPL\pd\public\index.php(37): CodeIgniter\CodeIgniter->run()
#14 D:\PT Konimex\Proyek PPL\pd\system\Commands\Server\rewrite.php(43): require_once('D:\\PT Konimex\\P...')
#15 {main}
CRITICAL - 2023-07-23 23:55:37 --> Undefined variable: inisial
#0 D:\PT Konimex\Proyek PPL\pd\app\Controllers\Admin\Admin.php(130): CodeIgniter\Debug\Exceptions->errorHandler(8, 'Undefined varia...', 'D:\\PT Konimex\\P...', 130, Array)
#1 D:\PT Konimex\Proyek PPL\pd\system\CodeIgniter.php(832): App\Controllers\Admin\Admin->lupapassword()
#2 D:\PT Konimex\Proyek PPL\pd\system\CodeIgniter.php(419): CodeIgniter\CodeIgniter->runController(Object(App\Controllers\Admin\Admin))
#3 D:\PT Konimex\Proyek PPL\pd\system\CodeIgniter.php(326): CodeIgniter\CodeIgniter->handleRequest(NULL, Object(Config\Cache), false)
#4 D:\PT Konimex\Proyek PPL\pd\public\index.php(37): CodeIgniter\CodeIgniter->run()
#5 D:\PT Konimex\Proyek PPL\pd\system\Commands\Server\rewrite.php(43): require_once('D:\\PT Konimex\\P...')
#6 {main}
