CRITICAL - 2023-07-29 00:00:53 --> Undefined variable: post_id
#0 D:\PT Konimex\Proyek PPL\pd\app\Views\pjum\v_lihatdatapjum.php(61): CodeIgniter\Debug\Exceptions->errorHandler(8, 'Undefined varia...', 'D:\\PT Konimex\\P...', 61, Array)
#1 D:\PT Konimex\Proyek PPL\pd\system\View\View.php(210): include('D:\\PT Konimex\\P...')
#2 D:\PT Konimex\Proyek PPL\pd\system\View\View.php(213): CodeIgniter\View\View->CodeIgniter\View\{closure}()
#3 D:\PT Konimex\Proyek PPL\pd\system\Common.php(1089): CodeIgniter\View\View->render('pjum/v_lihatdat...', Array, true)
#4 D:\PT Konimex\Proyek PPL\pd\app\Controllers\Admin\PJUM.php(164): view('pjum/v_lihatdat...', Array)
#5 D:\PT Konimex\Proyek PPL\pd\system\CodeIgniter.php(832): App\Controllers\Admin\PJUM->lihatdatapjum(Array)
#6 D:\PT Konimex\Proyek PPL\pd\system\CodeIgniter.php(419): CodeIgniter\CodeIgniter->runController(Object(App\Controllers\Admin\PJUM))
#7 D:\PT Konimex\Proyek PPL\pd\system\CodeIgniter.php(326): CodeIgniter\CodeIgniter->handleRequest(NULL, Object(Config\Cache), false)
#8 D:\PT Konimex\Proyek PPL\pd\public\index.php(37): CodeIgniter\CodeIgniter->run()
#9 D:\PT Konimex\Proyek PPL\pd\system\Commands\Server\rewrite.php(43): require_once('D:\\PT Konimex\\P...')
#10 {main}
CRITICAL - 2023-07-29 00:00:54 --> Undefined variable: post_id
#0 D:\PT Konimex\Proyek PPL\pd\app\Views\pjum\v_lihatdatapjum.php(61): CodeIgniter\Debug\Exceptions->errorHandler(8, 'Undefined varia...', 'D:\\PT Konimex\\P...', 61, Array)
#1 D:\PT Konimex\Proyek PPL\pd\system\View\View.php(210): include('D:\\PT Konimex\\P...')
#2 D:\PT Konimex\Proyek PPL\pd\system\View\View.php(213): CodeIgniter\View\View->CodeIgniter\View\{closure}()
#3 D:\PT Konimex\Proyek PPL\pd\system\Common.php(1089): CodeIgniter\View\View->render('pjum/v_lihatdat...', Array, true)
#4 D:\PT Konimex\Proyek PPL\pd\app\Controllers\Admin\PJUM.php(164): view('pjum/v_lihatdat...', Array)
#5 D:\PT Konimex\Proyek PPL\pd\system\CodeIgniter.php(832): App\Controllers\Admin\PJUM->lihatdatapjum(Array)
#6 D:\PT Konimex\Proyek PPL\pd\system\CodeIgniter.php(419): CodeIgniter\CodeIgniter->runController(Object(App\Controllers\Admin\PJUM))
#7 D:\PT Konimex\Proyek PPL\pd\system\CodeIgniter.php(326): CodeIgniter\CodeIgniter->handleRequest(NULL, Object(Config\Cache), false)
#8 D:\PT Konimex\Proyek PPL\pd\public\index.php(37): CodeIgniter\CodeIgniter->run()
#9 D:\PT Konimex\Proyek PPL\pd\system\Commands\Server\rewrite.php(43): require_once('D:\\PT Konimex\\P...')
#10 {main}
CRITICAL - 2023-07-29 00:13:05 --> Undefined variable: post_id
#0 D:\PT Konimex\Proyek PPL\pd\app\Controllers\Admin\PJUM.php(131): CodeIgniter\Debug\Exceptions->errorHandler(8, 'Undefined varia...', 'D:\\PT Konimex\\P...', 131, Array)
#1 D:\PT Konimex\Proyek PPL\pd\system\CodeIgniter.php(832): App\Controllers\Admin\PJUM->lihatdatapjum(Array)
#2 D:\PT Konimex\Proyek PPL\pd\system\CodeIgniter.php(419): CodeIgniter\CodeIgniter->runController(Object(App\Controllers\Admin\PJUM))
#3 D:\PT Konimex\Proyek PPL\pd\system\CodeIgniter.php(326): CodeIgniter\CodeIgniter->handleRequest(NULL, Object(Config\Cache), false)
#4 D:\PT Konimex\Proyek PPL\pd\public\index.php(37): CodeIgniter\CodeIgniter->run()
#5 D:\PT Konimex\Proyek PPL\pd\system\Commands\Server\rewrite.php(43): require_once('D:\\PT Konimex\\P...')
#6 {main}
CRITICAL - 2023-07-29 00:13:05 --> Undefined variable: post_id
#0 D:\PT Konimex\Proyek PPL\pd\app\Controllers\Admin\PJUM.php(131): CodeIgniter\Debug\Exceptions->errorHandler(8, 'Undefined varia...', 'D:\\PT Konimex\\P...', 131, Array)
#1 D:\PT Konimex\Proyek PPL\pd\system\CodeIgniter.php(832): App\Controllers\Admin\PJUM->lihatdatapjum(Array)
#2 D:\PT Konimex\Proyek PPL\pd\system\CodeIgniter.php(419): CodeIgniter\CodeIgniter->runController(Object(App\Controllers\Admin\PJUM))
#3 D:\PT Konimex\Proyek PPL\pd\system\CodeIgniter.php(326): CodeIgniter\CodeIgniter->handleRequest(NULL, Object(Config\Cache), false)
#4 D:\PT Konimex\Proyek PPL\pd\public\index.php(37): CodeIgniter\CodeIgniter->run()
#5 D:\PT Konimex\Proyek PPL\pd\system\Commands\Server\rewrite.php(43): require_once('D:\\PT Konimex\\P...')
#6 {main}
CRITICAL - 2023-07-29 00:14:17 --> Undefined variable: dataPost
#0 D:\PT Konimex\Proyek PPL\pd\app\Controllers\Admin\PJUM.php(161): CodeIgniter\Debug\Exceptions->errorHandler(8, 'Undefined varia...', 'D:\\PT Konimex\\P...', 161, Array)
#1 D:\PT Konimex\Proyek PPL\pd\system\CodeIgniter.php(832): App\Controllers\Admin\PJUM->lihatdatapjum(Array)
#2 D:\PT Konimex\Proyek PPL\pd\system\CodeIgniter.php(419): CodeIgniter\CodeIgniter->runController(Object(App\Controllers\Admin\PJUM))
#3 D:\PT Konimex\Proyek PPL\pd\system\CodeIgniter.php(326): CodeIgniter\CodeIgniter->handleRequest(NULL, Object(Config\Cache), false)
#4 D:\PT Konimex\Proyek PPL\pd\public\index.php(37): CodeIgniter\CodeIgniter->run()
#5 D:\PT Konimex\Proyek PPL\pd\system\Commands\Server\rewrite.php(43): require_once('D:\\PT Konimex\\P...')
#6 {main}
CRITICAL - 2023-07-29 00:14:18 --> Undefined variable: dataPost
#0 D:\PT Konimex\Proyek PPL\pd\app\Controllers\Admin\PJUM.php(161): CodeIgniter\Debug\Exceptions->errorHandler(8, 'Undefined varia...', 'D:\\PT Konimex\\P...', 161, Array)
#1 D:\PT Konimex\Proyek PPL\pd\system\CodeIgniter.php(832): App\Controllers\Admin\PJUM->lihatdatapjum(Array)
#2 D:\PT Konimex\Proyek PPL\pd\system\CodeIgniter.php(419): CodeIgniter\CodeIgniter->runController(Object(App\Controllers\Admin\PJUM))
#3 D:\PT Konimex\Proyek PPL\pd\system\CodeIgniter.php(326): CodeIgniter\CodeIgniter->handleRequest(NULL, Object(Config\Cache), false)
#4 D:\PT Konimex\Proyek PPL\pd\public\index.php(37): CodeIgniter\CodeIgniter->run()
#5 D:\PT Konimex\Proyek PPL\pd\system\Commands\Server\rewrite.php(43): require_once('D:\\PT Konimex\\P...')
#6 {main}
CRITICAL - 2023-07-29 00:23:20 --> Invalid argument supplied for foreach()
#0 D:\PT Konimex\Proyek PPL\pd\app\Views\pjum\v_lihatdatapjum.php(59): CodeIgniter\Debug\Exceptions->errorHandler(2, 'Invalid argumen...', 'D:\\PT Konimex\\P...', 59, Array)
#1 D:\PT Konimex\Proyek PPL\pd\system\View\View.php(210): include('D:\\PT Konimex\\P...')
#2 D:\PT Konimex\Proyek PPL\pd\system\View\View.php(213): CodeIgniter\View\View->CodeIgniter\View\{closure}()
#3 D:\PT Konimex\Proyek PPL\pd\system\Common.php(1089): CodeIgniter\View\View->render('pjum/v_lihatdat...', Array, true)
#4 D:\PT Konimex\Proyek PPL\pd\app\Controllers\Admin\PJUM.php(163): view('pjum/v_lihatdat...', Array)
#5 D:\PT Konimex\Proyek PPL\pd\system\CodeIgniter.php(832): App\Controllers\Admin\PJUM->lihatdatapjum(Array)
#6 D:\PT Konimex\Proyek PPL\pd\system\CodeIgniter.php(419): CodeIgniter\CodeIgniter->runController(Object(App\Controllers\Admin\PJUM))
#7 D:\PT Konimex\Proyek PPL\pd\system\CodeIgniter.php(326): CodeIgniter\CodeIgniter->handleRequest(NULL, Object(Config\Cache), false)
#8 D:\PT Konimex\Proyek PPL\pd\public\index.php(37): CodeIgniter\CodeIgniter->run()
#9 D:\PT Konimex\Proyek PPL\pd\system\Commands\Server\rewrite.php(43): require_once('D:\\PT Konimex\\P...')
#10 {main}
CRITICAL - 2023-07-29 00:23:21 --> Invalid argument supplied for foreach()
#0 D:\PT Konimex\Proyek PPL\pd\app\Views\pjum\v_lihatdatapjum.php(59): CodeIgniter\Debug\Exceptions->errorHandler(2, 'Invalid argumen...', 'D:\\PT Konimex\\P...', 59, Array)
#1 D:\PT Konimex\Proyek PPL\pd\system\View\View.php(210): include('D:\\PT Konimex\\P...')
#2 D:\PT Konimex\Proyek PPL\pd\system\View\View.php(213): CodeIgniter\View\View->CodeIgniter\View\{closure}()
#3 D:\PT Konimex\Proyek PPL\pd\system\Common.php(1089): CodeIgniter\View\View->render('pjum/v_lihatdat...', Array, true)
#4 D:\PT Konimex\Proyek PPL\pd\app\Controllers\Admin\PJUM.php(163): view('pjum/v_lihatdat...', Array)
#5 D:\PT Konimex\Proyek PPL\pd\system\CodeIgniter.php(832): App\Controllers\Admin\PJUM->lihatdatapjum(Array)
#6 D:\PT Konimex\Proyek PPL\pd\system\CodeIgniter.php(419): CodeIgniter\CodeIgniter->runController(Object(App\Controllers\Admin\PJUM))
#7 D:\PT Konimex\Proyek PPL\pd\system\CodeIgniter.php(326): CodeIgniter\CodeIgniter->handleRequest(NULL, Object(Config\Cache), false)
#8 D:\PT Konimex\Proyek PPL\pd\public\index.php(37): CodeIgniter\CodeIgniter->run()
#9 D:\PT Konimex\Proyek PPL\pd\system\Commands\Server\rewrite.php(43): require_once('D:\\PT Konimex\\P...')
#10 {main}
CRITICAL - 2023-07-29 00:23:22 --> Invalid argument supplied for foreach()
#0 D:\PT Konimex\Proyek PPL\pd\app\Views\pjum\v_lihatdatapjum.php(59): CodeIgniter\Debug\Exceptions->errorHandler(2, 'Invalid argumen...', 'D:\\PT Konimex\\P...', 59, Array)
#1 D:\PT Konimex\Proyek PPL\pd\system\View\View.php(210): include('D:\\PT Konimex\\P...')
#2 D:\PT Konimex\Proyek PPL\pd\system\View\View.php(213): CodeIgniter\View\View->CodeIgniter\View\{closure}()
#3 D:\PT Konimex\Proyek PPL\pd\system\Common.php(1089): CodeIgniter\View\View->render('pjum/v_lihatdat...', Array, true)
#4 D:\PT Konimex\Proyek PPL\pd\app\Controllers\Admin\PJUM.php(163): view('pjum/v_lihatdat...', Array)
#5 D:\PT Konimex\Proyek PPL\pd\system\CodeIgniter.php(832): App\Controllers\Admin\PJUM->lihatdatapjum(Array)
#6 D:\PT Konimex\Proyek PPL\pd\system\CodeIgniter.php(419): CodeIgniter\CodeIgniter->runController(Object(App\Controllers\Admin\PJUM))
#7 D:\PT Konimex\Proyek PPL\pd\system\CodeIgniter.php(326): CodeIgniter\CodeIgniter->handleRequest(NULL, Object(Config\Cache), false)
#8 D:\PT Konimex\Proyek PPL\pd\public\index.php(37): CodeIgniter\CodeIgniter->run()
#9 D:\PT Konimex\Proyek PPL\pd\system\Commands\Server\rewrite.php(43): require_once('D:\\PT Konimex\\P...')
#10 {main}
CRITICAL - 2023-07-29 00:23:23 --> Invalid argument supplied for foreach()
#0 D:\PT Konimex\Proyek PPL\pd\app\Views\pjum\v_lihatdatapjum.php(59): CodeIgniter\Debug\Exceptions->errorHandler(2, 'Invalid argumen...', 'D:\\PT Konimex\\P...', 59, Array)
#1 D:\PT Konimex\Proyek PPL\pd\system\View\View.php(210): include('D:\\PT Konimex\\P...')
#2 D:\PT Konimex\Proyek PPL\pd\system\View\View.php(213): CodeIgniter\View\View->CodeIgniter\View\{closure}()
#3 D:\PT Konimex\Proyek PPL\pd\system\Common.php(1089): CodeIgniter\View\View->render('pjum/v_lihatdat...', Array, true)
#4 D:\PT Konimex\Proyek PPL\pd\app\Controllers\Admin\PJUM.php(163): view('pjum/v_lihatdat...', Array)
#5 D:\PT Konimex\Proyek PPL\pd\system\CodeIgniter.php(832): App\Controllers\Admin\PJUM->lihatdatapjum(Array)
#6 D:\PT Konimex\Proyek PPL\pd\system\CodeIgniter.php(419): CodeIgniter\CodeIgniter->runController(Object(App\Controllers\Admin\PJUM))
#7 D:\PT Konimex\Proyek PPL\pd\system\CodeIgniter.php(326): CodeIgniter\CodeIgniter->handleRequest(NULL, Object(Config\Cache), false)
#8 D:\PT Konimex\Proyek PPL\pd\public\index.php(37): CodeIgniter\CodeIgniter->run()
#9 D:\PT Konimex\Proyek PPL\pd\system\Commands\Server\rewrite.php(43): require_once('D:\\PT Konimex\\P...')
#10 {main}
CRITICAL - 2023-07-29 00:23:29 --> Undefined variable: hasil
#0 D:\PT Konimex\Proyek PPL\pd\app\Views\pjum\v_lihatdatapjum.php(59): CodeIgniter\Debug\Exceptions->errorHandler(8, 'Undefined varia...', 'D:\\PT Konimex\\P...', 59, Array)
#1 D:\PT Konimex\Proyek PPL\pd\system\View\View.php(210): include('D:\\PT Konimex\\P...')
#2 D:\PT Konimex\Proyek PPL\pd\system\View\View.php(213): CodeIgniter\View\View->CodeIgniter\View\{closure}()
#3 D:\PT Konimex\Proyek PPL\pd\system\Common.php(1089): CodeIgniter\View\View->render('pjum/v_lihatdat...', Array, true)
#4 D:\PT Konimex\Proyek PPL\pd\app\Controllers\Admin\PJUM.php(163): view('pjum/v_lihatdat...', Array)
#5 D:\PT Konimex\Proyek PPL\pd\system\CodeIgniter.php(832): App\Controllers\Admin\PJUM->lihatdatapjum(Array)
#6 D:\PT Konimex\Proyek PPL\pd\system\CodeIgniter.php(419): CodeIgniter\CodeIgniter->runController(Object(App\Controllers\Admin\PJUM))
#7 D:\PT Konimex\Proyek PPL\pd\system\CodeIgniter.php(326): CodeIgniter\CodeIgniter->handleRequest(NULL, Object(Config\Cache), false)
#8 D:\PT Konimex\Proyek PPL\pd\public\index.php(37): CodeIgniter\CodeIgniter->run()
#9 D:\PT Konimex\Proyek PPL\pd\system\Commands\Server\rewrite.php(43): require_once('D:\\PT Konimex\\P...')
#10 {main}
CRITICAL - 2023-07-29 00:23:29 --> Undefined variable: hasil
#0 D:\PT Konimex\Proyek PPL\pd\app\Views\pjum\v_lihatdatapjum.php(59): CodeIgniter\Debug\Exceptions->errorHandler(8, 'Undefined varia...', 'D:\\PT Konimex\\P...', 59, Array)
#1 D:\PT Konimex\Proyek PPL\pd\system\View\View.php(210): include('D:\\PT Konimex\\P...')
#2 D:\PT Konimex\Proyek PPL\pd\system\View\View.php(213): CodeIgniter\View\View->CodeIgniter\View\{closure}()
#3 D:\PT Konimex\Proyek PPL\pd\system\Common.php(1089): CodeIgniter\View\View->render('pjum/v_lihatdat...', Array, true)
#4 D:\PT Konimex\Proyek PPL\pd\app\Controllers\Admin\PJUM.php(163): view('pjum/v_lihatdat...', Array)
#5 D:\PT Konimex\Proyek PPL\pd\system\CodeIgniter.php(832): App\Controllers\Admin\PJUM->lihatdatapjum(Array)
#6 D:\PT Konimex\Proyek PPL\pd\system\CodeIgniter.php(419): CodeIgniter\CodeIgniter->runController(Object(App\Controllers\Admin\PJUM))
#7 D:\PT Konimex\Proyek PPL\pd\system\CodeIgniter.php(326): CodeIgniter\CodeIgniter->handleRequest(NULL, Object(Config\Cache), false)
#8 D:\PT Konimex\Proyek PPL\pd\public\index.php(37): CodeIgniter\CodeIgniter->run()
#9 D:\PT Konimex\Proyek PPL\pd\system\Commands\Server\rewrite.php(43): require_once('D:\\PT Konimex\\P...')
#10 {main}
CRITICAL - 2023-07-29 00:24:03 --> Object of class App\Models\PostsModel could not be converted to string
#0 D:\PT Konimex\Proyek PPL\pd\system\CodeIgniter.php(832): App\Controllers\Admin\PJUM->lihatdatapjum(Array)
#1 D:\PT Konimex\Proyek PPL\pd\system\CodeIgniter.php(419): CodeIgniter\CodeIgniter->runController(Object(App\Controllers\Admin\PJUM))
#2 D:\PT Konimex\Proyek PPL\pd\system\CodeIgniter.php(326): CodeIgniter\CodeIgniter->handleRequest(NULL, Object(Config\Cache), false)
#3 D:\PT Konimex\Proyek PPL\pd\public\index.php(37): CodeIgniter\CodeIgniter->run()
#4 D:\PT Konimex\Proyek PPL\pd\system\Commands\Server\rewrite.php(43): require_once('D:\\PT Konimex\\P...')
#5 {main}
CRITICAL - 2023-07-29 00:24:04 --> Object of class App\Models\PostsModel could not be converted to string
#0 D:\PT Konimex\Proyek PPL\pd\system\CodeIgniter.php(832): App\Controllers\Admin\PJUM->lihatdatapjum(Array)
#1 D:\PT Konimex\Proyek PPL\pd\system\CodeIgniter.php(419): CodeIgniter\CodeIgniter->runController(Object(App\Controllers\Admin\PJUM))
#2 D:\PT Konimex\Proyek PPL\pd\system\CodeIgniter.php(326): CodeIgniter\CodeIgniter->handleRequest(NULL, Object(Config\Cache), false)
#3 D:\PT Konimex\Proyek PPL\pd\public\index.php(37): CodeIgniter\CodeIgniter->run()
#4 D:\PT Konimex\Proyek PPL\pd\system\Commands\Server\rewrite.php(43): require_once('D:\\PT Konimex\\P...')
#5 {main}
CRITICAL - 2023-07-29 00:24:51 --> Cannot use object of type CodeIgniter\Pager\Pager as array
#0 D:\PT Konimex\Proyek PPL\pd\system\View\View.php(210): include()
#1 D:\PT Konimex\Proyek PPL\pd\system\View\View.php(213): CodeIgniter\View\View->CodeIgniter\View\{closure}()
#2 D:\PT Konimex\Proyek PPL\pd\system\Common.php(1089): CodeIgniter\View\View->render('pjum/v_lihatdat...', Array, true)
#3 D:\PT Konimex\Proyek PPL\pd\app\Controllers\Admin\PJUM.php(164): view('pjum/v_lihatdat...', Array)
#4 D:\PT Konimex\Proyek PPL\pd\system\CodeIgniter.php(832): App\Controllers\Admin\PJUM->lihatdatapjum(Array)
#5 D:\PT Konimex\Proyek PPL\pd\system\CodeIgniter.php(419): CodeIgniter\CodeIgniter->runController(Object(App\Controllers\Admin\PJUM))
#6 D:\PT Konimex\Proyek PPL\pd\system\CodeIgniter.php(326): CodeIgniter\CodeIgniter->handleRequest(NULL, Object(Config\Cache), false)
#7 D:\PT Konimex\Proyek PPL\pd\public\index.php(37): CodeIgniter\CodeIgniter->run()
#8 D:\PT Konimex\Proyek PPL\pd\system\Commands\Server\rewrite.php(43): require_once('D:\\PT Konimex\\P...')
#9 {main}
CRITICAL - 2023-07-29 00:24:51 --> Cannot use object of type CodeIgniter\Pager\Pager as array
#0 D:\PT Konimex\Proyek PPL\pd\system\View\View.php(210): include()
#1 D:\PT Konimex\Proyek PPL\pd\system\View\View.php(213): CodeIgniter\View\View->CodeIgniter\View\{closure}()
#2 D:\PT Konimex\Proyek PPL\pd\system\Common.php(1089): CodeIgniter\View\View->render('pjum/v_lihatdat...', Array, true)
#3 D:\PT Konimex\Proyek PPL\pd\app\Controllers\Admin\PJUM.php(164): view('pjum/v_lihatdat...', Array)
#4 D:\PT Konimex\Proyek PPL\pd\system\CodeIgniter.php(832): App\Controllers\Admin\PJUM->lihatdatapjum(Array)
#5 D:\PT Konimex\Proyek PPL\pd\system\CodeIgniter.php(419): CodeIgniter\CodeIgniter->runController(Object(App\Controllers\Admin\PJUM))
#6 D:\PT Konimex\Proyek PPL\pd\system\CodeIgniter.php(326): CodeIgniter\CodeIgniter->handleRequest(NULL, Object(Config\Cache), false)
#7 D:\PT Konimex\Proyek PPL\pd\public\index.php(37): CodeIgniter\CodeIgniter->run()
#8 D:\PT Konimex\Proyek PPL\pd\system\Commands\Server\rewrite.php(43): require_once('D:\\PT Konimex\\P...')
#9 {main}
CRITICAL - 2023-07-29 00:25:01 --> Cannot use object of type CodeIgniter\Pager\Pager as array
#0 D:\PT Konimex\Proyek PPL\pd\system\View\View.php(210): include()
#1 D:\PT Konimex\Proyek PPL\pd\system\View\View.php(213): CodeIgniter\View\View->CodeIgniter\View\{closure}()
#2 D:\PT Konimex\Proyek PPL\pd\system\Common.php(1089): CodeIgniter\View\View->render('pjum/v_lihatdat...', Array, true)
#3 D:\PT Konimex\Proyek PPL\pd\app\Controllers\Admin\PJUM.php(164): view('pjum/v_lihatdat...', Array)
#4 D:\PT Konimex\Proyek PPL\pd\system\CodeIgniter.php(832): App\Controllers\Admin\PJUM->lihatdatapjum(Array)
#5 D:\PT Konimex\Proyek PPL\pd\system\CodeIgniter.php(419): CodeIgniter\CodeIgniter->runController(Object(App\Controllers\Admin\PJUM))
#6 D:\PT Konimex\Proyek PPL\pd\system\CodeIgniter.php(326): CodeIgniter\CodeIgniter->handleRequest(NULL, Object(Config\Cache), false)
#7 D:\PT Konimex\Proyek PPL\pd\public\index.php(37): CodeIgniter\CodeIgniter->run()
#8 D:\PT Konimex\Proyek PPL\pd\system\Commands\Server\rewrite.php(43): require_once('D:\\PT Konimex\\P...')
#9 {main}
CRITICAL - 2023-07-29 00:25:01 --> Cannot use object of type CodeIgniter\Pager\Pager as array
#0 D:\PT Konimex\Proyek PPL\pd\system\View\View.php(210): include()
#1 D:\PT Konimex\Proyek PPL\pd\system\View\View.php(213): CodeIgniter\View\View->CodeIgniter\View\{closure}()
#2 D:\PT Konimex\Proyek PPL\pd\system\Common.php(1089): CodeIgniter\View\View->render('pjum/v_lihatdat...', Array, true)
#3 D:\PT Konimex\Proyek PPL\pd\app\Controllers\Admin\PJUM.php(164): view('pjum/v_lihatdat...', Array)
#4 D:\PT Konimex\Proyek PPL\pd\system\CodeIgniter.php(832): App\Controllers\Admin\PJUM->lihatdatapjum(Array)
#5 D:\PT Konimex\Proyek PPL\pd\system\CodeIgniter.php(419): CodeIgniter\CodeIgniter->runController(Object(App\Controllers\Admin\PJUM))
#6 D:\PT Konimex\Proyek PPL\pd\system\CodeIgniter.php(326): CodeIgniter\CodeIgniter->handleRequest(NULL, Object(Config\Cache), false)
#7 D:\PT Konimex\Proyek PPL\pd\public\index.php(37): CodeIgniter\CodeIgniter->run()
#8 D:\PT Konimex\Proyek PPL\pd\system\Commands\Server\rewrite.php(43): require_once('D:\\PT Konimex\\P...')
#9 {main}
CRITICAL - 2023-07-29 00:39:23 --> Invalid argument supplied for foreach()
#0 D:\PT Konimex\Proyek PPL\pd\app\Views\pjum\v_lihatdatapjum.php(235): CodeIgniter\Debug\Exceptions->errorHandler(2, 'Invalid argumen...', 'D:\\PT Konimex\\P...', 235, Array)
#1 D:\PT Konimex\Proyek PPL\pd\system\View\View.php(210): include('D:\\PT Konimex\\P...')
#2 D:\PT Konimex\Proyek PPL\pd\system\View\View.php(213): CodeIgniter\View\View->CodeIgniter\View\{closure}()
#3 D:\PT Konimex\Proyek PPL\pd\system\Common.php(1089): CodeIgniter\View\View->render('pjum/v_lihatdat...', Array, true)
#4 D:\PT Konimex\Proyek PPL\pd\app\Controllers\Admin\PJUM.php(165): view('pjum/v_lihatdat...', Array)
#5 D:\PT Konimex\Proyek PPL\pd\system\CodeIgniter.php(832): App\Controllers\Admin\PJUM->lihatdatapjum(Array)
#6 D:\PT Konimex\Proyek PPL\pd\system\CodeIgniter.php(419): CodeIgniter\CodeIgniter->runController(Object(App\Controllers\Admin\PJUM))
#7 D:\PT Konimex\Proyek PPL\pd\system\CodeIgniter.php(326): CodeIgniter\CodeIgniter->handleRequest(NULL, Object(Config\Cache), false)
#8 D:\PT Konimex\Proyek PPL\pd\public\index.php(37): CodeIgniter\CodeIgniter->run()
#9 D:\PT Konimex\Proyek PPL\pd\system\Commands\Server\rewrite.php(43): require_once('D:\\PT Konimex\\P...')
#10 {main}
CRITICAL - 2023-07-29 00:39:24 --> Invalid argument supplied for foreach()
#0 D:\PT Konimex\Proyek PPL\pd\app\Views\pjum\v_lihatdatapjum.php(235): CodeIgniter\Debug\Exceptions->errorHandler(2, 'Invalid argumen...', 'D:\\PT Konimex\\P...', 235, Array)
#1 D:\PT Konimex\Proyek PPL\pd\system\View\View.php(210): include('D:\\PT Konimex\\P...')
#2 D:\PT Konimex\Proyek PPL\pd\system\View\View.php(213): CodeIgniter\View\View->CodeIgniter\View\{closure}()
#3 D:\PT Konimex\Proyek PPL\pd\system\Common.php(1089): CodeIgniter\View\View->render('pjum/v_lihatdat...', Array, true)
#4 D:\PT Konimex\Proyek PPL\pd\app\Controllers\Admin\PJUM.php(165): view('pjum/v_lihatdat...', Array)
#5 D:\PT Konimex\Proyek PPL\pd\system\CodeIgniter.php(832): App\Controllers\Admin\PJUM->lihatdatapjum(Array)
#6 D:\PT Konimex\Proyek PPL\pd\system\CodeIgniter.php(419): CodeIgniter\CodeIgniter->runController(Object(App\Controllers\Admin\PJUM))
#7 D:\PT Konimex\Proyek PPL\pd\system\CodeIgniter.php(326): CodeIgniter\CodeIgniter->handleRequest(NULL, Object(Config\Cache), false)
#8 D:\PT Konimex\Proyek PPL\pd\public\index.php(37): CodeIgniter\CodeIgniter->run()
#9 D:\PT Konimex\Proyek PPL\pd\system\Commands\Server\rewrite.php(43): require_once('D:\\PT Konimex\\P...')
#10 {main}
CRITICAL - 2023-07-29 00:39:30 --> Invalid argument supplied for foreach()
#0 D:\PT Konimex\Proyek PPL\pd\app\Views\pjum\v_lihatdatapjum.php(235): CodeIgniter\Debug\Exceptions->errorHandler(2, 'Invalid argumen...', 'D:\\PT Konimex\\P...', 235, Array)
#1 D:\PT Konimex\Proyek PPL\pd\system\View\View.php(210): include('D:\\PT Konimex\\P...')
#2 D:\PT Konimex\Proyek PPL\pd\system\View\View.php(213): CodeIgniter\View\View->CodeIgniter\View\{closure}()
#3 D:\PT Konimex\Proyek PPL\pd\system\Common.php(1089): CodeIgniter\View\View->render('pjum/v_lihatdat...', Array, true)
#4 D:\PT Konimex\Proyek PPL\pd\app\Controllers\Admin\PJUM.php(165): view('pjum/v_lihatdat...', Array)
#5 D:\PT Konimex\Proyek PPL\pd\system\CodeIgniter.php(832): App\Controllers\Admin\PJUM->lihatdatapjum(Array)
#6 D:\PT Konimex\Proyek PPL\pd\system\CodeIgniter.php(419): CodeIgniter\CodeIgniter->runController(Object(App\Controllers\Admin\PJUM))
#7 D:\PT Konimex\Proyek PPL\pd\system\CodeIgniter.php(326): CodeIgniter\CodeIgniter->handleRequest(NULL, Object(Config\Cache), false)
#8 D:\PT Konimex\Proyek PPL\pd\public\index.php(37): CodeIgniter\CodeIgniter->run()
#9 D:\PT Konimex\Proyek PPL\pd\system\Commands\Server\rewrite.php(43): require_once('D:\\PT Konimex\\P...')
#10 {main}
CRITICAL - 2023-07-29 00:39:31 --> Invalid argument supplied for foreach()
#0 D:\PT Konimex\Proyek PPL\pd\app\Views\pjum\v_lihatdatapjum.php(235): CodeIgniter\Debug\Exceptions->errorHandler(2, 'Invalid argumen...', 'D:\\PT Konimex\\P...', 235, Array)
#1 D:\PT Konimex\Proyek PPL\pd\system\View\View.php(210): include('D:\\PT Konimex\\P...')
#2 D:\PT Konimex\Proyek PPL\pd\system\View\View.php(213): CodeIgniter\View\View->CodeIgniter\View\{closure}()
#3 D:\PT Konimex\Proyek PPL\pd\system\Common.php(1089): CodeIgniter\View\View->render('pjum/v_lihatdat...', Array, true)
#4 D:\PT Konimex\Proyek PPL\pd\app\Controllers\Admin\PJUM.php(165): view('pjum/v_lihatdat...', Array)
#5 D:\PT Konimex\Proyek PPL\pd\system\CodeIgniter.php(832): App\Controllers\Admin\PJUM->lihatdatapjum(Array)
#6 D:\PT Konimex\Proyek PPL\pd\system\CodeIgniter.php(419): CodeIgniter\CodeIgniter->runController(Object(App\Controllers\Admin\PJUM))
#7 D:\PT Konimex\Proyek PPL\pd\system\CodeIgniter.php(326): CodeIgniter\CodeIgniter->handleRequest(NULL, Object(Config\Cache), false)
#8 D:\PT Konimex\Proyek PPL\pd\public\index.php(37): CodeIgniter\CodeIgniter->run()
#9 D:\PT Konimex\Proyek PPL\pd\system\Commands\Server\rewrite.php(43): require_once('D:\\PT Konimex\\P...')
#10 {main}
