CRITICAL - 2023-10-06 01:07:25 --> Undefined array key "kota"
#0 C:\xampp\htdocs\pdln\app\Controllers\Admin\Dashboard.php(491): CodeIgniter\Debug\Exceptions->errorHandler(2, 'Undefined array...', 'C:\\xampp\\htdocs...', 491)
#1 C:\xampp\htdocs\pdln\system\CodeIgniter.php(832): App\Controllers\Admin\Dashboard->exportlaporan('1')
#2 C:\xampp\htdocs\pdln\system\CodeIgniter.php(419): CodeIgniter\CodeIgniter->runController(Object(App\Controllers\Admin\Dashboard))
#3 C:\xampp\htdocs\pdln\system\CodeIgniter.php(326): CodeIgniter\CodeIgniter->handleRequest(NULL, Object(Config\Cache), false)
#4 C:\xampp\htdocs\pdln\index.php(37): CodeIgniter\CodeIgniter->run()
#5 {main}
CRITICAL - 2023-10-06 20:48:54 --> Undefined variable $role
#0 C:\xampp\htdocs\pdln\app\Views\transaksi\v_tambahdataid.php(144): CodeIgniter\Debug\Exceptions->errorHandler(2, 'Undefined varia...', 'C:\\xampp\\htdocs...', 144)
#1 C:\xampp\htdocs\pdln\system\View\View.php(210): include('C:\\xampp\\htdocs...')
#2 C:\xampp\htdocs\pdln\system\View\View.php(213): CodeIgniter\View\View->CodeIgniter\View\{closure}()
#3 C:\xampp\htdocs\pdln\system\Common.php(1089): CodeIgniter\View\View->render('transaksi/v_tam...', Array, true)
#4 C:\xampp\htdocs\pdln\app\Controllers\Admin\Transaksi.php(146): view('transaksi/v_tam...', Array)
#5 C:\xampp\htdocs\pdln\system\CodeIgniter.php(832): App\Controllers\Admin\Transaksi->tambahdataid()
#6 C:\xampp\htdocs\pdln\system\CodeIgniter.php(419): CodeIgniter\CodeIgniter->runController(Object(App\Controllers\Admin\Transaksi))
#7 C:\xampp\htdocs\pdln\system\CodeIgniter.php(326): CodeIgniter\CodeIgniter->handleRequest(NULL, Object(Config\Cache), false)
#8 C:\xampp\htdocs\pdln\index.php(37): CodeIgniter\CodeIgniter->run()
#9 {main}
CRITICAL - 2023-10-06 20:49:00 --> Undefined variable $role
#0 C:\xampp\htdocs\pdln\app\Views\transaksi\v_tambahdataid.php(144): CodeIgniter\Debug\Exceptions->errorHandler(2, 'Undefined varia...', 'C:\\xampp\\htdocs...', 144)
#1 C:\xampp\htdocs\pdln\system\View\View.php(210): include('C:\\xampp\\htdocs...')
#2 C:\xampp\htdocs\pdln\system\View\View.php(213): CodeIgniter\View\View->CodeIgniter\View\{closure}()
#3 C:\xampp\htdocs\pdln\system\Common.php(1089): CodeIgniter\View\View->render('transaksi/v_tam...', Array, true)
#4 C:\xampp\htdocs\pdln\app\Controllers\Admin\Transaksi.php(146): view('transaksi/v_tam...', Array)
#5 C:\xampp\htdocs\pdln\system\CodeIgniter.php(832): App\Controllers\Admin\Transaksi->tambahdataid()
#6 C:\xampp\htdocs\pdln\system\CodeIgniter.php(419): CodeIgniter\CodeIgniter->runController(Object(App\Controllers\Admin\Transaksi))
#7 C:\xampp\htdocs\pdln\system\CodeIgniter.php(326): CodeIgniter\CodeIgniter->handleRequest(NULL, Object(Config\Cache), false)
#8 C:\xampp\htdocs\pdln\index.php(37): CodeIgniter\CodeIgniter->run()
#9 {main}
CRITICAL - 2023-10-06 20:49:27 --> Undefined variable $nik
#0 C:\xampp\htdocs\pdln\app\Views\transaksi\v_tambahdataid.php(156): CodeIgniter\Debug\Exceptions->errorHandler(2, 'Undefined varia...', 'C:\\xampp\\htdocs...', 156)
#1 C:\xampp\htdocs\pdln\system\View\View.php(210): include('C:\\xampp\\htdocs...')
#2 C:\xampp\htdocs\pdln\system\View\View.php(213): CodeIgniter\View\View->CodeIgniter\View\{closure}()
#3 C:\xampp\htdocs\pdln\system\Common.php(1089): CodeIgniter\View\View->render('transaksi/v_tam...', Array, true)
#4 C:\xampp\htdocs\pdln\app\Controllers\Admin\Transaksi.php(147): view('transaksi/v_tam...', Array)
#5 C:\xampp\htdocs\pdln\system\CodeIgniter.php(832): App\Controllers\Admin\Transaksi->tambahdataid()
#6 C:\xampp\htdocs\pdln\system\CodeIgniter.php(419): CodeIgniter\CodeIgniter->runController(Object(App\Controllers\Admin\Transaksi))
#7 C:\xampp\htdocs\pdln\system\CodeIgniter.php(326): CodeIgniter\CodeIgniter->handleRequest(NULL, Object(Config\Cache), false)
#8 C:\xampp\htdocs\pdln\index.php(37): CodeIgniter\CodeIgniter->run()
#9 {main}
CRITICAL - 2023-10-06 20:49:51 --> Undefined variable $nik
#0 C:\xampp\htdocs\pdln\app\Views\transaksi\v_tambahdataid.php(156): CodeIgniter\Debug\Exceptions->errorHandler(2, 'Undefined varia...', 'C:\\xampp\\htdocs...', 156)
#1 C:\xampp\htdocs\pdln\system\View\View.php(210): include('C:\\xampp\\htdocs...')
#2 C:\xampp\htdocs\pdln\system\View\View.php(213): CodeIgniter\View\View->CodeIgniter\View\{closure}()
#3 C:\xampp\htdocs\pdln\system\Common.php(1089): CodeIgniter\View\View->render('transaksi/v_tam...', Array, true)
#4 C:\xampp\htdocs\pdln\app\Controllers\Admin\Transaksi.php(147): view('transaksi/v_tam...', Array)
#5 C:\xampp\htdocs\pdln\system\CodeIgniter.php(832): App\Controllers\Admin\Transaksi->tambahdataid()
#6 C:\xampp\htdocs\pdln\system\CodeIgniter.php(419): CodeIgniter\CodeIgniter->runController(Object(App\Controllers\Admin\Transaksi))
#7 C:\xampp\htdocs\pdln\system\CodeIgniter.php(326): CodeIgniter\CodeIgniter->handleRequest(NULL, Object(Config\Cache), false)
#8 C:\xampp\htdocs\pdln\index.php(37): CodeIgniter\CodeIgniter->run()
#9 {main}
CRITICAL - 2023-10-06 21:20:25 --> Undefined array key "strorgnm"
#0 C:\xampp\htdocs\pdln\app\Controllers\Admin\Transaksi.php(133): CodeIgniter\Debug\Exceptions->errorHandler(2, 'Undefined array...', 'C:\\xampp\\htdocs...', 133)
#1 C:\xampp\htdocs\pdln\system\CodeIgniter.php(832): App\Controllers\Admin\Transaksi->tambahdataid()
#2 C:\xampp\htdocs\pdln\system\CodeIgniter.php(419): CodeIgniter\CodeIgniter->runController(Object(App\Controllers\Admin\Transaksi))
#3 C:\xampp\htdocs\pdln\system\CodeIgniter.php(326): CodeIgniter\CodeIgniter->handleRequest(NULL, Object(Config\Cache), false)
#4 C:\xampp\htdocs\pdln\index.php(37): CodeIgniter\CodeIgniter->run()
#5 {main}
CRITICAL - 2023-10-06 21:20:31 --> Undefined array key "strorgnm"
#0 C:\xampp\htdocs\pdln\app\Controllers\Admin\Transaksi.php(133): CodeIgniter\Debug\Exceptions->errorHandler(2, 'Undefined array...', 'C:\\xampp\\htdocs...', 133)
#1 C:\xampp\htdocs\pdln\system\CodeIgniter.php(832): App\Controllers\Admin\Transaksi->tambahdataid()
#2 C:\xampp\htdocs\pdln\system\CodeIgniter.php(419): CodeIgniter\CodeIgniter->runController(Object(App\Controllers\Admin\Transaksi))
#3 C:\xampp\htdocs\pdln\system\CodeIgniter.php(326): CodeIgniter\CodeIgniter->handleRequest(NULL, Object(Config\Cache), false)
#4 C:\xampp\htdocs\pdln\index.php(37): CodeIgniter\CodeIgniter->run()
#5 {main}
CRITICAL - 2023-10-06 21:21:09 --> Array to string conversion
#0 C:\xampp\htdocs\pdln\vendor\ezyang\htmlpurifier\library\HTMLPurifier\Lexer.php(314): CodeIgniter\Debug\Exceptions->errorHandler(2, 'Array to string...', 'C:\\xampp\\htdocs...', 314)
#1 C:\xampp\htdocs\pdln\vendor\ezyang\htmlpurifier\library\HTMLPurifier\Lexer\DOMLex.php(50): HTMLPurifier_Lexer->normalize(Array, Object(HTMLPurifier_Config), Object(HTMLPurifier_Context))
#2 C:\xampp\htdocs\pdln\vendor\ezyang\htmlpurifier\library\HTMLPurifier.php(213): HTMLPurifier_Lexer_DOMLex->tokenizeHTML(Array, Object(HTMLPurifier_Config), Object(HTMLPurifier_Context))
#3 C:\xampp\htdocs\pdln\app\Helpers\global_fungsi_helper.php(157): HTMLPurifier->purify(Array)
#4 C:\xampp\htdocs\pdln\app\Models\TransaksiModel.php(44): purify(Array)
#5 C:\xampp\htdocs\pdln\app\Controllers\Admin\Transaksi.php(143): App\Models\TransaksiModel->insertTransaksi(Array)
#6 C:\xampp\htdocs\pdln\system\CodeIgniter.php(832): App\Controllers\Admin\Transaksi->tambahdataid()
#7 C:\xampp\htdocs\pdln\system\CodeIgniter.php(419): CodeIgniter\CodeIgniter->runController(Object(App\Controllers\Admin\Transaksi))
#8 C:\xampp\htdocs\pdln\system\CodeIgniter.php(326): CodeIgniter\CodeIgniter->handleRequest(NULL, Object(Config\Cache), false)
#9 C:\xampp\htdocs\pdln\index.php(37): CodeIgniter\CodeIgniter->run()
#10 {main}
CRITICAL - 2023-10-06 21:21:14 --> Array to string conversion
#0 C:\xampp\htdocs\pdln\vendor\ezyang\htmlpurifier\library\HTMLPurifier\Lexer.php(314): CodeIgniter\Debug\Exceptions->errorHandler(2, 'Array to string...', 'C:\\xampp\\htdocs...', 314)
#1 C:\xampp\htdocs\pdln\vendor\ezyang\htmlpurifier\library\HTMLPurifier\Lexer\DOMLex.php(50): HTMLPurifier_Lexer->normalize(Array, Object(HTMLPurifier_Config), Object(HTMLPurifier_Context))
#2 C:\xampp\htdocs\pdln\vendor\ezyang\htmlpurifier\library\HTMLPurifier.php(213): HTMLPurifier_Lexer_DOMLex->tokenizeHTML(Array, Object(HTMLPurifier_Config), Object(HTMLPurifier_Context))
#3 C:\xampp\htdocs\pdln\app\Helpers\global_fungsi_helper.php(157): HTMLPurifier->purify(Array)
#4 C:\xampp\htdocs\pdln\app\Models\TransaksiModel.php(44): purify(Array)
#5 C:\xampp\htdocs\pdln\app\Controllers\Admin\Transaksi.php(143): App\Models\TransaksiModel->insertTransaksi(Array)
#6 C:\xampp\htdocs\pdln\system\CodeIgniter.php(832): App\Controllers\Admin\Transaksi->tambahdataid()
#7 C:\xampp\htdocs\pdln\system\CodeIgniter.php(419): CodeIgniter\CodeIgniter->runController(Object(App\Controllers\Admin\Transaksi))
#8 C:\xampp\htdocs\pdln\system\CodeIgniter.php(326): CodeIgniter\CodeIgniter->handleRequest(NULL, Object(Config\Cache), false)
#9 C:\xampp\htdocs\pdln\index.php(37): CodeIgniter\CodeIgniter->run()
#10 {main}
CRITICAL - 2023-10-06 22:25:53 --> Undefined array key "nik"
#0 C:\xampp\htdocs\pdln\app\Controllers\Admin\Transaksi.php(303): CodeIgniter\Debug\Exceptions->errorHandler(2, 'Undefined array...', 'C:\\xampp\\htdocs...', 303)
#1 C:\xampp\htdocs\pdln\system\CodeIgniter.php(832): App\Controllers\Admin\Transaksi->tambahpersonil('1')
#2 C:\xampp\htdocs\pdln\system\CodeIgniter.php(419): CodeIgniter\CodeIgniter->runController(Object(App\Controllers\Admin\Transaksi))
#3 C:\xampp\htdocs\pdln\system\CodeIgniter.php(326): CodeIgniter\CodeIgniter->handleRequest(NULL, Object(Config\Cache), false)
#4 C:\xampp\htdocs\pdln\index.php(37): CodeIgniter\CodeIgniter->run()
#5 {main}
CRITICAL - 2023-10-06 22:25:59 --> Undefined array key "nik"
#0 C:\xampp\htdocs\pdln\app\Controllers\Admin\Transaksi.php(303): CodeIgniter\Debug\Exceptions->errorHandler(2, 'Undefined array...', 'C:\\xampp\\htdocs...', 303)
#1 C:\xampp\htdocs\pdln\system\CodeIgniter.php(832): App\Controllers\Admin\Transaksi->tambahpersonil('1')
#2 C:\xampp\htdocs\pdln\system\CodeIgniter.php(419): CodeIgniter\CodeIgniter->runController(Object(App\Controllers\Admin\Transaksi))
#3 C:\xampp\htdocs\pdln\system\CodeIgniter.php(326): CodeIgniter\CodeIgniter->handleRequest(NULL, Object(Config\Cache), false)
#4 C:\xampp\htdocs\pdln\index.php(37): CodeIgniter\CodeIgniter->run()
#5 {main}
CRITICAL - 2023-10-06 23:19:04 --> Invalid range: "G6:F6"
#0 C:\xampp\htdocs\pdln\vendor\phpoffice\phpspreadsheet\src\PhpSpreadsheet\Cell\Coordinate.php(464): PhpOffice\PhpSpreadsheet\Cell\Coordinate::validateRange('G6:F6', 7, 7, 6, 6)
#1 C:\xampp\htdocs\pdln\vendor\phpoffice\phpspreadsheet\src\PhpSpreadsheet\Cell\Coordinate.php(371): PhpOffice\PhpSpreadsheet\Cell\Coordinate::getReferencesForCellBlock('G6:F6')
#2 C:\xampp\htdocs\pdln\vendor\phpoffice\phpspreadsheet\src\PhpSpreadsheet\Worksheet\Worksheet.php(751): PhpOffice\PhpSpreadsheet\Cell\Coordinate::extractAllCellReferencesInRange('G6:F6')
#3 C:\xampp\htdocs\pdln\vendor\phpoffice\phpspreadsheet\src\PhpSpreadsheet\Writer\Xlsx\Worksheet.php(411): PhpOffice\PhpSpreadsheet\Worksheet\Worksheet->calculateColumnWidths()
#4 C:\xampp\htdocs\pdln\vendor\phpoffice\phpspreadsheet\src\PhpSpreadsheet\Writer\Xlsx\Worksheet.php(84): PhpOffice\PhpSpreadsheet\Writer\Xlsx\Worksheet->writeCols(Object(PhpOffice\PhpSpreadsheet\Shared\XMLWriter), Object(PhpOffice\PhpSpreadsheet\Worksheet\Worksheet))
#5 C:\xampp\htdocs\pdln\vendor\phpoffice\phpspreadsheet\src\PhpSpreadsheet\Writer\Xlsx.php(393): PhpOffice\PhpSpreadsheet\Writer\Xlsx\Worksheet->writeWorksheet(Object(PhpOffice\PhpSpreadsheet\Worksheet\Worksheet), Array, false)
#6 C:\xampp\htdocs\pdln\app\Controllers\Admin\Dashboard.php(552): PhpOffice\PhpSpreadsheet\Writer\Xlsx->save('Report Biaya 09...')
#7 C:\xampp\htdocs\pdln\system\CodeIgniter.php(832): App\Controllers\Admin\Dashboard->exportlaporan('1')
#8 C:\xampp\htdocs\pdln\system\CodeIgniter.php(419): CodeIgniter\CodeIgniter->runController(Object(App\Controllers\Admin\Dashboard))
#9 C:\xampp\htdocs\pdln\system\CodeIgniter.php(326): CodeIgniter\CodeIgniter->handleRequest(NULL, Object(Config\Cache), false)
#10 C:\xampp\htdocs\pdln\index.php(37): CodeIgniter\CodeIgniter->run()
#11 {main}
CRITICAL - 2023-10-06 23:19:11 --> Invalid range: "G6:F6"
#0 C:\xampp\htdocs\pdln\vendor\phpoffice\phpspreadsheet\src\PhpSpreadsheet\Cell\Coordinate.php(464): PhpOffice\PhpSpreadsheet\Cell\Coordinate::validateRange('G6:F6', 7, 7, 6, 6)
#1 C:\xampp\htdocs\pdln\vendor\phpoffice\phpspreadsheet\src\PhpSpreadsheet\Cell\Coordinate.php(371): PhpOffice\PhpSpreadsheet\Cell\Coordinate::getReferencesForCellBlock('G6:F6')
#2 C:\xampp\htdocs\pdln\vendor\phpoffice\phpspreadsheet\src\PhpSpreadsheet\Worksheet\Worksheet.php(751): PhpOffice\PhpSpreadsheet\Cell\Coordinate::extractAllCellReferencesInRange('G6:F6')
#3 C:\xampp\htdocs\pdln\vendor\phpoffice\phpspreadsheet\src\PhpSpreadsheet\Writer\Xlsx\Worksheet.php(411): PhpOffice\PhpSpreadsheet\Worksheet\Worksheet->calculateColumnWidths()
#4 C:\xampp\htdocs\pdln\vendor\phpoffice\phpspreadsheet\src\PhpSpreadsheet\Writer\Xlsx\Worksheet.php(84): PhpOffice\PhpSpreadsheet\Writer\Xlsx\Worksheet->writeCols(Object(PhpOffice\PhpSpreadsheet\Shared\XMLWriter), Object(PhpOffice\PhpSpreadsheet\Worksheet\Worksheet))
#5 C:\xampp\htdocs\pdln\vendor\phpoffice\phpspreadsheet\src\PhpSpreadsheet\Writer\Xlsx.php(393): PhpOffice\PhpSpreadsheet\Writer\Xlsx\Worksheet->writeWorksheet(Object(PhpOffice\PhpSpreadsheet\Worksheet\Worksheet), Array, false)
#6 C:\xampp\htdocs\pdln\app\Controllers\Admin\Dashboard.php(552): PhpOffice\PhpSpreadsheet\Writer\Xlsx->save('Report Biaya 09...')
#7 C:\xampp\htdocs\pdln\system\CodeIgniter.php(832): App\Controllers\Admin\Dashboard->exportlaporan('1')
#8 C:\xampp\htdocs\pdln\system\CodeIgniter.php(419): CodeIgniter\CodeIgniter->runController(Object(App\Controllers\Admin\Dashboard))
#9 C:\xampp\htdocs\pdln\system\CodeIgniter.php(326): CodeIgniter\CodeIgniter->handleRequest(NULL, Object(Config\Cache), false)
#10 C:\xampp\htdocs\pdln\index.php(37): CodeIgniter\CodeIgniter->run()
#11 {main}
CRITICAL - 2023-10-06 23:19:58 --> Invalid range: "G6:F6"
#0 C:\xampp\htdocs\pdln\vendor\phpoffice\phpspreadsheet\src\PhpSpreadsheet\Cell\Coordinate.php(464): PhpOffice\PhpSpreadsheet\Cell\Coordinate::validateRange('G6:F6', 7, 7, 6, 6)
#1 C:\xampp\htdocs\pdln\vendor\phpoffice\phpspreadsheet\src\PhpSpreadsheet\Cell\Coordinate.php(371): PhpOffice\PhpSpreadsheet\Cell\Coordinate::getReferencesForCellBlock('G6:F6')
#2 C:\xampp\htdocs\pdln\vendor\phpoffice\phpspreadsheet\src\PhpSpreadsheet\Worksheet\Worksheet.php(751): PhpOffice\PhpSpreadsheet\Cell\Coordinate::extractAllCellReferencesInRange('G6:F6')
#3 C:\xampp\htdocs\pdln\vendor\phpoffice\phpspreadsheet\src\PhpSpreadsheet\Writer\Xlsx\Worksheet.php(411): PhpOffice\PhpSpreadsheet\Worksheet\Worksheet->calculateColumnWidths()
#4 C:\xampp\htdocs\pdln\vendor\phpoffice\phpspreadsheet\src\PhpSpreadsheet\Writer\Xlsx\Worksheet.php(84): PhpOffice\PhpSpreadsheet\Writer\Xlsx\Worksheet->writeCols(Object(PhpOffice\PhpSpreadsheet\Shared\XMLWriter), Object(PhpOffice\PhpSpreadsheet\Worksheet\Worksheet))
#5 C:\xampp\htdocs\pdln\vendor\phpoffice\phpspreadsheet\src\PhpSpreadsheet\Writer\Xlsx.php(393): PhpOffice\PhpSpreadsheet\Writer\Xlsx\Worksheet->writeWorksheet(Object(PhpOffice\PhpSpreadsheet\Worksheet\Worksheet), Array, false)
#6 C:\xampp\htdocs\pdln\app\Controllers\Admin\Dashboard.php(552): PhpOffice\PhpSpreadsheet\Writer\Xlsx->save('Report Biaya 09...')
#7 C:\xampp\htdocs\pdln\system\CodeIgniter.php(832): App\Controllers\Admin\Dashboard->exportlaporan('1')
#8 C:\xampp\htdocs\pdln\system\CodeIgniter.php(419): CodeIgniter\CodeIgniter->runController(Object(App\Controllers\Admin\Dashboard))
#9 C:\xampp\htdocs\pdln\system\CodeIgniter.php(326): CodeIgniter\CodeIgniter->handleRequest(NULL, Object(Config\Cache), false)
#10 C:\xampp\htdocs\pdln\index.php(37): CodeIgniter\CodeIgniter->run()
#11 {main}
CRITICAL - 2023-10-06 23:20:03 --> Invalid range: "G6:F6"
#0 C:\xampp\htdocs\pdln\vendor\phpoffice\phpspreadsheet\src\PhpSpreadsheet\Cell\Coordinate.php(464): PhpOffice\PhpSpreadsheet\Cell\Coordinate::validateRange('G6:F6', 7, 7, 6, 6)
#1 C:\xampp\htdocs\pdln\vendor\phpoffice\phpspreadsheet\src\PhpSpreadsheet\Cell\Coordinate.php(371): PhpOffice\PhpSpreadsheet\Cell\Coordinate::getReferencesForCellBlock('G6:F6')
#2 C:\xampp\htdocs\pdln\vendor\phpoffice\phpspreadsheet\src\PhpSpreadsheet\Worksheet\Worksheet.php(751): PhpOffice\PhpSpreadsheet\Cell\Coordinate::extractAllCellReferencesInRange('G6:F6')
#3 C:\xampp\htdocs\pdln\vendor\phpoffice\phpspreadsheet\src\PhpSpreadsheet\Writer\Xlsx\Worksheet.php(411): PhpOffice\PhpSpreadsheet\Worksheet\Worksheet->calculateColumnWidths()
#4 C:\xampp\htdocs\pdln\vendor\phpoffice\phpspreadsheet\src\PhpSpreadsheet\Writer\Xlsx\Worksheet.php(84): PhpOffice\PhpSpreadsheet\Writer\Xlsx\Worksheet->writeCols(Object(PhpOffice\PhpSpreadsheet\Shared\XMLWriter), Object(PhpOffice\PhpSpreadsheet\Worksheet\Worksheet))
#5 C:\xampp\htdocs\pdln\vendor\phpoffice\phpspreadsheet\src\PhpSpreadsheet\Writer\Xlsx.php(393): PhpOffice\PhpSpreadsheet\Writer\Xlsx\Worksheet->writeWorksheet(Object(PhpOffice\PhpSpreadsheet\Worksheet\Worksheet), Array, false)
#6 C:\xampp\htdocs\pdln\app\Controllers\Admin\Dashboard.php(552): PhpOffice\PhpSpreadsheet\Writer\Xlsx->save('Report Biaya 09...')
#7 C:\xampp\htdocs\pdln\system\CodeIgniter.php(832): App\Controllers\Admin\Dashboard->exportlaporan('1')
#8 C:\xampp\htdocs\pdln\system\CodeIgniter.php(419): CodeIgniter\CodeIgniter->runController(Object(App\Controllers\Admin\Dashboard))
#9 C:\xampp\htdocs\pdln\system\CodeIgniter.php(326): CodeIgniter\CodeIgniter->handleRequest(NULL, Object(Config\Cache), false)
#10 C:\xampp\htdocs\pdln\index.php(37): CodeIgniter\CodeIgniter->run()
#11 {main}
CRITICAL - 2023-10-06 23:21:05 --> Start column (G) is beyond highest column (F)
#0 C:\xampp\htdocs\pdln\vendor\phpoffice\phpspreadsheet\src\PhpSpreadsheet\Worksheet\ColumnIterator.php(55): PhpOffice\PhpSpreadsheet\Worksheet\ColumnIterator->resetStart('G')
#1 C:\xampp\htdocs\pdln\vendor\phpoffice\phpspreadsheet\src\PhpSpreadsheet\Worksheet\Worksheet.php(3240): PhpOffice\PhpSpreadsheet\Worksheet\ColumnIterator->__construct(Object(PhpOffice\PhpSpreadsheet\Worksheet\Worksheet), 'G', 'F')
#2 C:\xampp\htdocs\pdln\vendor\phpoffice\phpspreadsheet\src\PhpSpreadsheet\Style\Style.php(518): PhpOffice\PhpSpreadsheet\Worksheet\Worksheet->getColumnIterator('G', 'F')
#3 C:\xampp\htdocs\pdln\vendor\phpoffice\phpspreadsheet\src\PhpSpreadsheet\Style\Style.php(382): PhpOffice\PhpSpreadsheet\Style\Style->getOldXfIndexes('COLUMN', Array, Array, 'G', 'F', Array)
#4 C:\xampp\htdocs\pdln\vendor\phpoffice\phpspreadsheet\src\PhpSpreadsheet\Style\Alignment.php(272): PhpOffice\PhpSpreadsheet\Style\Style->applyFromArray(Array)
#5 C:\xampp\htdocs\pdln\app\Controllers\Admin\Dashboard.php(416): PhpOffice\PhpSpreadsheet\Style\Alignment->setHorizontal('center')
#6 C:\xampp\htdocs\pdln\system\CodeIgniter.php(832): App\Controllers\Admin\Dashboard->exportlaporan('1')
#7 C:\xampp\htdocs\pdln\system\CodeIgniter.php(419): CodeIgniter\CodeIgniter->runController(Object(App\Controllers\Admin\Dashboard))
#8 C:\xampp\htdocs\pdln\system\CodeIgniter.php(326): CodeIgniter\CodeIgniter->handleRequest(NULL, Object(Config\Cache), false)
#9 C:\xampp\htdocs\pdln\index.php(37): CodeIgniter\CodeIgniter->run()
#10 {main}
CRITICAL - 2023-10-06 23:21:09 --> Start column (G) is beyond highest column (F)
#0 C:\xampp\htdocs\pdln\vendor\phpoffice\phpspreadsheet\src\PhpSpreadsheet\Worksheet\ColumnIterator.php(55): PhpOffice\PhpSpreadsheet\Worksheet\ColumnIterator->resetStart('G')
#1 C:\xampp\htdocs\pdln\vendor\phpoffice\phpspreadsheet\src\PhpSpreadsheet\Worksheet\Worksheet.php(3240): PhpOffice\PhpSpreadsheet\Worksheet\ColumnIterator->__construct(Object(PhpOffice\PhpSpreadsheet\Worksheet\Worksheet), 'G', 'F')
#2 C:\xampp\htdocs\pdln\vendor\phpoffice\phpspreadsheet\src\PhpSpreadsheet\Style\Style.php(518): PhpOffice\PhpSpreadsheet\Worksheet\Worksheet->getColumnIterator('G', 'F')
#3 C:\xampp\htdocs\pdln\vendor\phpoffice\phpspreadsheet\src\PhpSpreadsheet\Style\Style.php(382): PhpOffice\PhpSpreadsheet\Style\Style->getOldXfIndexes('COLUMN', Array, Array, 'G', 'F', Array)
#4 C:\xampp\htdocs\pdln\vendor\phpoffice\phpspreadsheet\src\PhpSpreadsheet\Style\Alignment.php(272): PhpOffice\PhpSpreadsheet\Style\Style->applyFromArray(Array)
#5 C:\xampp\htdocs\pdln\app\Controllers\Admin\Dashboard.php(416): PhpOffice\PhpSpreadsheet\Style\Alignment->setHorizontal('center')
#6 C:\xampp\htdocs\pdln\system\CodeIgniter.php(832): App\Controllers\Admin\Dashboard->exportlaporan('1')
#7 C:\xampp\htdocs\pdln\system\CodeIgniter.php(419): CodeIgniter\CodeIgniter->runController(Object(App\Controllers\Admin\Dashboard))
#8 C:\xampp\htdocs\pdln\system\CodeIgniter.php(326): CodeIgniter\CodeIgniter->handleRequest(NULL, Object(Config\Cache), false)
#9 C:\xampp\htdocs\pdln\index.php(37): CodeIgniter\CodeIgniter->run()
#10 {main}
CRITICAL - 2023-10-06 23:23:21 --> Call to undefined method PhpOffice\PhpSpreadsheet\Worksheet\Worksheet::getFont()
#0 C:\xampp\htdocs\pdln\system\CodeIgniter.php(832): App\Controllers\Admin\Dashboard->exportlaporan('1')
#1 C:\xampp\htdocs\pdln\system\CodeIgniter.php(419): CodeIgniter\CodeIgniter->runController(Object(App\Controllers\Admin\Dashboard))
#2 C:\xampp\htdocs\pdln\system\CodeIgniter.php(326): CodeIgniter\CodeIgniter->handleRequest(NULL, Object(Config\Cache), false)
#3 C:\xampp\htdocs\pdln\index.php(37): CodeIgniter\CodeIgniter->run()
#4 {main}
