CRITICAL - 2023-08-27 21:09:03 --> Call to undefined method App\Models\BiayaModel::getDataAllId
#0 D:\PT Konimex\Proyek PPL\pd_ln\app\Controllers\Admin\PJUM.php(170): CodeIgniter\Model->__call('getDataAllId', Array)
#1 D:\PT Konimex\Proyek PPL\pd_ln\system\CodeIgniter.php(832): App\Controllers\Admin\PJUM->kategoripjum('1', 'THB', '')
#2 D:\PT Konimex\Proyek PPL\pd_ln\system\CodeIgniter.php(419): CodeIgniter\CodeIgniter->runController(Object(App\Controllers\Admin\PJUM))
#3 D:\PT Konimex\Proyek PPL\pd_ln\system\CodeIgniter.php(326): CodeIgniter\CodeIgniter->handleRequest(NULL, Object(Config\Cache), false)
#4 D:\PT Konimex\Proyek PPL\pd_ln\public\index.php(37): CodeIgniter\CodeIgniter->run()
#5 D:\PT Konimex\Proyek PPL\pd_ln\system\Commands\Server\rewrite.php(43): require_once('D:\\PT Konimex\\P...')
#6 {main}
CRITICAL - 2023-08-27 21:09:05 --> Call to undefined method App\Models\BiayaModel::getDataAllId
#0 D:\PT Konimex\Proyek PPL\pd_ln\app\Controllers\Admin\PJUM.php(170): CodeIgniter\Model->__call('getDataAllId', Array)
#1 D:\PT Konimex\Proyek PPL\pd_ln\system\CodeIgniter.php(832): App\Controllers\Admin\PJUM->kategoripjum('1', 'THB', '')
#2 D:\PT Konimex\Proyek PPL\pd_ln\system\CodeIgniter.php(419): CodeIgniter\CodeIgniter->runController(Object(App\Controllers\Admin\PJUM))
#3 D:\PT Konimex\Proyek PPL\pd_ln\system\CodeIgniter.php(326): CodeIgniter\CodeIgniter->handleRequest(NULL, Object(Config\Cache), false)
#4 D:\PT Konimex\Proyek PPL\pd_ln\public\index.php(37): CodeIgniter\CodeIgniter->run()
#5 D:\PT Konimex\Proyek PPL\pd_ln\system\Commands\Server\rewrite.php(43): require_once('D:\\PT Konimex\\P...')
#6 {main}
CRITICAL - 2023-08-27 21:14:53 --> Undefined variable $link_tambahdatapjum
#0 D:\PT Konimex\Proyek PPL\pd_ln\app\Views\pjum\v_pjum.php(92): CodeIgniter\Debug\Exceptions->errorHandler(2, 'Undefined varia...', 'D:\\PT Konimex\\P...', 92)
#1 D:\PT Konimex\Proyek PPL\pd_ln\system\View\View.php(210): include('D:\\PT Konimex\\P...')
#2 D:\PT Konimex\Proyek PPL\pd_ln\system\View\View.php(213): CodeIgniter\View\View->CodeIgniter\View\{closure}()
#3 D:\PT Konimex\Proyek PPL\pd_ln\system\Common.php(1089): CodeIgniter\View\View->render('pjum/v_pjum', Array, true)
#4 D:\PT Konimex\Proyek PPL\pd_ln\app\Controllers\Admin\PJUM.php(75): view('pjum/v_pjum', Array)
#5 D:\PT Konimex\Proyek PPL\pd_ln\system\CodeIgniter.php(832): App\Controllers\Admin\PJUM->datapjum(Array)
#6 D:\PT Konimex\Proyek PPL\pd_ln\system\CodeIgniter.php(419): CodeIgniter\CodeIgniter->runController(Object(App\Controllers\Admin\PJUM))
#7 D:\PT Konimex\Proyek PPL\pd_ln\system\CodeIgniter.php(326): CodeIgniter\CodeIgniter->handleRequest(NULL, Object(Config\Cache), false)
#8 D:\PT Konimex\Proyek PPL\pd_ln\public\index.php(37): CodeIgniter\CodeIgniter->run()
#9 D:\PT Konimex\Proyek PPL\pd_ln\system\Commands\Server\rewrite.php(43): require_once('D:\\PT Konimex\\P...')
#10 {main}
CRITICAL - 2023-08-27 21:14:54 --> Undefined variable $link_tambahdatapjum
#0 D:\PT Konimex\Proyek PPL\pd_ln\app\Views\pjum\v_pjum.php(92): CodeIgniter\Debug\Exceptions->errorHandler(2, 'Undefined varia...', 'D:\\PT Konimex\\P...', 92)
#1 D:\PT Konimex\Proyek PPL\pd_ln\system\View\View.php(210): include('D:\\PT Konimex\\P...')
#2 D:\PT Konimex\Proyek PPL\pd_ln\system\View\View.php(213): CodeIgniter\View\View->CodeIgniter\View\{closure}()
#3 D:\PT Konimex\Proyek PPL\pd_ln\system\Common.php(1089): CodeIgniter\View\View->render('pjum/v_pjum', Array, true)
#4 D:\PT Konimex\Proyek PPL\pd_ln\app\Controllers\Admin\PJUM.php(75): view('pjum/v_pjum', Array)
#5 D:\PT Konimex\Proyek PPL\pd_ln\system\CodeIgniter.php(832): App\Controllers\Admin\PJUM->datapjum(Array)
#6 D:\PT Konimex\Proyek PPL\pd_ln\system\CodeIgniter.php(419): CodeIgniter\CodeIgniter->runController(Object(App\Controllers\Admin\PJUM))
#7 D:\PT Konimex\Proyek PPL\pd_ln\system\CodeIgniter.php(326): CodeIgniter\CodeIgniter->handleRequest(NULL, Object(Config\Cache), false)
#8 D:\PT Konimex\Proyek PPL\pd_ln\public\index.php(37): CodeIgniter\CodeIgniter->run()
#9 D:\PT Konimex\Proyek PPL\pd_ln\system\Commands\Server\rewrite.php(43): require_once('D:\\PT Konimex\\P...')
#10 {main}
CRITICAL - 2023-08-27 21:15:25 --> Undefined variable $link_tambahdatapjum
#0 D:\PT Konimex\Proyek PPL\pd_ln\app\Views\pjum\v_pjum.php(92): CodeIgniter\Debug\Exceptions->errorHandler(2, 'Undefined varia...', 'D:\\PT Konimex\\P...', 92)
#1 D:\PT Konimex\Proyek PPL\pd_ln\system\View\View.php(210): include('D:\\PT Konimex\\P...')
#2 D:\PT Konimex\Proyek PPL\pd_ln\system\View\View.php(213): CodeIgniter\View\View->CodeIgniter\View\{closure}()
#3 D:\PT Konimex\Proyek PPL\pd_ln\system\Common.php(1089): CodeIgniter\View\View->render('pjum/v_pjum', Array, true)
#4 D:\PT Konimex\Proyek PPL\pd_ln\app\Controllers\Admin\PJUM.php(75): view('pjum/v_pjum', Array)
#5 D:\PT Konimex\Proyek PPL\pd_ln\system\CodeIgniter.php(832): App\Controllers\Admin\PJUM->datapjum(Array)
#6 D:\PT Konimex\Proyek PPL\pd_ln\system\CodeIgniter.php(419): CodeIgniter\CodeIgniter->runController(Object(App\Controllers\Admin\PJUM))
#7 D:\PT Konimex\Proyek PPL\pd_ln\system\CodeIgniter.php(326): CodeIgniter\CodeIgniter->handleRequest(NULL, Object(Config\Cache), false)
#8 D:\PT Konimex\Proyek PPL\pd_ln\public\index.php(37): CodeIgniter\CodeIgniter->run()
#9 D:\PT Konimex\Proyek PPL\pd_ln\system\Commands\Server\rewrite.php(43): require_once('D:\\PT Konimex\\P...')
#10 {main}
CRITICAL - 2023-08-27 21:15:26 --> Undefined variable $link_tambahdatapjum
#0 D:\PT Konimex\Proyek PPL\pd_ln\app\Views\pjum\v_pjum.php(92): CodeIgniter\Debug\Exceptions->errorHandler(2, 'Undefined varia...', 'D:\\PT Konimex\\P...', 92)
#1 D:\PT Konimex\Proyek PPL\pd_ln\system\View\View.php(210): include('D:\\PT Konimex\\P...')
#2 D:\PT Konimex\Proyek PPL\pd_ln\system\View\View.php(213): CodeIgniter\View\View->CodeIgniter\View\{closure}()
#3 D:\PT Konimex\Proyek PPL\pd_ln\system\Common.php(1089): CodeIgniter\View\View->render('pjum/v_pjum', Array, true)
#4 D:\PT Konimex\Proyek PPL\pd_ln\app\Controllers\Admin\PJUM.php(75): view('pjum/v_pjum', Array)
#5 D:\PT Konimex\Proyek PPL\pd_ln\system\CodeIgniter.php(832): App\Controllers\Admin\PJUM->datapjum(Array)
#6 D:\PT Konimex\Proyek PPL\pd_ln\system\CodeIgniter.php(419): CodeIgniter\CodeIgniter->runController(Object(App\Controllers\Admin\PJUM))
#7 D:\PT Konimex\Proyek PPL\pd_ln\system\CodeIgniter.php(326): CodeIgniter\CodeIgniter->handleRequest(NULL, Object(Config\Cache), false)
#8 D:\PT Konimex\Proyek PPL\pd_ln\public\index.php(37): CodeIgniter\CodeIgniter->run()
#9 D:\PT Konimex\Proyek PPL\pd_ln\system\Commands\Server\rewrite.php(43): require_once('D:\\PT Konimex\\P...')
#10 {main}
CRITICAL - 2023-08-27 21:19:02 --> Undefined array key "id_transaksi"
#0 D:\PT Konimex\Proyek PPL\pd_ln\app\Views\pjum\v_valaspjum.php(214): CodeIgniter\Debug\Exceptions->errorHandler(2, 'Undefined array...', 'D:\\PT Konimex\\P...', 214)
#1 D:\PT Konimex\Proyek PPL\pd_ln\system\View\View.php(210): include('D:\\PT Konimex\\P...')
#2 D:\PT Konimex\Proyek PPL\pd_ln\system\View\View.php(213): CodeIgniter\View\View->CodeIgniter\View\{closure}()
#3 D:\PT Konimex\Proyek PPL\pd_ln\system\Common.php(1089): CodeIgniter\View\View->render('pjum/v_valaspju...', Array, true)
#4 D:\PT Konimex\Proyek PPL\pd_ln\app\Controllers\Admin\PJUM.php(145): view('pjum/v_valaspju...', Array)
#5 D:\PT Konimex\Proyek PPL\pd_ln\system\CodeIgniter.php(832): App\Controllers\Admin\PJUM->valaspjum('1')
#6 D:\PT Konimex\Proyek PPL\pd_ln\system\CodeIgniter.php(419): CodeIgniter\CodeIgniter->runController(Object(App\Controllers\Admin\PJUM))
#7 D:\PT Konimex\Proyek PPL\pd_ln\system\CodeIgniter.php(326): CodeIgniter\CodeIgniter->handleRequest(NULL, Object(Config\Cache), false)
#8 D:\PT Konimex\Proyek PPL\pd_ln\public\index.php(37): CodeIgniter\CodeIgniter->run()
#9 D:\PT Konimex\Proyek PPL\pd_ln\system\Commands\Server\rewrite.php(43): require_once('D:\\PT Konimex\\P...')
#10 {main}
CRITICAL - 2023-08-27 21:19:03 --> Undefined array key "id_transaksi"
#0 D:\PT Konimex\Proyek PPL\pd_ln\app\Views\pjum\v_valaspjum.php(214): CodeIgniter\Debug\Exceptions->errorHandler(2, 'Undefined array...', 'D:\\PT Konimex\\P...', 214)
#1 D:\PT Konimex\Proyek PPL\pd_ln\system\View\View.php(210): include('D:\\PT Konimex\\P...')
#2 D:\PT Konimex\Proyek PPL\pd_ln\system\View\View.php(213): CodeIgniter\View\View->CodeIgniter\View\{closure}()
#3 D:\PT Konimex\Proyek PPL\pd_ln\system\Common.php(1089): CodeIgniter\View\View->render('pjum/v_valaspju...', Array, true)
#4 D:\PT Konimex\Proyek PPL\pd_ln\app\Controllers\Admin\PJUM.php(145): view('pjum/v_valaspju...', Array)
#5 D:\PT Konimex\Proyek PPL\pd_ln\system\CodeIgniter.php(832): App\Controllers\Admin\PJUM->valaspjum('1')
#6 D:\PT Konimex\Proyek PPL\pd_ln\system\CodeIgniter.php(419): CodeIgniter\CodeIgniter->runController(Object(App\Controllers\Admin\PJUM))
#7 D:\PT Konimex\Proyek PPL\pd_ln\system\CodeIgniter.php(326): CodeIgniter\CodeIgniter->handleRequest(NULL, Object(Config\Cache), false)
#8 D:\PT Konimex\Proyek PPL\pd_ln\public\index.php(37): CodeIgniter\CodeIgniter->run()
#9 D:\PT Konimex\Proyek PPL\pd_ln\system\Commands\Server\rewrite.php(43): require_once('D:\\PT Konimex\\P...')
#10 {main}
CRITICAL - 2023-08-27 21:19:23 --> Undefined array key "id_transaksi"
#0 D:\PT Konimex\Proyek PPL\pd_ln\app\Views\pjum\v_valaspjum.php(214): CodeIgniter\Debug\Exceptions->errorHandler(2, 'Undefined array...', 'D:\\PT Konimex\\P...', 214)
#1 D:\PT Konimex\Proyek PPL\pd_ln\system\View\View.php(210): include('D:\\PT Konimex\\P...')
#2 D:\PT Konimex\Proyek PPL\pd_ln\system\View\View.php(213): CodeIgniter\View\View->CodeIgniter\View\{closure}()
#3 D:\PT Konimex\Proyek PPL\pd_ln\system\Common.php(1089): CodeIgniter\View\View->render('pjum/v_valaspju...', Array, true)
#4 D:\PT Konimex\Proyek PPL\pd_ln\app\Controllers\Admin\PJUM.php(145): view('pjum/v_valaspju...', Array)
#5 D:\PT Konimex\Proyek PPL\pd_ln\system\CodeIgniter.php(832): App\Controllers\Admin\PJUM->valaspjum('1')
#6 D:\PT Konimex\Proyek PPL\pd_ln\system\CodeIgniter.php(419): CodeIgniter\CodeIgniter->runController(Object(App\Controllers\Admin\PJUM))
#7 D:\PT Konimex\Proyek PPL\pd_ln\system\CodeIgniter.php(326): CodeIgniter\CodeIgniter->handleRequest(NULL, Object(Config\Cache), false)
#8 D:\PT Konimex\Proyek PPL\pd_ln\public\index.php(37): CodeIgniter\CodeIgniter->run()
#9 D:\PT Konimex\Proyek PPL\pd_ln\system\Commands\Server\rewrite.php(43): require_once('D:\\PT Konimex\\P...')
#10 {main}
CRITICAL - 2023-08-27 21:19:24 --> Undefined array key "id_transaksi"
#0 D:\PT Konimex\Proyek PPL\pd_ln\app\Views\pjum\v_valaspjum.php(214): CodeIgniter\Debug\Exceptions->errorHandler(2, 'Undefined array...', 'D:\\PT Konimex\\P...', 214)
#1 D:\PT Konimex\Proyek PPL\pd_ln\system\View\View.php(210): include('D:\\PT Konimex\\P...')
#2 D:\PT Konimex\Proyek PPL\pd_ln\system\View\View.php(213): CodeIgniter\View\View->CodeIgniter\View\{closure}()
#3 D:\PT Konimex\Proyek PPL\pd_ln\system\Common.php(1089): CodeIgniter\View\View->render('pjum/v_valaspju...', Array, true)
#4 D:\PT Konimex\Proyek PPL\pd_ln\app\Controllers\Admin\PJUM.php(145): view('pjum/v_valaspju...', Array)
#5 D:\PT Konimex\Proyek PPL\pd_ln\system\CodeIgniter.php(832): App\Controllers\Admin\PJUM->valaspjum('1')
#6 D:\PT Konimex\Proyek PPL\pd_ln\system\CodeIgniter.php(419): CodeIgniter\CodeIgniter->runController(Object(App\Controllers\Admin\PJUM))
#7 D:\PT Konimex\Proyek PPL\pd_ln\system\CodeIgniter.php(326): CodeIgniter\CodeIgniter->handleRequest(NULL, Object(Config\Cache), false)
#8 D:\PT Konimex\Proyek PPL\pd_ln\public\index.php(37): CodeIgniter\CodeIgniter->run()
#9 D:\PT Konimex\Proyek PPL\pd_ln\system\Commands\Server\rewrite.php(43): require_once('D:\\PT Konimex\\P...')
#10 {main}
CRITICAL - 2023-08-27 21:21:54 --> foreach() argument must be of type array|object, string given
#0 D:\PT Konimex\Proyek PPL\pd_ln\app\Views\pjum\v_valaspjum.php(213): CodeIgniter\Debug\Exceptions->errorHandler(2, 'foreach() argum...', 'D:\\PT Konimex\\P...', 213)
#1 D:\PT Konimex\Proyek PPL\pd_ln\system\View\View.php(210): include('D:\\PT Konimex\\P...')
#2 D:\PT Konimex\Proyek PPL\pd_ln\system\View\View.php(213): CodeIgniter\View\View->CodeIgniter\View\{closure}()
#3 D:\PT Konimex\Proyek PPL\pd_ln\system\Common.php(1089): CodeIgniter\View\View->render('pjum/v_valaspju...', Array, true)
#4 D:\PT Konimex\Proyek PPL\pd_ln\app\Controllers\Admin\PJUM.php(145): view('pjum/v_valaspju...', Array)
#5 D:\PT Konimex\Proyek PPL\pd_ln\system\CodeIgniter.php(832): App\Controllers\Admin\PJUM->valaspjum('1')
#6 D:\PT Konimex\Proyek PPL\pd_ln\system\CodeIgniter.php(419): CodeIgniter\CodeIgniter->runController(Object(App\Controllers\Admin\PJUM))
#7 D:\PT Konimex\Proyek PPL\pd_ln\system\CodeIgniter.php(326): CodeIgniter\CodeIgniter->handleRequest(NULL, Object(Config\Cache), false)
#8 D:\PT Konimex\Proyek PPL\pd_ln\public\index.php(37): CodeIgniter\CodeIgniter->run()
#9 D:\PT Konimex\Proyek PPL\pd_ln\system\Commands\Server\rewrite.php(43): require_once('D:\\PT Konimex\\P...')
#10 {main}
CRITICAL - 2023-08-27 21:21:55 --> foreach() argument must be of type array|object, string given
#0 D:\PT Konimex\Proyek PPL\pd_ln\app\Views\pjum\v_valaspjum.php(213): CodeIgniter\Debug\Exceptions->errorHandler(2, 'foreach() argum...', 'D:\\PT Konimex\\P...', 213)
#1 D:\PT Konimex\Proyek PPL\pd_ln\system\View\View.php(210): include('D:\\PT Konimex\\P...')
#2 D:\PT Konimex\Proyek PPL\pd_ln\system\View\View.php(213): CodeIgniter\View\View->CodeIgniter\View\{closure}()
#3 D:\PT Konimex\Proyek PPL\pd_ln\system\Common.php(1089): CodeIgniter\View\View->render('pjum/v_valaspju...', Array, true)
#4 D:\PT Konimex\Proyek PPL\pd_ln\app\Controllers\Admin\PJUM.php(145): view('pjum/v_valaspju...', Array)
#5 D:\PT Konimex\Proyek PPL\pd_ln\system\CodeIgniter.php(832): App\Controllers\Admin\PJUM->valaspjum('1')
#6 D:\PT Konimex\Proyek PPL\pd_ln\system\CodeIgniter.php(419): CodeIgniter\CodeIgniter->runController(Object(App\Controllers\Admin\PJUM))
#7 D:\PT Konimex\Proyek PPL\pd_ln\system\CodeIgniter.php(326): CodeIgniter\CodeIgniter->handleRequest(NULL, Object(Config\Cache), false)
#8 D:\PT Konimex\Proyek PPL\pd_ln\public\index.php(37): CodeIgniter\CodeIgniter->run()
#9 D:\PT Konimex\Proyek PPL\pd_ln\system\Commands\Server\rewrite.php(43): require_once('D:\\PT Konimex\\P...')
#10 {main}
CRITICAL - 2023-08-27 21:22:21 --> Undefined variable $neg
#0 D:\PT Konimex\Proyek PPL\pd_ln\app\Views\pjum\v_valaspjum.php(217): CodeIgniter\Debug\Exceptions->errorHandler(2, 'Undefined varia...', 'D:\\PT Konimex\\P...', 217)
#1 D:\PT Konimex\Proyek PPL\pd_ln\system\View\View.php(210): include('D:\\PT Konimex\\P...')
#2 D:\PT Konimex\Proyek PPL\pd_ln\system\View\View.php(213): CodeIgniter\View\View->CodeIgniter\View\{closure}()
#3 D:\PT Konimex\Proyek PPL\pd_ln\system\Common.php(1089): CodeIgniter\View\View->render('pjum/v_valaspju...', Array, true)
#4 D:\PT Konimex\Proyek PPL\pd_ln\app\Controllers\Admin\PJUM.php(145): view('pjum/v_valaspju...', Array)
#5 D:\PT Konimex\Proyek PPL\pd_ln\system\CodeIgniter.php(832): App\Controllers\Admin\PJUM->valaspjum('1')
#6 D:\PT Konimex\Proyek PPL\pd_ln\system\CodeIgniter.php(419): CodeIgniter\CodeIgniter->runController(Object(App\Controllers\Admin\PJUM))
#7 D:\PT Konimex\Proyek PPL\pd_ln\system\CodeIgniter.php(326): CodeIgniter\CodeIgniter->handleRequest(NULL, Object(Config\Cache), false)
#8 D:\PT Konimex\Proyek PPL\pd_ln\public\index.php(37): CodeIgniter\CodeIgniter->run()
#9 D:\PT Konimex\Proyek PPL\pd_ln\system\Commands\Server\rewrite.php(43): require_once('D:\\PT Konimex\\P...')
#10 {main}
CRITICAL - 2023-08-27 21:22:22 --> Undefined variable $neg
#0 D:\PT Konimex\Proyek PPL\pd_ln\app\Views\pjum\v_valaspjum.php(217): CodeIgniter\Debug\Exceptions->errorHandler(2, 'Undefined varia...', 'D:\\PT Konimex\\P...', 217)
#1 D:\PT Konimex\Proyek PPL\pd_ln\system\View\View.php(210): include('D:\\PT Konimex\\P...')
#2 D:\PT Konimex\Proyek PPL\pd_ln\system\View\View.php(213): CodeIgniter\View\View->CodeIgniter\View\{closure}()
#3 D:\PT Konimex\Proyek PPL\pd_ln\system\Common.php(1089): CodeIgniter\View\View->render('pjum/v_valaspju...', Array, true)
#4 D:\PT Konimex\Proyek PPL\pd_ln\app\Controllers\Admin\PJUM.php(145): view('pjum/v_valaspju...', Array)
#5 D:\PT Konimex\Proyek PPL\pd_ln\system\CodeIgniter.php(832): App\Controllers\Admin\PJUM->valaspjum('1')
#6 D:\PT Konimex\Proyek PPL\pd_ln\system\CodeIgniter.php(419): CodeIgniter\CodeIgniter->runController(Object(App\Controllers\Admin\PJUM))
#7 D:\PT Konimex\Proyek PPL\pd_ln\system\CodeIgniter.php(326): CodeIgniter\CodeIgniter->handleRequest(NULL, Object(Config\Cache), false)
#8 D:\PT Konimex\Proyek PPL\pd_ln\public\index.php(37): CodeIgniter\CodeIgniter->run()
#9 D:\PT Konimex\Proyek PPL\pd_ln\system\Commands\Server\rewrite.php(43): require_once('D:\\PT Konimex\\P...')
#10 {main}
CRITICAL - 2023-08-27 21:52:57 --> Undefined variable $kode_valas
#0 D:\PT Konimex\Proyek PPL\pd_ln\app\Controllers\Admin\PJUM.php(217): CodeIgniter\Debug\Exceptions->errorHandler(2, 'Undefined varia...', 'D:\\PT Konimex\\P...', 217)
#1 D:\PT Konimex\Proyek PPL\pd_ln\system\CodeIgniter.php(832): App\Controllers\Admin\PJUM->lihatdatavalaspjum('1')
#2 D:\PT Konimex\Proyek PPL\pd_ln\system\CodeIgniter.php(419): CodeIgniter\CodeIgniter->runController(Object(App\Controllers\Admin\PJUM))
#3 D:\PT Konimex\Proyek PPL\pd_ln\system\CodeIgniter.php(326): CodeIgniter\CodeIgniter->handleRequest(NULL, Object(Config\Cache), false)
#4 D:\PT Konimex\Proyek PPL\pd_ln\public\index.php(37): CodeIgniter\CodeIgniter->run()
#5 D:\PT Konimex\Proyek PPL\pd_ln\system\Commands\Server\rewrite.php(43): require_once('D:\\PT Konimex\\P...')
#6 {main}
CRITICAL - 2023-08-27 21:52:57 --> Undefined variable $kode_valas
#0 D:\PT Konimex\Proyek PPL\pd_ln\app\Controllers\Admin\PJUM.php(217): CodeIgniter\Debug\Exceptions->errorHandler(2, 'Undefined varia...', 'D:\\PT Konimex\\P...', 217)
#1 D:\PT Konimex\Proyek PPL\pd_ln\system\CodeIgniter.php(832): App\Controllers\Admin\PJUM->lihatdatavalaspjum('1')
#2 D:\PT Konimex\Proyek PPL\pd_ln\system\CodeIgniter.php(419): CodeIgniter\CodeIgniter->runController(Object(App\Controllers\Admin\PJUM))
#3 D:\PT Konimex\Proyek PPL\pd_ln\system\CodeIgniter.php(326): CodeIgniter\CodeIgniter->handleRequest(NULL, Object(Config\Cache), false)
#4 D:\PT Konimex\Proyek PPL\pd_ln\public\index.php(37): CodeIgniter\CodeIgniter->run()
#5 D:\PT Konimex\Proyek PPL\pd_ln\system\Commands\Server\rewrite.php(43): require_once('D:\\PT Konimex\\P...')
#6 {main}
CRITICAL - 2023-08-27 21:53:14 --> Undefined variable $kode_valas
#0 D:\PT Konimex\Proyek PPL\pd_ln\app\Controllers\Admin\PJUM.php(217): CodeIgniter\Debug\Exceptions->errorHandler(2, 'Undefined varia...', 'D:\\PT Konimex\\P...', 217)
#1 D:\PT Konimex\Proyek PPL\pd_ln\system\CodeIgniter.php(832): App\Controllers\Admin\PJUM->lihatdatavalaspjum('1')
#2 D:\PT Konimex\Proyek PPL\pd_ln\system\CodeIgniter.php(419): CodeIgniter\CodeIgniter->runController(Object(App\Controllers\Admin\PJUM))
#3 D:\PT Konimex\Proyek PPL\pd_ln\system\CodeIgniter.php(326): CodeIgniter\CodeIgniter->handleRequest(NULL, Object(Config\Cache), false)
#4 D:\PT Konimex\Proyek PPL\pd_ln\public\index.php(37): CodeIgniter\CodeIgniter->run()
#5 D:\PT Konimex\Proyek PPL\pd_ln\system\Commands\Server\rewrite.php(43): require_once('D:\\PT Konimex\\P...')
#6 {main}
CRITICAL - 2023-08-27 21:53:15 --> Undefined variable $kode_valas
#0 D:\PT Konimex\Proyek PPL\pd_ln\app\Controllers\Admin\PJUM.php(217): CodeIgniter\Debug\Exceptions->errorHandler(2, 'Undefined varia...', 'D:\\PT Konimex\\P...', 217)
#1 D:\PT Konimex\Proyek PPL\pd_ln\system\CodeIgniter.php(832): App\Controllers\Admin\PJUM->lihatdatavalaspjum('1')
#2 D:\PT Konimex\Proyek PPL\pd_ln\system\CodeIgniter.php(419): CodeIgniter\CodeIgniter->runController(Object(App\Controllers\Admin\PJUM))
#3 D:\PT Konimex\Proyek PPL\pd_ln\system\CodeIgniter.php(326): CodeIgniter\CodeIgniter->handleRequest(NULL, Object(Config\Cache), false)
#4 D:\PT Konimex\Proyek PPL\pd_ln\public\index.php(37): CodeIgniter\CodeIgniter->run()
#5 D:\PT Konimex\Proyek PPL\pd_ln\system\Commands\Server\rewrite.php(43): require_once('D:\\PT Konimex\\P...')
#6 {main}
CRITICAL - 2023-08-27 21:54:08 --> Array to string conversion
#0 D:\PT Konimex\Proyek PPL\pd_ln\app\Controllers\Admin\PJUM.php(224): CodeIgniter\Debug\Exceptions->errorHandler(2, 'Array to string...', 'D:\\PT Konimex\\P...', 224)
#1 D:\PT Konimex\Proyek PPL\pd_ln\system\CodeIgniter.php(832): App\Controllers\Admin\PJUM->lihatdatavalaspjum(Array)
#2 D:\PT Konimex\Proyek PPL\pd_ln\system\CodeIgniter.php(419): CodeIgniter\CodeIgniter->runController(Object(App\Controllers\Admin\PJUM))
#3 D:\PT Konimex\Proyek PPL\pd_ln\system\CodeIgniter.php(326): CodeIgniter\CodeIgniter->handleRequest(NULL, Object(Config\Cache), false)
#4 D:\PT Konimex\Proyek PPL\pd_ln\public\index.php(37): CodeIgniter\CodeIgniter->run()
#5 D:\PT Konimex\Proyek PPL\pd_ln\system\Commands\Server\rewrite.php(43): require_once('D:\\PT Konimex\\P...')
#6 {main}
CRITICAL - 2023-08-27 21:54:09 --> Array to string conversion
#0 D:\PT Konimex\Proyek PPL\pd_ln\app\Controllers\Admin\PJUM.php(224): CodeIgniter\Debug\Exceptions->errorHandler(2, 'Array to string...', 'D:\\PT Konimex\\P...', 224)
#1 D:\PT Konimex\Proyek PPL\pd_ln\system\CodeIgniter.php(832): App\Controllers\Admin\PJUM->lihatdatavalaspjum(Array)
#2 D:\PT Konimex\Proyek PPL\pd_ln\system\CodeIgniter.php(419): CodeIgniter\CodeIgniter->runController(Object(App\Controllers\Admin\PJUM))
#3 D:\PT Konimex\Proyek PPL\pd_ln\system\CodeIgniter.php(326): CodeIgniter\CodeIgniter->handleRequest(NULL, Object(Config\Cache), false)
#4 D:\PT Konimex\Proyek PPL\pd_ln\public\index.php(37): CodeIgniter\CodeIgniter->run()
#5 D:\PT Konimex\Proyek PPL\pd_ln\system\Commands\Server\rewrite.php(43): require_once('D:\\PT Konimex\\P...')
#6 {main}
CRITICAL - 2023-08-27 21:54:46 --> Undefined variable $kode_valas
#0 D:\PT Konimex\Proyek PPL\pd_ln\app\Controllers\Admin\PJUM.php(221): CodeIgniter\Debug\Exceptions->errorHandler(2, 'Undefined varia...', 'D:\\PT Konimex\\P...', 221)
#1 D:\PT Konimex\Proyek PPL\pd_ln\system\CodeIgniter.php(832): App\Controllers\Admin\PJUM->lihatdatavalaspjum('1')
#2 D:\PT Konimex\Proyek PPL\pd_ln\system\CodeIgniter.php(419): CodeIgniter\CodeIgniter->runController(Object(App\Controllers\Admin\PJUM))
#3 D:\PT Konimex\Proyek PPL\pd_ln\system\CodeIgniter.php(326): CodeIgniter\CodeIgniter->handleRequest(NULL, Object(Config\Cache), false)
#4 D:\PT Konimex\Proyek PPL\pd_ln\public\index.php(37): CodeIgniter\CodeIgniter->run()
#5 D:\PT Konimex\Proyek PPL\pd_ln\system\Commands\Server\rewrite.php(43): require_once('D:\\PT Konimex\\P...')
#6 {main}
CRITICAL - 2023-08-27 21:54:47 --> Undefined variable $kode_valas
#0 D:\PT Konimex\Proyek PPL\pd_ln\app\Controllers\Admin\PJUM.php(221): CodeIgniter\Debug\Exceptions->errorHandler(2, 'Undefined varia...', 'D:\\PT Konimex\\P...', 221)
#1 D:\PT Konimex\Proyek PPL\pd_ln\system\CodeIgniter.php(832): App\Controllers\Admin\PJUM->lihatdatavalaspjum('1')
#2 D:\PT Konimex\Proyek PPL\pd_ln\system\CodeIgniter.php(419): CodeIgniter\CodeIgniter->runController(Object(App\Controllers\Admin\PJUM))
#3 D:\PT Konimex\Proyek PPL\pd_ln\system\CodeIgniter.php(326): CodeIgniter\CodeIgniter->handleRequest(NULL, Object(Config\Cache), false)
#4 D:\PT Konimex\Proyek PPL\pd_ln\public\index.php(37): CodeIgniter\CodeIgniter->run()
#5 D:\PT Konimex\Proyek PPL\pd_ln\system\Commands\Server\rewrite.php(43): require_once('D:\\PT Konimex\\P...')
#6 {main}
CRITICAL - 2023-08-27 21:55:37 --> Undefined variable $id
#0 D:\PT Konimex\Proyek PPL\pd_ln\app\Views\pjum\v_lihatdatavalaspjum.php(220): CodeIgniter\Debug\Exceptions->errorHandler(2, 'Undefined varia...', 'D:\\PT Konimex\\P...', 220)
#1 D:\PT Konimex\Proyek PPL\pd_ln\system\View\View.php(210): include('D:\\PT Konimex\\P...')
#2 D:\PT Konimex\Proyek PPL\pd_ln\system\View\View.php(213): CodeIgniter\View\View->CodeIgniter\View\{closure}()
#3 D:\PT Konimex\Proyek PPL\pd_ln\system\Common.php(1089): CodeIgniter\View\View->render('pjum/v_lihatdat...', Array, true)
#4 D:\PT Konimex\Proyek PPL\pd_ln\app\Controllers\Admin\PJUM.php(235): view('pjum/v_lihatdat...', Array)
#5 D:\PT Konimex\Proyek PPL\pd_ln\system\CodeIgniter.php(832): App\Controllers\Admin\PJUM->lihatdatavalaspjum('1')
#6 D:\PT Konimex\Proyek PPL\pd_ln\system\CodeIgniter.php(419): CodeIgniter\CodeIgniter->runController(Object(App\Controllers\Admin\PJUM))
#7 D:\PT Konimex\Proyek PPL\pd_ln\system\CodeIgniter.php(326): CodeIgniter\CodeIgniter->handleRequest(NULL, Object(Config\Cache), false)
#8 D:\PT Konimex\Proyek PPL\pd_ln\public\index.php(37): CodeIgniter\CodeIgniter->run()
#9 D:\PT Konimex\Proyek PPL\pd_ln\system\Commands\Server\rewrite.php(43): require_once('D:\\PT Konimex\\P...')
#10 {main}
CRITICAL - 2023-08-27 21:55:38 --> Undefined variable $id
#0 D:\PT Konimex\Proyek PPL\pd_ln\app\Views\pjum\v_lihatdatavalaspjum.php(220): CodeIgniter\Debug\Exceptions->errorHandler(2, 'Undefined varia...', 'D:\\PT Konimex\\P...', 220)
#1 D:\PT Konimex\Proyek PPL\pd_ln\system\View\View.php(210): include('D:\\PT Konimex\\P...')
#2 D:\PT Konimex\Proyek PPL\pd_ln\system\View\View.php(213): CodeIgniter\View\View->CodeIgniter\View\{closure}()
#3 D:\PT Konimex\Proyek PPL\pd_ln\system\Common.php(1089): CodeIgniter\View\View->render('pjum/v_lihatdat...', Array, true)
#4 D:\PT Konimex\Proyek PPL\pd_ln\app\Controllers\Admin\PJUM.php(235): view('pjum/v_lihatdat...', Array)
#5 D:\PT Konimex\Proyek PPL\pd_ln\system\CodeIgniter.php(832): App\Controllers\Admin\PJUM->lihatdatavalaspjum('1')
#6 D:\PT Konimex\Proyek PPL\pd_ln\system\CodeIgniter.php(419): CodeIgniter\CodeIgniter->runController(Object(App\Controllers\Admin\PJUM))
#7 D:\PT Konimex\Proyek PPL\pd_ln\system\CodeIgniter.php(326): CodeIgniter\CodeIgniter->handleRequest(NULL, Object(Config\Cache), false)
#8 D:\PT Konimex\Proyek PPL\pd_ln\public\index.php(37): CodeIgniter\CodeIgniter->run()
#9 D:\PT Konimex\Proyek PPL\pd_ln\system\Commands\Server\rewrite.php(43): require_once('D:\\PT Konimex\\P...')
#10 {main}
CRITICAL - 2023-08-27 22:15:00 --> Undefined array key "post_title"
#0 D:\PT Konimex\Proyek PPL\pd_ln\app\Views\pjum\v_lihatdatavalaspjum.php(251): CodeIgniter\Debug\Exceptions->errorHandler(2, 'Undefined array...', 'D:\\PT Konimex\\P...', 251)
#1 D:\PT Konimex\Proyek PPL\pd_ln\system\View\View.php(210): include('D:\\PT Konimex\\P...')
#2 D:\PT Konimex\Proyek PPL\pd_ln\system\View\View.php(213): CodeIgniter\View\View->CodeIgniter\View\{closure}()
#3 D:\PT Konimex\Proyek PPL\pd_ln\system\Common.php(1089): CodeIgniter\View\View->render('pjum/v_lihatdat...', Array, true)
#4 D:\PT Konimex\Proyek PPL\pd_ln\app\Controllers\Admin\PJUM.php(237): view('pjum/v_lihatdat...', Array)
#5 D:\PT Konimex\Proyek PPL\pd_ln\system\CodeIgniter.php(832): App\Controllers\Admin\PJUM->lihatdatavalaspjum('1')
#6 D:\PT Konimex\Proyek PPL\pd_ln\system\CodeIgniter.php(419): CodeIgniter\CodeIgniter->runController(Object(App\Controllers\Admin\PJUM))
#7 D:\PT Konimex\Proyek PPL\pd_ln\system\CodeIgniter.php(326): CodeIgniter\CodeIgniter->handleRequest(NULL, Object(Config\Cache), false)
#8 D:\PT Konimex\Proyek PPL\pd_ln\public\index.php(37): CodeIgniter\CodeIgniter->run()
#9 D:\PT Konimex\Proyek PPL\pd_ln\system\Commands\Server\rewrite.php(43): require_once('D:\\PT Konimex\\P...')
#10 {main}
CRITICAL - 2023-08-27 22:15:00 --> Undefined array key "post_title"
#0 D:\PT Konimex\Proyek PPL\pd_ln\app\Views\pjum\v_lihatdatavalaspjum.php(251): CodeIgniter\Debug\Exceptions->errorHandler(2, 'Undefined array...', 'D:\\PT Konimex\\P...', 251)
#1 D:\PT Konimex\Proyek PPL\pd_ln\system\View\View.php(210): include('D:\\PT Konimex\\P...')
#2 D:\PT Konimex\Proyek PPL\pd_ln\system\View\View.php(213): CodeIgniter\View\View->CodeIgniter\View\{closure}()
#3 D:\PT Konimex\Proyek PPL\pd_ln\system\Common.php(1089): CodeIgniter\View\View->render('pjum/v_lihatdat...', Array, true)
#4 D:\PT Konimex\Proyek PPL\pd_ln\app\Controllers\Admin\PJUM.php(237): view('pjum/v_lihatdat...', Array)
#5 D:\PT Konimex\Proyek PPL\pd_ln\system\CodeIgniter.php(832): App\Controllers\Admin\PJUM->lihatdatavalaspjum('1')
#6 D:\PT Konimex\Proyek PPL\pd_ln\system\CodeIgniter.php(419): CodeIgniter\CodeIgniter->runController(Object(App\Controllers\Admin\PJUM))
#7 D:\PT Konimex\Proyek PPL\pd_ln\system\CodeIgniter.php(326): CodeIgniter\CodeIgniter->handleRequest(NULL, Object(Config\Cache), false)
#8 D:\PT Konimex\Proyek PPL\pd_ln\public\index.php(37): CodeIgniter\CodeIgniter->run()
#9 D:\PT Konimex\Proyek PPL\pd_ln\system\Commands\Server\rewrite.php(43): require_once('D:\\PT Konimex\\P...')
#10 {main}
CRITICAL - 2023-08-27 22:15:05 --> Undefined array key "post_title"
#0 D:\PT Konimex\Proyek PPL\pd_ln\app\Views\pjum\v_lihatdatavalaspjum.php(251): CodeIgniter\Debug\Exceptions->errorHandler(2, 'Undefined array...', 'D:\\PT Konimex\\P...', 251)
#1 D:\PT Konimex\Proyek PPL\pd_ln\system\View\View.php(210): include('D:\\PT Konimex\\P...')
#2 D:\PT Konimex\Proyek PPL\pd_ln\system\View\View.php(213): CodeIgniter\View\View->CodeIgniter\View\{closure}()
#3 D:\PT Konimex\Proyek PPL\pd_ln\system\Common.php(1089): CodeIgniter\View\View->render('pjum/v_lihatdat...', Array, true)
#4 D:\PT Konimex\Proyek PPL\pd_ln\app\Controllers\Admin\PJUM.php(237): view('pjum/v_lihatdat...', Array)
#5 D:\PT Konimex\Proyek PPL\pd_ln\system\CodeIgniter.php(832): App\Controllers\Admin\PJUM->lihatdatavalaspjum('1')
#6 D:\PT Konimex\Proyek PPL\pd_ln\system\CodeIgniter.php(419): CodeIgniter\CodeIgniter->runController(Object(App\Controllers\Admin\PJUM))
#7 D:\PT Konimex\Proyek PPL\pd_ln\system\CodeIgniter.php(326): CodeIgniter\CodeIgniter->handleRequest(NULL, Object(Config\Cache), false)
#8 D:\PT Konimex\Proyek PPL\pd_ln\public\index.php(37): CodeIgniter\CodeIgniter->run()
#9 D:\PT Konimex\Proyek PPL\pd_ln\system\Commands\Server\rewrite.php(43): require_once('D:\\PT Konimex\\P...')
#10 {main}
CRITICAL - 2023-08-27 22:15:06 --> Undefined array key "post_title"
#0 D:\PT Konimex\Proyek PPL\pd_ln\app\Views\pjum\v_lihatdatavalaspjum.php(251): CodeIgniter\Debug\Exceptions->errorHandler(2, 'Undefined array...', 'D:\\PT Konimex\\P...', 251)
#1 D:\PT Konimex\Proyek PPL\pd_ln\system\View\View.php(210): include('D:\\PT Konimex\\P...')
#2 D:\PT Konimex\Proyek PPL\pd_ln\system\View\View.php(213): CodeIgniter\View\View->CodeIgniter\View\{closure}()
#3 D:\PT Konimex\Proyek PPL\pd_ln\system\Common.php(1089): CodeIgniter\View\View->render('pjum/v_lihatdat...', Array, true)
#4 D:\PT Konimex\Proyek PPL\pd_ln\app\Controllers\Admin\PJUM.php(237): view('pjum/v_lihatdat...', Array)
#5 D:\PT Konimex\Proyek PPL\pd_ln\system\CodeIgniter.php(832): App\Controllers\Admin\PJUM->lihatdatavalaspjum('1')
#6 D:\PT Konimex\Proyek PPL\pd_ln\system\CodeIgniter.php(419): CodeIgniter\CodeIgniter->runController(Object(App\Controllers\Admin\PJUM))
#7 D:\PT Konimex\Proyek PPL\pd_ln\system\CodeIgniter.php(326): CodeIgniter\CodeIgniter->handleRequest(NULL, Object(Config\Cache), false)
#8 D:\PT Konimex\Proyek PPL\pd_ln\public\index.php(37): CodeIgniter\CodeIgniter->run()
#9 D:\PT Konimex\Proyek PPL\pd_ln\system\Commands\Server\rewrite.php(43): require_once('D:\\PT Konimex\\P...')
#10 {main}
CRITICAL - 2023-08-27 22:15:19 --> Undefined array key "kode_valas"
#0 D:\PT Konimex\Proyek PPL\pd_ln\app\Views\pjum\v_lihatdatavalaspjum.php(251): CodeIgniter\Debug\Exceptions->errorHandler(2, 'Undefined array...', 'D:\\PT Konimex\\P...', 251)
#1 D:\PT Konimex\Proyek PPL\pd_ln\system\View\View.php(210): include('D:\\PT Konimex\\P...')
#2 D:\PT Konimex\Proyek PPL\pd_ln\system\View\View.php(213): CodeIgniter\View\View->CodeIgniter\View\{closure}()
#3 D:\PT Konimex\Proyek PPL\pd_ln\system\Common.php(1089): CodeIgniter\View\View->render('pjum/v_lihatdat...', Array, true)
#4 D:\PT Konimex\Proyek PPL\pd_ln\app\Controllers\Admin\PJUM.php(237): view('pjum/v_lihatdat...', Array)
#5 D:\PT Konimex\Proyek PPL\pd_ln\system\CodeIgniter.php(832): App\Controllers\Admin\PJUM->lihatdatavalaspjum('1')
#6 D:\PT Konimex\Proyek PPL\pd_ln\system\CodeIgniter.php(419): CodeIgniter\CodeIgniter->runController(Object(App\Controllers\Admin\PJUM))
#7 D:\PT Konimex\Proyek PPL\pd_ln\system\CodeIgniter.php(326): CodeIgniter\CodeIgniter->handleRequest(NULL, Object(Config\Cache), false)
#8 D:\PT Konimex\Proyek PPL\pd_ln\public\index.php(37): CodeIgniter\CodeIgniter->run()
#9 D:\PT Konimex\Proyek PPL\pd_ln\system\Commands\Server\rewrite.php(43): require_once('D:\\PT Konimex\\P...')
#10 {main}
CRITICAL - 2023-08-27 22:15:20 --> Undefined array key "kode_valas"
#0 D:\PT Konimex\Proyek PPL\pd_ln\app\Views\pjum\v_lihatdatavalaspjum.php(251): CodeIgniter\Debug\Exceptions->errorHandler(2, 'Undefined array...', 'D:\\PT Konimex\\P...', 251)
#1 D:\PT Konimex\Proyek PPL\pd_ln\system\View\View.php(210): include('D:\\PT Konimex\\P...')
#2 D:\PT Konimex\Proyek PPL\pd_ln\system\View\View.php(213): CodeIgniter\View\View->CodeIgniter\View\{closure}()
#3 D:\PT Konimex\Proyek PPL\pd_ln\system\Common.php(1089): CodeIgniter\View\View->render('pjum/v_lihatdat...', Array, true)
#4 D:\PT Konimex\Proyek PPL\pd_ln\app\Controllers\Admin\PJUM.php(237): view('pjum/v_lihatdat...', Array)
#5 D:\PT Konimex\Proyek PPL\pd_ln\system\CodeIgniter.php(832): App\Controllers\Admin\PJUM->lihatdatavalaspjum('1')
#6 D:\PT Konimex\Proyek PPL\pd_ln\system\CodeIgniter.php(419): CodeIgniter\CodeIgniter->runController(Object(App\Controllers\Admin\PJUM))
#7 D:\PT Konimex\Proyek PPL\pd_ln\system\CodeIgniter.php(326): CodeIgniter\CodeIgniter->handleRequest(NULL, Object(Config\Cache), false)
#8 D:\PT Konimex\Proyek PPL\pd_ln\public\index.php(37): CodeIgniter\CodeIgniter->run()
#9 D:\PT Konimex\Proyek PPL\pd_ln\system\Commands\Server\rewrite.php(43): require_once('D:\\PT Konimex\\P...')
#10 {main}
CRITICAL - 2023-08-27 22:16:00 --> Trying to access array offset on value of type null
#0 D:\PT Konimex\Proyek PPL\pd_ln\app\Views\pjum\v_lihatdatavalaspjum.php(251): CodeIgniter\Debug\Exceptions->errorHandler(2, 'Trying to acces...', 'D:\\PT Konimex\\P...', 251)
#1 D:\PT Konimex\Proyek PPL\pd_ln\system\View\View.php(210): include('D:\\PT Konimex\\P...')
#2 D:\PT Konimex\Proyek PPL\pd_ln\system\View\View.php(213): CodeIgniter\View\View->CodeIgniter\View\{closure}()
#3 D:\PT Konimex\Proyek PPL\pd_ln\system\Common.php(1089): CodeIgniter\View\View->render('pjum/v_lihatdat...', Array, true)
#4 D:\PT Konimex\Proyek PPL\pd_ln\app\Controllers\Admin\PJUM.php(237): view('pjum/v_lihatdat...', Array)
#5 D:\PT Konimex\Proyek PPL\pd_ln\system\CodeIgniter.php(832): App\Controllers\Admin\PJUM->lihatdatavalaspjum('1')
#6 D:\PT Konimex\Proyek PPL\pd_ln\system\CodeIgniter.php(419): CodeIgniter\CodeIgniter->runController(Object(App\Controllers\Admin\PJUM))
#7 D:\PT Konimex\Proyek PPL\pd_ln\system\CodeIgniter.php(326): CodeIgniter\CodeIgniter->handleRequest(NULL, Object(Config\Cache), false)
#8 D:\PT Konimex\Proyek PPL\pd_ln\public\index.php(37): CodeIgniter\CodeIgniter->run()
#9 D:\PT Konimex\Proyek PPL\pd_ln\system\Commands\Server\rewrite.php(43): require_once('D:\\PT Konimex\\P...')
#10 {main}
CRITICAL - 2023-08-27 22:16:02 --> Trying to access array offset on value of type null
#0 D:\PT Konimex\Proyek PPL\pd_ln\app\Views\pjum\v_lihatdatavalaspjum.php(251): CodeIgniter\Debug\Exceptions->errorHandler(2, 'Trying to acces...', 'D:\\PT Konimex\\P...', 251)
#1 D:\PT Konimex\Proyek PPL\pd_ln\system\View\View.php(210): include('D:\\PT Konimex\\P...')
#2 D:\PT Konimex\Proyek PPL\pd_ln\system\View\View.php(213): CodeIgniter\View\View->CodeIgniter\View\{closure}()
#3 D:\PT Konimex\Proyek PPL\pd_ln\system\Common.php(1089): CodeIgniter\View\View->render('pjum/v_lihatdat...', Array, true)
#4 D:\PT Konimex\Proyek PPL\pd_ln\app\Controllers\Admin\PJUM.php(237): view('pjum/v_lihatdat...', Array)
#5 D:\PT Konimex\Proyek PPL\pd_ln\system\CodeIgniter.php(832): App\Controllers\Admin\PJUM->lihatdatavalaspjum('1')
#6 D:\PT Konimex\Proyek PPL\pd_ln\system\CodeIgniter.php(419): CodeIgniter\CodeIgniter->runController(Object(App\Controllers\Admin\PJUM))
#7 D:\PT Konimex\Proyek PPL\pd_ln\system\CodeIgniter.php(326): CodeIgniter\CodeIgniter->handleRequest(NULL, Object(Config\Cache), false)
#8 D:\PT Konimex\Proyek PPL\pd_ln\public\index.php(37): CodeIgniter\CodeIgniter->run()
#9 D:\PT Konimex\Proyek PPL\pd_ln\system\Commands\Server\rewrite.php(43): require_once('D:\\PT Konimex\\P...')
#10 {main}
CRITICAL - 2023-08-27 22:16:24 --> Undefined array key "kode_valas"
#0 D:\PT Konimex\Proyek PPL\pd_ln\app\Views\pjum\v_lihatdatavalaspjum.php(251): CodeIgniter\Debug\Exceptions->errorHandler(2, 'Undefined array...', 'D:\\PT Konimex\\P...', 251)
#1 D:\PT Konimex\Proyek PPL\pd_ln\system\View\View.php(210): include('D:\\PT Konimex\\P...')
#2 D:\PT Konimex\Proyek PPL\pd_ln\system\View\View.php(213): CodeIgniter\View\View->CodeIgniter\View\{closure}()
#3 D:\PT Konimex\Proyek PPL\pd_ln\system\Common.php(1089): CodeIgniter\View\View->render('pjum/v_lihatdat...', Array, true)
#4 D:\PT Konimex\Proyek PPL\pd_ln\app\Controllers\Admin\PJUM.php(237): view('pjum/v_lihatdat...', Array)
#5 D:\PT Konimex\Proyek PPL\pd_ln\system\CodeIgniter.php(832): App\Controllers\Admin\PJUM->lihatdatavalaspjum('1')
#6 D:\PT Konimex\Proyek PPL\pd_ln\system\CodeIgniter.php(419): CodeIgniter\CodeIgniter->runController(Object(App\Controllers\Admin\PJUM))
#7 D:\PT Konimex\Proyek PPL\pd_ln\system\CodeIgniter.php(326): CodeIgniter\CodeIgniter->handleRequest(NULL, Object(Config\Cache), false)
#8 D:\PT Konimex\Proyek PPL\pd_ln\public\index.php(37): CodeIgniter\CodeIgniter->run()
#9 D:\PT Konimex\Proyek PPL\pd_ln\system\Commands\Server\rewrite.php(43): require_once('D:\\PT Konimex\\P...')
#10 {main}
CRITICAL - 2023-08-27 22:16:26 --> Undefined array key "kode_valas"
#0 D:\PT Konimex\Proyek PPL\pd_ln\app\Views\pjum\v_lihatdatavalaspjum.php(251): CodeIgniter\Debug\Exceptions->errorHandler(2, 'Undefined array...', 'D:\\PT Konimex\\P...', 251)
#1 D:\PT Konimex\Proyek PPL\pd_ln\system\View\View.php(210): include('D:\\PT Konimex\\P...')
#2 D:\PT Konimex\Proyek PPL\pd_ln\system\View\View.php(213): CodeIgniter\View\View->CodeIgniter\View\{closure}()
#3 D:\PT Konimex\Proyek PPL\pd_ln\system\Common.php(1089): CodeIgniter\View\View->render('pjum/v_lihatdat...', Array, true)
#4 D:\PT Konimex\Proyek PPL\pd_ln\app\Controllers\Admin\PJUM.php(237): view('pjum/v_lihatdat...', Array)
#5 D:\PT Konimex\Proyek PPL\pd_ln\system\CodeIgniter.php(832): App\Controllers\Admin\PJUM->lihatdatavalaspjum('1')
#6 D:\PT Konimex\Proyek PPL\pd_ln\system\CodeIgniter.php(419): CodeIgniter\CodeIgniter->runController(Object(App\Controllers\Admin\PJUM))
#7 D:\PT Konimex\Proyek PPL\pd_ln\system\CodeIgniter.php(326): CodeIgniter\CodeIgniter->handleRequest(NULL, Object(Config\Cache), false)
#8 D:\PT Konimex\Proyek PPL\pd_ln\public\index.php(37): CodeIgniter\CodeIgniter->run()
#9 D:\PT Konimex\Proyek PPL\pd_ln\system\Commands\Server\rewrite.php(43): require_once('D:\\PT Konimex\\P...')
#10 {main}
CRITICAL - 2023-08-27 22:18:18 --> foreach() argument must be of type array|object, null given
#0 D:\PT Konimex\Proyek PPL\pd_ln\app\Views\pjum\v_lihatdatavalaspjum.php(249): CodeIgniter\Debug\Exceptions->errorHandler(2, 'foreach() argum...', 'D:\\PT Konimex\\P...', 249)
#1 D:\PT Konimex\Proyek PPL\pd_ln\system\View\View.php(210): include('D:\\PT Konimex\\P...')
#2 D:\PT Konimex\Proyek PPL\pd_ln\system\View\View.php(213): CodeIgniter\View\View->CodeIgniter\View\{closure}()
#3 D:\PT Konimex\Proyek PPL\pd_ln\system\Common.php(1089): CodeIgniter\View\View->render('pjum/v_lihatdat...', Array, true)
#4 D:\PT Konimex\Proyek PPL\pd_ln\app\Controllers\Admin\PJUM.php(237): view('pjum/v_lihatdat...', Array)
#5 D:\PT Konimex\Proyek PPL\pd_ln\system\CodeIgniter.php(832): App\Controllers\Admin\PJUM->lihatdatavalaspjum('1')
#6 D:\PT Konimex\Proyek PPL\pd_ln\system\CodeIgniter.php(419): CodeIgniter\CodeIgniter->runController(Object(App\Controllers\Admin\PJUM))
#7 D:\PT Konimex\Proyek PPL\pd_ln\system\CodeIgniter.php(326): CodeIgniter\CodeIgniter->handleRequest(NULL, Object(Config\Cache), false)
#8 D:\PT Konimex\Proyek PPL\pd_ln\public\index.php(37): CodeIgniter\CodeIgniter->run()
#9 D:\PT Konimex\Proyek PPL\pd_ln\system\Commands\Server\rewrite.php(43): require_once('D:\\PT Konimex\\P...')
#10 {main}
CRITICAL - 2023-08-27 22:18:19 --> foreach() argument must be of type array|object, null given
#0 D:\PT Konimex\Proyek PPL\pd_ln\app\Views\pjum\v_lihatdatavalaspjum.php(249): CodeIgniter\Debug\Exceptions->errorHandler(2, 'foreach() argum...', 'D:\\PT Konimex\\P...', 249)
#1 D:\PT Konimex\Proyek PPL\pd_ln\system\View\View.php(210): include('D:\\PT Konimex\\P...')
#2 D:\PT Konimex\Proyek PPL\pd_ln\system\View\View.php(213): CodeIgniter\View\View->CodeIgniter\View\{closure}()
#3 D:\PT Konimex\Proyek PPL\pd_ln\system\Common.php(1089): CodeIgniter\View\View->render('pjum/v_lihatdat...', Array, true)
#4 D:\PT Konimex\Proyek PPL\pd_ln\app\Controllers\Admin\PJUM.php(237): view('pjum/v_lihatdat...', Array)
#5 D:\PT Konimex\Proyek PPL\pd_ln\system\CodeIgniter.php(832): App\Controllers\Admin\PJUM->lihatdatavalaspjum('1')
#6 D:\PT Konimex\Proyek PPL\pd_ln\system\CodeIgniter.php(419): CodeIgniter\CodeIgniter->runController(Object(App\Controllers\Admin\PJUM))
#7 D:\PT Konimex\Proyek PPL\pd_ln\system\CodeIgniter.php(326): CodeIgniter\CodeIgniter->handleRequest(NULL, Object(Config\Cache), false)
#8 D:\PT Konimex\Proyek PPL\pd_ln\public\index.php(37): CodeIgniter\CodeIgniter->run()
#9 D:\PT Konimex\Proyek PPL\pd_ln\system\Commands\Server\rewrite.php(43): require_once('D:\\PT Konimex\\P...')
#10 {main}
CRITICAL - 2023-08-27 22:19:02 --> Undefined array key "post_id"
#0 D:\PT Konimex\Proyek PPL\pd_ln\app\Views\pjum\v_lihatdatavalaspjum.php(250): CodeIgniter\Debug\Exceptions->errorHandler(2, 'Undefined array...', 'D:\\PT Konimex\\P...', 250)
#1 D:\PT Konimex\Proyek PPL\pd_ln\system\View\View.php(210): include('D:\\PT Konimex\\P...')
#2 D:\PT Konimex\Proyek PPL\pd_ln\system\View\View.php(213): CodeIgniter\View\View->CodeIgniter\View\{closure}()
#3 D:\PT Konimex\Proyek PPL\pd_ln\system\Common.php(1089): CodeIgniter\View\View->render('pjum/v_lihatdat...', Array, true)
#4 D:\PT Konimex\Proyek PPL\pd_ln\app\Controllers\Admin\PJUM.php(237): view('pjum/v_lihatdat...', Array)
#5 D:\PT Konimex\Proyek PPL\pd_ln\system\CodeIgniter.php(832): App\Controllers\Admin\PJUM->lihatdatavalaspjum('1')
#6 D:\PT Konimex\Proyek PPL\pd_ln\system\CodeIgniter.php(419): CodeIgniter\CodeIgniter->runController(Object(App\Controllers\Admin\PJUM))
#7 D:\PT Konimex\Proyek PPL\pd_ln\system\CodeIgniter.php(326): CodeIgniter\CodeIgniter->handleRequest(NULL, Object(Config\Cache), false)
#8 D:\PT Konimex\Proyek PPL\pd_ln\public\index.php(37): CodeIgniter\CodeIgniter->run()
#9 D:\PT Konimex\Proyek PPL\pd_ln\system\Commands\Server\rewrite.php(43): require_once('D:\\PT Konimex\\P...')
#10 {main}
CRITICAL - 2023-08-27 22:19:03 --> Undefined array key "post_id"
#0 D:\PT Konimex\Proyek PPL\pd_ln\app\Views\pjum\v_lihatdatavalaspjum.php(250): CodeIgniter\Debug\Exceptions->errorHandler(2, 'Undefined array...', 'D:\\PT Konimex\\P...', 250)
#1 D:\PT Konimex\Proyek PPL\pd_ln\system\View\View.php(210): include('D:\\PT Konimex\\P...')
#2 D:\PT Konimex\Proyek PPL\pd_ln\system\View\View.php(213): CodeIgniter\View\View->CodeIgniter\View\{closure}()
#3 D:\PT Konimex\Proyek PPL\pd_ln\system\Common.php(1089): CodeIgniter\View\View->render('pjum/v_lihatdat...', Array, true)
#4 D:\PT Konimex\Proyek PPL\pd_ln\app\Controllers\Admin\PJUM.php(237): view('pjum/v_lihatdat...', Array)
#5 D:\PT Konimex\Proyek PPL\pd_ln\system\CodeIgniter.php(832): App\Controllers\Admin\PJUM->lihatdatavalaspjum('1')
#6 D:\PT Konimex\Proyek PPL\pd_ln\system\CodeIgniter.php(419): CodeIgniter\CodeIgniter->runController(Object(App\Controllers\Admin\PJUM))
#7 D:\PT Konimex\Proyek PPL\pd_ln\system\CodeIgniter.php(326): CodeIgniter\CodeIgniter->handleRequest(NULL, Object(Config\Cache), false)
#8 D:\PT Konimex\Proyek PPL\pd_ln\public\index.php(37): CodeIgniter\CodeIgniter->run()
#9 D:\PT Konimex\Proyek PPL\pd_ln\system\Commands\Server\rewrite.php(43): require_once('D:\\PT Konimex\\P...')
#10 {main}
CRITICAL - 2023-08-27 22:58:03 --> Undefined constant "id_t"
#0 D:\PT Konimex\Proyek PPL\pd_ln\system\View\View.php(210): include()
#1 D:\PT Konimex\Proyek PPL\pd_ln\system\View\View.php(213): CodeIgniter\View\View->CodeIgniter\View\{closure}()
#2 D:\PT Konimex\Proyek PPL\pd_ln\system\Common.php(1089): CodeIgniter\View\View->render('pjum/v_lihatdat...', Array, true)
#3 D:\PT Konimex\Proyek PPL\pd_ln\app\Controllers\Admin\PJUM.php(237): view('pjum/v_lihatdat...', Array)
#4 D:\PT Konimex\Proyek PPL\pd_ln\system\CodeIgniter.php(832): App\Controllers\Admin\PJUM->lihatdatavalaspjum('1')
#5 D:\PT Konimex\Proyek PPL\pd_ln\system\CodeIgniter.php(419): CodeIgniter\CodeIgniter->runController(Object(App\Controllers\Admin\PJUM))
#6 D:\PT Konimex\Proyek PPL\pd_ln\system\CodeIgniter.php(326): CodeIgniter\CodeIgniter->handleRequest(NULL, Object(Config\Cache), false)
#7 D:\PT Konimex\Proyek PPL\pd_ln\public\index.php(37): CodeIgniter\CodeIgniter->run()
#8 D:\PT Konimex\Proyek PPL\pd_ln\system\Commands\Server\rewrite.php(43): require_once('D:\\PT Konimex\\P...')
#9 {main}
CRITICAL - 2023-08-27 22:58:10 --> Undefined constant "id_t"
#0 D:\PT Konimex\Proyek PPL\pd_ln\system\View\View.php(210): include()
#1 D:\PT Konimex\Proyek PPL\pd_ln\system\View\View.php(213): CodeIgniter\View\View->CodeIgniter\View\{closure}()
#2 D:\PT Konimex\Proyek PPL\pd_ln\system\Common.php(1089): CodeIgniter\View\View->render('pjum/v_lihatdat...', Array, true)
#3 D:\PT Konimex\Proyek PPL\pd_ln\app\Controllers\Admin\PJUM.php(237): view('pjum/v_lihatdat...', Array)
#4 D:\PT Konimex\Proyek PPL\pd_ln\system\CodeIgniter.php(832): App\Controllers\Admin\PJUM->lihatdatavalaspjum('1')
#5 D:\PT Konimex\Proyek PPL\pd_ln\system\CodeIgniter.php(419): CodeIgniter\CodeIgniter->runController(Object(App\Controllers\Admin\PJUM))
#6 D:\PT Konimex\Proyek PPL\pd_ln\system\CodeIgniter.php(326): CodeIgniter\CodeIgniter->handleRequest(NULL, Object(Config\Cache), false)
#7 D:\PT Konimex\Proyek PPL\pd_ln\public\index.php(37): CodeIgniter\CodeIgniter->run()
#8 D:\PT Konimex\Proyek PPL\pd_ln\system\Commands\Server\rewrite.php(43): require_once('D:\\PT Konimex\\P...')
#9 {main}
CRITICAL - 2023-08-27 22:58:22 --> Undefined constant "id_t"
#0 D:\PT Konimex\Proyek PPL\pd_ln\system\View\View.php(210): include()
#1 D:\PT Konimex\Proyek PPL\pd_ln\system\View\View.php(213): CodeIgniter\View\View->CodeIgniter\View\{closure}()
#2 D:\PT Konimex\Proyek PPL\pd_ln\system\Common.php(1089): CodeIgniter\View\View->render('pjum/v_lihatdat...', Array, true)
#3 D:\PT Konimex\Proyek PPL\pd_ln\app\Controllers\Admin\PJUM.php(237): view('pjum/v_lihatdat...', Array)
#4 D:\PT Konimex\Proyek PPL\pd_ln\system\CodeIgniter.php(832): App\Controllers\Admin\PJUM->lihatdatavalaspjum('1')
#5 D:\PT Konimex\Proyek PPL\pd_ln\system\CodeIgniter.php(419): CodeIgniter\CodeIgniter->runController(Object(App\Controllers\Admin\PJUM))
#6 D:\PT Konimex\Proyek PPL\pd_ln\system\CodeIgniter.php(326): CodeIgniter\CodeIgniter->handleRequest(NULL, Object(Config\Cache), false)
#7 D:\PT Konimex\Proyek PPL\pd_ln\public\index.php(37): CodeIgniter\CodeIgniter->run()
#8 D:\PT Konimex\Proyek PPL\pd_ln\system\Commands\Server\rewrite.php(43): require_once('D:\\PT Konimex\\P...')
#9 {main}
CRITICAL - 2023-08-27 22:58:22 --> Undefined constant "id_t"
#0 D:\PT Konimex\Proyek PPL\pd_ln\system\View\View.php(210): include()
#1 D:\PT Konimex\Proyek PPL\pd_ln\system\View\View.php(213): CodeIgniter\View\View->CodeIgniter\View\{closure}()
#2 D:\PT Konimex\Proyek PPL\pd_ln\system\Common.php(1089): CodeIgniter\View\View->render('pjum/v_lihatdat...', Array, true)
#3 D:\PT Konimex\Proyek PPL\pd_ln\app\Controllers\Admin\PJUM.php(237): view('pjum/v_lihatdat...', Array)
#4 D:\PT Konimex\Proyek PPL\pd_ln\system\CodeIgniter.php(832): App\Controllers\Admin\PJUM->lihatdatavalaspjum('1')
#5 D:\PT Konimex\Proyek PPL\pd_ln\system\CodeIgniter.php(419): CodeIgniter\CodeIgniter->runController(Object(App\Controllers\Admin\PJUM))
#6 D:\PT Konimex\Proyek PPL\pd_ln\system\CodeIgniter.php(326): CodeIgniter\CodeIgniter->handleRequest(NULL, Object(Config\Cache), false)
#7 D:\PT Konimex\Proyek PPL\pd_ln\public\index.php(37): CodeIgniter\CodeIgniter->run()
#8 D:\PT Konimex\Proyek PPL\pd_ln\system\Commands\Server\rewrite.php(43): require_once('D:\\PT Konimex\\P...')
#9 {main}
CRITICAL - 2023-08-27 22:58:27 --> Undefined constant "id_t"
#0 D:\PT Konimex\Proyek PPL\pd_ln\system\View\View.php(210): include()
#1 D:\PT Konimex\Proyek PPL\pd_ln\system\View\View.php(213): CodeIgniter\View\View->CodeIgniter\View\{closure}()
#2 D:\PT Konimex\Proyek PPL\pd_ln\system\Common.php(1089): CodeIgniter\View\View->render('pjum/v_lihatdat...', Array, true)
#3 D:\PT Konimex\Proyek PPL\pd_ln\app\Controllers\Admin\PJUM.php(237): view('pjum/v_lihatdat...', Array)
#4 D:\PT Konimex\Proyek PPL\pd_ln\system\CodeIgniter.php(832): App\Controllers\Admin\PJUM->lihatdatavalaspjum('1')
#5 D:\PT Konimex\Proyek PPL\pd_ln\system\CodeIgniter.php(419): CodeIgniter\CodeIgniter->runController(Object(App\Controllers\Admin\PJUM))
#6 D:\PT Konimex\Proyek PPL\pd_ln\system\CodeIgniter.php(326): CodeIgniter\CodeIgniter->handleRequest(NULL, Object(Config\Cache), false)
#7 D:\PT Konimex\Proyek PPL\pd_ln\public\index.php(37): CodeIgniter\CodeIgniter->run()
#8 D:\PT Konimex\Proyek PPL\pd_ln\system\Commands\Server\rewrite.php(43): require_once('D:\\PT Konimex\\P...')
#9 {main}
CRITICAL - 2023-08-27 22:58:28 --> Undefined constant "id_t"
#0 D:\PT Konimex\Proyek PPL\pd_ln\system\View\View.php(210): include()
#1 D:\PT Konimex\Proyek PPL\pd_ln\system\View\View.php(213): CodeIgniter\View\View->CodeIgniter\View\{closure}()
#2 D:\PT Konimex\Proyek PPL\pd_ln\system\Common.php(1089): CodeIgniter\View\View->render('pjum/v_lihatdat...', Array, true)
#3 D:\PT Konimex\Proyek PPL\pd_ln\app\Controllers\Admin\PJUM.php(237): view('pjum/v_lihatdat...', Array)
#4 D:\PT Konimex\Proyek PPL\pd_ln\system\CodeIgniter.php(832): App\Controllers\Admin\PJUM->lihatdatavalaspjum('1')
#5 D:\PT Konimex\Proyek PPL\pd_ln\system\CodeIgniter.php(419): CodeIgniter\CodeIgniter->runController(Object(App\Controllers\Admin\PJUM))
#6 D:\PT Konimex\Proyek PPL\pd_ln\system\CodeIgniter.php(326): CodeIgniter\CodeIgniter->handleRequest(NULL, Object(Config\Cache), false)
#7 D:\PT Konimex\Proyek PPL\pd_ln\public\index.php(37): CodeIgniter\CodeIgniter->run()
#8 D:\PT Konimex\Proyek PPL\pd_ln\system\Commands\Server\rewrite.php(43): require_once('D:\\PT Konimex\\P...')
#9 {main}
CRITICAL - 2023-08-27 22:59:28 --> Undefined constant "id_t"
#0 D:\PT Konimex\Proyek PPL\pd_ln\system\View\View.php(210): include()
#1 D:\PT Konimex\Proyek PPL\pd_ln\system\View\View.php(213): CodeIgniter\View\View->CodeIgniter\View\{closure}()
#2 D:\PT Konimex\Proyek PPL\pd_ln\system\Common.php(1089): CodeIgniter\View\View->render('pjum/v_lihatdat...', Array, true)
#3 D:\PT Konimex\Proyek PPL\pd_ln\app\Controllers\Admin\PJUM.php(237): view('pjum/v_lihatdat...', Array)
#4 D:\PT Konimex\Proyek PPL\pd_ln\system\CodeIgniter.php(832): App\Controllers\Admin\PJUM->lihatdatavalaspjum('1')
#5 D:\PT Konimex\Proyek PPL\pd_ln\system\CodeIgniter.php(419): CodeIgniter\CodeIgniter->runController(Object(App\Controllers\Admin\PJUM))
#6 D:\PT Konimex\Proyek PPL\pd_ln\system\CodeIgniter.php(326): CodeIgniter\CodeIgniter->handleRequest(NULL, Object(Config\Cache), false)
#7 D:\PT Konimex\Proyek PPL\pd_ln\public\index.php(37): CodeIgniter\CodeIgniter->run()
#8 D:\PT Konimex\Proyek PPL\pd_ln\system\Commands\Server\rewrite.php(43): require_once('D:\\PT Konimex\\P...')
#9 {main}
CRITICAL - 2023-08-27 22:59:30 --> Undefined constant "id_t"
#0 D:\PT Konimex\Proyek PPL\pd_ln\system\View\View.php(210): include()
#1 D:\PT Konimex\Proyek PPL\pd_ln\system\View\View.php(213): CodeIgniter\View\View->CodeIgniter\View\{closure}()
#2 D:\PT Konimex\Proyek PPL\pd_ln\system\Common.php(1089): CodeIgniter\View\View->render('pjum/v_lihatdat...', Array, true)
#3 D:\PT Konimex\Proyek PPL\pd_ln\app\Controllers\Admin\PJUM.php(237): view('pjum/v_lihatdat...', Array)
#4 D:\PT Konimex\Proyek PPL\pd_ln\system\CodeIgniter.php(832): App\Controllers\Admin\PJUM->lihatdatavalaspjum('1')
#5 D:\PT Konimex\Proyek PPL\pd_ln\system\CodeIgniter.php(419): CodeIgniter\CodeIgniter->runController(Object(App\Controllers\Admin\PJUM))
#6 D:\PT Konimex\Proyek PPL\pd_ln\system\CodeIgniter.php(326): CodeIgniter\CodeIgniter->handleRequest(NULL, Object(Config\Cache), false)
#7 D:\PT Konimex\Proyek PPL\pd_ln\public\index.php(37): CodeIgniter\CodeIgniter->run()
#8 D:\PT Konimex\Proyek PPL\pd_ln\system\Commands\Server\rewrite.php(43): require_once('D:\\PT Konimex\\P...')
#9 {main}
CRITICAL - 2023-08-27 23:03:26 --> Undefined constant "id_t"
#0 D:\PT Konimex\Proyek PPL\pd_ln\system\View\View.php(210): include()
#1 D:\PT Konimex\Proyek PPL\pd_ln\system\View\View.php(213): CodeIgniter\View\View->CodeIgniter\View\{closure}()
#2 D:\PT Konimex\Proyek PPL\pd_ln\system\Common.php(1089): CodeIgniter\View\View->render('pjum/v_lihatdat...', Array, true)
#3 D:\PT Konimex\Proyek PPL\pd_ln\app\Controllers\Admin\PJUM.php(237): view('pjum/v_lihatdat...', Array)
#4 D:\PT Konimex\Proyek PPL\pd_ln\system\CodeIgniter.php(832): App\Controllers\Admin\PJUM->lihatdatavalaspjum('1')
#5 D:\PT Konimex\Proyek PPL\pd_ln\system\CodeIgniter.php(419): CodeIgniter\CodeIgniter->runController(Object(App\Controllers\Admin\PJUM))
#6 D:\PT Konimex\Proyek PPL\pd_ln\system\CodeIgniter.php(326): CodeIgniter\CodeIgniter->handleRequest(NULL, Object(Config\Cache), false)
#7 D:\PT Konimex\Proyek PPL\pd_ln\public\index.php(37): CodeIgniter\CodeIgniter->run()
#8 D:\PT Konimex\Proyek PPL\pd_ln\system\Commands\Server\rewrite.php(43): require_once('D:\\PT Konimex\\P...')
#9 {main}
CRITICAL - 2023-08-27 23:03:27 --> Undefined constant "id_t"
#0 D:\PT Konimex\Proyek PPL\pd_ln\system\View\View.php(210): include()
#1 D:\PT Konimex\Proyek PPL\pd_ln\system\View\View.php(213): CodeIgniter\View\View->CodeIgniter\View\{closure}()
#2 D:\PT Konimex\Proyek PPL\pd_ln\system\Common.php(1089): CodeIgniter\View\View->render('pjum/v_lihatdat...', Array, true)
#3 D:\PT Konimex\Proyek PPL\pd_ln\app\Controllers\Admin\PJUM.php(237): view('pjum/v_lihatdat...', Array)
#4 D:\PT Konimex\Proyek PPL\pd_ln\system\CodeIgniter.php(832): App\Controllers\Admin\PJUM->lihatdatavalaspjum('1')
#5 D:\PT Konimex\Proyek PPL\pd_ln\system\CodeIgniter.php(419): CodeIgniter\CodeIgniter->runController(Object(App\Controllers\Admin\PJUM))
#6 D:\PT Konimex\Proyek PPL\pd_ln\system\CodeIgniter.php(326): CodeIgniter\CodeIgniter->handleRequest(NULL, Object(Config\Cache), false)
#7 D:\PT Konimex\Proyek PPL\pd_ln\public\index.php(37): CodeIgniter\CodeIgniter->run()
#8 D:\PT Konimex\Proyek PPL\pd_ln\system\Commands\Server\rewrite.php(43): require_once('D:\\PT Konimex\\P...')
#9 {main}
CRITICAL - 2023-08-27 23:03:37 --> Undefined constant "id_t"
#0 D:\PT Konimex\Proyek PPL\pd_ln\system\View\View.php(210): include()
#1 D:\PT Konimex\Proyek PPL\pd_ln\system\View\View.php(213): CodeIgniter\View\View->CodeIgniter\View\{closure}()
#2 D:\PT Konimex\Proyek PPL\pd_ln\system\Common.php(1089): CodeIgniter\View\View->render('pjum/v_lihatdat...', Array, true)
#3 D:\PT Konimex\Proyek PPL\pd_ln\app\Controllers\Admin\PJUM.php(237): view('pjum/v_lihatdat...', Array)
#4 D:\PT Konimex\Proyek PPL\pd_ln\system\CodeIgniter.php(832): App\Controllers\Admin\PJUM->lihatdatavalaspjum('1')
#5 D:\PT Konimex\Proyek PPL\pd_ln\system\CodeIgniter.php(419): CodeIgniter\CodeIgniter->runController(Object(App\Controllers\Admin\PJUM))
#6 D:\PT Konimex\Proyek PPL\pd_ln\system\CodeIgniter.php(326): CodeIgniter\CodeIgniter->handleRequest(NULL, Object(Config\Cache), false)
#7 D:\PT Konimex\Proyek PPL\pd_ln\public\index.php(37): CodeIgniter\CodeIgniter->run()
#8 D:\PT Konimex\Proyek PPL\pd_ln\system\Commands\Server\rewrite.php(43): require_once('D:\\PT Konimex\\P...')
#9 {main}
CRITICAL - 2023-08-27 23:03:38 --> Undefined constant "id_t"
#0 D:\PT Konimex\Proyek PPL\pd_ln\system\View\View.php(210): include()
#1 D:\PT Konimex\Proyek PPL\pd_ln\system\View\View.php(213): CodeIgniter\View\View->CodeIgniter\View\{closure}()
#2 D:\PT Konimex\Proyek PPL\pd_ln\system\Common.php(1089): CodeIgniter\View\View->render('pjum/v_lihatdat...', Array, true)
#3 D:\PT Konimex\Proyek PPL\pd_ln\app\Controllers\Admin\PJUM.php(237): view('pjum/v_lihatdat...', Array)
#4 D:\PT Konimex\Proyek PPL\pd_ln\system\CodeIgniter.php(832): App\Controllers\Admin\PJUM->lihatdatavalaspjum('1')
#5 D:\PT Konimex\Proyek PPL\pd_ln\system\CodeIgniter.php(419): CodeIgniter\CodeIgniter->runController(Object(App\Controllers\Admin\PJUM))
#6 D:\PT Konimex\Proyek PPL\pd_ln\system\CodeIgniter.php(326): CodeIgniter\CodeIgniter->handleRequest(NULL, Object(Config\Cache), false)
#7 D:\PT Konimex\Proyek PPL\pd_ln\public\index.php(37): CodeIgniter\CodeIgniter->run()
#8 D:\PT Konimex\Proyek PPL\pd_ln\system\Commands\Server\rewrite.php(43): require_once('D:\\PT Konimex\\P...')
#9 {main}
CRITICAL - 2023-08-27 23:05:52 --> Undefined constant "id_t"
#0 D:\PT Konimex\Proyek PPL\pd_ln\system\View\View.php(210): include()
#1 D:\PT Konimex\Proyek PPL\pd_ln\system\View\View.php(213): CodeIgniter\View\View->CodeIgniter\View\{closure}()
#2 D:\PT Konimex\Proyek PPL\pd_ln\system\Common.php(1089): CodeIgniter\View\View->render('pjum/v_lihatdat...', Array, true)
#3 D:\PT Konimex\Proyek PPL\pd_ln\app\Controllers\Admin\PJUM.php(237): view('pjum/v_lihatdat...', Array)
#4 D:\PT Konimex\Proyek PPL\pd_ln\system\CodeIgniter.php(832): App\Controllers\Admin\PJUM->lihatdatavalaspjum('1')
#5 D:\PT Konimex\Proyek PPL\pd_ln\system\CodeIgniter.php(419): CodeIgniter\CodeIgniter->runController(Object(App\Controllers\Admin\PJUM))
#6 D:\PT Konimex\Proyek PPL\pd_ln\system\CodeIgniter.php(326): CodeIgniter\CodeIgniter->handleRequest(NULL, Object(Config\Cache), false)
#7 D:\PT Konimex\Proyek PPL\pd_ln\public\index.php(37): CodeIgniter\CodeIgniter->run()
#8 D:\PT Konimex\Proyek PPL\pd_ln\system\Commands\Server\rewrite.php(43): require_once('D:\\PT Konimex\\P...')
#9 {main}
CRITICAL - 2023-08-27 23:05:53 --> Undefined constant "id_t"
#0 D:\PT Konimex\Proyek PPL\pd_ln\system\View\View.php(210): include()
#1 D:\PT Konimex\Proyek PPL\pd_ln\system\View\View.php(213): CodeIgniter\View\View->CodeIgniter\View\{closure}()
#2 D:\PT Konimex\Proyek PPL\pd_ln\system\Common.php(1089): CodeIgniter\View\View->render('pjum/v_lihatdat...', Array, true)
#3 D:\PT Konimex\Proyek PPL\pd_ln\app\Controllers\Admin\PJUM.php(237): view('pjum/v_lihatdat...', Array)
#4 D:\PT Konimex\Proyek PPL\pd_ln\system\CodeIgniter.php(832): App\Controllers\Admin\PJUM->lihatdatavalaspjum('1')
#5 D:\PT Konimex\Proyek PPL\pd_ln\system\CodeIgniter.php(419): CodeIgniter\CodeIgniter->runController(Object(App\Controllers\Admin\PJUM))
#6 D:\PT Konimex\Proyek PPL\pd_ln\system\CodeIgniter.php(326): CodeIgniter\CodeIgniter->handleRequest(NULL, Object(Config\Cache), false)
#7 D:\PT Konimex\Proyek PPL\pd_ln\public\index.php(37): CodeIgniter\CodeIgniter->run()
#8 D:\PT Konimex\Proyek PPL\pd_ln\system\Commands\Server\rewrite.php(43): require_once('D:\\PT Konimex\\P...')
#9 {main}
CRITICAL - 2023-08-27 23:18:12 --> Undefined constant "id_t"
#0 D:\PT Konimex\Proyek PPL\pd_ln\system\View\View.php(210): include()
#1 D:\PT Konimex\Proyek PPL\pd_ln\system\View\View.php(213): CodeIgniter\View\View->CodeIgniter\View\{closure}()
#2 D:\PT Konimex\Proyek PPL\pd_ln\system\Common.php(1089): CodeIgniter\View\View->render('pjum/v_lihatdat...', Array, true)
#3 D:\PT Konimex\Proyek PPL\pd_ln\app\Controllers\Admin\PJUM.php(237): view('pjum/v_lihatdat...', Array)
#4 D:\PT Konimex\Proyek PPL\pd_ln\system\CodeIgniter.php(832): App\Controllers\Admin\PJUM->lihatdatavalaspjum('1')
#5 D:\PT Konimex\Proyek PPL\pd_ln\system\CodeIgniter.php(419): CodeIgniter\CodeIgniter->runController(Object(App\Controllers\Admin\PJUM))
#6 D:\PT Konimex\Proyek PPL\pd_ln\system\CodeIgniter.php(326): CodeIgniter\CodeIgniter->handleRequest(NULL, Object(Config\Cache), false)
#7 D:\PT Konimex\Proyek PPL\pd_ln\public\index.php(37): CodeIgniter\CodeIgniter->run()
#8 D:\PT Konimex\Proyek PPL\pd_ln\system\Commands\Server\rewrite.php(43): require_once('D:\\PT Konimex\\P...')
#9 {main}
CRITICAL - 2023-08-27 23:18:13 --> Undefined constant "id_t"
#0 D:\PT Konimex\Proyek PPL\pd_ln\system\View\View.php(210): include()
#1 D:\PT Konimex\Proyek PPL\pd_ln\system\View\View.php(213): CodeIgniter\View\View->CodeIgniter\View\{closure}()
#2 D:\PT Konimex\Proyek PPL\pd_ln\system\Common.php(1089): CodeIgniter\View\View->render('pjum/v_lihatdat...', Array, true)
#3 D:\PT Konimex\Proyek PPL\pd_ln\app\Controllers\Admin\PJUM.php(237): view('pjum/v_lihatdat...', Array)
#4 D:\PT Konimex\Proyek PPL\pd_ln\system\CodeIgniter.php(832): App\Controllers\Admin\PJUM->lihatdatavalaspjum('1')
#5 D:\PT Konimex\Proyek PPL\pd_ln\system\CodeIgniter.php(419): CodeIgniter\CodeIgniter->runController(Object(App\Controllers\Admin\PJUM))
#6 D:\PT Konimex\Proyek PPL\pd_ln\system\CodeIgniter.php(326): CodeIgniter\CodeIgniter->handleRequest(NULL, Object(Config\Cache), false)
#7 D:\PT Konimex\Proyek PPL\pd_ln\public\index.php(37): CodeIgniter\CodeIgniter->run()
#8 D:\PT Konimex\Proyek PPL\pd_ln\system\Commands\Server\rewrite.php(43): require_once('D:\\PT Konimex\\P...')
#9 {main}
