CRITICAL - 2023-09-19 01:45:00 --> There is no data to insert.
#0 C:\xampp\htdocs\pd_ln\system\BaseModel.php(718): CodeIgniter\Database\Exceptions\DataException::forEmptyDataset('insert')
#1 C:\xampp\htdocs\pd_ln\system\Model.php(625): CodeIgniter\BaseModel->insert(Array, false)
#2 C:\xampp\htdocs\pd_ln\system\BaseModel.php(658): CodeIgniter\Model->insert(Array, false)
#3 C:\xampp\htdocs\pd_ln\app\Controllers\Admin\Transaksi.php(275): CodeIgniter\BaseModel->save(Array)
#4 C:\xampp\htdocs\pd_ln\system\CodeIgniter.php(832): App\Controllers\Admin\Transaksi->tambahpersonil('3')
#5 C:\xampp\htdocs\pd_ln\system\CodeIgniter.php(419): CodeIgniter\CodeIgniter->runController(Object(App\Controllers\Admin\Transaksi))
#6 C:\xampp\htdocs\pd_ln\system\CodeIgniter.php(326): CodeIgniter\CodeIgniter->handleRequest(NULL, Object(Config\Cache), false)
#7 C:\xampp\htdocs\pdln\index.php(37): CodeIgniter\CodeIgniter->run()
#8 {main}
CRITICAL - 2023-09-19 01:45:14 --> There is no data to insert.
#0 C:\xampp\htdocs\pd_ln\system\BaseModel.php(718): CodeIgniter\Database\Exceptions\DataException::forEmptyDataset('insert')
#1 C:\xampp\htdocs\pd_ln\system\Model.php(625): CodeIgniter\BaseModel->insert(Array, false)
#2 C:\xampp\htdocs\pd_ln\system\BaseModel.php(658): CodeIgniter\Model->insert(Array, false)
#3 C:\xampp\htdocs\pd_ln\app\Controllers\Admin\Transaksi.php(275): CodeIgniter\BaseModel->save(Array)
#4 C:\xampp\htdocs\pd_ln\system\CodeIgniter.php(832): App\Controllers\Admin\Transaksi->tambahpersonil('3')
#5 C:\xampp\htdocs\pd_ln\system\CodeIgniter.php(419): CodeIgniter\CodeIgniter->runController(Object(App\Controllers\Admin\Transaksi))
#6 C:\xampp\htdocs\pd_ln\system\CodeIgniter.php(326): CodeIgniter\CodeIgniter->handleRequest(NULL, Object(Config\Cache), false)
#7 C:\xampp\htdocs\pdln\index.php(37): CodeIgniter\CodeIgniter->run()
#8 {main}
CRITICAL - 2023-09-19 01:47:00 --> You must specify an index to match on for batch updates.
#0 C:\xampp\htdocs\pd_ln\system\Model.php(316): CodeIgniter\Database\BaseBuilder->updateBatch(Array, NULL, 100)
#1 C:\xampp\htdocs\pd_ln\system\BaseModel.php(931): CodeIgniter\Model->doUpdateBatch(Array, NULL, 100, false)
#2 C:\xampp\htdocs\pd_ln\app\Controllers\Admin\Transaksi.php(275): CodeIgniter\BaseModel->updateBatch(Array)
#3 C:\xampp\htdocs\pd_ln\system\CodeIgniter.php(832): App\Controllers\Admin\Transaksi->tambahpersonil('3')
#4 C:\xampp\htdocs\pd_ln\system\CodeIgniter.php(419): CodeIgniter\CodeIgniter->runController(Object(App\Controllers\Admin\Transaksi))
#5 C:\xampp\htdocs\pd_ln\system\CodeIgniter.php(326): CodeIgniter\CodeIgniter->handleRequest(NULL, Object(Config\Cache), false)
#6 C:\xampp\htdocs\pdln\index.php(37): CodeIgniter\CodeIgniter->run()
#7 {main}
CRITICAL - 2023-09-19 01:53:46 --> Undefined array key "berangkat_dari"
#0 C:\xampp\htdocs\pd_ln\app\Views\transaksi\v_detailtransaksi.php(222): CodeIgniter\Debug\Exceptions->errorHandler(2, 'Undefined array...', 'C:\\xampp\\htdocs...', 222)
#1 C:\xampp\htdocs\pd_ln\system\View\View.php(210): include('C:\\xampp\\htdocs...')
#2 C:\xampp\htdocs\pd_ln\system\View\View.php(213): CodeIgniter\View\View->CodeIgniter\View\{closure}()
#3 C:\xampp\htdocs\pd_ln\system\Common.php(1089): CodeIgniter\View\View->render('transaksi/v_det...', Array, true)
#4 C:\xampp\htdocs\pd_ln\app\Controllers\Admin\Transaksi.php(189): view('transaksi/v_det...', Array)
#5 C:\xampp\htdocs\pd_ln\system\CodeIgniter.php(832): App\Controllers\Admin\Transaksi->detailtransaksi('3')
#6 C:\xampp\htdocs\pd_ln\system\CodeIgniter.php(419): CodeIgniter\CodeIgniter->runController(Object(App\Controllers\Admin\Transaksi))
#7 C:\xampp\htdocs\pd_ln\system\CodeIgniter.php(326): CodeIgniter\CodeIgniter->handleRequest(NULL, Object(Config\Cache), false)
#8 C:\xampp\htdocs\pdln\index.php(37): CodeIgniter\CodeIgniter->run()
#9 {main}
CRITICAL - 2023-09-19 01:53:53 --> Undefined array key "berangkat_dari"
#0 C:\xampp\htdocs\pd_ln\app\Views\transaksi\v_detailtransaksi.php(222): CodeIgniter\Debug\Exceptions->errorHandler(2, 'Undefined array...', 'C:\\xampp\\htdocs...', 222)
#1 C:\xampp\htdocs\pd_ln\system\View\View.php(210): include('C:\\xampp\\htdocs...')
#2 C:\xampp\htdocs\pd_ln\system\View\View.php(213): CodeIgniter\View\View->CodeIgniter\View\{closure}()
#3 C:\xampp\htdocs\pd_ln\system\Common.php(1089): CodeIgniter\View\View->render('transaksi/v_det...', Array, true)
#4 C:\xampp\htdocs\pd_ln\app\Controllers\Admin\Transaksi.php(189): view('transaksi/v_det...', Array)
#5 C:\xampp\htdocs\pd_ln\system\CodeIgniter.php(832): App\Controllers\Admin\Transaksi->detailtransaksi('3')
#6 C:\xampp\htdocs\pd_ln\system\CodeIgniter.php(419): CodeIgniter\CodeIgniter->runController(Object(App\Controllers\Admin\Transaksi))
#7 C:\xampp\htdocs\pd_ln\system\CodeIgniter.php(326): CodeIgniter\CodeIgniter->handleRequest(NULL, Object(Config\Cache), false)
#8 C:\xampp\htdocs\pdln\index.php(37): CodeIgniter\CodeIgniter->run()
#9 {main}
CRITICAL - 2023-09-19 01:56:13 --> Cannot access offset of type string on string
#0 C:\xampp\htdocs\pd_ln\system\View\View.php(210): include()
#1 C:\xampp\htdocs\pd_ln\system\View\View.php(213): CodeIgniter\View\View->CodeIgniter\View\{closure}()
#2 C:\xampp\htdocs\pd_ln\system\Common.php(1089): CodeIgniter\View\View->render('transaksi/v_det...', Array, true)
#3 C:\xampp\htdocs\pd_ln\app\Controllers\Admin\Transaksi.php(189): view('transaksi/v_det...', Array)
#4 C:\xampp\htdocs\pd_ln\system\CodeIgniter.php(832): App\Controllers\Admin\Transaksi->detailtransaksi('3')
#5 C:\xampp\htdocs\pd_ln\system\CodeIgniter.php(419): CodeIgniter\CodeIgniter->runController(Object(App\Controllers\Admin\Transaksi))
#6 C:\xampp\htdocs\pd_ln\system\CodeIgniter.php(326): CodeIgniter\CodeIgniter->handleRequest(NULL, Object(Config\Cache), false)
#7 C:\xampp\htdocs\pdln\index.php(37): CodeIgniter\CodeIgniter->run()
#8 {main}
CRITICAL - 2023-09-19 01:56:17 --> Cannot access offset of type string on string
#0 C:\xampp\htdocs\pd_ln\system\View\View.php(210): include()
#1 C:\xampp\htdocs\pd_ln\system\View\View.php(213): CodeIgniter\View\View->CodeIgniter\View\{closure}()
#2 C:\xampp\htdocs\pd_ln\system\Common.php(1089): CodeIgniter\View\View->render('transaksi/v_det...', Array, true)
#3 C:\xampp\htdocs\pd_ln\app\Controllers\Admin\Transaksi.php(189): view('transaksi/v_det...', Array)
#4 C:\xampp\htdocs\pd_ln\system\CodeIgniter.php(832): App\Controllers\Admin\Transaksi->detailtransaksi('3')
#5 C:\xampp\htdocs\pd_ln\system\CodeIgniter.php(419): CodeIgniter\CodeIgniter->runController(Object(App\Controllers\Admin\Transaksi))
#6 C:\xampp\htdocs\pd_ln\system\CodeIgniter.php(326): CodeIgniter\CodeIgniter->handleRequest(NULL, Object(Config\Cache), false)
#7 C:\xampp\htdocs\pdln\index.php(37): CodeIgniter\CodeIgniter->run()
#8 {main}
CRITICAL - 2023-09-19 02:05:43 --> Undefined property: App\Controllers\Admin\Transaksi::$m_kategori
#0 C:\xampp\htdocs\pd_ln\app\Controllers\Admin\Transaksi.php(180): CodeIgniter\Debug\Exceptions->errorHandler(2, 'Undefined prope...', 'C:\\xampp\\htdocs...', 180)
#1 C:\xampp\htdocs\pd_ln\system\CodeIgniter.php(832): App\Controllers\Admin\Transaksi->detailtransaksi('3')
#2 C:\xampp\htdocs\pd_ln\system\CodeIgniter.php(419): CodeIgniter\CodeIgniter->runController(Object(App\Controllers\Admin\Transaksi))
#3 C:\xampp\htdocs\pd_ln\system\CodeIgniter.php(326): CodeIgniter\CodeIgniter->handleRequest(NULL, Object(Config\Cache), false)
#4 C:\xampp\htdocs\pdln\index.php(37): CodeIgniter\CodeIgniter->run()
#5 {main}
CRITICAL - 2023-09-19 02:05:48 --> Undefined property: App\Controllers\Admin\Transaksi::$m_kategori
#0 C:\xampp\htdocs\pd_ln\app\Controllers\Admin\Transaksi.php(180): CodeIgniter\Debug\Exceptions->errorHandler(2, 'Undefined prope...', 'C:\\xampp\\htdocs...', 180)
#1 C:\xampp\htdocs\pd_ln\system\CodeIgniter.php(832): App\Controllers\Admin\Transaksi->detailtransaksi('3')
#2 C:\xampp\htdocs\pd_ln\system\CodeIgniter.php(419): CodeIgniter\CodeIgniter->runController(Object(App\Controllers\Admin\Transaksi))
#3 C:\xampp\htdocs\pd_ln\system\CodeIgniter.php(326): CodeIgniter\CodeIgniter->handleRequest(NULL, Object(Config\Cache), false)
#4 C:\xampp\htdocs\pdln\index.php(37): CodeIgniter\CodeIgniter->run()
#5 {main}
CRITICAL - 2023-09-19 02:06:18 --> Undefined variable $kota
#0 C:\xampp\htdocs\pd_ln\app\Views\transaksi\v_detailtransaksi.php(222): CodeIgniter\Debug\Exceptions->errorHandler(2, 'Undefined varia...', 'C:\\xampp\\htdocs...', 222)
#1 C:\xampp\htdocs\pd_ln\system\View\View.php(210): include('C:\\xampp\\htdocs...')
#2 C:\xampp\htdocs\pd_ln\system\View\View.php(213): CodeIgniter\View\View->CodeIgniter\View\{closure}()
#3 C:\xampp\htdocs\pd_ln\system\Common.php(1089): CodeIgniter\View\View->render('transaksi/v_det...', Array, true)
#4 C:\xampp\htdocs\pd_ln\app\Controllers\Admin\Transaksi.php(191): view('transaksi/v_det...', Array)
#5 C:\xampp\htdocs\pd_ln\system\CodeIgniter.php(832): App\Controllers\Admin\Transaksi->detailtransaksi('3')
#6 C:\xampp\htdocs\pd_ln\system\CodeIgniter.php(419): CodeIgniter\CodeIgniter->runController(Object(App\Controllers\Admin\Transaksi))
#7 C:\xampp\htdocs\pd_ln\system\CodeIgniter.php(326): CodeIgniter\CodeIgniter->handleRequest(NULL, Object(Config\Cache), false)
#8 C:\xampp\htdocs\pdln\index.php(37): CodeIgniter\CodeIgniter->run()
#9 {main}
CRITICAL - 2023-09-19 02:06:22 --> Undefined variable $kota
#0 C:\xampp\htdocs\pd_ln\app\Views\transaksi\v_detailtransaksi.php(222): CodeIgniter\Debug\Exceptions->errorHandler(2, 'Undefined varia...', 'C:\\xampp\\htdocs...', 222)
#1 C:\xampp\htdocs\pd_ln\system\View\View.php(210): include('C:\\xampp\\htdocs...')
#2 C:\xampp\htdocs\pd_ln\system\View\View.php(213): CodeIgniter\View\View->CodeIgniter\View\{closure}()
#3 C:\xampp\htdocs\pd_ln\system\Common.php(1089): CodeIgniter\View\View->render('transaksi/v_det...', Array, true)
#4 C:\xampp\htdocs\pd_ln\app\Controllers\Admin\Transaksi.php(191): view('transaksi/v_det...', Array)
#5 C:\xampp\htdocs\pd_ln\system\CodeIgniter.php(832): App\Controllers\Admin\Transaksi->detailtransaksi('3')
#6 C:\xampp\htdocs\pd_ln\system\CodeIgniter.php(419): CodeIgniter\CodeIgniter->runController(Object(App\Controllers\Admin\Transaksi))
#7 C:\xampp\htdocs\pd_ln\system\CodeIgniter.php(326): CodeIgniter\CodeIgniter->handleRequest(NULL, Object(Config\Cache), false)
#8 C:\xampp\htdocs\pdln\index.php(37): CodeIgniter\CodeIgniter->run()
#9 {main}
ERROR - 2023-09-19 02:11:36 --> Cannot add or update a child row: a foreign key constraint fails (`db_pdln`.`transaksi`, CONSTRAINT `transaksi_ibfk_5` FOREIGN KEY (`kota`) REFERENCES `kota` (`kota`) ON DELETE CASCADE ON UPDATE CASCADE)
CRITICAL - 2023-09-19 02:11:36 --> Cannot add or update a child row: a foreign key constraint fails (`db_pdln`.`transaksi`, CONSTRAINT `transaksi_ibfk_5` FOREIGN KEY (`kota`) REFERENCES `kota` (`kota`) ON DELETE CASCADE ON UPDATE CASCADE)
#0 C:\xampp\htdocs\pd_ln\system\Database\MySQLi\Connection.php(292): mysqli->query('INSERT INTO `tr...', 0)
#1 C:\xampp\htdocs\pd_ln\system\Database\BaseConnection.php(670): CodeIgniter\Database\MySQLi\Connection->execute('INSERT INTO `tr...')
#2 C:\xampp\htdocs\pd_ln\system\Database\BaseConnection.php(598): CodeIgniter\Database\BaseConnection->simpleQuery('INSERT INTO `tr...')
#3 C:\xampp\htdocs\pd_ln\system\Database\BaseBuilder.php(1771): CodeIgniter\Database\BaseConnection->query('INSERT INTO `tr...', Array, false)
#4 C:\xampp\htdocs\pd_ln\system\Model.php(239): CodeIgniter\Database\BaseBuilder->insert()
#5 C:\xampp\htdocs\pd_ln\system\BaseModel.php(738): CodeIgniter\Model->doInsert(Array)
#6 C:\xampp\htdocs\pd_ln\system\Model.php(625): CodeIgniter\BaseModel->insert(Array, true)
#7 C:\xampp\htdocs\pd_ln\app\Models\TransaksiModel.php(51): CodeIgniter\Model->insert(Array)
#8 C:\xampp\htdocs\pd_ln\app\Controllers\Admin\Transaksi.php(127): App\Models\TransaksiModel->insertTransaksi(Array)
#9 C:\xampp\htdocs\pd_ln\system\CodeIgniter.php(832): App\Controllers\Admin\Transaksi->tambahdataid()
#10 C:\xampp\htdocs\pd_ln\system\CodeIgniter.php(419): CodeIgniter\CodeIgniter->runController(Object(App\Controllers\Admin\Transaksi))
#11 C:\xampp\htdocs\pd_ln\system\CodeIgniter.php(326): CodeIgniter\CodeIgniter->handleRequest(NULL, Object(Config\Cache), false)
#12 C:\xampp\htdocs\pdln\index.php(37): CodeIgniter\CodeIgniter->run()
#13 {main}
ERROR - 2023-09-19 02:11:45 --> Cannot add or update a child row: a foreign key constraint fails (`db_pdln`.`transaksi`, CONSTRAINT `transaksi_ibfk_5` FOREIGN KEY (`kota`) REFERENCES `kota` (`kota`) ON DELETE CASCADE ON UPDATE CASCADE)
CRITICAL - 2023-09-19 02:11:45 --> Cannot add or update a child row: a foreign key constraint fails (`db_pdln`.`transaksi`, CONSTRAINT `transaksi_ibfk_5` FOREIGN KEY (`kota`) REFERENCES `kota` (`kota`) ON DELETE CASCADE ON UPDATE CASCADE)
#0 C:\xampp\htdocs\pd_ln\system\Database\MySQLi\Connection.php(292): mysqli->query('INSERT INTO `tr...', 0)
#1 C:\xampp\htdocs\pd_ln\system\Database\BaseConnection.php(670): CodeIgniter\Database\MySQLi\Connection->execute('INSERT INTO `tr...')
#2 C:\xampp\htdocs\pd_ln\system\Database\BaseConnection.php(598): CodeIgniter\Database\BaseConnection->simpleQuery('INSERT INTO `tr...')
#3 C:\xampp\htdocs\pd_ln\system\Database\BaseBuilder.php(1771): CodeIgniter\Database\BaseConnection->query('INSERT INTO `tr...', Array, false)
#4 C:\xampp\htdocs\pd_ln\system\Model.php(239): CodeIgniter\Database\BaseBuilder->insert()
#5 C:\xampp\htdocs\pd_ln\system\BaseModel.php(738): CodeIgniter\Model->doInsert(Array)
#6 C:\xampp\htdocs\pd_ln\system\Model.php(625): CodeIgniter\BaseModel->insert(Array, true)
#7 C:\xampp\htdocs\pd_ln\app\Models\TransaksiModel.php(51): CodeIgniter\Model->insert(Array)
#8 C:\xampp\htdocs\pd_ln\app\Controllers\Admin\Transaksi.php(127): App\Models\TransaksiModel->insertTransaksi(Array)
#9 C:\xampp\htdocs\pd_ln\system\CodeIgniter.php(832): App\Controllers\Admin\Transaksi->tambahdataid()
#10 C:\xampp\htdocs\pd_ln\system\CodeIgniter.php(419): CodeIgniter\CodeIgniter->runController(Object(App\Controllers\Admin\Transaksi))
#11 C:\xampp\htdocs\pd_ln\system\CodeIgniter.php(326): CodeIgniter\CodeIgniter->handleRequest(NULL, Object(Config\Cache), false)
#12 C:\xampp\htdocs\pdln\index.php(37): CodeIgniter\CodeIgniter->run()
#13 {main}
CRITICAL - 2023-09-19 02:13:40 --> There is no data to update.
#0 C:\xampp\htdocs\pd_ln\system\BaseModel.php(846): CodeIgniter\Database\Exceptions\DataException::forEmptyDataset('update')
#1 C:\xampp\htdocs\pd_ln\system\Model.php(651): CodeIgniter\BaseModel->update(Array, Array)
#2 C:\xampp\htdocs\pd_ln\system\BaseModel.php(656): CodeIgniter\Model->update('3', Array)
#3 C:\xampp\htdocs\pd_ln\app\Controllers\Admin\Transaksi.php(277): CodeIgniter\BaseModel->save(Array)
#4 C:\xampp\htdocs\pd_ln\system\CodeIgniter.php(832): App\Controllers\Admin\Transaksi->tambahpersonil('3')
#5 C:\xampp\htdocs\pd_ln\system\CodeIgniter.php(419): CodeIgniter\CodeIgniter->runController(Object(App\Controllers\Admin\Transaksi))
#6 C:\xampp\htdocs\pd_ln\system\CodeIgniter.php(326): CodeIgniter\CodeIgniter->handleRequest(NULL, Object(Config\Cache), false)
#7 C:\xampp\htdocs\pdln\index.php(37): CodeIgniter\CodeIgniter->run()
#8 {main}
CRITICAL - 2023-09-19 02:13:47 --> There is no data to update.
#0 C:\xampp\htdocs\pd_ln\system\BaseModel.php(846): CodeIgniter\Database\Exceptions\DataException::forEmptyDataset('update')
#1 C:\xampp\htdocs\pd_ln\system\Model.php(651): CodeIgniter\BaseModel->update(Array, Array)
#2 C:\xampp\htdocs\pd_ln\system\BaseModel.php(656): CodeIgniter\Model->update('3', Array)
#3 C:\xampp\htdocs\pd_ln\app\Controllers\Admin\Transaksi.php(277): CodeIgniter\BaseModel->save(Array)
#4 C:\xampp\htdocs\pd_ln\system\CodeIgniter.php(832): App\Controllers\Admin\Transaksi->tambahpersonil('3')
#5 C:\xampp\htdocs\pd_ln\system\CodeIgniter.php(419): CodeIgniter\CodeIgniter->runController(Object(App\Controllers\Admin\Transaksi))
#6 C:\xampp\htdocs\pd_ln\system\CodeIgniter.php(326): CodeIgniter\CodeIgniter->handleRequest(NULL, Object(Config\Cache), false)
#7 C:\xampp\htdocs\pdln\index.php(37): CodeIgniter\CodeIgniter->run()
#8 {main}
CRITICAL - 2023-09-19 02:15:36 --> There is no data to update.
#0 C:\xampp\htdocs\pd_ln\system\BaseModel.php(846): CodeIgniter\Database\Exceptions\DataException::forEmptyDataset('update')
#1 C:\xampp\htdocs\pd_ln\system\Model.php(651): CodeIgniter\BaseModel->update(Array, Array)
#2 C:\xampp\htdocs\pd_ln\system\BaseModel.php(656): CodeIgniter\Model->update('3', Array)
#3 C:\xampp\htdocs\pd_ln\app\Controllers\Admin\Transaksi.php(277): CodeIgniter\BaseModel->save(Array)
#4 C:\xampp\htdocs\pd_ln\system\CodeIgniter.php(832): App\Controllers\Admin\Transaksi->tambahpersonil('3')
#5 C:\xampp\htdocs\pd_ln\system\CodeIgniter.php(419): CodeIgniter\CodeIgniter->runController(Object(App\Controllers\Admin\Transaksi))
#6 C:\xampp\htdocs\pd_ln\system\CodeIgniter.php(326): CodeIgniter\CodeIgniter->handleRequest(NULL, Object(Config\Cache), false)
#7 C:\xampp\htdocs\pdln\index.php(37): CodeIgniter\CodeIgniter->run()
#8 {main}
ERROR - 2023-09-19 02:22:38 --> Unknown column 'berangkat_dari' in 'field list'
CRITICAL - 2023-09-19 02:22:38 --> Unknown column 'berangkat_dari' in 'field list'
#0 C:\xampp\htdocs\pd_ln\system\Database\MySQLi\Connection.php(292): mysqli->query('SELECT `berangk...', 0)
#1 C:\xampp\htdocs\pd_ln\system\Database\BaseConnection.php(670): CodeIgniter\Database\MySQLi\Connection->execute('SELECT `berangk...')
#2 C:\xampp\htdocs\pd_ln\system\Database\BaseConnection.php(598): CodeIgniter\Database\BaseConnection->simpleQuery('SELECT `berangk...')
#3 C:\xampp\htdocs\pd_ln\system\Database\BaseBuilder.php(1455): CodeIgniter\Database\BaseConnection->query('SELECT `berangk...', Array, false)
#4 C:\xampp\htdocs\pd_ln\system\Model.php(210): CodeIgniter\Database\BaseBuilder->get()
#5 C:\xampp\htdocs\pd_ln\system\BaseModel.php(622): CodeIgniter\Model->doFirst()
#6 C:\xampp\htdocs\pd_ln\app\Controllers\Admin\Transaksi.php(180): CodeIgniter\BaseModel->first()
#7 C:\xampp\htdocs\pd_ln\system\CodeIgniter.php(832): App\Controllers\Admin\Transaksi->detailtransaksi('3')
#8 C:\xampp\htdocs\pd_ln\system\CodeIgniter.php(419): CodeIgniter\CodeIgniter->runController(Object(App\Controllers\Admin\Transaksi))
#9 C:\xampp\htdocs\pd_ln\system\CodeIgniter.php(326): CodeIgniter\CodeIgniter->handleRequest(NULL, Object(Config\Cache), false)
#10 C:\xampp\htdocs\pdln\index.php(37): CodeIgniter\CodeIgniter->run()
#11 {main}
ERROR - 2023-09-19 02:22:46 --> Unknown column 'berangkat_dari' in 'field list'
CRITICAL - 2023-09-19 02:22:46 --> Unknown column 'berangkat_dari' in 'field list'
#0 C:\xampp\htdocs\pd_ln\system\Database\MySQLi\Connection.php(292): mysqli->query('SELECT `berangk...', 0)
#1 C:\xampp\htdocs\pd_ln\system\Database\BaseConnection.php(670): CodeIgniter\Database\MySQLi\Connection->execute('SELECT `berangk...')
#2 C:\xampp\htdocs\pd_ln\system\Database\BaseConnection.php(598): CodeIgniter\Database\BaseConnection->simpleQuery('SELECT `berangk...')
#3 C:\xampp\htdocs\pd_ln\system\Database\BaseBuilder.php(1455): CodeIgniter\Database\BaseConnection->query('SELECT `berangk...', Array, false)
#4 C:\xampp\htdocs\pd_ln\system\Model.php(210): CodeIgniter\Database\BaseBuilder->get()
#5 C:\xampp\htdocs\pd_ln\system\BaseModel.php(622): CodeIgniter\Model->doFirst()
#6 C:\xampp\htdocs\pd_ln\app\Controllers\Admin\Transaksi.php(180): CodeIgniter\BaseModel->first()
#7 C:\xampp\htdocs\pd_ln\system\CodeIgniter.php(832): App\Controllers\Admin\Transaksi->detailtransaksi('3')
#8 C:\xampp\htdocs\pd_ln\system\CodeIgniter.php(419): CodeIgniter\CodeIgniter->runController(Object(App\Controllers\Admin\Transaksi))
#9 C:\xampp\htdocs\pd_ln\system\CodeIgniter.php(326): CodeIgniter\CodeIgniter->handleRequest(NULL, Object(Config\Cache), false)
#10 C:\xampp\htdocs\pdln\index.php(37): CodeIgniter\CodeIgniter->run()
#11 {main}
ERROR - 2023-09-19 03:02:08 --> Unknown column 'kategori' in 'where clause'
CRITICAL - 2023-09-19 03:02:08 --> Unknown column 'kategori' in 'where clause'
#0 C:\xampp\htdocs\pd_ln\system\Database\MySQLi\Connection.php(292): mysqli->query('SELECT sum(biay...', 0)
#1 C:\xampp\htdocs\pd_ln\system\Database\BaseConnection.php(670): CodeIgniter\Database\MySQLi\Connection->execute('SELECT sum(biay...')
#2 C:\xampp\htdocs\pd_ln\system\Database\BaseConnection.php(598): CodeIgniter\Database\BaseConnection->simpleQuery('SELECT sum(biay...')
#3 C:\xampp\htdocs\pd_ln\system\Database\BaseBuilder.php(1455): CodeIgniter\Database\BaseConnection->query('SELECT sum(biay...', Array, false)
#4 C:\xampp\htdocs\pd_ln\system\Model.php(728): CodeIgniter\Database\BaseBuilder->get()
#5 C:\xampp\htdocs\pd_ln\app\Models\BiayaModel.php(103): CodeIgniter\Model->__call('get', Array)
#6 C:\xampp\htdocs\pd_ln\app\Controllers\Admin\PJUM.php(186): App\Models\BiayaModel->tukarUangKeluar('1', 'pjum', 'Tukar Uang Kelu...')
#7 C:\xampp\htdocs\pd_ln\system\CodeIgniter.php(832): App\Controllers\Admin\PJUM->datapjum('pjum', '1', '')
#8 C:\xampp\htdocs\pd_ln\system\CodeIgniter.php(419): CodeIgniter\CodeIgniter->runController(Object(App\Controllers\Admin\PJUM))
#9 C:\xampp\htdocs\pd_ln\system\CodeIgniter.php(326): CodeIgniter\CodeIgniter->handleRequest(NULL, Object(Config\Cache), false)
#10 C:\xampp\htdocs\pdln\index.php(37): CodeIgniter\CodeIgniter->run()
#11 {main}
ERROR - 2023-09-19 03:02:19 --> Unknown column 'kategori' in 'where clause'
CRITICAL - 2023-09-19 03:02:19 --> Unknown column 'kategori' in 'where clause'
#0 C:\xampp\htdocs\pd_ln\system\Database\MySQLi\Connection.php(292): mysqli->query('SELECT sum(biay...', 0)
#1 C:\xampp\htdocs\pd_ln\system\Database\BaseConnection.php(670): CodeIgniter\Database\MySQLi\Connection->execute('SELECT sum(biay...')
#2 C:\xampp\htdocs\pd_ln\system\Database\BaseConnection.php(598): CodeIgniter\Database\BaseConnection->simpleQuery('SELECT sum(biay...')
#3 C:\xampp\htdocs\pd_ln\system\Database\BaseBuilder.php(1455): CodeIgniter\Database\BaseConnection->query('SELECT sum(biay...', Array, false)
#4 C:\xampp\htdocs\pd_ln\system\Model.php(728): CodeIgniter\Database\BaseBuilder->get()
#5 C:\xampp\htdocs\pd_ln\app\Models\BiayaModel.php(103): CodeIgniter\Model->__call('get', Array)
#6 C:\xampp\htdocs\pd_ln\app\Controllers\Admin\PJUM.php(186): App\Models\BiayaModel->tukarUangKeluar('1', 'pjum', 'Tukar Uang Kelu...')
#7 C:\xampp\htdocs\pd_ln\system\CodeIgniter.php(832): App\Controllers\Admin\PJUM->datapjum('pjum', '1', '')
#8 C:\xampp\htdocs\pd_ln\system\CodeIgniter.php(419): CodeIgniter\CodeIgniter->runController(Object(App\Controllers\Admin\PJUM))
#9 C:\xampp\htdocs\pd_ln\system\CodeIgniter.php(326): CodeIgniter\CodeIgniter->handleRequest(NULL, Object(Config\Cache), false)
#10 C:\xampp\htdocs\pdln\index.php(37): CodeIgniter\CodeIgniter->run()
#11 {main}
CRITICAL - 2023-09-19 03:11:52 --> Undefined variable $tukarUangMasuk
#0 C:\xampp\htdocs\pd_ln\app\Controllers\Admin\PJUM.php(206): CodeIgniter\Debug\Exceptions->errorHandler(2, 'Undefined varia...', 'C:\\xampp\\htdocs...', 206)
#1 C:\xampp\htdocs\pd_ln\system\CodeIgniter.php(832): App\Controllers\Admin\PJUM->datapjum('pjum', '1', '')
#2 C:\xampp\htdocs\pd_ln\system\CodeIgniter.php(419): CodeIgniter\CodeIgniter->runController(Object(App\Controllers\Admin\PJUM))
#3 C:\xampp\htdocs\pd_ln\system\CodeIgniter.php(326): CodeIgniter\CodeIgniter->handleRequest(NULL, Object(Config\Cache), false)
#4 C:\xampp\htdocs\pdln\index.php(37): CodeIgniter\CodeIgniter->run()
#5 {main}
CRITICAL - 2023-09-19 03:11:58 --> Undefined variable $tukarUangMasuk
#0 C:\xampp\htdocs\pd_ln\app\Controllers\Admin\PJUM.php(206): CodeIgniter\Debug\Exceptions->errorHandler(2, 'Undefined varia...', 'C:\\xampp\\htdocs...', 206)
#1 C:\xampp\htdocs\pd_ln\system\CodeIgniter.php(832): App\Controllers\Admin\PJUM->datapjum('pjum', '1', '')
#2 C:\xampp\htdocs\pd_ln\system\CodeIgniter.php(419): CodeIgniter\CodeIgniter->runController(Object(App\Controllers\Admin\PJUM))
#3 C:\xampp\htdocs\pd_ln\system\CodeIgniter.php(326): CodeIgniter\CodeIgniter->handleRequest(NULL, Object(Config\Cache), false)
#4 C:\xampp\htdocs\pdln\index.php(37): CodeIgniter\CodeIgniter->run()
#5 {main}
CRITICAL - 2023-09-19 03:20:02 --> Call to undefined method App\Models\BiayaModel::whereNot
#0 C:\xampp\htdocs\pd_ln\app\Models\BiayaModel.php(124): CodeIgniter\Model->__call('whereNot', Array)
#1 C:\xampp\htdocs\pd_ln\app\Controllers\Admin\PJUM.php(186): App\Models\BiayaModel->total('1', 'pjum', 'Tukar Uang Masu...')
#2 C:\xampp\htdocs\pd_ln\system\CodeIgniter.php(832): App\Controllers\Admin\PJUM->datapjum('pjum', '1', '')
#3 C:\xampp\htdocs\pd_ln\system\CodeIgniter.php(419): CodeIgniter\CodeIgniter->runController(Object(App\Controllers\Admin\PJUM))
#4 C:\xampp\htdocs\pd_ln\system\CodeIgniter.php(326): CodeIgniter\CodeIgniter->handleRequest(NULL, Object(Config\Cache), false)
#5 C:\xampp\htdocs\pdln\index.php(37): CodeIgniter\CodeIgniter->run()
#6 {main}
ERROR - 2023-09-19 03:34:43 --> Table 'valas' already exists
ERROR - 2023-09-19 03:55:42 --> Unknown column 'jenis_biaya' in 'where clause'
CRITICAL - 2023-09-19 03:55:42 --> Unknown column 'jenis_biaya' in 'where clause'
#0 C:\xampp\htdocs\pd_ln\system\Database\MySQLi\Connection.php(292): mysqli->query('SELECT *\nFROM `...', 0)
#1 C:\xampp\htdocs\pd_ln\system\Database\BaseConnection.php(670): CodeIgniter\Database\MySQLi\Connection->execute('SELECT *\nFROM `...')
#2 C:\xampp\htdocs\pd_ln\system\Database\BaseConnection.php(598): CodeIgniter\Database\BaseConnection->simpleQuery('SELECT *\nFROM `...')
#3 C:\xampp\htdocs\pd_ln\system\Database\BaseBuilder.php(1455): CodeIgniter\Database\BaseConnection->query('SELECT *\nFROM `...', Array, false)
#4 C:\xampp\htdocs\pd_ln\system\Model.php(728): CodeIgniter\Database\BaseBuilder->get()
#5 C:\xampp\htdocs\pd_ln\app\Models\PumModel.php(30): CodeIgniter\Model->__call('get', Array)
#6 C:\xampp\htdocs\pd_ln\app\Controllers\Admin\PJUM.php(204): App\Models\PumModel->alldataId('1', 'pjum')
#7 C:\xampp\htdocs\pd_ln\system\CodeIgniter.php(832): App\Controllers\Admin\PJUM->datapjum('pjum', '1', '')
#8 C:\xampp\htdocs\pd_ln\system\CodeIgniter.php(419): CodeIgniter\CodeIgniter->runController(Object(App\Controllers\Admin\PJUM))
#9 C:\xampp\htdocs\pd_ln\system\CodeIgniter.php(326): CodeIgniter\CodeIgniter->handleRequest(NULL, Object(Config\Cache), false)
#10 C:\xampp\htdocs\pdln\index.php(37): CodeIgniter\CodeIgniter->run()
#11 {main}
ERROR - 2023-09-19 03:55:50 --> Unknown column 'jenis_biaya' in 'where clause'
CRITICAL - 2023-09-19 03:55:50 --> Unknown column 'jenis_biaya' in 'where clause'
#0 C:\xampp\htdocs\pd_ln\system\Database\MySQLi\Connection.php(292): mysqli->query('SELECT *\nFROM `...', 0)
#1 C:\xampp\htdocs\pd_ln\system\Database\BaseConnection.php(670): CodeIgniter\Database\MySQLi\Connection->execute('SELECT *\nFROM `...')
#2 C:\xampp\htdocs\pd_ln\system\Database\BaseConnection.php(598): CodeIgniter\Database\BaseConnection->simpleQuery('SELECT *\nFROM `...')
#3 C:\xampp\htdocs\pd_ln\system\Database\BaseBuilder.php(1455): CodeIgniter\Database\BaseConnection->query('SELECT *\nFROM `...', Array, false)
#4 C:\xampp\htdocs\pd_ln\system\Model.php(728): CodeIgniter\Database\BaseBuilder->get()
#5 C:\xampp\htdocs\pd_ln\app\Models\PumModel.php(30): CodeIgniter\Model->__call('get', Array)
#6 C:\xampp\htdocs\pd_ln\app\Controllers\Admin\PJUM.php(204): App\Models\PumModel->alldataId('1', 'pjum')
#7 C:\xampp\htdocs\pd_ln\system\CodeIgniter.php(832): App\Controllers\Admin\PJUM->datapjum('pjum', '1', '')
#8 C:\xampp\htdocs\pd_ln\system\CodeIgniter.php(419): CodeIgniter\CodeIgniter->runController(Object(App\Controllers\Admin\PJUM))
#9 C:\xampp\htdocs\pd_ln\system\CodeIgniter.php(326): CodeIgniter\CodeIgniter->handleRequest(NULL, Object(Config\Cache), false)
#10 C:\xampp\htdocs\pdln\index.php(37): CodeIgniter\CodeIgniter->run()
#11 {main}
CRITICAL - 2023-09-19 03:57:33 --> Call to undefined method App\Models\BiayaModel::cekpum
#0 C:\xampp\htdocs\pd_ln\app\Controllers\Admin\PJUM.php(385): CodeIgniter\Model->__call('cekpum', Array)
#1 C:\xampp\htdocs\pd_ln\system\CodeIgniter.php(832): App\Controllers\Admin\PJUM->importpjum('pjum', '1', '')
#2 C:\xampp\htdocs\pd_ln\system\CodeIgniter.php(419): CodeIgniter\CodeIgniter->runController(Object(App\Controllers\Admin\PJUM))
#3 C:\xampp\htdocs\pd_ln\system\CodeIgniter.php(326): CodeIgniter\CodeIgniter->handleRequest(NULL, Object(Config\Cache), false)
#4 C:\xampp\htdocs\pdln\index.php(37): CodeIgniter\CodeIgniter->run()
#5 {main}
CRITICAL - 2023-09-19 03:57:45 --> Call to undefined method App\Models\BiayaModel::cekpum
#0 C:\xampp\htdocs\pd_ln\app\Controllers\Admin\PJUM.php(385): CodeIgniter\Model->__call('cekpum', Array)
#1 C:\xampp\htdocs\pd_ln\system\CodeIgniter.php(832): App\Controllers\Admin\PJUM->importpjum('pjum', '1', '')
#2 C:\xampp\htdocs\pd_ln\system\CodeIgniter.php(419): CodeIgniter\CodeIgniter->runController(Object(App\Controllers\Admin\PJUM))
#3 C:\xampp\htdocs\pd_ln\system\CodeIgniter.php(326): CodeIgniter\CodeIgniter->handleRequest(NULL, Object(Config\Cache), false)
#4 C:\xampp\htdocs\pdln\index.php(37): CodeIgniter\CodeIgniter->run()
#5 {main}
ERROR - 2023-09-19 03:58:40 --> Unknown column 'jenis_biaya' in 'where clause'
CRITICAL - 2023-09-19 03:58:40 --> Unknown column 'jenis_biaya' in 'where clause'
#0 C:\xampp\htdocs\pd_ln\system\Database\MySQLi\Connection.php(292): mysqli->query('SELECT *\nFROM `...', 0)
#1 C:\xampp\htdocs\pd_ln\system\Database\BaseConnection.php(670): CodeIgniter\Database\MySQLi\Connection->execute('SELECT *\nFROM `...')
#2 C:\xampp\htdocs\pd_ln\system\Database\BaseConnection.php(598): CodeIgniter\Database\BaseConnection->simpleQuery('SELECT *\nFROM `...')
#3 C:\xampp\htdocs\pd_ln\system\Database\BaseBuilder.php(1455): CodeIgniter\Database\BaseConnection->query('SELECT *\nFROM `...', Array, false)
#4 C:\xampp\htdocs\pd_ln\system\Model.php(728): CodeIgniter\Database\BaseBuilder->get()
#5 C:\xampp\htdocs\pd_ln\app\Models\PumModel.php(61): CodeIgniter\Model->__call('get', Array)
#6 C:\xampp\htdocs\pd_ln\app\Controllers\Admin\PJUM.php(385): App\Models\PumModel->cekpum('1', 6, 7, 'pjum')
#7 C:\xampp\htdocs\pd_ln\system\CodeIgniter.php(832): App\Controllers\Admin\PJUM->importpjum('pjum', '1', '')
#8 C:\xampp\htdocs\pd_ln\system\CodeIgniter.php(419): CodeIgniter\CodeIgniter->runController(Object(App\Controllers\Admin\PJUM))
#9 C:\xampp\htdocs\pd_ln\system\CodeIgniter.php(326): CodeIgniter\CodeIgniter->handleRequest(NULL, Object(Config\Cache), false)
#10 C:\xampp\htdocs\pdln\index.php(37): CodeIgniter\CodeIgniter->run()
#11 {main}
CRITICAL - 2023-09-19 04:00:04 --> number_format(): Argument #1 ($num) must be of type float, string given
#0 C:\xampp\htdocs\pd_ln\app\Views\pjum\v_datapjum.php(243): number_format('2,000,000.00', 2, ',', '.')
#1 C:\xampp\htdocs\pd_ln\system\View\View.php(210): include('C:\\xampp\\htdocs...')
#2 C:\xampp\htdocs\pd_ln\system\View\View.php(213): CodeIgniter\View\View->CodeIgniter\View\{closure}()
#3 C:\xampp\htdocs\pd_ln\system\Common.php(1089): CodeIgniter\View\View->render('pjum/v_datapjum', Array, true)
#4 C:\xampp\htdocs\pd_ln\app\Controllers\Admin\PJUM.php(213): view('pjum/v_datapjum', Array)
#5 C:\xampp\htdocs\pd_ln\system\CodeIgniter.php(832): App\Controllers\Admin\PJUM->datapjum('pjum', '1', '')
#6 C:\xampp\htdocs\pd_ln\system\CodeIgniter.php(419): CodeIgniter\CodeIgniter->runController(Object(App\Controllers\Admin\PJUM))
#7 C:\xampp\htdocs\pd_ln\system\CodeIgniter.php(326): CodeIgniter\CodeIgniter->handleRequest(NULL, Object(Config\Cache), false)
#8 C:\xampp\htdocs\pdln\index.php(37): CodeIgniter\CodeIgniter->run()
#9 {main}
ERROR - 2023-09-19 04:08:26 --> Unknown column 'id_biaya' in 'order clause'
CRITICAL - 2023-09-19 04:08:26 --> Unknown column 'id_biaya' in 'order clause'
#0 C:\xampp\htdocs\pd_ln\system\Database\MySQLi\Connection.php(292): mysqli->query('SELECT *\nFROM `...', 0)
#1 C:\xampp\htdocs\pd_ln\system\Database\BaseConnection.php(670): CodeIgniter\Database\MySQLi\Connection->execute('SELECT *\nFROM `...')
#2 C:\xampp\htdocs\pd_ln\system\Database\BaseConnection.php(598): CodeIgniter\Database\BaseConnection->simpleQuery('SELECT *\nFROM `...')
#3 C:\xampp\htdocs\pd_ln\system\Database\BaseBuilder.php(1455): CodeIgniter\Database\BaseConnection->query('SELECT *\nFROM `...', Array, false)
#4 C:\xampp\htdocs\pd_ln\system\Model.php(728): CodeIgniter\Database\BaseBuilder->get()
#5 C:\xampp\htdocs\pd_ln\app\Models\PumModel.php(29): CodeIgniter\Model->__call('get', Array)
#6 C:\xampp\htdocs\pd_ln\app\Controllers\Admin\PJUM.php(204): App\Models\PumModel->alldataId('1')
#7 C:\xampp\htdocs\pd_ln\system\CodeIgniter.php(832): App\Controllers\Admin\PJUM->datapjum('pjum', '1', '')
#8 C:\xampp\htdocs\pd_ln\system\CodeIgniter.php(419): CodeIgniter\CodeIgniter->runController(Object(App\Controllers\Admin\PJUM))
#9 C:\xampp\htdocs\pd_ln\system\CodeIgniter.php(326): CodeIgniter\CodeIgniter->handleRequest(NULL, Object(Config\Cache), false)
#10 C:\xampp\htdocs\pdln\index.php(37): CodeIgniter\CodeIgniter->run()
#11 {main}
ERROR - 2023-09-19 04:08:34 --> Unknown column 'id_biaya' in 'order clause'
CRITICAL - 2023-09-19 04:08:34 --> Unknown column 'id_biaya' in 'order clause'
#0 C:\xampp\htdocs\pd_ln\system\Database\MySQLi\Connection.php(292): mysqli->query('SELECT *\nFROM `...', 0)
#1 C:\xampp\htdocs\pd_ln\system\Database\BaseConnection.php(670): CodeIgniter\Database\MySQLi\Connection->execute('SELECT *\nFROM `...')
#2 C:\xampp\htdocs\pd_ln\system\Database\BaseConnection.php(598): CodeIgniter\Database\BaseConnection->simpleQuery('SELECT *\nFROM `...')
#3 C:\xampp\htdocs\pd_ln\system\Database\BaseBuilder.php(1455): CodeIgniter\Database\BaseConnection->query('SELECT *\nFROM `...', Array, false)
#4 C:\xampp\htdocs\pd_ln\system\Model.php(728): CodeIgniter\Database\BaseBuilder->get()
#5 C:\xampp\htdocs\pd_ln\app\Models\PumModel.php(29): CodeIgniter\Model->__call('get', Array)
#6 C:\xampp\htdocs\pd_ln\app\Controllers\Admin\PJUM.php(204): App\Models\PumModel->alldataId('1')
#7 C:\xampp\htdocs\pd_ln\system\CodeIgniter.php(832): App\Controllers\Admin\PJUM->datapjum('pjum', '1', '')
#8 C:\xampp\htdocs\pd_ln\system\CodeIgniter.php(419): CodeIgniter\CodeIgniter->runController(Object(App\Controllers\Admin\PJUM))
#9 C:\xampp\htdocs\pd_ln\system\CodeIgniter.php(326): CodeIgniter\CodeIgniter->handleRequest(NULL, Object(Config\Cache), false)
#10 C:\xampp\htdocs\pdln\index.php(37): CodeIgniter\CodeIgniter->run()
#11 {main}
CRITICAL - 2023-09-19 10:30:05 --> Trying to access array offset on value of type null
#0 C:\xampp\htdocs\pd_ln\app\Controllers\Admin\PJUM.php(403): CodeIgniter\Debug\Exceptions->errorHandler(2, 'Trying to acces...', 'C:\\xampp\\htdocs...', 403)
#1 C:\xampp\htdocs\pd_ln\system\CodeIgniter.php(832): App\Controllers\Admin\PJUM->importpjum('pjum', '1', '')
#2 C:\xampp\htdocs\pd_ln\system\CodeIgniter.php(419): CodeIgniter\CodeIgniter->runController(Object(App\Controllers\Admin\PJUM))
#3 C:\xampp\htdocs\pd_ln\system\CodeIgniter.php(326): CodeIgniter\CodeIgniter->handleRequest(NULL, Object(Config\Cache), false)
#4 C:\xampp\htdocs\pdln\index.php(37): CodeIgniter\CodeIgniter->run()
#5 {main}
CRITICAL - 2023-09-19 10:30:20 --> Trying to access array offset on value of type null
#0 C:\xampp\htdocs\pd_ln\app\Controllers\Admin\PJUM.php(403): CodeIgniter\Debug\Exceptions->errorHandler(2, 'Trying to acces...', 'C:\\xampp\\htdocs...', 403)
#1 C:\xampp\htdocs\pd_ln\system\CodeIgniter.php(832): App\Controllers\Admin\PJUM->importpjum('pjum', '1', '')
#2 C:\xampp\htdocs\pd_ln\system\CodeIgniter.php(419): CodeIgniter\CodeIgniter->runController(Object(App\Controllers\Admin\PJUM))
#3 C:\xampp\htdocs\pd_ln\system\CodeIgniter.php(326): CodeIgniter\CodeIgniter->handleRequest(NULL, Object(Config\Cache), false)
#4 C:\xampp\htdocs\pdln\index.php(37): CodeIgniter\CodeIgniter->run()
#5 {main}
CRITICAL - 2023-09-19 22:41:18 --> Unsupported operand types: array - array
#0 C:\xampp\htdocs\pd_ln\system\View\View.php(210): include()
#1 C:\xampp\htdocs\pd_ln\system\View\View.php(213): CodeIgniter\View\View->CodeIgniter\View\{closure}()
#2 C:\xampp\htdocs\pd_ln\system\Common.php(1089): CodeIgniter\View\View->render('pjum/v_datapjum', Array, true)
#3 C:\xampp\htdocs\pd_ln\app\Controllers\Admin\PJUM.php(217): view('pjum/v_datapjum', Array)
#4 C:\xampp\htdocs\pd_ln\system\CodeIgniter.php(832): App\Controllers\Admin\PJUM->datapjum('pjum', '1', '')
#5 C:\xampp\htdocs\pd_ln\system\CodeIgniter.php(419): CodeIgniter\CodeIgniter->runController(Object(App\Controllers\Admin\PJUM))
#6 C:\xampp\htdocs\pd_ln\system\CodeIgniter.php(326): CodeIgniter\CodeIgniter->handleRequest(NULL, Object(Config\Cache), false)
#7 C:\xampp\htdocs\pdln\index.php(37): CodeIgniter\CodeIgniter->run()
#8 {main}
CRITICAL - 2023-09-19 22:42:09 --> Undefined array key "pum"
#0 C:\xampp\htdocs\pd_ln\app\Views\pjum\v_datapjum.php(255): CodeIgniter\Debug\Exceptions->errorHandler(2, 'Undefined array...', 'C:\\xampp\\htdocs...', 255)
#1 C:\xampp\htdocs\pd_ln\system\View\View.php(210): include('C:\\xampp\\htdocs...')
#2 C:\xampp\htdocs\pd_ln\system\View\View.php(213): CodeIgniter\View\View->CodeIgniter\View\{closure}()
#3 C:\xampp\htdocs\pd_ln\system\Common.php(1089): CodeIgniter\View\View->render('pjum/v_datapjum', Array, true)
#4 C:\xampp\htdocs\pd_ln\app\Controllers\Admin\PJUM.php(217): view('pjum/v_datapjum', Array)
#5 C:\xampp\htdocs\pd_ln\system\CodeIgniter.php(832): App\Controllers\Admin\PJUM->datapjum('pjum', '1', '')
#6 C:\xampp\htdocs\pd_ln\system\CodeIgniter.php(419): CodeIgniter\CodeIgniter->runController(Object(App\Controllers\Admin\PJUM))
#7 C:\xampp\htdocs\pd_ln\system\CodeIgniter.php(326): CodeIgniter\CodeIgniter->handleRequest(NULL, Object(Config\Cache), false)
#8 C:\xampp\htdocs\pdln\index.php(37): CodeIgniter\CodeIgniter->run()
#9 {main}
CRITICAL - 2023-09-19 22:43:36 --> Unsupported operand types: array - array
#0 C:\xampp\htdocs\pd_ln\system\View\View.php(210): include()
#1 C:\xampp\htdocs\pd_ln\system\View\View.php(213): CodeIgniter\View\View->CodeIgniter\View\{closure}()
#2 C:\xampp\htdocs\pd_ln\system\Common.php(1089): CodeIgniter\View\View->render('pjum/v_datapjum', Array, true)
#3 C:\xampp\htdocs\pd_ln\app\Controllers\Admin\PJUM.php(217): view('pjum/v_datapjum', Array)
#4 C:\xampp\htdocs\pd_ln\system\CodeIgniter.php(832): App\Controllers\Admin\PJUM->datapjum('pjum', '1', '')
#5 C:\xampp\htdocs\pd_ln\system\CodeIgniter.php(419): CodeIgniter\CodeIgniter->runController(Object(App\Controllers\Admin\PJUM))
#6 C:\xampp\htdocs\pd_ln\system\CodeIgniter.php(326): CodeIgniter\CodeIgniter->handleRequest(NULL, Object(Config\Cache), false)
#7 C:\xampp\htdocs\pdln\index.php(37): CodeIgniter\CodeIgniter->run()
#8 {main}
CRITICAL - 2023-09-19 22:43:43 --> Unsupported operand types: array - array
#0 C:\xampp\htdocs\pd_ln\system\View\View.php(210): include()
#1 C:\xampp\htdocs\pd_ln\system\View\View.php(213): CodeIgniter\View\View->CodeIgniter\View\{closure}()
#2 C:\xampp\htdocs\pd_ln\system\Common.php(1089): CodeIgniter\View\View->render('pjum/v_datapjum', Array, true)
#3 C:\xampp\htdocs\pd_ln\app\Controllers\Admin\PJUM.php(217): view('pjum/v_datapjum', Array)
#4 C:\xampp\htdocs\pd_ln\system\CodeIgniter.php(832): App\Controllers\Admin\PJUM->datapjum('pjum', '1', '')
#5 C:\xampp\htdocs\pd_ln\system\CodeIgniter.php(419): CodeIgniter\CodeIgniter->runController(Object(App\Controllers\Admin\PJUM))
#6 C:\xampp\htdocs\pd_ln\system\CodeIgniter.php(326): CodeIgniter\CodeIgniter->handleRequest(NULL, Object(Config\Cache), false)
#7 C:\xampp\htdocs\pdln\index.php(37): CodeIgniter\CodeIgniter->run()
#8 {main}
CRITICAL - 2023-09-19 22:47:08 --> Unsupported operand types: array - array
#0 C:\xampp\htdocs\pd_ln\system\View\View.php(210): include()
#1 C:\xampp\htdocs\pd_ln\system\View\View.php(213): CodeIgniter\View\View->CodeIgniter\View\{closure}()
#2 C:\xampp\htdocs\pd_ln\system\Common.php(1089): CodeIgniter\View\View->render('pjum/v_datapjum', Array, true)
#3 C:\xampp\htdocs\pd_ln\app\Controllers\Admin\PJUM.php(217): view('pjum/v_datapjum', Array)
#4 C:\xampp\htdocs\pd_ln\system\CodeIgniter.php(832): App\Controllers\Admin\PJUM->datapjum('pjum', '1', '')
#5 C:\xampp\htdocs\pd_ln\system\CodeIgniter.php(419): CodeIgniter\CodeIgniter->runController(Object(App\Controllers\Admin\PJUM))
#6 C:\xampp\htdocs\pd_ln\system\CodeIgniter.php(326): CodeIgniter\CodeIgniter->handleRequest(NULL, Object(Config\Cache), false)
#7 C:\xampp\htdocs\pdln\index.php(37): CodeIgniter\CodeIgniter->run()
#8 {main}
CRITICAL - 2023-09-19 23:00:21 --> A non-numeric value encountered
#0 C:\xampp\htdocs\pd_ln\app\Views\pjum\v_datapjum.php(273): CodeIgniter\Debug\Exceptions->errorHandler(2, 'A non-numeric v...', 'C:\\xampp\\htdocs...', 273)
#1 C:\xampp\htdocs\pd_ln\system\View\View.php(210): include('C:\\xampp\\htdocs...')
#2 C:\xampp\htdocs\pd_ln\system\View\View.php(213): CodeIgniter\View\View->CodeIgniter\View\{closure}()
#3 C:\xampp\htdocs\pd_ln\system\Common.php(1089): CodeIgniter\View\View->render('pjum/v_datapjum', Array, true)
#4 C:\xampp\htdocs\pd_ln\app\Controllers\Admin\PJUM.php(222): view('pjum/v_datapjum', Array)
#5 C:\xampp\htdocs\pd_ln\system\CodeIgniter.php(832): App\Controllers\Admin\PJUM->datapjum('pjum', '1', '')
#6 C:\xampp\htdocs\pd_ln\system\CodeIgniter.php(419): CodeIgniter\CodeIgniter->runController(Object(App\Controllers\Admin\PJUM))
#7 C:\xampp\htdocs\pd_ln\system\CodeIgniter.php(326): CodeIgniter\CodeIgniter->handleRequest(NULL, Object(Config\Cache), false)
#8 C:\xampp\htdocs\pdln\index.php(37): CodeIgniter\CodeIgniter->run()
#9 {main}
CRITICAL - 2023-09-19 23:00:44 --> A non-numeric value encountered
#0 C:\xampp\htdocs\pd_ln\app\Views\pjum\v_datapjum.php(273): CodeIgniter\Debug\Exceptions->errorHandler(2, 'A non-numeric v...', 'C:\\xampp\\htdocs...', 273)
#1 C:\xampp\htdocs\pd_ln\system\View\View.php(210): include('C:\\xampp\\htdocs...')
#2 C:\xampp\htdocs\pd_ln\system\View\View.php(213): CodeIgniter\View\View->CodeIgniter\View\{closure}()
#3 C:\xampp\htdocs\pd_ln\system\Common.php(1089): CodeIgniter\View\View->render('pjum/v_datapjum', Array, true)
#4 C:\xampp\htdocs\pd_ln\app\Controllers\Admin\PJUM.php(222): view('pjum/v_datapjum', Array)
#5 C:\xampp\htdocs\pd_ln\system\CodeIgniter.php(832): App\Controllers\Admin\PJUM->datapjum('pjum', '1', '')
#6 C:\xampp\htdocs\pd_ln\system\CodeIgniter.php(419): CodeIgniter\CodeIgniter->runController(Object(App\Controllers\Admin\PJUM))
#7 C:\xampp\htdocs\pd_ln\system\CodeIgniter.php(326): CodeIgniter\CodeIgniter->handleRequest(NULL, Object(Config\Cache), false)
#8 C:\xampp\htdocs\pdln\index.php(37): CodeIgniter\CodeIgniter->run()
#9 {main}
CRITICAL - 2023-09-19 23:01:27 --> foreach() argument must be of type array|object, string given
#0 C:\xampp\htdocs\pd_ln\app\Views\pjum\v_datapjum.php(343): CodeIgniter\Debug\Exceptions->errorHandler(2, 'foreach() argum...', 'C:\\xampp\\htdocs...', 343)
#1 C:\xampp\htdocs\pd_ln\system\View\View.php(210): include('C:\\xampp\\htdocs...')
#2 C:\xampp\htdocs\pd_ln\system\View\View.php(213): CodeIgniter\View\View->CodeIgniter\View\{closure}()
#3 C:\xampp\htdocs\pd_ln\system\Common.php(1089): CodeIgniter\View\View->render('pjum/v_datapjum', Array, true)
#4 C:\xampp\htdocs\pd_ln\app\Controllers\Admin\PJUM.php(222): view('pjum/v_datapjum', Array)
#5 C:\xampp\htdocs\pd_ln\system\CodeIgniter.php(832): App\Controllers\Admin\PJUM->datapjum('pjum', '1', '')
#6 C:\xampp\htdocs\pd_ln\system\CodeIgniter.php(419): CodeIgniter\CodeIgniter->runController(Object(App\Controllers\Admin\PJUM))
#7 C:\xampp\htdocs\pd_ln\system\CodeIgniter.php(326): CodeIgniter\CodeIgniter->handleRequest(NULL, Object(Config\Cache), false)
#8 C:\xampp\htdocs\pdln\index.php(37): CodeIgniter\CodeIgniter->run()
#9 {main}
CRITICAL - 2023-09-19 23:05:18 --> Array to string conversion
#0 C:\xampp\htdocs\pd_ln\app\Controllers\Admin\PJUM.php(195): CodeIgniter\Debug\Exceptions->errorHandler(2, 'Array to string...', 'C:\\xampp\\htdocs...', 195)
#1 C:\xampp\htdocs\pd_ln\system\CodeIgniter.php(832): App\Controllers\Admin\PJUM->datapjum('pjum', '1', '')
#2 C:\xampp\htdocs\pd_ln\system\CodeIgniter.php(419): CodeIgniter\CodeIgniter->runController(Object(App\Controllers\Admin\PJUM))
#3 C:\xampp\htdocs\pd_ln\system\CodeIgniter.php(326): CodeIgniter\CodeIgniter->handleRequest(NULL, Object(Config\Cache), false)
#4 C:\xampp\htdocs\pdln\index.php(37): CodeIgniter\CodeIgniter->run()
#5 {main}
CRITICAL - 2023-09-19 23:05:26 --> Array to string conversion
#0 C:\xampp\htdocs\pd_ln\app\Controllers\Admin\PJUM.php(195): CodeIgniter\Debug\Exceptions->errorHandler(2, 'Array to string...', 'C:\\xampp\\htdocs...', 195)
#1 C:\xampp\htdocs\pd_ln\system\CodeIgniter.php(832): App\Controllers\Admin\PJUM->datapjum('pjum', '1', '')
#2 C:\xampp\htdocs\pd_ln\system\CodeIgniter.php(419): CodeIgniter\CodeIgniter->runController(Object(App\Controllers\Admin\PJUM))
#3 C:\xampp\htdocs\pd_ln\system\CodeIgniter.php(326): CodeIgniter\CodeIgniter->handleRequest(NULL, Object(Config\Cache), false)
#4 C:\xampp\htdocs\pdln\index.php(37): CodeIgniter\CodeIgniter->run()
#5 {main}
CRITICAL - 2023-09-19 23:06:12 --> Undefined array key "totalBiaya"
#0 C:\xampp\htdocs\pd_ln\app\Controllers\Admin\PJUM.php(195): CodeIgniter\Debug\Exceptions->errorHandler(2, 'Undefined array...', 'C:\\xampp\\htdocs...', 195)
#1 C:\xampp\htdocs\pd_ln\system\CodeIgniter.php(832): App\Controllers\Admin\PJUM->datapjum('pjum', '1', '')
#2 C:\xampp\htdocs\pd_ln\system\CodeIgniter.php(419): CodeIgniter\CodeIgniter->runController(Object(App\Controllers\Admin\PJUM))
#3 C:\xampp\htdocs\pd_ln\system\CodeIgniter.php(326): CodeIgniter\CodeIgniter->handleRequest(NULL, Object(Config\Cache), false)
#4 C:\xampp\htdocs\pdln\index.php(37): CodeIgniter\CodeIgniter->run()
#5 {main}
CRITICAL - 2023-09-19 23:11:15 --> Undefined variable $kode_valas1
#0 C:\xampp\htdocs\pd_ln\app\Views\pjum\v_datapjum.php(221): CodeIgniter\Debug\Exceptions->errorHandler(2, 'Undefined varia...', 'C:\\xampp\\htdocs...', 221)
#1 C:\xampp\htdocs\pd_ln\system\View\View.php(210): include('C:\\xampp\\htdocs...')
#2 C:\xampp\htdocs\pd_ln\system\View\View.php(213): CodeIgniter\View\View->CodeIgniter\View\{closure}()
#3 C:\xampp\htdocs\pd_ln\system\Common.php(1089): CodeIgniter\View\View->render('pjum/v_datapjum', Array, true)
#4 C:\xampp\htdocs\pd_ln\app\Controllers\Admin\PJUM.php(215): view('pjum/v_datapjum', Array)
#5 C:\xampp\htdocs\pd_ln\system\CodeIgniter.php(832): App\Controllers\Admin\PJUM->datapjum('pjum', '1', '')
#6 C:\xampp\htdocs\pd_ln\system\CodeIgniter.php(419): CodeIgniter\CodeIgniter->runController(Object(App\Controllers\Admin\PJUM))
#7 C:\xampp\htdocs\pd_ln\system\CodeIgniter.php(326): CodeIgniter\CodeIgniter->handleRequest(NULL, Object(Config\Cache), false)
#8 C:\xampp\htdocs\pdln\index.php(37): CodeIgniter\CodeIgniter->run()
#9 {main}
CRITICAL - 2023-09-19 23:11:19 --> Undefined variable $kode_valas1
#0 C:\xampp\htdocs\pd_ln\app\Views\pjum\v_datapjum.php(221): CodeIgniter\Debug\Exceptions->errorHandler(2, 'Undefined varia...', 'C:\\xampp\\htdocs...', 221)
#1 C:\xampp\htdocs\pd_ln\system\View\View.php(210): include('C:\\xampp\\htdocs...')
#2 C:\xampp\htdocs\pd_ln\system\View\View.php(213): CodeIgniter\View\View->CodeIgniter\View\{closure}()
#3 C:\xampp\htdocs\pd_ln\system\Common.php(1089): CodeIgniter\View\View->render('pjum/v_datapjum', Array, true)
#4 C:\xampp\htdocs\pd_ln\app\Controllers\Admin\PJUM.php(215): view('pjum/v_datapjum', Array)
#5 C:\xampp\htdocs\pd_ln\system\CodeIgniter.php(832): App\Controllers\Admin\PJUM->datapjum('pjum', '1', '')
#6 C:\xampp\htdocs\pd_ln\system\CodeIgniter.php(419): CodeIgniter\CodeIgniter->runController(Object(App\Controllers\Admin\PJUM))
#7 C:\xampp\htdocs\pd_ln\system\CodeIgniter.php(326): CodeIgniter\CodeIgniter->handleRequest(NULL, Object(Config\Cache), false)
#8 C:\xampp\htdocs\pdln\index.php(37): CodeIgniter\CodeIgniter->run()
#9 {main}
CRITICAL - 2023-09-19 23:15:14 --> foreach() argument must be of type array|object, string given
#0 C:\xampp\htdocs\pd_ln\app\Views\pjum\v_datapjum.php(256): CodeIgniter\Debug\Exceptions->errorHandler(2, 'foreach() argum...', 'C:\\xampp\\htdocs...', 256)
#1 C:\xampp\htdocs\pd_ln\system\View\View.php(210): include('C:\\xampp\\htdocs...')
#2 C:\xampp\htdocs\pd_ln\system\View\View.php(213): CodeIgniter\View\View->CodeIgniter\View\{closure}()
#3 C:\xampp\htdocs\pd_ln\system\Common.php(1089): CodeIgniter\View\View->render('pjum/v_datapjum', Array, true)
#4 C:\xampp\htdocs\pd_ln\app\Controllers\Admin\PJUM.php(216): view('pjum/v_datapjum', Array)
#5 C:\xampp\htdocs\pd_ln\system\CodeIgniter.php(832): App\Controllers\Admin\PJUM->datapjum('pjum', '1', '')
#6 C:\xampp\htdocs\pd_ln\system\CodeIgniter.php(419): CodeIgniter\CodeIgniter->runController(Object(App\Controllers\Admin\PJUM))
#7 C:\xampp\htdocs\pd_ln\system\CodeIgniter.php(326): CodeIgniter\CodeIgniter->handleRequest(NULL, Object(Config\Cache), false)
#8 C:\xampp\htdocs\pdln\index.php(37): CodeIgniter\CodeIgniter->run()
#9 {main}
CRITICAL - 2023-09-19 23:15:36 --> foreach() argument must be of type array|object, string given
#0 C:\xampp\htdocs\pd_ln\app\Views\pjum\v_datapjum.php(256): CodeIgniter\Debug\Exceptions->errorHandler(2, 'foreach() argum...', 'C:\\xampp\\htdocs...', 256)
#1 C:\xampp\htdocs\pd_ln\system\View\View.php(210): include('C:\\xampp\\htdocs...')
#2 C:\xampp\htdocs\pd_ln\system\View\View.php(213): CodeIgniter\View\View->CodeIgniter\View\{closure}()
#3 C:\xampp\htdocs\pd_ln\system\Common.php(1089): CodeIgniter\View\View->render('pjum/v_datapjum', Array, true)
#4 C:\xampp\htdocs\pd_ln\app\Controllers\Admin\PJUM.php(216): view('pjum/v_datapjum', Array)
#5 C:\xampp\htdocs\pd_ln\system\CodeIgniter.php(832): App\Controllers\Admin\PJUM->datapjum('pjum', '1', '')
#6 C:\xampp\htdocs\pd_ln\system\CodeIgniter.php(419): CodeIgniter\CodeIgniter->runController(Object(App\Controllers\Admin\PJUM))
#7 C:\xampp\htdocs\pd_ln\system\CodeIgniter.php(326): CodeIgniter\CodeIgniter->handleRequest(NULL, Object(Config\Cache), false)
#8 C:\xampp\htdocs\pdln\index.php(37): CodeIgniter\CodeIgniter->run()
#9 {main}
ERROR - 2023-09-19 23:37:21 --> You have an error in your SQL syntax; check the manual that corresponds to your MariaDB server version for the right syntax to use near 'WHERE `id_transaksi` = '1'
AND `jenis_biaya` = 'pjum'
GROUP BY `id_valas`, `i...' at line 4
CRITICAL - 2023-09-19 23:37:21 --> You have an error in your SQL syntax; check the manual that corresponds to your MariaDB server version for the right syntax to use near 'WHERE `id_transaksi` = '1'
AND `jenis_biaya` = 'pjum'
GROUP BY `id_valas`, `i...' at line 4
#0 C:\xampp\htdocs\pd_ln\system\Database\MySQLi\Connection.php(292): mysqli->query('SELECT `biaya +...', 0)
#1 C:\xampp\htdocs\pd_ln\system\Database\BaseConnection.php(670): CodeIgniter\Database\MySQLi\Connection->execute('SELECT `biaya +...')
#2 C:\xampp\htdocs\pd_ln\system\Database\BaseConnection.php(598): CodeIgniter\Database\BaseConnection->simpleQuery('SELECT `biaya +...')
#3 C:\xampp\htdocs\pd_ln\system\Database\BaseBuilder.php(1455): CodeIgniter\Database\BaseConnection->query('SELECT `biaya +...', Array, false)
#4 C:\xampp\htdocs\pd_ln\system\Model.php(728): CodeIgniter\Database\BaseBuilder->get()
#5 C:\xampp\htdocs\pd_ln\app\Models\BiayaModel.php(152): CodeIgniter\Model->__call('get', Array)
#6 C:\xampp\htdocs\pd_ln\app\Controllers\Admin\PJUM.php(194): App\Models\BiayaModel->sisa('1', 'pjum')
#7 C:\xampp\htdocs\pd_ln\system\CodeIgniter.php(832): App\Controllers\Admin\PJUM->datapjum('pjum', '1', '')
#8 C:\xampp\htdocs\pd_ln\system\CodeIgniter.php(419): CodeIgniter\CodeIgniter->runController(Object(App\Controllers\Admin\PJUM))
#9 C:\xampp\htdocs\pd_ln\system\CodeIgniter.php(326): CodeIgniter\CodeIgniter->handleRequest(NULL, Object(Config\Cache), false)
#10 C:\xampp\htdocs\pdln\index.php(37): CodeIgniter\CodeIgniter->run()
#11 {main}
ERROR - 2023-09-19 23:40:54 --> You have an error in your SQL syntax; check the manual that corresponds to your MariaDB server version for the right syntax to use near 'WHERE `id_transaksi` = '1'
AND `jenis_biaya` = 'pjum'
GROUP BY `id_valas`, `i...' at line 4
CRITICAL - 2023-09-19 23:40:54 --> You have an error in your SQL syntax; check the manual that corresponds to your MariaDB server version for the right syntax to use near 'WHERE `id_transaksi` = '1'
AND `jenis_biaya` = 'pjum'
GROUP BY `id_valas`, `i...' at line 4
#0 C:\xampp\htdocs\pd_ln\system\Database\MySQLi\Connection.php(292): mysqli->query('SELECT `biaya +...', 0)
#1 C:\xampp\htdocs\pd_ln\system\Database\BaseConnection.php(670): CodeIgniter\Database\MySQLi\Connection->execute('SELECT `biaya +...')
#2 C:\xampp\htdocs\pd_ln\system\Database\BaseConnection.php(598): CodeIgniter\Database\BaseConnection->simpleQuery('SELECT `biaya +...')
#3 C:\xampp\htdocs\pd_ln\system\Database\BaseBuilder.php(1455): CodeIgniter\Database\BaseConnection->query('SELECT `biaya +...', Array, false)
#4 C:\xampp\htdocs\pd_ln\system\Model.php(728): CodeIgniter\Database\BaseBuilder->get()
#5 C:\xampp\htdocs\pd_ln\app\Models\BiayaModel.php(152): CodeIgniter\Model->__call('get', Array)
#6 C:\xampp\htdocs\pd_ln\app\Controllers\Admin\PJUM.php(194): App\Models\BiayaModel->sisa('1', 'pjum')
#7 C:\xampp\htdocs\pd_ln\system\CodeIgniter.php(832): App\Controllers\Admin\PJUM->datapjum('pjum', '1', '')
#8 C:\xampp\htdocs\pd_ln\system\CodeIgniter.php(419): CodeIgniter\CodeIgniter->runController(Object(App\Controllers\Admin\PJUM))
#9 C:\xampp\htdocs\pd_ln\system\CodeIgniter.php(326): CodeIgniter\CodeIgniter->handleRequest(NULL, Object(Config\Cache), false)
#10 C:\xampp\htdocs\pdln\index.php(37): CodeIgniter\CodeIgniter->run()
#11 {main}
ERROR - 2023-09-19 23:40:56 --> You have an error in your SQL syntax; check the manual that corresponds to your MariaDB server version for the right syntax to use near 'WHERE `id_transaksi` = '1'
AND `jenis_biaya` = 'pjum'
GROUP BY `id_valas`, `i...' at line 4
CRITICAL - 2023-09-19 23:40:56 --> You have an error in your SQL syntax; check the manual that corresponds to your MariaDB server version for the right syntax to use near 'WHERE `id_transaksi` = '1'
AND `jenis_biaya` = 'pjum'
GROUP BY `id_valas`, `i...' at line 4
#0 C:\xampp\htdocs\pd_ln\system\Database\MySQLi\Connection.php(292): mysqli->query('SELECT `biaya +...', 0)
#1 C:\xampp\htdocs\pd_ln\system\Database\BaseConnection.php(670): CodeIgniter\Database\MySQLi\Connection->execute('SELECT `biaya +...')
#2 C:\xampp\htdocs\pd_ln\system\Database\BaseConnection.php(598): CodeIgniter\Database\BaseConnection->simpleQuery('SELECT `biaya +...')
#3 C:\xampp\htdocs\pd_ln\system\Database\BaseBuilder.php(1455): CodeIgniter\Database\BaseConnection->query('SELECT `biaya +...', Array, false)
#4 C:\xampp\htdocs\pd_ln\system\Model.php(728): CodeIgniter\Database\BaseBuilder->get()
#5 C:\xampp\htdocs\pd_ln\app\Models\BiayaModel.php(152): CodeIgniter\Model->__call('get', Array)
#6 C:\xampp\htdocs\pd_ln\app\Controllers\Admin\PJUM.php(194): App\Models\BiayaModel->sisa('1', 'pjum')
#7 C:\xampp\htdocs\pd_ln\system\CodeIgniter.php(832): App\Controllers\Admin\PJUM->datapjum('pjum', '1', '')
#8 C:\xampp\htdocs\pd_ln\system\CodeIgniter.php(419): CodeIgniter\CodeIgniter->runController(Object(App\Controllers\Admin\PJUM))
#9 C:\xampp\htdocs\pd_ln\system\CodeIgniter.php(326): CodeIgniter\CodeIgniter->handleRequest(NULL, Object(Config\Cache), false)
#10 C:\xampp\htdocs\pdln\index.php(37): CodeIgniter\CodeIgniter->run()
#11 {main}
ERROR - 2023-09-19 23:41:20 --> You have an error in your SQL syntax; check the manual that corresponds to your MariaDB server version for the right syntax to use near 'WHERE `id_transaksi` = '1'
AND `jenis_biaya` = 'pjum'
GROUP BY `id_valas`, `i...' at line 4
CRITICAL - 2023-09-19 23:41:20 --> You have an error in your SQL syntax; check the manual that corresponds to your MariaDB server version for the right syntax to use near 'WHERE `id_transaksi` = '1'
AND `jenis_biaya` = 'pjum'
GROUP BY `id_valas`, `i...' at line 4
#0 C:\xampp\htdocs\pd_ln\system\Database\MySQLi\Connection.php(292): mysqli->query('SELECT (biaya +...', 0)
#1 C:\xampp\htdocs\pd_ln\system\Database\BaseConnection.php(670): CodeIgniter\Database\MySQLi\Connection->execute('SELECT (biaya +...')
#2 C:\xampp\htdocs\pd_ln\system\Database\BaseConnection.php(598): CodeIgniter\Database\BaseConnection->simpleQuery('SELECT (biaya +...')
#3 C:\xampp\htdocs\pd_ln\system\Database\BaseBuilder.php(1455): CodeIgniter\Database\BaseConnection->query('SELECT (biaya +...', Array, false)
#4 C:\xampp\htdocs\pd_ln\system\Model.php(728): CodeIgniter\Database\BaseBuilder->get()
#5 C:\xampp\htdocs\pd_ln\app\Models\BiayaModel.php(152): CodeIgniter\Model->__call('get', Array)
#6 C:\xampp\htdocs\pd_ln\app\Controllers\Admin\PJUM.php(194): App\Models\BiayaModel->sisa('1', 'pjum')
#7 C:\xampp\htdocs\pd_ln\system\CodeIgniter.php(832): App\Controllers\Admin\PJUM->datapjum('pjum', '1', '')
#8 C:\xampp\htdocs\pd_ln\system\CodeIgniter.php(419): CodeIgniter\CodeIgniter->runController(Object(App\Controllers\Admin\PJUM))
#9 C:\xampp\htdocs\pd_ln\system\CodeIgniter.php(326): CodeIgniter\CodeIgniter->handleRequest(NULL, Object(Config\Cache), false)
#10 C:\xampp\htdocs\pdln\index.php(37): CodeIgniter\CodeIgniter->run()
#11 {main}
ERROR - 2023-09-19 23:43:27 --> Column 'simbol' in field list is ambiguous
CRITICAL - 2023-09-19 23:43:27 --> Column 'simbol' in field list is ambiguous
#0 C:\xampp\htdocs\pd_ln\system\Database\MySQLi\Connection.php(292): mysqli->query('SELECT (biaya +...', 0)
#1 C:\xampp\htdocs\pd_ln\system\Database\BaseConnection.php(670): CodeIgniter\Database\MySQLi\Connection->execute('SELECT (biaya +...')
#2 C:\xampp\htdocs\pd_ln\system\Database\BaseConnection.php(598): CodeIgniter\Database\BaseConnection->simpleQuery('SELECT (biaya +...')
#3 C:\xampp\htdocs\pd_ln\system\Database\BaseBuilder.php(1455): CodeIgniter\Database\BaseConnection->query('SELECT (biaya +...', Array, false)
#4 C:\xampp\htdocs\pd_ln\system\Model.php(728): CodeIgniter\Database\BaseBuilder->get()
#5 C:\xampp\htdocs\pd_ln\app\Models\BiayaModel.php(152): CodeIgniter\Model->__call('get', Array)
#6 C:\xampp\htdocs\pd_ln\app\Controllers\Admin\PJUM.php(194): App\Models\BiayaModel->sisa('1', 'pjum')
#7 C:\xampp\htdocs\pd_ln\system\CodeIgniter.php(832): App\Controllers\Admin\PJUM->datapjum('pjum', '1', '')
#8 C:\xampp\htdocs\pd_ln\system\CodeIgniter.php(419): CodeIgniter\CodeIgniter->runController(Object(App\Controllers\Admin\PJUM))
#9 C:\xampp\htdocs\pd_ln\system\CodeIgniter.php(326): CodeIgniter\CodeIgniter->handleRequest(NULL, Object(Config\Cache), false)
#10 C:\xampp\htdocs\pdln\index.php(37): CodeIgniter\CodeIgniter->run()
#11 {main}
ERROR - 2023-09-19 23:43:58 --> Column 'id_transaksi' in where clause is ambiguous
CRITICAL - 2023-09-19 23:43:58 --> Column 'id_transaksi' in where clause is ambiguous
#0 C:\xampp\htdocs\pd_ln\system\Database\MySQLi\Connection.php(292): mysqli->query('SELECT (biaya +...', 0)
#1 C:\xampp\htdocs\pd_ln\system\Database\BaseConnection.php(670): CodeIgniter\Database\MySQLi\Connection->execute('SELECT (biaya +...')
#2 C:\xampp\htdocs\pd_ln\system\Database\BaseConnection.php(598): CodeIgniter\Database\BaseConnection->simpleQuery('SELECT (biaya +...')
#3 C:\xampp\htdocs\pd_ln\system\Database\BaseBuilder.php(1455): CodeIgniter\Database\BaseConnection->query('SELECT (biaya +...', Array, false)
#4 C:\xampp\htdocs\pd_ln\system\Model.php(728): CodeIgniter\Database\BaseBuilder->get()
#5 C:\xampp\htdocs\pd_ln\app\Models\BiayaModel.php(152): CodeIgniter\Model->__call('get', Array)
#6 C:\xampp\htdocs\pd_ln\app\Controllers\Admin\PJUM.php(194): App\Models\BiayaModel->sisa('1', 'pjum')
#7 C:\xampp\htdocs\pd_ln\system\CodeIgniter.php(832): App\Controllers\Admin\PJUM->datapjum('pjum', '1', '')
#8 C:\xampp\htdocs\pd_ln\system\CodeIgniter.php(419): CodeIgniter\CodeIgniter->runController(Object(App\Controllers\Admin\PJUM))
#9 C:\xampp\htdocs\pd_ln\system\CodeIgniter.php(326): CodeIgniter\CodeIgniter->handleRequest(NULL, Object(Config\Cache), false)
#10 C:\xampp\htdocs\pdln\index.php(37): CodeIgniter\CodeIgniter->run()
#11 {main}
ERROR - 2023-09-19 23:44:19 --> Column 'id_transaksi' in where clause is ambiguous
CRITICAL - 2023-09-19 23:44:19 --> Column 'id_transaksi' in where clause is ambiguous
#0 C:\xampp\htdocs\pd_ln\system\Database\MySQLi\Connection.php(292): mysqli->query('SELECT (biaya +...', 0)
#1 C:\xampp\htdocs\pd_ln\system\Database\BaseConnection.php(670): CodeIgniter\Database\MySQLi\Connection->execute('SELECT (biaya +...')
#2 C:\xampp\htdocs\pd_ln\system\Database\BaseConnection.php(598): CodeIgniter\Database\BaseConnection->simpleQuery('SELECT (biaya +...')
#3 C:\xampp\htdocs\pd_ln\system\Database\BaseBuilder.php(1455): CodeIgniter\Database\BaseConnection->query('SELECT (biaya +...', Array, false)
#4 C:\xampp\htdocs\pd_ln\system\Model.php(728): CodeIgniter\Database\BaseBuilder->get()
#5 C:\xampp\htdocs\pd_ln\app\Models\BiayaModel.php(152): CodeIgniter\Model->__call('get', Array)
#6 C:\xampp\htdocs\pd_ln\app\Controllers\Admin\PJUM.php(194): App\Models\BiayaModel->sisa('1', 'pjum')
#7 C:\xampp\htdocs\pd_ln\system\CodeIgniter.php(832): App\Controllers\Admin\PJUM->datapjum('pjum', '1', '')
#8 C:\xampp\htdocs\pd_ln\system\CodeIgniter.php(419): CodeIgniter\CodeIgniter->runController(Object(App\Controllers\Admin\PJUM))
#9 C:\xampp\htdocs\pd_ln\system\CodeIgniter.php(326): CodeIgniter\CodeIgniter->handleRequest(NULL, Object(Config\Cache), false)
#10 C:\xampp\htdocs\pdln\index.php(37): CodeIgniter\CodeIgniter->run()
#11 {main}
ERROR - 2023-09-19 23:48:46 --> Unknown column 'id_transaksi.simbol' in 'where clause'
CRITICAL - 2023-09-19 23:48:46 --> Unknown column 'id_transaksi.simbol' in 'where clause'
#0 C:\xampp\htdocs\pd_ln\system\Database\MySQLi\Connection.php(292): mysqli->query('SELECT (biaya +...', 0)
#1 C:\xampp\htdocs\pd_ln\system\Database\BaseConnection.php(670): CodeIgniter\Database\MySQLi\Connection->execute('SELECT (biaya +...')
#2 C:\xampp\htdocs\pd_ln\system\Database\BaseConnection.php(598): CodeIgniter\Database\BaseConnection->simpleQuery('SELECT (biaya +...')
#3 C:\xampp\htdocs\pd_ln\system\Database\BaseBuilder.php(1455): CodeIgniter\Database\BaseConnection->query('SELECT (biaya +...', Array, false)
#4 C:\xampp\htdocs\pd_ln\system\Model.php(728): CodeIgniter\Database\BaseBuilder->get()
#5 C:\xampp\htdocs\pd_ln\app\Models\BiayaModel.php(152): CodeIgniter\Model->__call('get', Array)
#6 C:\xampp\htdocs\pd_ln\app\Controllers\Admin\PJUM.php(194): App\Models\BiayaModel->sisa('1', 'pjum')
#7 C:\xampp\htdocs\pd_ln\system\CodeIgniter.php(832): App\Controllers\Admin\PJUM->datapjum('pjum', '1', '')
#8 C:\xampp\htdocs\pd_ln\system\CodeIgniter.php(419): CodeIgniter\CodeIgniter->runController(Object(App\Controllers\Admin\PJUM))
#9 C:\xampp\htdocs\pd_ln\system\CodeIgniter.php(326): CodeIgniter\CodeIgniter->handleRequest(NULL, Object(Config\Cache), false)
#10 C:\xampp\htdocs\pdln\index.php(37): CodeIgniter\CodeIgniter->run()
#11 {main}
ERROR - 2023-09-19 23:49:22 --> Column 'id_transaksi' in where clause is ambiguous
CRITICAL - 2023-09-19 23:49:22 --> Column 'id_transaksi' in where clause is ambiguous
#0 C:\xampp\htdocs\pd_ln\system\Database\MySQLi\Connection.php(292): mysqli->query('SELECT (biaya +...', 0)
#1 C:\xampp\htdocs\pd_ln\system\Database\BaseConnection.php(670): CodeIgniter\Database\MySQLi\Connection->execute('SELECT (biaya +...')
#2 C:\xampp\htdocs\pd_ln\system\Database\BaseConnection.php(598): CodeIgniter\Database\BaseConnection->simpleQuery('SELECT (biaya +...')
#3 C:\xampp\htdocs\pd_ln\system\Database\BaseBuilder.php(1455): CodeIgniter\Database\BaseConnection->query('SELECT (biaya +...', Array, false)
#4 C:\xampp\htdocs\pd_ln\system\Model.php(728): CodeIgniter\Database\BaseBuilder->get()
#5 C:\xampp\htdocs\pd_ln\app\Models\BiayaModel.php(152): CodeIgniter\Model->__call('get', Array)
#6 C:\xampp\htdocs\pd_ln\app\Controllers\Admin\PJUM.php(194): App\Models\BiayaModel->sisa('1', 'pjum')
#7 C:\xampp\htdocs\pd_ln\system\CodeIgniter.php(832): App\Controllers\Admin\PJUM->datapjum('pjum', '1', '')
#8 C:\xampp\htdocs\pd_ln\system\CodeIgniter.php(419): CodeIgniter\CodeIgniter->runController(Object(App\Controllers\Admin\PJUM))
#9 C:\xampp\htdocs\pd_ln\system\CodeIgniter.php(326): CodeIgniter\CodeIgniter->handleRequest(NULL, Object(Config\Cache), false)
#10 C:\xampp\htdocs\pdln\index.php(37): CodeIgniter\CodeIgniter->run()
#11 {main}
ERROR - 2023-09-19 23:50:10 --> Unknown column 'pum.id' in 'on clause'
CRITICAL - 2023-09-19 23:50:10 --> Unknown column 'pum.id' in 'on clause'
#0 C:\xampp\htdocs\pd_ln\system\Database\MySQLi\Connection.php(292): mysqli->query('SELECT (biaya +...', 0)
#1 C:\xampp\htdocs\pd_ln\system\Database\BaseConnection.php(670): CodeIgniter\Database\MySQLi\Connection->execute('SELECT (biaya +...')
#2 C:\xampp\htdocs\pd_ln\system\Database\BaseConnection.php(598): CodeIgniter\Database\BaseConnection->simpleQuery('SELECT (biaya +...')
#3 C:\xampp\htdocs\pd_ln\system\Database\BaseBuilder.php(1455): CodeIgniter\Database\BaseConnection->query('SELECT (biaya +...', Array, false)
#4 C:\xampp\htdocs\pd_ln\system\Model.php(728): CodeIgniter\Database\BaseBuilder->get()
#5 C:\xampp\htdocs\pd_ln\app\Models\BiayaModel.php(152): CodeIgniter\Model->__call('get', Array)
#6 C:\xampp\htdocs\pd_ln\app\Controllers\Admin\PJUM.php(194): App\Models\BiayaModel->sisa('1', 'pjum')
#7 C:\xampp\htdocs\pd_ln\system\CodeIgniter.php(832): App\Controllers\Admin\PJUM->datapjum('pjum', '1', '')
#8 C:\xampp\htdocs\pd_ln\system\CodeIgniter.php(419): CodeIgniter\CodeIgniter->runController(Object(App\Controllers\Admin\PJUM))
#9 C:\xampp\htdocs\pd_ln\system\CodeIgniter.php(326): CodeIgniter\CodeIgniter->handleRequest(NULL, Object(Config\Cache), false)
#10 C:\xampp\htdocs\pdln\index.php(37): CodeIgniter\CodeIgniter->run()
#11 {main}
CRITICAL - 2023-09-19 23:50:45 --> foreach() argument must be of type array|object, string given
#0 C:\xampp\htdocs\pd_ln\app\Views\pjum\v_datapjum.php(325): CodeIgniter\Debug\Exceptions->errorHandler(2, 'foreach() argum...', 'C:\\xampp\\htdocs...', 325)
#1 C:\xampp\htdocs\pd_ln\system\View\View.php(210): include('C:\\xampp\\htdocs...')
#2 C:\xampp\htdocs\pd_ln\system\View\View.php(213): CodeIgniter\View\View->CodeIgniter\View\{closure}()
#3 C:\xampp\htdocs\pd_ln\system\Common.php(1089): CodeIgniter\View\View->render('pjum/v_datapjum', Array, true)
#4 C:\xampp\htdocs\pd_ln\app\Controllers\Admin\PJUM.php(219): view('pjum/v_datapjum', Array)
#5 C:\xampp\htdocs\pd_ln\system\CodeIgniter.php(832): App\Controllers\Admin\PJUM->datapjum('pjum', '1', '')
#6 C:\xampp\htdocs\pd_ln\system\CodeIgniter.php(419): CodeIgniter\CodeIgniter->runController(Object(App\Controllers\Admin\PJUM))
#7 C:\xampp\htdocs\pd_ln\system\CodeIgniter.php(326): CodeIgniter\CodeIgniter->handleRequest(NULL, Object(Config\Cache), false)
#8 C:\xampp\htdocs\pdln\index.php(37): CodeIgniter\CodeIgniter->run()
#9 {main}
ERROR - 2023-09-19 23:58:08 --> Unknown column 'pum -' in 'field list'
CRITICAL - 2023-09-19 23:58:08 --> Unknown column 'pum -' in 'field list'
#0 C:\xampp\htdocs\pd_ln\system\Database\MySQLi\Connection.php(292): mysqli->query('SELECT `pum -` ...', 0)
#1 C:\xampp\htdocs\pd_ln\system\Database\BaseConnection.php(670): CodeIgniter\Database\MySQLi\Connection->execute('SELECT `pum -` ...')
#2 C:\xampp\htdocs\pd_ln\system\Database\BaseConnection.php(598): CodeIgniter\Database\BaseConnection->simpleQuery('SELECT `pum -` ...')
#3 C:\xampp\htdocs\pd_ln\system\Database\BaseBuilder.php(1455): CodeIgniter\Database\BaseConnection->query('SELECT `pum -` ...', Array, false)
#4 C:\xampp\htdocs\pd_ln\system\Model.php(728): CodeIgniter\Database\BaseBuilder->get()
#5 C:\xampp\htdocs\pd_ln\app\Models\BiayaModel.php(152): CodeIgniter\Model->__call('get', Array)
#6 C:\xampp\htdocs\pd_ln\app\Controllers\Admin\PJUM.php(194): App\Models\BiayaModel->sisa('2', 'pjum')
#7 C:\xampp\htdocs\pd_ln\system\CodeIgniter.php(832): App\Controllers\Admin\PJUM->datapjum('pjum', '2', '')
#8 C:\xampp\htdocs\pd_ln\system\CodeIgniter.php(419): CodeIgniter\CodeIgniter->runController(Object(App\Controllers\Admin\PJUM))
#9 C:\xampp\htdocs\pd_ln\system\CodeIgniter.php(326): CodeIgniter\CodeIgniter->handleRequest(NULL, Object(Config\Cache), false)
#10 C:\xampp\htdocs\pdln\index.php(37): CodeIgniter\CodeIgniter->run()
#11 {main}
ERROR - 2023-09-19 23:58:13 --> Unknown column 'pum -' in 'field list'
CRITICAL - 2023-09-19 23:58:13 --> Unknown column 'pum -' in 'field list'
#0 C:\xampp\htdocs\pd_ln\system\Database\MySQLi\Connection.php(292): mysqli->query('SELECT `pum -` ...', 0)
#1 C:\xampp\htdocs\pd_ln\system\Database\BaseConnection.php(670): CodeIgniter\Database\MySQLi\Connection->execute('SELECT `pum -` ...')
#2 C:\xampp\htdocs\pd_ln\system\Database\BaseConnection.php(598): CodeIgniter\Database\BaseConnection->simpleQuery('SELECT `pum -` ...')
#3 C:\xampp\htdocs\pd_ln\system\Database\BaseBuilder.php(1455): CodeIgniter\Database\BaseConnection->query('SELECT `pum -` ...', Array, false)
#4 C:\xampp\htdocs\pd_ln\system\Model.php(728): CodeIgniter\Database\BaseBuilder->get()
#5 C:\xampp\htdocs\pd_ln\app\Models\BiayaModel.php(152): CodeIgniter\Model->__call('get', Array)
#6 C:\xampp\htdocs\pd_ln\app\Controllers\Admin\PJUM.php(194): App\Models\BiayaModel->sisa('2', 'pjum')
#7 C:\xampp\htdocs\pd_ln\system\CodeIgniter.php(832): App\Controllers\Admin\PJUM->datapjum('pjum', '2', '')
#8 C:\xampp\htdocs\pd_ln\system\CodeIgniter.php(419): CodeIgniter\CodeIgniter->runController(Object(App\Controllers\Admin\PJUM))
#9 C:\xampp\htdocs\pd_ln\system\CodeIgniter.php(326): CodeIgniter\CodeIgniter->handleRequest(NULL, Object(Config\Cache), false)
#10 C:\xampp\htdocs\pdln\index.php(37): CodeIgniter\CodeIgniter->run()
#11 {main}
ERROR - 2023-09-19 23:58:33 --> Unknown column 'pum -' in 'field list'
CRITICAL - 2023-09-19 23:58:33 --> Unknown column 'pum -' in 'field list'
#0 C:\xampp\htdocs\pd_ln\system\Database\MySQLi\Connection.php(292): mysqli->query('SELECT `pum -` ...', 0)
#1 C:\xampp\htdocs\pd_ln\system\Database\BaseConnection.php(670): CodeIgniter\Database\MySQLi\Connection->execute('SELECT `pum -` ...')
#2 C:\xampp\htdocs\pd_ln\system\Database\BaseConnection.php(598): CodeIgniter\Database\BaseConnection->simpleQuery('SELECT `pum -` ...')
#3 C:\xampp\htdocs\pd_ln\system\Database\BaseBuilder.php(1455): CodeIgniter\Database\BaseConnection->query('SELECT `pum -` ...', Array, false)
#4 C:\xampp\htdocs\pd_ln\system\Model.php(728): CodeIgniter\Database\BaseBuilder->get()
#5 C:\xampp\htdocs\pd_ln\app\Models\BiayaModel.php(152): CodeIgniter\Model->__call('get', Array)
#6 C:\xampp\htdocs\pd_ln\app\Controllers\Admin\PJUM.php(194): App\Models\BiayaModel->sisa('2', 'pjum')
#7 C:\xampp\htdocs\pd_ln\system\CodeIgniter.php(832): App\Controllers\Admin\PJUM->datapjum('pjum', '2', '')
#8 C:\xampp\htdocs\pd_ln\system\CodeIgniter.php(419): CodeIgniter\CodeIgniter->runController(Object(App\Controllers\Admin\PJUM))
#9 C:\xampp\htdocs\pd_ln\system\CodeIgniter.php(326): CodeIgniter\CodeIgniter->handleRequest(NULL, Object(Config\Cache), false)
#10 C:\xampp\htdocs\pdln\index.php(37): CodeIgniter\CodeIgniter->run()
#11 {main}
