CRITICAL - 2023-09-08 01:24:53 --> Undefined variable $k
#0 D:\PT Konimex\Proyek PPL\pd_ln\app\Controllers\Admin\PJUM.php(257): CodeIgniter\Debug\Exceptions->errorHandler(2, 'Undefined varia...', 'D:\\PT Konimex\\P...', 257)
#1 D:\PT Konimex\Proyek PPL\pd_ln\system\CodeIgniter.php(832): App\Controllers\Admin\PJUM->importpjum('pjum', '1', '')
#2 D:\PT Konimex\Proyek PPL\pd_ln\system\CodeIgniter.php(419): CodeIgniter\CodeIgniter->runController(Object(App\Controllers\Admin\PJUM))
#3 D:\PT Konimex\Proyek PPL\pd_ln\system\CodeIgniter.php(326): CodeIgniter\CodeIgniter->handleRequest(NULL, Object(Config\Cache), false)
#4 D:\PT Konimex\Proyek PPL\pd_ln\public\index.php(37): CodeIgniter\CodeIgniter->run()
#5 D:\PT Konimex\Proyek PPL\pd_ln\system\Commands\Server\rewrite.php(43): require_once('D:\\PT Konimex\\P...')
#6 {main}
CRITICAL - 2023-09-08 01:25:08 --> Undefined variable $tanggal
#0 D:\PT Konimex\Proyek PPL\pd_ln\app\Controllers\Admin\PJUM.php(260): CodeIgniter\Debug\Exceptions->errorHandler(2, 'Undefined varia...', 'D:\\PT Konimex\\P...', 260)
#1 D:\PT Konimex\Proyek PPL\pd_ln\system\CodeIgniter.php(832): App\Controllers\Admin\PJUM->importpjum('pjum', '1', '')
#2 D:\PT Konimex\Proyek PPL\pd_ln\system\CodeIgniter.php(419): CodeIgniter\CodeIgniter->runController(Object(App\Controllers\Admin\PJUM))
#3 D:\PT Konimex\Proyek PPL\pd_ln\system\CodeIgniter.php(326): CodeIgniter\CodeIgniter->handleRequest(NULL, Object(Config\Cache), false)
#4 D:\PT Konimex\Proyek PPL\pd_ln\public\index.php(37): CodeIgniter\CodeIgniter->run()
#5 D:\PT Konimex\Proyek PPL\pd_ln\system\Commands\Server\rewrite.php(43): require_once('D:\\PT Konimex\\P...')
#6 {main}
CRITICAL - 2023-09-08 01:31:43 --> Undefined array key 7
#0 D:\PT Konimex\Proyek PPL\pd_ln\app\Controllers\Admin\PJUM.php(258): CodeIgniter\Debug\Exceptions->errorHandler(2, 'Undefined array...', 'D:\\PT Konimex\\P...', 258)
#1 D:\PT Konimex\Proyek PPL\pd_ln\system\CodeIgniter.php(832): App\Controllers\Admin\PJUM->importpjum('pjum', '1', '')
#2 D:\PT Konimex\Proyek PPL\pd_ln\system\CodeIgniter.php(419): CodeIgniter\CodeIgniter->runController(Object(App\Controllers\Admin\PJUM))
#3 D:\PT Konimex\Proyek PPL\pd_ln\system\CodeIgniter.php(326): CodeIgniter\CodeIgniter->handleRequest(NULL, Object(Config\Cache), false)
#4 D:\PT Konimex\Proyek PPL\pd_ln\public\index.php(37): CodeIgniter\CodeIgniter->run()
#5 D:\PT Konimex\Proyek PPL\pd_ln\system\Commands\Server\rewrite.php(43): require_once('D:\\PT Konimex\\P...')
#6 {main}
CRITICAL - 2023-09-08 01:37:04 --> Undefined array key 7
#0 D:\PT Konimex\Proyek PPL\pd_ln\app\Controllers\Admin\PJUM.php(262): CodeIgniter\Debug\Exceptions->errorHandler(2, 'Undefined array...', 'D:\\PT Konimex\\P...', 262)
#1 D:\PT Konimex\Proyek PPL\pd_ln\system\CodeIgniter.php(832): App\Controllers\Admin\PJUM->importpjum('pjum', '1', '')
#2 D:\PT Konimex\Proyek PPL\pd_ln\system\CodeIgniter.php(419): CodeIgniter\CodeIgniter->runController(Object(App\Controllers\Admin\PJUM))
#3 D:\PT Konimex\Proyek PPL\pd_ln\system\CodeIgniter.php(326): CodeIgniter\CodeIgniter->handleRequest(NULL, Object(Config\Cache), false)
#4 D:\PT Konimex\Proyek PPL\pd_ln\public\index.php(37): CodeIgniter\CodeIgniter->run()
#5 D:\PT Konimex\Proyek PPL\pd_ln\system\Commands\Server\rewrite.php(43): require_once('D:\\PT Konimex\\P...')
#6 {main}
CRITICAL - 2023-09-08 01:37:28 --> Undefined array key 7
#0 D:\PT Konimex\Proyek PPL\pd_ln\app\Controllers\Admin\PJUM.php(264): CodeIgniter\Debug\Exceptions->errorHandler(2, 'Undefined array...', 'D:\\PT Konimex\\P...', 264)
#1 D:\PT Konimex\Proyek PPL\pd_ln\system\CodeIgniter.php(832): App\Controllers\Admin\PJUM->importpjum('pjum', '1', '')
#2 D:\PT Konimex\Proyek PPL\pd_ln\system\CodeIgniter.php(419): CodeIgniter\CodeIgniter->runController(Object(App\Controllers\Admin\PJUM))
#3 D:\PT Konimex\Proyek PPL\pd_ln\system\CodeIgniter.php(326): CodeIgniter\CodeIgniter->handleRequest(NULL, Object(Config\Cache), false)
#4 D:\PT Konimex\Proyek PPL\pd_ln\public\index.php(37): CodeIgniter\CodeIgniter->run()
#5 D:\PT Konimex\Proyek PPL\pd_ln\system\Commands\Server\rewrite.php(43): require_once('D:\\PT Konimex\\P...')
#6 {main}
CRITICAL - 2023-09-08 01:37:51 --> Undefined array key 7
#0 D:\PT Konimex\Proyek PPL\pd_ln\app\Controllers\Admin\PJUM.php(266): CodeIgniter\Debug\Exceptions->errorHandler(2, 'Undefined array...', 'D:\\PT Konimex\\P...', 266)
#1 D:\PT Konimex\Proyek PPL\pd_ln\system\CodeIgniter.php(832): App\Controllers\Admin\PJUM->importpjum('pjum', '1', '')
#2 D:\PT Konimex\Proyek PPL\pd_ln\system\CodeIgniter.php(419): CodeIgniter\CodeIgniter->runController(Object(App\Controllers\Admin\PJUM))
#3 D:\PT Konimex\Proyek PPL\pd_ln\system\CodeIgniter.php(326): CodeIgniter\CodeIgniter->handleRequest(NULL, Object(Config\Cache), false)
#4 D:\PT Konimex\Proyek PPL\pd_ln\public\index.php(37): CodeIgniter\CodeIgniter->run()
#5 D:\PT Konimex\Proyek PPL\pd_ln\system\Commands\Server\rewrite.php(43): require_once('D:\\PT Konimex\\P...')
#6 {main}
CRITICAL - 2023-09-08 01:38:27 --> Undefined array key 6
#0 D:\PT Konimex\Proyek PPL\pd_ln\app\Controllers\Admin\PJUM.php(265): CodeIgniter\Debug\Exceptions->errorHandler(2, 'Undefined array...', 'D:\\PT Konimex\\P...', 265)
#1 D:\PT Konimex\Proyek PPL\pd_ln\system\CodeIgniter.php(832): App\Controllers\Admin\PJUM->importpjum('pjum', '1', '')
#2 D:\PT Konimex\Proyek PPL\pd_ln\system\CodeIgniter.php(419): CodeIgniter\CodeIgniter->runController(Object(App\Controllers\Admin\PJUM))
#3 D:\PT Konimex\Proyek PPL\pd_ln\system\CodeIgniter.php(326): CodeIgniter\CodeIgniter->handleRequest(NULL, Object(Config\Cache), false)
#4 D:\PT Konimex\Proyek PPL\pd_ln\public\index.php(37): CodeIgniter\CodeIgniter->run()
#5 D:\PT Konimex\Proyek PPL\pd_ln\system\Commands\Server\rewrite.php(43): require_once('D:\\PT Konimex\\P...')
#6 {main}
CRITICAL - 2023-09-08 01:57:08 --> Class "App\Controllers\Admin\Coordinate" not found
#0 D:\PT Konimex\Proyek PPL\pd_ln\system\CodeIgniter.php(832): App\Controllers\Admin\PJUM->importpjum('pjum', '1', '')
#1 D:\PT Konimex\Proyek PPL\pd_ln\system\CodeIgniter.php(419): CodeIgniter\CodeIgniter->runController(Object(App\Controllers\Admin\PJUM))
#2 D:\PT Konimex\Proyek PPL\pd_ln\system\CodeIgniter.php(326): CodeIgniter\CodeIgniter->handleRequest(NULL, Object(Config\Cache), false)
#3 D:\PT Konimex\Proyek PPL\pd_ln\public\index.php(37): CodeIgniter\CodeIgniter->run()
#4 D:\PT Konimex\Proyek PPL\pd_ln\system\Commands\Server\rewrite.php(43): require_once('D:\\PT Konimex\\P...')
#5 {main}
CRITICAL - 2023-09-08 01:57:23 --> Array to string conversion
#0 D:\PT Konimex\Proyek PPL\pd_ln\app\Controllers\Admin\PJUM.php(247): CodeIgniter\Debug\Exceptions->errorHandler(2, 'Array to string...', 'D:\\PT Konimex\\P...', 247)
#1 D:\PT Konimex\Proyek PPL\pd_ln\system\CodeIgniter.php(832): App\Controllers\Admin\PJUM->importpjum('pjum', '1', '')
#2 D:\PT Konimex\Proyek PPL\pd_ln\system\CodeIgniter.php(419): CodeIgniter\CodeIgniter->runController(Object(App\Controllers\Admin\PJUM))
#3 D:\PT Konimex\Proyek PPL\pd_ln\system\CodeIgniter.php(326): CodeIgniter\CodeIgniter->handleRequest(NULL, Object(Config\Cache), false)
#4 D:\PT Konimex\Proyek PPL\pd_ln\public\index.php(37): CodeIgniter\CodeIgniter->run()
#5 D:\PT Konimex\Proyek PPL\pd_ln\system\Commands\Server\rewrite.php(43): require_once('D:\\PT Konimex\\P...')
#6 {main}
CRITICAL - 2023-09-08 01:57:38 --> Array to string conversion
#0 D:\PT Konimex\Proyek PPL\pd_ln\app\Controllers\Admin\PJUM.php(247): CodeIgniter\Debug\Exceptions->errorHandler(2, 'Array to string...', 'D:\\PT Konimex\\P...', 247)
#1 D:\PT Konimex\Proyek PPL\pd_ln\system\CodeIgniter.php(832): App\Controllers\Admin\PJUM->importpjum('pjum', '1', '')
#2 D:\PT Konimex\Proyek PPL\pd_ln\system\CodeIgniter.php(419): CodeIgniter\CodeIgniter->runController(Object(App\Controllers\Admin\PJUM))
#3 D:\PT Konimex\Proyek PPL\pd_ln\system\CodeIgniter.php(326): CodeIgniter\CodeIgniter->handleRequest(NULL, Object(Config\Cache), false)
#4 D:\PT Konimex\Proyek PPL\pd_ln\public\index.php(37): CodeIgniter\CodeIgniter->run()
#5 D:\PT Konimex\Proyek PPL\pd_ln\system\Commands\Server\rewrite.php(43): require_once('D:\\PT Konimex\\P...')
#6 {main}
CRITICAL - 2023-09-08 02:01:55 --> Undefined property: App\Controllers\Admin\PJUM::$phpSheet
#0 D:\PT Konimex\Proyek PPL\pd_ln\app\Controllers\Admin\PJUM.php(248): CodeIgniter\Debug\Exceptions->errorHandler(2, 'Undefined prope...', 'D:\\PT Konimex\\P...', 248)
#1 D:\PT Konimex\Proyek PPL\pd_ln\system\CodeIgniter.php(832): App\Controllers\Admin\PJUM->importpjum('pjum', '1', '')
#2 D:\PT Konimex\Proyek PPL\pd_ln\system\CodeIgniter.php(419): CodeIgniter\CodeIgniter->runController(Object(App\Controllers\Admin\PJUM))
#3 D:\PT Konimex\Proyek PPL\pd_ln\system\CodeIgniter.php(326): CodeIgniter\CodeIgniter->handleRequest(NULL, Object(Config\Cache), false)
#4 D:\PT Konimex\Proyek PPL\pd_ln\public\index.php(37): CodeIgniter\CodeIgniter->run()
#5 D:\PT Konimex\Proyek PPL\pd_ln\system\Commands\Server\rewrite.php(43): require_once('D:\\PT Konimex\\P...')
#6 {main}
CRITICAL - 2023-09-08 02:02:16 --> Call to undefined function App\Controllers\Admin\getHighestRow()
#0 D:\PT Konimex\Proyek PPL\pd_ln\system\CodeIgniter.php(832): App\Controllers\Admin\PJUM->importpjum('pjum', '1', '')
#1 D:\PT Konimex\Proyek PPL\pd_ln\system\CodeIgniter.php(419): CodeIgniter\CodeIgniter->runController(Object(App\Controllers\Admin\PJUM))
#2 D:\PT Konimex\Proyek PPL\pd_ln\system\CodeIgniter.php(326): CodeIgniter\CodeIgniter->handleRequest(NULL, Object(Config\Cache), false)
#3 D:\PT Konimex\Proyek PPL\pd_ln\public\index.php(37): CodeIgniter\CodeIgniter->run()
#4 D:\PT Konimex\Proyek PPL\pd_ln\system\Commands\Server\rewrite.php(43): require_once('D:\\PT Konimex\\P...')
#5 {main}
CRITICAL - 2023-09-08 02:02:51 --> Class "App\Controllers\Admin\Coordinate" not found
#0 D:\PT Konimex\Proyek PPL\pd_ln\system\CodeIgniter.php(832): App\Controllers\Admin\PJUM->importpjum('pjum', '1', '')
#1 D:\PT Konimex\Proyek PPL\pd_ln\system\CodeIgniter.php(419): CodeIgniter\CodeIgniter->runController(Object(App\Controllers\Admin\PJUM))
#2 D:\PT Konimex\Proyek PPL\pd_ln\system\CodeIgniter.php(326): CodeIgniter\CodeIgniter->handleRequest(NULL, Object(Config\Cache), false)
#3 D:\PT Konimex\Proyek PPL\pd_ln\public\index.php(37): CodeIgniter\CodeIgniter->run()
#4 D:\PT Konimex\Proyek PPL\pd_ln\system\Commands\Server\rewrite.php(43): require_once('D:\\PT Konimex\\P...')
#5 {main}
ERROR - 2023-09-08 02:21:12 --> Cannot add or update a child row: a foreign key constraint fails (`db_pdln`.`biaya`, CONSTRAINT `kode_valas` FOREIGN KEY (`kode_valas`) REFERENCES `valas` (`kode_valas`) ON DELETE CASCADE ON UPDATE CASCADE)
CRITICAL - 2023-09-08 02:21:12 --> Cannot add or update a child row: a foreign key constraint fails (`db_pdln`.`biaya`, CONSTRAINT `kode_valas` FOREIGN KEY (`kode_valas`) REFERENCES `valas` (`kode_valas`) ON DELETE CASCADE ON UPDATE CASCADE)
#0 D:\PT Konimex\Proyek PPL\pd_ln\system\Database\MySQLi\Connection.php(292): mysqli->query('INSERT INTO `bi...', 0)
#1 D:\PT Konimex\Proyek PPL\pd_ln\system\Database\BaseConnection.php(670): CodeIgniter\Database\MySQLi\Connection->execute('INSERT INTO `bi...')
#2 D:\PT Konimex\Proyek PPL\pd_ln\system\Database\BaseConnection.php(598): CodeIgniter\Database\BaseConnection->simpleQuery('INSERT INTO `bi...')
#3 D:\PT Konimex\Proyek PPL\pd_ln\system\Database\BaseBuilder.php(1771): CodeIgniter\Database\BaseConnection->query('INSERT INTO `bi...', Array, false)
#4 D:\PT Konimex\Proyek PPL\pd_ln\system\Model.php(239): CodeIgniter\Database\BaseBuilder->insert()
#5 D:\PT Konimex\Proyek PPL\pd_ln\system\BaseModel.php(738): CodeIgniter\Model->doInsert(Array)
#6 D:\PT Konimex\Proyek PPL\pd_ln\system\Model.php(625): CodeIgniter\BaseModel->insert(Array, true)
#7 D:\PT Konimex\Proyek PPL\pd_ln\app\Models\BiayaModel.php(40): CodeIgniter\Model->insert(Array)
#8 D:\PT Konimex\Proyek PPL\pd_ln\app\Controllers\Admin\PJUM.php(352): App\Models\BiayaModel->add(Array)
#9 D:\PT Konimex\Proyek PPL\pd_ln\system\CodeIgniter.php(832): App\Controllers\Admin\PJUM->importpjum('pjum', '1', '')
#10 D:\PT Konimex\Proyek PPL\pd_ln\system\CodeIgniter.php(419): CodeIgniter\CodeIgniter->runController(Object(App\Controllers\Admin\PJUM))
#11 D:\PT Konimex\Proyek PPL\pd_ln\system\CodeIgniter.php(326): CodeIgniter\CodeIgniter->handleRequest(NULL, Object(Config\Cache), false)
#12 D:\PT Konimex\Proyek PPL\pd_ln\public\index.php(37): CodeIgniter\CodeIgniter->run()
#13 D:\PT Konimex\Proyek PPL\pd_ln\system\Commands\Server\rewrite.php(43): require_once('D:\\PT Konimex\\P...')
#14 {main}
ERROR - 2023-09-08 02:21:20 --> Cannot add or update a child row: a foreign key constraint fails (`db_pdln`.`biaya`, CONSTRAINT `kode_valas` FOREIGN KEY (`kode_valas`) REFERENCES `valas` (`kode_valas`) ON DELETE CASCADE ON UPDATE CASCADE)
CRITICAL - 2023-09-08 02:21:20 --> Cannot add or update a child row: a foreign key constraint fails (`db_pdln`.`biaya`, CONSTRAINT `kode_valas` FOREIGN KEY (`kode_valas`) REFERENCES `valas` (`kode_valas`) ON DELETE CASCADE ON UPDATE CASCADE)
#0 D:\PT Konimex\Proyek PPL\pd_ln\system\Database\MySQLi\Connection.php(292): mysqli->query('INSERT INTO `bi...', 0)
#1 D:\PT Konimex\Proyek PPL\pd_ln\system\Database\BaseConnection.php(670): CodeIgniter\Database\MySQLi\Connection->execute('INSERT INTO `bi...')
#2 D:\PT Konimex\Proyek PPL\pd_ln\system\Database\BaseConnection.php(598): CodeIgniter\Database\BaseConnection->simpleQuery('INSERT INTO `bi...')
#3 D:\PT Konimex\Proyek PPL\pd_ln\system\Database\BaseBuilder.php(1771): CodeIgniter\Database\BaseConnection->query('INSERT INTO `bi...', Array, false)
#4 D:\PT Konimex\Proyek PPL\pd_ln\system\Model.php(239): CodeIgniter\Database\BaseBuilder->insert()
#5 D:\PT Konimex\Proyek PPL\pd_ln\system\BaseModel.php(738): CodeIgniter\Model->doInsert(Array)
#6 D:\PT Konimex\Proyek PPL\pd_ln\system\Model.php(625): CodeIgniter\BaseModel->insert(Array, true)
#7 D:\PT Konimex\Proyek PPL\pd_ln\app\Models\BiayaModel.php(40): CodeIgniter\Model->insert(Array)
#8 D:\PT Konimex\Proyek PPL\pd_ln\app\Controllers\Admin\PJUM.php(352): App\Models\BiayaModel->add(Array)
#9 D:\PT Konimex\Proyek PPL\pd_ln\system\CodeIgniter.php(832): App\Controllers\Admin\PJUM->importpjum('pjum', '1', '')
#10 D:\PT Konimex\Proyek PPL\pd_ln\system\CodeIgniter.php(419): CodeIgniter\CodeIgniter->runController(Object(App\Controllers\Admin\PJUM))
#11 D:\PT Konimex\Proyek PPL\pd_ln\system\CodeIgniter.php(326): CodeIgniter\CodeIgniter->handleRequest(NULL, Object(Config\Cache), false)
#12 D:\PT Konimex\Proyek PPL\pd_ln\public\index.php(37): CodeIgniter\CodeIgniter->run()
#13 D:\PT Konimex\Proyek PPL\pd_ln\system\Commands\Server\rewrite.php(43): require_once('D:\\PT Konimex\\P...')
#14 {main}
CRITICAL - 2023-09-08 02:34:59 --> Undefined variable $r
#0 D:\PT Konimex\Proyek PPL\pd_ln\app\Controllers\Admin\PJUM.php(251): CodeIgniter\Debug\Exceptions->errorHandler(2, 'Undefined varia...', 'D:\\PT Konimex\\P...', 251)
#1 D:\PT Konimex\Proyek PPL\pd_ln\system\CodeIgniter.php(832): App\Controllers\Admin\PJUM->importpjum('pjum', '1', '')
#2 D:\PT Konimex\Proyek PPL\pd_ln\system\CodeIgniter.php(419): CodeIgniter\CodeIgniter->runController(Object(App\Controllers\Admin\PJUM))
#3 D:\PT Konimex\Proyek PPL\pd_ln\system\CodeIgniter.php(326): CodeIgniter\CodeIgniter->handleRequest(NULL, Object(Config\Cache), false)
#4 D:\PT Konimex\Proyek PPL\pd_ln\public\index.php(37): CodeIgniter\CodeIgniter->run()
#5 D:\PT Konimex\Proyek PPL\pd_ln\system\Commands\Server\rewrite.php(43): require_once('D:\\PT Konimex\\P...')
#6 {main}
CRITICAL - 2023-09-08 02:43:41 --> Maximum execution time of 60 seconds exceeded
#0 [internal function]: CodeIgniter\Debug\Exceptions->shutdownHandler()
#1 {main}
CRITICAL - 2023-09-08 02:44:27 --> Undefined array key 6
#0 D:\PT Konimex\Proyek PPL\pd_ln\app\Controllers\Admin\PJUM.php(263): CodeIgniter\Debug\Exceptions->errorHandler(2, 'Undefined array...', 'D:\\PT Konimex\\P...', 263)
#1 D:\PT Konimex\Proyek PPL\pd_ln\system\CodeIgniter.php(832): App\Controllers\Admin\PJUM->importpjum('pjum', '1', '')
#2 D:\PT Konimex\Proyek PPL\pd_ln\system\CodeIgniter.php(419): CodeIgniter\CodeIgniter->runController(Object(App\Controllers\Admin\PJUM))
#3 D:\PT Konimex\Proyek PPL\pd_ln\system\CodeIgniter.php(326): CodeIgniter\CodeIgniter->handleRequest(NULL, Object(Config\Cache), false)
#4 D:\PT Konimex\Proyek PPL\pd_ln\public\index.php(37): CodeIgniter\CodeIgniter->run()
#5 D:\PT Konimex\Proyek PPL\pd_ln\system\Commands\Server\rewrite.php(43): require_once('D:\\PT Konimex\\P...')
#6 {main}
CRITICAL - 2023-09-08 02:51:20 --> Undefined variable $i
#0 D:\PT Konimex\Proyek PPL\pd_ln\app\Controllers\Admin\PJUM.php(260): CodeIgniter\Debug\Exceptions->errorHandler(2, 'Undefined varia...', 'D:\\PT Konimex\\P...', 260)
#1 D:\PT Konimex\Proyek PPL\pd_ln\system\CodeIgniter.php(832): App\Controllers\Admin\PJUM->importpjum('pjum', '1', '')
#2 D:\PT Konimex\Proyek PPL\pd_ln\system\CodeIgniter.php(419): CodeIgniter\CodeIgniter->runController(Object(App\Controllers\Admin\PJUM))
#3 D:\PT Konimex\Proyek PPL\pd_ln\system\CodeIgniter.php(326): CodeIgniter\CodeIgniter->handleRequest(NULL, Object(Config\Cache), false)
#4 D:\PT Konimex\Proyek PPL\pd_ln\public\index.php(37): CodeIgniter\CodeIgniter->run()
#5 D:\PT Konimex\Proyek PPL\pd_ln\system\Commands\Server\rewrite.php(43): require_once('D:\\PT Konimex\\P...')
#6 {main}
ERROR - 2023-09-08 03:02:34 --> Unknown column 'kolom' in 'field list'
CRITICAL - 2023-09-08 03:02:34 --> Unknown column 'kolom' in 'field list'
#0 D:\PT Konimex\Proyek PPL\pd_ln\system\Database\MySQLi\Connection.php(292): mysqli->query('INSERT INTO `ka...', 0)
#1 D:\PT Konimex\Proyek PPL\pd_ln\system\Database\BaseConnection.php(670): CodeIgniter\Database\MySQLi\Connection->execute('INSERT INTO `ka...')
#2 D:\PT Konimex\Proyek PPL\pd_ln\system\Database\BaseConnection.php(598): CodeIgniter\Database\BaseConnection->simpleQuery('INSERT INTO `ka...')
#3 D:\PT Konimex\Proyek PPL\pd_ln\system\Database\BaseBuilder.php(1771): CodeIgniter\Database\BaseConnection->query('INSERT INTO `ka...', Array, false)
#4 D:\PT Konimex\Proyek PPL\pd_ln\system\Model.php(239): CodeIgniter\Database\BaseBuilder->insert()
#5 D:\PT Konimex\Proyek PPL\pd_ln\system\BaseModel.php(738): CodeIgniter\Model->doInsert(Array)
#6 D:\PT Konimex\Proyek PPL\pd_ln\system\Model.php(625): CodeIgniter\BaseModel->insert(Array, true)
#7 D:\PT Konimex\Proyek PPL\pd_ln\app\Models\KategoriModel.php(68): CodeIgniter\Model->insert(Array)
#8 D:\PT Konimex\Proyek PPL\pd_ln\app\Controllers\Admin\PJUM.php(382): App\Models\KategoriModel->add(Array)
#9 D:\PT Konimex\Proyek PPL\pd_ln\system\CodeIgniter.php(832): App\Controllers\Admin\PJUM->importpjum('pjum', '1', '')
#10 D:\PT Konimex\Proyek PPL\pd_ln\system\CodeIgniter.php(419): CodeIgniter\CodeIgniter->runController(Object(App\Controllers\Admin\PJUM))
#11 D:\PT Konimex\Proyek PPL\pd_ln\system\CodeIgniter.php(326): CodeIgniter\CodeIgniter->handleRequest(NULL, Object(Config\Cache), false)
#12 D:\PT Konimex\Proyek PPL\pd_ln\public\index.php(37): CodeIgniter\CodeIgniter->run()
#13 D:\PT Konimex\Proyek PPL\pd_ln\system\Commands\Server\rewrite.php(43): require_once('D:\\PT Konimex\\P...')
#14 {main}
CRITICAL - 2023-09-08 03:28:37 --> foreach() argument must be of type array|object, int given
#0 D:\PT Konimex\Proyek PPL\pd_ln\app\Controllers\Admin\PJUM.php(339): CodeIgniter\Debug\Exceptions->errorHandler(2, 'foreach() argum...', 'D:\\PT Konimex\\P...', 339)
#1 D:\PT Konimex\Proyek PPL\pd_ln\system\CodeIgniter.php(832): App\Controllers\Admin\PJUM->importpjum('pjum', '1', '')
#2 D:\PT Konimex\Proyek PPL\pd_ln\system\CodeIgniter.php(419): CodeIgniter\CodeIgniter->runController(Object(App\Controllers\Admin\PJUM))
#3 D:\PT Konimex\Proyek PPL\pd_ln\system\CodeIgniter.php(326): CodeIgniter\CodeIgniter->handleRequest(NULL, Object(Config\Cache), false)
#4 D:\PT Konimex\Proyek PPL\pd_ln\public\index.php(37): CodeIgniter\CodeIgniter->run()
#5 D:\PT Konimex\Proyek PPL\pd_ln\system\Commands\Server\rewrite.php(43): require_once('D:\\PT Konimex\\P...')
#6 {main}
CRITICAL - 2023-09-08 03:31:45 --> Array to string conversion
#0 D:\PT Konimex\Proyek PPL\pd_ln\app\Controllers\Admin\PJUM.php(341): CodeIgniter\Debug\Exceptions->errorHandler(2, 'Array to string...', 'D:\\PT Konimex\\P...', 341)
#1 D:\PT Konimex\Proyek PPL\pd_ln\system\CodeIgniter.php(832): App\Controllers\Admin\PJUM->importpjum('pjum', '1', '')
#2 D:\PT Konimex\Proyek PPL\pd_ln\system\CodeIgniter.php(419): CodeIgniter\CodeIgniter->runController(Object(App\Controllers\Admin\PJUM))
#3 D:\PT Konimex\Proyek PPL\pd_ln\system\CodeIgniter.php(326): CodeIgniter\CodeIgniter->handleRequest(NULL, Object(Config\Cache), false)
#4 D:\PT Konimex\Proyek PPL\pd_ln\public\index.php(37): CodeIgniter\CodeIgniter->run()
#5 D:\PT Konimex\Proyek PPL\pd_ln\system\Commands\Server\rewrite.php(43): require_once('D:\\PT Konimex\\P...')
#6 {main}
CRITICAL - 2023-09-08 03:36:44 --> Undefined variable $array
#0 D:\PT Konimex\Proyek PPL\pd_ln\app\Controllers\Admin\PJUM.php(340): CodeIgniter\Debug\Exceptions->errorHandler(2, 'Undefined varia...', 'D:\\PT Konimex\\P...', 340)
#1 D:\PT Konimex\Proyek PPL\pd_ln\system\CodeIgniter.php(832): App\Controllers\Admin\PJUM->importpjum('pjum', '1', '')
#2 D:\PT Konimex\Proyek PPL\pd_ln\system\CodeIgniter.php(419): CodeIgniter\CodeIgniter->runController(Object(App\Controllers\Admin\PJUM))
#3 D:\PT Konimex\Proyek PPL\pd_ln\system\CodeIgniter.php(326): CodeIgniter\CodeIgniter->handleRequest(NULL, Object(Config\Cache), false)
#4 D:\PT Konimex\Proyek PPL\pd_ln\public\index.php(37): CodeIgniter\CodeIgniter->run()
#5 D:\PT Konimex\Proyek PPL\pd_ln\system\Commands\Server\rewrite.php(43): require_once('D:\\PT Konimex\\P...')
#6 {main}
CRITICAL - 2023-09-08 03:39:24 --> Maximum execution time of 60 seconds exceeded
#0 [internal function]: CodeIgniter\Debug\Exceptions->shutdownHandler()
#1 {main}
CRITICAL - 2023-09-08 03:40:28 --> Undefined variable $r
#0 D:\PT Konimex\Proyek PPL\pd_ln\app\Controllers\Admin\PJUM.php(252): CodeIgniter\Debug\Exceptions->errorHandler(2, 'Undefined varia...', 'D:\\PT Konimex\\P...', 252)
#1 D:\PT Konimex\Proyek PPL\pd_ln\system\CodeIgniter.php(832): App\Controllers\Admin\PJUM->importpjum('pjum', '1', '')
#2 D:\PT Konimex\Proyek PPL\pd_ln\system\CodeIgniter.php(419): CodeIgniter\CodeIgniter->runController(Object(App\Controllers\Admin\PJUM))
#3 D:\PT Konimex\Proyek PPL\pd_ln\system\CodeIgniter.php(326): CodeIgniter\CodeIgniter->handleRequest(NULL, Object(Config\Cache), false)
#4 D:\PT Konimex\Proyek PPL\pd_ln\public\index.php(37): CodeIgniter\CodeIgniter->run()
#5 D:\PT Konimex\Proyek PPL\pd_ln\system\Commands\Server\rewrite.php(43): require_once('D:\\PT Konimex\\P...')
#6 {main}
CRITICAL - 2023-09-08 03:56:21 --> Undefined array key 7
#0 D:\PT Konimex\Proyek PPL\pd_ln\app\Controllers\Admin\PJUM.php(260): CodeIgniter\Debug\Exceptions->errorHandler(2, 'Undefined array...', 'D:\\PT Konimex\\P...', 260)
#1 D:\PT Konimex\Proyek PPL\pd_ln\system\CodeIgniter.php(832): App\Controllers\Admin\PJUM->importpjum('pjum', '1', '')
#2 D:\PT Konimex\Proyek PPL\pd_ln\system\CodeIgniter.php(419): CodeIgniter\CodeIgniter->runController(Object(App\Controllers\Admin\PJUM))
#3 D:\PT Konimex\Proyek PPL\pd_ln\system\CodeIgniter.php(326): CodeIgniter\CodeIgniter->handleRequest(NULL, Object(Config\Cache), false)
#4 D:\PT Konimex\Proyek PPL\pd_ln\public\index.php(37): CodeIgniter\CodeIgniter->run()
#5 D:\PT Konimex\Proyek PPL\pd_ln\system\Commands\Server\rewrite.php(43): require_once('D:\\PT Konimex\\P...')
#6 {main}
CRITICAL - 2023-09-08 03:57:04 --> Undefined array key 7
#0 D:\PT Konimex\Proyek PPL\pd_ln\app\Controllers\Admin\PJUM.php(260): CodeIgniter\Debug\Exceptions->errorHandler(2, 'Undefined array...', 'D:\\PT Konimex\\P...', 260)
#1 D:\PT Konimex\Proyek PPL\pd_ln\system\CodeIgniter.php(832): App\Controllers\Admin\PJUM->importpjum('pjum', '1', '')
#2 D:\PT Konimex\Proyek PPL\pd_ln\system\CodeIgniter.php(419): CodeIgniter\CodeIgniter->runController(Object(App\Controllers\Admin\PJUM))
#3 D:\PT Konimex\Proyek PPL\pd_ln\system\CodeIgniter.php(326): CodeIgniter\CodeIgniter->handleRequest(NULL, Object(Config\Cache), false)
#4 D:\PT Konimex\Proyek PPL\pd_ln\public\index.php(37): CodeIgniter\CodeIgniter->run()
#5 D:\PT Konimex\Proyek PPL\pd_ln\system\Commands\Server\rewrite.php(43): require_once('D:\\PT Konimex\\P...')
#6 {main}
CRITICAL - 2023-09-08 03:57:12 --> Undefined array key 7
#0 D:\PT Konimex\Proyek PPL\pd_ln\app\Controllers\Admin\PJUM.php(260): CodeIgniter\Debug\Exceptions->errorHandler(2, 'Undefined array...', 'D:\\PT Konimex\\P...', 260)
#1 D:\PT Konimex\Proyek PPL\pd_ln\system\CodeIgniter.php(832): App\Controllers\Admin\PJUM->importpjum('pjum', '1', '')
#2 D:\PT Konimex\Proyek PPL\pd_ln\system\CodeIgniter.php(419): CodeIgniter\CodeIgniter->runController(Object(App\Controllers\Admin\PJUM))
#3 D:\PT Konimex\Proyek PPL\pd_ln\system\CodeIgniter.php(326): CodeIgniter\CodeIgniter->handleRequest(NULL, Object(Config\Cache), false)
#4 D:\PT Konimex\Proyek PPL\pd_ln\public\index.php(37): CodeIgniter\CodeIgniter->run()
#5 D:\PT Konimex\Proyek PPL\pd_ln\system\Commands\Server\rewrite.php(43): require_once('D:\\PT Konimex\\P...')
#6 {main}
CRITICAL - 2023-09-08 04:01:07 --> Too few arguments to function App\Models\BiayaModel::cekvaluta(), 0 passed in D:\PT Konimex\Proyek PPL\pd_ln\app\Controllers\Admin\PJUM.php on line 340 and exactly 1 expected
#0 D:\PT Konimex\Proyek PPL\pd_ln\app\Controllers\Admin\PJUM.php(340): App\Models\BiayaModel->cekvaluta()
#1 D:\PT Konimex\Proyek PPL\pd_ln\system\CodeIgniter.php(832): App\Controllers\Admin\PJUM->importpjum('pjum', '1', '')
#2 D:\PT Konimex\Proyek PPL\pd_ln\system\CodeIgniter.php(419): CodeIgniter\CodeIgniter->runController(Object(App\Controllers\Admin\PJUM))
#3 D:\PT Konimex\Proyek PPL\pd_ln\system\CodeIgniter.php(326): CodeIgniter\CodeIgniter->handleRequest(NULL, Object(Config\Cache), false)
#4 D:\PT Konimex\Proyek PPL\pd_ln\public\index.php(37): CodeIgniter\CodeIgniter->run()
#5 D:\PT Konimex\Proyek PPL\pd_ln\system\Commands\Server\rewrite.php(43): require_once('D:\\PT Konimex\\P...')
#6 {main}
ERROR - 2023-09-08 04:03:20 --> Cannot add or update a child row: a foreign key constraint fails (`db_pdln`.`biaya`, CONSTRAINT `kode_valas` FOREIGN KEY (`kode_valas`) REFERENCES `valas` (`kode_valas`) ON DELETE CASCADE ON UPDATE CASCADE)
CRITICAL - 2023-09-08 04:03:20 --> Cannot add or update a child row: a foreign key constraint fails (`db_pdln`.`biaya`, CONSTRAINT `kode_valas` FOREIGN KEY (`kode_valas`) REFERENCES `valas` (`kode_valas`) ON DELETE CASCADE ON UPDATE CASCADE)
#0 D:\PT Konimex\Proyek PPL\pd_ln\system\Database\MySQLi\Connection.php(292): mysqli->query('INSERT INTO `bi...', 0)
#1 D:\PT Konimex\Proyek PPL\pd_ln\system\Database\BaseConnection.php(670): CodeIgniter\Database\MySQLi\Connection->execute('INSERT INTO `bi...')
#2 D:\PT Konimex\Proyek PPL\pd_ln\system\Database\BaseConnection.php(598): CodeIgniter\Database\BaseConnection->simpleQuery('INSERT INTO `bi...')
#3 D:\PT Konimex\Proyek PPL\pd_ln\system\Database\BaseBuilder.php(1771): CodeIgniter\Database\BaseConnection->query('INSERT INTO `bi...', Array, false)
#4 D:\PT Konimex\Proyek PPL\pd_ln\system\Model.php(239): CodeIgniter\Database\BaseBuilder->insert()
#5 D:\PT Konimex\Proyek PPL\pd_ln\system\BaseModel.php(738): CodeIgniter\Model->doInsert(Array)
#6 D:\PT Konimex\Proyek PPL\pd_ln\system\Model.php(625): CodeIgniter\BaseModel->insert(Array, false)
#7 D:\PT Konimex\Proyek PPL\pd_ln\system\BaseModel.php(658): CodeIgniter\Model->insert(Array, false)
#8 D:\PT Konimex\Proyek PPL\pd_ln\app\Models\BiayaModel.php(37): CodeIgniter\BaseModel->save(Array)
#9 D:\PT Konimex\Proyek PPL\pd_ln\app\Controllers\Admin\PJUM.php(358): App\Models\BiayaModel->add(Array)
#10 D:\PT Konimex\Proyek PPL\pd_ln\system\CodeIgniter.php(832): App\Controllers\Admin\PJUM->importpjum('pjum', '1', '')
#11 D:\PT Konimex\Proyek PPL\pd_ln\system\CodeIgniter.php(419): CodeIgniter\CodeIgniter->runController(Object(App\Controllers\Admin\PJUM))
#12 D:\PT Konimex\Proyek PPL\pd_ln\system\CodeIgniter.php(326): CodeIgniter\CodeIgniter->handleRequest(NULL, Object(Config\Cache), false)
#13 D:\PT Konimex\Proyek PPL\pd_ln\public\index.php(37): CodeIgniter\CodeIgniter->run()
#14 D:\PT Konimex\Proyek PPL\pd_ln\system\Commands\Server\rewrite.php(43): require_once('D:\\PT Konimex\\P...')
#15 {main}
CRITICAL - 2023-09-08 04:03:50 --> Undefined array key "id_biaya"
#0 D:\PT Konimex\Proyek PPL\pd_ln\app\Models\BiayaModel.php(38): CodeIgniter\Debug\Exceptions->errorHandler(2, 'Undefined array...', 'D:\\PT Konimex\\P...', 38)
#1 D:\PT Konimex\Proyek PPL\pd_ln\app\Controllers\Admin\PJUM.php(364): App\Models\BiayaModel->add(Array)
#2 D:\PT Konimex\Proyek PPL\pd_ln\system\CodeIgniter.php(832): App\Controllers\Admin\PJUM->importpjum('pjum', '1', '')
#3 D:\PT Konimex\Proyek PPL\pd_ln\system\CodeIgniter.php(419): CodeIgniter\CodeIgniter->runController(Object(App\Controllers\Admin\PJUM))
#4 D:\PT Konimex\Proyek PPL\pd_ln\system\CodeIgniter.php(326): CodeIgniter\CodeIgniter->handleRequest(NULL, Object(Config\Cache), false)
#5 D:\PT Konimex\Proyek PPL\pd_ln\public\index.php(37): CodeIgniter\CodeIgniter->run()
#6 D:\PT Konimex\Proyek PPL\pd_ln\system\Commands\Server\rewrite.php(43): require_once('D:\\PT Konimex\\P...')
#7 {main}
CRITICAL - 2023-09-08 04:04:10 --> Undefined variable $id
#0 D:\PT Konimex\Proyek PPL\pd_ln\app\Models\BiayaModel.php(45): CodeIgniter\Debug\Exceptions->errorHandler(2, 'Undefined varia...', 'D:\\PT Konimex\\P...', 45)
#1 D:\PT Konimex\Proyek PPL\pd_ln\app\Controllers\Admin\PJUM.php(364): App\Models\BiayaModel->add(Array)
#2 D:\PT Konimex\Proyek PPL\pd_ln\system\CodeIgniter.php(832): App\Controllers\Admin\PJUM->importpjum('pjum', '1', '')
#3 D:\PT Konimex\Proyek PPL\pd_ln\system\CodeIgniter.php(419): CodeIgniter\CodeIgniter->runController(Object(App\Controllers\Admin\PJUM))
#4 D:\PT Konimex\Proyek PPL\pd_ln\system\CodeIgniter.php(326): CodeIgniter\CodeIgniter->handleRequest(NULL, Object(Config\Cache), false)
#5 D:\PT Konimex\Proyek PPL\pd_ln\public\index.php(37): CodeIgniter\CodeIgniter->run()
#6 D:\PT Konimex\Proyek PPL\pd_ln\system\Commands\Server\rewrite.php(43): require_once('D:\\PT Konimex\\P...')
#7 {main}
CRITICAL - 2023-09-08 20:15:59 --> Undefined array key "id_biaya"
#0 D:\PT Konimex\Proyek PPL\pd_ln\app\Models\BiayaModel.php(41): CodeIgniter\Debug\Exceptions->errorHandler(2, 'Undefined array...', 'D:\\PT Konimex\\P...', 41)
#1 D:\PT Konimex\Proyek PPL\pd_ln\app\Controllers\Admin\PJUM.php(353): App\Models\BiayaModel->add(Array)
#2 D:\PT Konimex\Proyek PPL\pd_ln\system\CodeIgniter.php(832): App\Controllers\Admin\PJUM->importpjum('pjum', '1', '')
#3 D:\PT Konimex\Proyek PPL\pd_ln\system\CodeIgniter.php(419): CodeIgniter\CodeIgniter->runController(Object(App\Controllers\Admin\PJUM))
#4 D:\PT Konimex\Proyek PPL\pd_ln\system\CodeIgniter.php(326): CodeIgniter\CodeIgniter->handleRequest(NULL, Object(Config\Cache), false)
#5 D:\PT Konimex\Proyek PPL\pd_ln\public\index.php(37): CodeIgniter\CodeIgniter->run()
#6 D:\PT Konimex\Proyek PPL\pd_ln\system\Commands\Server\rewrite.php(43): require_once('D:\\PT Konimex\\P...')
#7 {main}
ERROR - 2023-09-08 20:16:07 --> Duplicate entry '0' for key 'PRIMARY'
CRITICAL - 2023-09-08 20:16:07 --> Duplicate entry '0' for key 'PRIMARY'
#0 D:\PT Konimex\Proyek PPL\pd_ln\system\Database\MySQLi\Connection.php(292): mysqli->query('INSERT INTO `bi...', 0)
#1 D:\PT Konimex\Proyek PPL\pd_ln\system\Database\BaseConnection.php(670): CodeIgniter\Database\MySQLi\Connection->execute('INSERT INTO `bi...')
#2 D:\PT Konimex\Proyek PPL\pd_ln\system\Database\BaseConnection.php(598): CodeIgniter\Database\BaseConnection->simpleQuery('INSERT INTO `bi...')
#3 D:\PT Konimex\Proyek PPL\pd_ln\system\Database\BaseBuilder.php(1771): CodeIgniter\Database\BaseConnection->query('INSERT INTO `bi...', Array, false)
#4 D:\PT Konimex\Proyek PPL\pd_ln\system\Model.php(239): CodeIgniter\Database\BaseBuilder->insert()
#5 D:\PT Konimex\Proyek PPL\pd_ln\system\BaseModel.php(738): CodeIgniter\Model->doInsert(Array)
#6 D:\PT Konimex\Proyek PPL\pd_ln\system\Model.php(625): CodeIgniter\BaseModel->insert(Array, true)
#7 D:\PT Konimex\Proyek PPL\pd_ln\app\Models\BiayaModel.php(40): CodeIgniter\Model->insert(Array)
#8 D:\PT Konimex\Proyek PPL\pd_ln\app\Controllers\Admin\PJUM.php(353): App\Models\BiayaModel->add(Array)
#9 D:\PT Konimex\Proyek PPL\pd_ln\system\CodeIgniter.php(832): App\Controllers\Admin\PJUM->importpjum('pjum', '1', '')
#10 D:\PT Konimex\Proyek PPL\pd_ln\system\CodeIgniter.php(419): CodeIgniter\CodeIgniter->runController(Object(App\Controllers\Admin\PJUM))
#11 D:\PT Konimex\Proyek PPL\pd_ln\system\CodeIgniter.php(326): CodeIgniter\CodeIgniter->handleRequest(NULL, Object(Config\Cache), false)
#12 D:\PT Konimex\Proyek PPL\pd_ln\public\index.php(37): CodeIgniter\CodeIgniter->run()
#13 D:\PT Konimex\Proyek PPL\pd_ln\system\Commands\Server\rewrite.php(43): require_once('D:\\PT Konimex\\P...')
#14 {main}
CRITICAL - 2023-09-08 20:23:14 --> Undefined array key "id_biaya"
#0 D:\PT Konimex\Proyek PPL\pd_ln\app\Models\BiayaModel.php(41): CodeIgniter\Debug\Exceptions->errorHandler(2, 'Undefined array...', 'D:\\PT Konimex\\P...', 41)
#1 D:\PT Konimex\Proyek PPL\pd_ln\app\Controllers\Admin\PJUM.php(353): App\Models\BiayaModel->add(Array)
#2 D:\PT Konimex\Proyek PPL\pd_ln\system\CodeIgniter.php(832): App\Controllers\Admin\PJUM->importpjum('pjum', '1', '')
#3 D:\PT Konimex\Proyek PPL\pd_ln\system\CodeIgniter.php(419): CodeIgniter\CodeIgniter->runController(Object(App\Controllers\Admin\PJUM))
#4 D:\PT Konimex\Proyek PPL\pd_ln\system\CodeIgniter.php(326): CodeIgniter\CodeIgniter->handleRequest(NULL, Object(Config\Cache), false)
#5 D:\PT Konimex\Proyek PPL\pd_ln\public\index.php(37): CodeIgniter\CodeIgniter->run()
#6 D:\PT Konimex\Proyek PPL\pd_ln\system\Commands\Server\rewrite.php(43): require_once('D:\\PT Konimex\\P...')
#7 {main}
CRITICAL - 2023-09-08 20:23:22 --> Undefined array key "id_biaya"
#0 D:\PT Konimex\Proyek PPL\pd_ln\app\Models\BiayaModel.php(41): CodeIgniter\Debug\Exceptions->errorHandler(2, 'Undefined array...', 'D:\\PT Konimex\\P...', 41)
#1 D:\PT Konimex\Proyek PPL\pd_ln\app\Controllers\Admin\PJUM.php(353): App\Models\BiayaModel->add(Array)
#2 D:\PT Konimex\Proyek PPL\pd_ln\system\CodeIgniter.php(832): App\Controllers\Admin\PJUM->importpjum('pjum', '1', '')
#3 D:\PT Konimex\Proyek PPL\pd_ln\system\CodeIgniter.php(419): CodeIgniter\CodeIgniter->runController(Object(App\Controllers\Admin\PJUM))
#4 D:\PT Konimex\Proyek PPL\pd_ln\system\CodeIgniter.php(326): CodeIgniter\CodeIgniter->handleRequest(NULL, Object(Config\Cache), false)
#5 D:\PT Konimex\Proyek PPL\pd_ln\public\index.php(37): CodeIgniter\CodeIgniter->run()
#6 D:\PT Konimex\Proyek PPL\pd_ln\system\Commands\Server\rewrite.php(43): require_once('D:\\PT Konimex\\P...')
#7 {main}
CRITICAL - 2023-09-08 20:55:25 --> Array to string conversion
#0 D:\PT Konimex\Proyek PPL\pd_ln\app\Controllers\Admin\PJUM.php(366): CodeIgniter\Debug\Exceptions->errorHandler(2, 'Array to string...', 'D:\\PT Konimex\\P...', 366)
#1 D:\PT Konimex\Proyek PPL\pd_ln\system\CodeIgniter.php(832): App\Controllers\Admin\PJUM->importpjum('pjum', '1', '')
#2 D:\PT Konimex\Proyek PPL\pd_ln\system\CodeIgniter.php(419): CodeIgniter\CodeIgniter->runController(Object(App\Controllers\Admin\PJUM))
#3 D:\PT Konimex\Proyek PPL\pd_ln\system\CodeIgniter.php(326): CodeIgniter\CodeIgniter->handleRequest(NULL, Object(Config\Cache), false)
#4 D:\PT Konimex\Proyek PPL\pd_ln\public\index.php(37): CodeIgniter\CodeIgniter->run()
#5 D:\PT Konimex\Proyek PPL\pd_ln\system\Commands\Server\rewrite.php(43): require_once('D:\\PT Konimex\\P...')
#6 {main}
CRITICAL - 2023-09-08 21:06:14 --> Undefined array key 8
#0 D:\PT Konimex\Proyek PPL\pd_ln\app\Controllers\Admin\PJUM.php(262): CodeIgniter\Debug\Exceptions->errorHandler(2, 'Undefined array...', 'D:\\PT Konimex\\P...', 262)
#1 D:\PT Konimex\Proyek PPL\pd_ln\system\CodeIgniter.php(832): App\Controllers\Admin\PJUM->importpjum('pjum', '1', '')
#2 D:\PT Konimex\Proyek PPL\pd_ln\system\CodeIgniter.php(419): CodeIgniter\CodeIgniter->runController(Object(App\Controllers\Admin\PJUM))
#3 D:\PT Konimex\Proyek PPL\pd_ln\system\CodeIgniter.php(326): CodeIgniter\CodeIgniter->handleRequest(NULL, Object(Config\Cache), false)
#4 D:\PT Konimex\Proyek PPL\pd_ln\public\index.php(37): CodeIgniter\CodeIgniter->run()
#5 D:\PT Konimex\Proyek PPL\pd_ln\system\Commands\Server\rewrite.php(43): require_once('D:\\PT Konimex\\P...')
#6 {main}
CRITICAL - 2023-09-08 21:06:21 --> Undefined array key 8
#0 D:\PT Konimex\Proyek PPL\pd_ln\app\Controllers\Admin\PJUM.php(262): CodeIgniter\Debug\Exceptions->errorHandler(2, 'Undefined array...', 'D:\\PT Konimex\\P...', 262)
#1 D:\PT Konimex\Proyek PPL\pd_ln\system\CodeIgniter.php(832): App\Controllers\Admin\PJUM->importpjum('pjum', '1', '')
#2 D:\PT Konimex\Proyek PPL\pd_ln\system\CodeIgniter.php(419): CodeIgniter\CodeIgniter->runController(Object(App\Controllers\Admin\PJUM))
#3 D:\PT Konimex\Proyek PPL\pd_ln\system\CodeIgniter.php(326): CodeIgniter\CodeIgniter->handleRequest(NULL, Object(Config\Cache), false)
#4 D:\PT Konimex\Proyek PPL\pd_ln\public\index.php(37): CodeIgniter\CodeIgniter->run()
#5 D:\PT Konimex\Proyek PPL\pd_ln\system\Commands\Server\rewrite.php(43): require_once('D:\\PT Konimex\\P...')
#6 {main}
ERROR - 2023-09-08 21:20:12 --> Duplicate entry '1' for key 'PRIMARY'
CRITICAL - 2023-09-08 21:20:12 --> Duplicate entry '1' for key 'PRIMARY'
#0 D:\PT Konimex\Proyek PPL\pd_ln\system\Database\MySQLi\Connection.php(292): mysqli->query('INSERT INTO `bi...', 0)
#1 D:\PT Konimex\Proyek PPL\pd_ln\system\Database\BaseConnection.php(670): CodeIgniter\Database\MySQLi\Connection->execute('INSERT INTO `bi...')
#2 D:\PT Konimex\Proyek PPL\pd_ln\system\Database\BaseConnection.php(598): CodeIgniter\Database\BaseConnection->simpleQuery('INSERT INTO `bi...')
#3 D:\PT Konimex\Proyek PPL\pd_ln\system\Database\BaseBuilder.php(1771): CodeIgniter\Database\BaseConnection->query('INSERT INTO `bi...', Array, false)
#4 D:\PT Konimex\Proyek PPL\pd_ln\system\Model.php(239): CodeIgniter\Database\BaseBuilder->insert()
#5 D:\PT Konimex\Proyek PPL\pd_ln\system\BaseModel.php(738): CodeIgniter\Model->doInsert(Array)
#6 D:\PT Konimex\Proyek PPL\pd_ln\system\Model.php(625): CodeIgniter\BaseModel->insert(Array, true)
#7 D:\PT Konimex\Proyek PPL\pd_ln\app\Controllers\Admin\PJUM.php(356): CodeIgniter\Model->insert(Array)
#8 D:\PT Konimex\Proyek PPL\pd_ln\system\CodeIgniter.php(832): App\Controllers\Admin\PJUM->importpjum('pjum', '1', '')
#9 D:\PT Konimex\Proyek PPL\pd_ln\system\CodeIgniter.php(419): CodeIgniter\CodeIgniter->runController(Object(App\Controllers\Admin\PJUM))
#10 D:\PT Konimex\Proyek PPL\pd_ln\system\CodeIgniter.php(326): CodeIgniter\CodeIgniter->handleRequest(NULL, Object(Config\Cache), false)
#11 D:\PT Konimex\Proyek PPL\pd_ln\public\index.php(37): CodeIgniter\CodeIgniter->run()
#12 D:\PT Konimex\Proyek PPL\pd_ln\system\Commands\Server\rewrite.php(43): require_once('D:\\PT Konimex\\P...')
#13 {main}
ERROR - 2023-09-08 21:20:26 --> Duplicate entry '1' for key 'PRIMARY'
CRITICAL - 2023-09-08 21:20:26 --> Duplicate entry '1' for key 'PRIMARY'
#0 D:\PT Konimex\Proyek PPL\pd_ln\system\Database\MySQLi\Connection.php(292): mysqli->query('INSERT INTO `bi...', 0)
#1 D:\PT Konimex\Proyek PPL\pd_ln\system\Database\BaseConnection.php(670): CodeIgniter\Database\MySQLi\Connection->execute('INSERT INTO `bi...')
#2 D:\PT Konimex\Proyek PPL\pd_ln\system\Database\BaseConnection.php(598): CodeIgniter\Database\BaseConnection->simpleQuery('INSERT INTO `bi...')
#3 D:\PT Konimex\Proyek PPL\pd_ln\system\Database\BaseBuilder.php(1771): CodeIgniter\Database\BaseConnection->query('INSERT INTO `bi...', Array, false)
#4 D:\PT Konimex\Proyek PPL\pd_ln\system\Model.php(239): CodeIgniter\Database\BaseBuilder->insert()
#5 D:\PT Konimex\Proyek PPL\pd_ln\system\BaseModel.php(738): CodeIgniter\Model->doInsert(Array)
#6 D:\PT Konimex\Proyek PPL\pd_ln\system\Model.php(625): CodeIgniter\BaseModel->insert(Array, true)
#7 D:\PT Konimex\Proyek PPL\pd_ln\app\Controllers\Admin\PJUM.php(356): CodeIgniter\Model->insert(Array)
#8 D:\PT Konimex\Proyek PPL\pd_ln\system\CodeIgniter.php(832): App\Controllers\Admin\PJUM->importpjum('pjum', '1', '')
#9 D:\PT Konimex\Proyek PPL\pd_ln\system\CodeIgniter.php(419): CodeIgniter\CodeIgniter->runController(Object(App\Controllers\Admin\PJUM))
#10 D:\PT Konimex\Proyek PPL\pd_ln\system\CodeIgniter.php(326): CodeIgniter\CodeIgniter->handleRequest(NULL, Object(Config\Cache), false)
#11 D:\PT Konimex\Proyek PPL\pd_ln\public\index.php(37): CodeIgniter\CodeIgniter->run()
#12 D:\PT Konimex\Proyek PPL\pd_ln\system\Commands\Server\rewrite.php(43): require_once('D:\\PT Konimex\\P...')
#13 {main}
CRITICAL - 2023-09-08 21:35:08 --> Array callback must have exactly two elements
#0 D:\PT Konimex\Proyek PPL\pd_ln\system\CodeIgniter.php(832): App\Controllers\Admin\PJUM->importpjum('pjum', '1', '')
#1 D:\PT Konimex\Proyek PPL\pd_ln\system\CodeIgniter.php(419): CodeIgniter\CodeIgniter->runController(Object(App\Controllers\Admin\PJUM))
#2 D:\PT Konimex\Proyek PPL\pd_ln\system\CodeIgniter.php(326): CodeIgniter\CodeIgniter->handleRequest(NULL, Object(Config\Cache), false)
#3 D:\PT Konimex\Proyek PPL\pd_ln\public\index.php(37): CodeIgniter\CodeIgniter->run()
#4 D:\PT Konimex\Proyek PPL\pd_ln\system\Commands\Server\rewrite.php(43): require_once('D:\\PT Konimex\\P...')
#5 {main}
CRITICAL - 2023-09-08 21:35:16 --> Array callback must have exactly two elements
#0 D:\PT Konimex\Proyek PPL\pd_ln\system\CodeIgniter.php(832): App\Controllers\Admin\PJUM->importpjum('pjum', '1', '')
#1 D:\PT Konimex\Proyek PPL\pd_ln\system\CodeIgniter.php(419): CodeIgniter\CodeIgniter->runController(Object(App\Controllers\Admin\PJUM))
#2 D:\PT Konimex\Proyek PPL\pd_ln\system\CodeIgniter.php(326): CodeIgniter\CodeIgniter->handleRequest(NULL, Object(Config\Cache), false)
#3 D:\PT Konimex\Proyek PPL\pd_ln\public\index.php(37): CodeIgniter\CodeIgniter->run()
#4 D:\PT Konimex\Proyek PPL\pd_ln\system\Commands\Server\rewrite.php(43): require_once('D:\\PT Konimex\\P...')
#5 {main}
CRITICAL - 2023-09-08 21:36:08 --> Call to undefined function App\Controllers\Admin\cekvaluta()
#0 D:\PT Konimex\Proyek PPL\pd_ln\system\CodeIgniter.php(832): App\Controllers\Admin\PJUM->importpjum('pjum', '1', '')
#1 D:\PT Konimex\Proyek PPL\pd_ln\system\CodeIgniter.php(419): CodeIgniter\CodeIgniter->runController(Object(App\Controllers\Admin\PJUM))
#2 D:\PT Konimex\Proyek PPL\pd_ln\system\CodeIgniter.php(326): CodeIgniter\CodeIgniter->handleRequest(NULL, Object(Config\Cache), false)
#3 D:\PT Konimex\Proyek PPL\pd_ln\public\index.php(37): CodeIgniter\CodeIgniter->run()
#4 D:\PT Konimex\Proyek PPL\pd_ln\system\Commands\Server\rewrite.php(43): require_once('D:\\PT Konimex\\P...')
#5 {main}
CRITICAL - 2023-09-08 21:36:24 --> Array callback must have exactly two elements
#0 D:\PT Konimex\Proyek PPL\pd_ln\system\CodeIgniter.php(832): App\Controllers\Admin\PJUM->importpjum('pjum', '1', '')
#1 D:\PT Konimex\Proyek PPL\pd_ln\system\CodeIgniter.php(419): CodeIgniter\CodeIgniter->runController(Object(App\Controllers\Admin\PJUM))
#2 D:\PT Konimex\Proyek PPL\pd_ln\system\CodeIgniter.php(326): CodeIgniter\CodeIgniter->handleRequest(NULL, Object(Config\Cache), false)
#3 D:\PT Konimex\Proyek PPL\pd_ln\public\index.php(37): CodeIgniter\CodeIgniter->run()
#4 D:\PT Konimex\Proyek PPL\pd_ln\system\Commands\Server\rewrite.php(43): require_once('D:\\PT Konimex\\P...')
#5 {main}
CRITICAL - 2023-09-08 21:36:46 --> Array callback must have exactly two elements
#0 D:\PT Konimex\Proyek PPL\pd_ln\system\CodeIgniter.php(832): App\Controllers\Admin\PJUM->importpjum('pjum', '1', '')
#1 D:\PT Konimex\Proyek PPL\pd_ln\system\CodeIgniter.php(419): CodeIgniter\CodeIgniter->runController(Object(App\Controllers\Admin\PJUM))
#2 D:\PT Konimex\Proyek PPL\pd_ln\system\CodeIgniter.php(326): CodeIgniter\CodeIgniter->handleRequest(NULL, Object(Config\Cache), false)
#3 D:\PT Konimex\Proyek PPL\pd_ln\public\index.php(37): CodeIgniter\CodeIgniter->run()
#4 D:\PT Konimex\Proyek PPL\pd_ln\system\Commands\Server\rewrite.php(43): require_once('D:\\PT Konimex\\P...')
#5 {main}
CRITICAL - 2023-09-08 21:37:43 --> Array callback must have exactly two elements
#0 D:\PT Konimex\Proyek PPL\pd_ln\system\CodeIgniter.php(832): App\Controllers\Admin\PJUM->importpjum('pjum', '1', '')
#1 D:\PT Konimex\Proyek PPL\pd_ln\system\CodeIgniter.php(419): CodeIgniter\CodeIgniter->runController(Object(App\Controllers\Admin\PJUM))
#2 D:\PT Konimex\Proyek PPL\pd_ln\system\CodeIgniter.php(326): CodeIgniter\CodeIgniter->handleRequest(NULL, Object(Config\Cache), false)
#3 D:\PT Konimex\Proyek PPL\pd_ln\public\index.php(37): CodeIgniter\CodeIgniter->run()
#4 D:\PT Konimex\Proyek PPL\pd_ln\system\Commands\Server\rewrite.php(43): require_once('D:\\PT Konimex\\P...')
#5 {main}
CRITICAL - 2023-09-08 21:57:16 --> min(): Argument #1 ($value) must be of type array, int given
#0 D:\PT Konimex\Proyek PPL\pd_ln\app\Controllers\Admin\PJUM.php(257): min(1)
#1 D:\PT Konimex\Proyek PPL\pd_ln\system\CodeIgniter.php(832): App\Controllers\Admin\PJUM->importpjum('pjum', '1', '')
#2 D:\PT Konimex\Proyek PPL\pd_ln\system\CodeIgniter.php(419): CodeIgniter\CodeIgniter->runController(Object(App\Controllers\Admin\PJUM))
#3 D:\PT Konimex\Proyek PPL\pd_ln\system\CodeIgniter.php(326): CodeIgniter\CodeIgniter->handleRequest(NULL, Object(Config\Cache), false)
#4 D:\PT Konimex\Proyek PPL\pd_ln\public\index.php(37): CodeIgniter\CodeIgniter->run()
#5 D:\PT Konimex\Proyek PPL\pd_ln\system\Commands\Server\rewrite.php(43): require_once('D:\\PT Konimex\\P...')
#6 {main}
CRITICAL - 2023-09-08 21:57:24 --> min(): Argument #1 ($value) must be of type array, int given
#0 D:\PT Konimex\Proyek PPL\pd_ln\app\Controllers\Admin\PJUM.php(257): min(1)
#1 D:\PT Konimex\Proyek PPL\pd_ln\system\CodeIgniter.php(832): App\Controllers\Admin\PJUM->importpjum('pjum', '1', '')
#2 D:\PT Konimex\Proyek PPL\pd_ln\system\CodeIgniter.php(419): CodeIgniter\CodeIgniter->runController(Object(App\Controllers\Admin\PJUM))
#3 D:\PT Konimex\Proyek PPL\pd_ln\system\CodeIgniter.php(326): CodeIgniter\CodeIgniter->handleRequest(NULL, Object(Config\Cache), false)
#4 D:\PT Konimex\Proyek PPL\pd_ln\public\index.php(37): CodeIgniter\CodeIgniter->run()
#5 D:\PT Konimex\Proyek PPL\pd_ln\system\Commands\Server\rewrite.php(43): require_once('D:\\PT Konimex\\P...')
#6 {main}
CRITICAL - 2023-09-08 21:59:39 --> Undefined variable $angka
#0 D:\PT Konimex\Proyek PPL\pd_ln\app\Controllers\Admin\PJUM.php(262): CodeIgniter\Debug\Exceptions->errorHandler(2, 'Undefined varia...', 'D:\\PT Konimex\\P...', 262)
#1 D:\PT Konimex\Proyek PPL\pd_ln\system\CodeIgniter.php(832): App\Controllers\Admin\PJUM->importpjum('pjum', '1', '')
#2 D:\PT Konimex\Proyek PPL\pd_ln\system\CodeIgniter.php(419): CodeIgniter\CodeIgniter->runController(Object(App\Controllers\Admin\PJUM))
#3 D:\PT Konimex\Proyek PPL\pd_ln\system\CodeIgniter.php(326): CodeIgniter\CodeIgniter->handleRequest(NULL, Object(Config\Cache), false)
#4 D:\PT Konimex\Proyek PPL\pd_ln\public\index.php(37): CodeIgniter\CodeIgniter->run()
#5 D:\PT Konimex\Proyek PPL\pd_ln\system\Commands\Server\rewrite.php(43): require_once('D:\\PT Konimex\\P...')
#6 {main}
CRITICAL - 2023-09-08 22:02:58 --> syntax error, unexpected double-quoted string "9", expecting "]"
#0 D:\PT Konimex\Proyek PPL\pd_ln\system\Autoloader\Autoloader.php(241): CodeIgniter\Autoloader\Autoloader->includeFile('D:\\PT Konimex\\P...')
#1 D:\PT Konimex\Proyek PPL\pd_ln\system\Autoloader\Autoloader.php(219): CodeIgniter\Autoloader\Autoloader->loadInNamespace('App\\Controllers...')
#2 [internal function]: CodeIgniter\Autoloader\Autoloader->loadClass('App\\Controllers...')
#3 D:\PT Konimex\Proyek PPL\pd_ln\system\CodeIgniter.php(797): class_exists('\\App\\Controller...', true)
#4 D:\PT Konimex\Proyek PPL\pd_ln\system\CodeIgniter.php(406): CodeIgniter\CodeIgniter->startController()
#5 D:\PT Konimex\Proyek PPL\pd_ln\system\CodeIgniter.php(326): CodeIgniter\CodeIgniter->handleRequest(NULL, Object(Config\Cache), false)
#6 D:\PT Konimex\Proyek PPL\pd_ln\public\index.php(37): CodeIgniter\CodeIgniter->run()
#7 D:\PT Konimex\Proyek PPL\pd_ln\system\Commands\Server\rewrite.php(43): require_once('D:\\PT Konimex\\P...')
#8 {main}
CRITICAL - 2023-09-08 22:07:45 --> Class "App\Controllers\Admin\mysqli" not found
#0 D:\PT Konimex\Proyek PPL\pd_ln\system\CodeIgniter.php(832): App\Controllers\Admin\PJUM->importpjum('pjum', '1', '')
#1 D:\PT Konimex\Proyek PPL\pd_ln\system\CodeIgniter.php(419): CodeIgniter\CodeIgniter->runController(Object(App\Controllers\Admin\PJUM))
#2 D:\PT Konimex\Proyek PPL\pd_ln\system\CodeIgniter.php(326): CodeIgniter\CodeIgniter->handleRequest(NULL, Object(Config\Cache), false)
#3 D:\PT Konimex\Proyek PPL\pd_ln\public\index.php(37): CodeIgniter\CodeIgniter->run()
#4 D:\PT Konimex\Proyek PPL\pd_ln\system\Commands\Server\rewrite.php(43): require_once('D:\\PT Konimex\\P...')
#5 {main}
CRITICAL - 2023-09-08 22:38:29 --> CodeIgniter\Database\BaseBuilder::distinct(): Argument #1 ($val) must be of type bool, array given, called in D:\PT Konimex\Proyek PPL\pd_ln\system\Model.php on line 728
#0 D:\PT Konimex\Proyek PPL\pd_ln\system\Model.php(728): CodeIgniter\Database\BaseBuilder->distinct(Array)
#1 D:\PT Konimex\Proyek PPL\pd_ln\app\Controllers\Admin\PJUM.php(357): CodeIgniter\Model->__call('distinct', Array)
#2 D:\PT Konimex\Proyek PPL\pd_ln\system\CodeIgniter.php(832): App\Controllers\Admin\PJUM->importpjum('pjum', '1', '')
#3 D:\PT Konimex\Proyek PPL\pd_ln\system\CodeIgniter.php(419): CodeIgniter\CodeIgniter->runController(Object(App\Controllers\Admin\PJUM))
#4 D:\PT Konimex\Proyek PPL\pd_ln\system\CodeIgniter.php(326): CodeIgniter\CodeIgniter->handleRequest(NULL, Object(Config\Cache), false)
#5 D:\PT Konimex\Proyek PPL\pd_ln\public\index.php(37): CodeIgniter\CodeIgniter->run()
#6 D:\PT Konimex\Proyek PPL\pd_ln\system\Commands\Server\rewrite.php(43): require_once('D:\\PT Konimex\\P...')
#7 {main}
CRITICAL - 2023-09-08 22:38:44 --> CodeIgniter\Database\BaseBuilder::distinct(): Argument #1 ($val) must be of type bool, array given, called in D:\PT Konimex\Proyek PPL\pd_ln\system\Model.php on line 728
#0 D:\PT Konimex\Proyek PPL\pd_ln\system\Model.php(728): CodeIgniter\Database\BaseBuilder->distinct(Array)
#1 D:\PT Konimex\Proyek PPL\pd_ln\app\Controllers\Admin\PJUM.php(357): CodeIgniter\Model->__call('distinct', Array)
#2 D:\PT Konimex\Proyek PPL\pd_ln\system\CodeIgniter.php(832): App\Controllers\Admin\PJUM->importpjum('pjum', '1', '')
#3 D:\PT Konimex\Proyek PPL\pd_ln\system\CodeIgniter.php(419): CodeIgniter\CodeIgniter->runController(Object(App\Controllers\Admin\PJUM))
#4 D:\PT Konimex\Proyek PPL\pd_ln\system\CodeIgniter.php(326): CodeIgniter\CodeIgniter->handleRequest(NULL, Object(Config\Cache), false)
#5 D:\PT Konimex\Proyek PPL\pd_ln\public\index.php(37): CodeIgniter\CodeIgniter->run()
#6 D:\PT Konimex\Proyek PPL\pd_ln\system\Commands\Server\rewrite.php(43): require_once('D:\\PT Konimex\\P...')
#7 {main}
ERROR - 2023-09-08 22:42:34 --> Duplicate entry '1' for key 'PRIMARY'
CRITICAL - 2023-09-08 22:42:34 --> Duplicate entry '1' for key 'PRIMARY'
#0 D:\PT Konimex\Proyek PPL\pd_ln\system\Database\MySQLi\Connection.php(292): mysqli->query('INSERT INTO `bi...', 0)
#1 D:\PT Konimex\Proyek PPL\pd_ln\system\Database\BaseConnection.php(670): CodeIgniter\Database\MySQLi\Connection->execute('INSERT INTO `bi...')
#2 D:\PT Konimex\Proyek PPL\pd_ln\system\Database\BaseConnection.php(598): CodeIgniter\Database\BaseConnection->simpleQuery('INSERT INTO `bi...')
#3 D:\PT Konimex\Proyek PPL\pd_ln\system\Database\BaseBuilder.php(1771): CodeIgniter\Database\BaseConnection->query('INSERT INTO `bi...', Array, false)
#4 D:\PT Konimex\Proyek PPL\pd_ln\system\Model.php(239): CodeIgniter\Database\BaseBuilder->insert()
#5 D:\PT Konimex\Proyek PPL\pd_ln\system\BaseModel.php(738): CodeIgniter\Model->doInsert(Array)
#6 D:\PT Konimex\Proyek PPL\pd_ln\system\Model.php(625): CodeIgniter\BaseModel->insert(Array, true)
#7 D:\PT Konimex\Proyek PPL\pd_ln\app\Controllers\Admin\PJUM.php(358): CodeIgniter\Model->insert(Array)
#8 D:\PT Konimex\Proyek PPL\pd_ln\system\CodeIgniter.php(832): App\Controllers\Admin\PJUM->importpjum('pjum', '1', '')
#9 D:\PT Konimex\Proyek PPL\pd_ln\system\CodeIgniter.php(419): CodeIgniter\CodeIgniter->runController(Object(App\Controllers\Admin\PJUM))
#10 D:\PT Konimex\Proyek PPL\pd_ln\system\CodeIgniter.php(326): CodeIgniter\CodeIgniter->handleRequest(NULL, Object(Config\Cache), false)
#11 D:\PT Konimex\Proyek PPL\pd_ln\public\index.php(37): CodeIgniter\CodeIgniter->run()
#12 D:\PT Konimex\Proyek PPL\pd_ln\system\Commands\Server\rewrite.php(43): require_once('D:\\PT Konimex\\P...')
#13 {main}
ERROR - 2023-09-08 22:42:43 --> Duplicate entry '1' for key 'PRIMARY'
CRITICAL - 2023-09-08 22:42:43 --> Duplicate entry '1' for key 'PRIMARY'
#0 D:\PT Konimex\Proyek PPL\pd_ln\system\Database\MySQLi\Connection.php(292): mysqli->query('INSERT INTO `bi...', 0)
#1 D:\PT Konimex\Proyek PPL\pd_ln\system\Database\BaseConnection.php(670): CodeIgniter\Database\MySQLi\Connection->execute('INSERT INTO `bi...')
#2 D:\PT Konimex\Proyek PPL\pd_ln\system\Database\BaseConnection.php(598): CodeIgniter\Database\BaseConnection->simpleQuery('INSERT INTO `bi...')
#3 D:\PT Konimex\Proyek PPL\pd_ln\system\Database\BaseBuilder.php(1771): CodeIgniter\Database\BaseConnection->query('INSERT INTO `bi...', Array, false)
#4 D:\PT Konimex\Proyek PPL\pd_ln\system\Model.php(239): CodeIgniter\Database\BaseBuilder->insert()
#5 D:\PT Konimex\Proyek PPL\pd_ln\system\BaseModel.php(738): CodeIgniter\Model->doInsert(Array)
#6 D:\PT Konimex\Proyek PPL\pd_ln\system\Model.php(625): CodeIgniter\BaseModel->insert(Array, true)
#7 D:\PT Konimex\Proyek PPL\pd_ln\app\Controllers\Admin\PJUM.php(358): CodeIgniter\Model->insert(Array)
#8 D:\PT Konimex\Proyek PPL\pd_ln\system\CodeIgniter.php(832): App\Controllers\Admin\PJUM->importpjum('pjum', '1', '')
#9 D:\PT Konimex\Proyek PPL\pd_ln\system\CodeIgniter.php(419): CodeIgniter\CodeIgniter->runController(Object(App\Controllers\Admin\PJUM))
#10 D:\PT Konimex\Proyek PPL\pd_ln\system\CodeIgniter.php(326): CodeIgniter\CodeIgniter->handleRequest(NULL, Object(Config\Cache), false)
#11 D:\PT Konimex\Proyek PPL\pd_ln\public\index.php(37): CodeIgniter\CodeIgniter->run()
#12 D:\PT Konimex\Proyek PPL\pd_ln\system\Commands\Server\rewrite.php(43): require_once('D:\\PT Konimex\\P...')
#13 {main}
CRITICAL - 2023-09-08 22:49:03 --> Call to undefined method CodeIgniter\Database\MySQLi\Result::lastInsertId()
#0 D:\PT Konimex\Proyek PPL\pd_ln\app\Controllers\Admin\PJUM.php(346): App\Models\BiayaModel->cekauto()
#1 D:\PT Konimex\Proyek PPL\pd_ln\system\CodeIgniter.php(832): App\Controllers\Admin\PJUM->importpjum('pjum', '1', '')
#2 D:\PT Konimex\Proyek PPL\pd_ln\system\CodeIgniter.php(419): CodeIgniter\CodeIgniter->runController(Object(App\Controllers\Admin\PJUM))
#3 D:\PT Konimex\Proyek PPL\pd_ln\system\CodeIgniter.php(326): CodeIgniter\CodeIgniter->handleRequest(NULL, Object(Config\Cache), false)
#4 D:\PT Konimex\Proyek PPL\pd_ln\public\index.php(37): CodeIgniter\CodeIgniter->run()
#5 D:\PT Konimex\Proyek PPL\pd_ln\system\Commands\Server\rewrite.php(43): require_once('D:\\PT Konimex\\P...')
#6 {main}
CRITICAL - 2023-09-08 22:50:23 --> Call to undefined method CodeIgniter\Database\MySQLi\Result::insert_id()
#0 D:\PT Konimex\Proyek PPL\pd_ln\app\Controllers\Admin\PJUM.php(346): App\Models\BiayaModel->cekauto()
#1 D:\PT Konimex\Proyek PPL\pd_ln\system\CodeIgniter.php(832): App\Controllers\Admin\PJUM->importpjum('pjum', '1', '')
#2 D:\PT Konimex\Proyek PPL\pd_ln\system\CodeIgniter.php(419): CodeIgniter\CodeIgniter->runController(Object(App\Controllers\Admin\PJUM))
#3 D:\PT Konimex\Proyek PPL\pd_ln\system\CodeIgniter.php(326): CodeIgniter\CodeIgniter->handleRequest(NULL, Object(Config\Cache), false)
#4 D:\PT Konimex\Proyek PPL\pd_ln\public\index.php(37): CodeIgniter\CodeIgniter->run()
#5 D:\PT Konimex\Proyek PPL\pd_ln\system\Commands\Server\rewrite.php(43): require_once('D:\\PT Konimex\\P...')
#6 {main}
CRITICAL - 2023-09-08 22:51:17 --> Call to undefined method App\Models\BiayaModel::insert_id
#0 D:\PT Konimex\Proyek PPL\pd_ln\app\Models\BiayaModel.php(66): CodeIgniter\Model->__call('insert_id', Array)
#1 D:\PT Konimex\Proyek PPL\pd_ln\app\Controllers\Admin\PJUM.php(346): App\Models\BiayaModel->cekauto()
#2 D:\PT Konimex\Proyek PPL\pd_ln\system\CodeIgniter.php(832): App\Controllers\Admin\PJUM->importpjum('pjum', '1', '')
#3 D:\PT Konimex\Proyek PPL\pd_ln\system\CodeIgniter.php(419): CodeIgniter\CodeIgniter->runController(Object(App\Controllers\Admin\PJUM))
#4 D:\PT Konimex\Proyek PPL\pd_ln\system\CodeIgniter.php(326): CodeIgniter\CodeIgniter->handleRequest(NULL, Object(Config\Cache), false)
#5 D:\PT Konimex\Proyek PPL\pd_ln\public\index.php(37): CodeIgniter\CodeIgniter->run()
#6 D:\PT Konimex\Proyek PPL\pd_ln\system\Commands\Server\rewrite.php(43): require_once('D:\\PT Konimex\\P...')
#7 {main}
CRITICAL - 2023-09-08 22:52:03 --> Call to undefined method App\Models\BiayaModel::insert_id
#0 D:\PT Konimex\Proyek PPL\pd_ln\app\Models\BiayaModel.php(66): CodeIgniter\Model->__call('insert_id', Array)
#1 D:\PT Konimex\Proyek PPL\pd_ln\app\Controllers\Admin\PJUM.php(346): App\Models\BiayaModel->cekauto()
#2 D:\PT Konimex\Proyek PPL\pd_ln\system\CodeIgniter.php(832): App\Controllers\Admin\PJUM->importpjum('pjum', '1', '')
#3 D:\PT Konimex\Proyek PPL\pd_ln\system\CodeIgniter.php(419): CodeIgniter\CodeIgniter->runController(Object(App\Controllers\Admin\PJUM))
#4 D:\PT Konimex\Proyek PPL\pd_ln\system\CodeIgniter.php(326): CodeIgniter\CodeIgniter->handleRequest(NULL, Object(Config\Cache), false)
#5 D:\PT Konimex\Proyek PPL\pd_ln\public\index.php(37): CodeIgniter\CodeIgniter->run()
#6 D:\PT Konimex\Proyek PPL\pd_ln\system\Commands\Server\rewrite.php(43): require_once('D:\\PT Konimex\\P...')
#7 {main}
CRITICAL - 2023-09-08 22:52:19 --> Call to undefined method App\Models\BiayaModel::insert_id
#0 D:\PT Konimex\Proyek PPL\pd_ln\app\Models\BiayaModel.php(66): CodeIgniter\Model->__call('insert_id', Array)
#1 D:\PT Konimex\Proyek PPL\pd_ln\app\Controllers\Admin\PJUM.php(346): App\Models\BiayaModel->cekauto()
#2 D:\PT Konimex\Proyek PPL\pd_ln\system\CodeIgniter.php(832): App\Controllers\Admin\PJUM->importpjum('pjum', '1', '')
#3 D:\PT Konimex\Proyek PPL\pd_ln\system\CodeIgniter.php(419): CodeIgniter\CodeIgniter->runController(Object(App\Controllers\Admin\PJUM))
#4 D:\PT Konimex\Proyek PPL\pd_ln\system\CodeIgniter.php(326): CodeIgniter\CodeIgniter->handleRequest(NULL, Object(Config\Cache), false)
#5 D:\PT Konimex\Proyek PPL\pd_ln\public\index.php(37): CodeIgniter\CodeIgniter->run()
#6 D:\PT Konimex\Proyek PPL\pd_ln\system\Commands\Server\rewrite.php(43): require_once('D:\\PT Konimex\\P...')
#7 {main}
ERROR - 2023-09-08 23:06:11 --> Unknown column 'kolom' in 'where clause'
CRITICAL - 2023-09-08 23:06:11 --> Unknown column 'kolom' in 'where clause'
#0 D:\PT Konimex\Proyek PPL\pd_ln\system\Database\MySQLi\Connection.php(292): mysqli->query('SELECT *\nFROM `...', 0)
#1 D:\PT Konimex\Proyek PPL\pd_ln\system\Database\BaseConnection.php(670): CodeIgniter\Database\MySQLi\Connection->execute('SELECT *\nFROM `...')
#2 D:\PT Konimex\Proyek PPL\pd_ln\system\Database\BaseConnection.php(598): CodeIgniter\Database\BaseConnection->simpleQuery('SELECT *\nFROM `...')
#3 D:\PT Konimex\Proyek PPL\pd_ln\system\Database\BaseBuilder.php(1455): CodeIgniter\Database\BaseConnection->query('SELECT *\nFROM `...', Array, false)
#4 D:\PT Konimex\Proyek PPL\pd_ln\system\Model.php(728): CodeIgniter\Database\BaseBuilder->get()
#5 D:\PT Konimex\Proyek PPL\pd_ln\app\Models\KategoriModel.php(85): CodeIgniter\Model->__call('get', Array)
#6 D:\PT Konimex\Proyek PPL\pd_ln\app\Controllers\Admin\PJUM.php(386): App\Models\KategoriModel->cekdata(5, 5)
#7 D:\PT Konimex\Proyek PPL\pd_ln\system\CodeIgniter.php(832): App\Controllers\Admin\PJUM->importpjum('pjum', '1', '')
#8 D:\PT Konimex\Proyek PPL\pd_ln\system\CodeIgniter.php(419): CodeIgniter\CodeIgniter->runController(Object(App\Controllers\Admin\PJUM))
#9 D:\PT Konimex\Proyek PPL\pd_ln\system\CodeIgniter.php(326): CodeIgniter\CodeIgniter->handleRequest(NULL, Object(Config\Cache), false)
#10 D:\PT Konimex\Proyek PPL\pd_ln\public\index.php(37): CodeIgniter\CodeIgniter->run()
#11 D:\PT Konimex\Proyek PPL\pd_ln\system\Commands\Server\rewrite.php(43): require_once('D:\\PT Konimex\\P...')
#12 {main}
ERROR - 2023-09-08 23:09:03 --> Cannot add or update a child row: a foreign key constraint fails (`db_pdln`.`biaya`, CONSTRAINT `kode_valas` FOREIGN KEY (`kode_valas`) REFERENCES `valas` (`kode_valas`) ON DELETE CASCADE ON UPDATE CASCADE)
CRITICAL - 2023-09-08 23:09:03 --> Cannot add or update a child row: a foreign key constraint fails (`db_pdln`.`biaya`, CONSTRAINT `kode_valas` FOREIGN KEY (`kode_valas`) REFERENCES `valas` (`kode_valas`) ON DELETE CASCADE ON UPDATE CASCADE)
#0 D:\PT Konimex\Proyek PPL\pd_ln\system\Database\MySQLi\Connection.php(292): mysqli->query('INSERT INTO `bi...', 0)
#1 D:\PT Konimex\Proyek PPL\pd_ln\system\Database\BaseConnection.php(670): CodeIgniter\Database\MySQLi\Connection->execute('INSERT INTO `bi...')
#2 D:\PT Konimex\Proyek PPL\pd_ln\system\Database\BaseConnection.php(598): CodeIgniter\Database\BaseConnection->simpleQuery('INSERT INTO `bi...')
#3 D:\PT Konimex\Proyek PPL\pd_ln\system\Database\BaseBuilder.php(1771): CodeIgniter\Database\BaseConnection->query('INSERT INTO `bi...', Array, false)
#4 D:\PT Konimex\Proyek PPL\pd_ln\system\Model.php(239): CodeIgniter\Database\BaseBuilder->insert()
#5 D:\PT Konimex\Proyek PPL\pd_ln\system\BaseModel.php(738): CodeIgniter\Model->doInsert(Array)
#6 D:\PT Konimex\Proyek PPL\pd_ln\system\Model.php(625): CodeIgniter\BaseModel->insert(Array, false)
#7 D:\PT Konimex\Proyek PPL\pd_ln\system\BaseModel.php(658): CodeIgniter\Model->insert(Array, false)
#8 D:\PT Konimex\Proyek PPL\pd_ln\app\Controllers\Admin\PJUM.php(413): CodeIgniter\BaseModel->save(Array)
#9 D:\PT Konimex\Proyek PPL\pd_ln\system\CodeIgniter.php(832): App\Controllers\Admin\PJUM->importpjum('pjum', '1', '')
#10 D:\PT Konimex\Proyek PPL\pd_ln\system\CodeIgniter.php(419): CodeIgniter\CodeIgniter->runController(Object(App\Controllers\Admin\PJUM))
#11 D:\PT Konimex\Proyek PPL\pd_ln\system\CodeIgniter.php(326): CodeIgniter\CodeIgniter->handleRequest(NULL, Object(Config\Cache), false)
#12 D:\PT Konimex\Proyek PPL\pd_ln\public\index.php(37): CodeIgniter\CodeIgniter->run()
#13 D:\PT Konimex\Proyek PPL\pd_ln\system\Commands\Server\rewrite.php(43): require_once('D:\\PT Konimex\\P...')
#14 {main}
ERROR - 2023-09-08 23:10:11 --> Cannot add or update a child row: a foreign key constraint fails (`db_pdln`.`biaya`, CONSTRAINT `kode_valas` FOREIGN KEY (`kode_valas`) REFERENCES `valas` (`kode_valas`) ON DELETE CASCADE ON UPDATE CASCADE)
CRITICAL - 2023-09-08 23:10:11 --> Cannot add or update a child row: a foreign key constraint fails (`db_pdln`.`biaya`, CONSTRAINT `kode_valas` FOREIGN KEY (`kode_valas`) REFERENCES `valas` (`kode_valas`) ON DELETE CASCADE ON UPDATE CASCADE)
#0 D:\PT Konimex\Proyek PPL\pd_ln\system\Database\MySQLi\Connection.php(292): mysqli->query('INSERT INTO `bi...', 0)
#1 D:\PT Konimex\Proyek PPL\pd_ln\system\Database\BaseConnection.php(670): CodeIgniter\Database\MySQLi\Connection->execute('INSERT INTO `bi...')
#2 D:\PT Konimex\Proyek PPL\pd_ln\system\Database\BaseConnection.php(598): CodeIgniter\Database\BaseConnection->simpleQuery('INSERT INTO `bi...')
#3 D:\PT Konimex\Proyek PPL\pd_ln\system\Database\BaseBuilder.php(1771): CodeIgniter\Database\BaseConnection->query('INSERT INTO `bi...', Array, false)
#4 D:\PT Konimex\Proyek PPL\pd_ln\system\Model.php(239): CodeIgniter\Database\BaseBuilder->insert()
#5 D:\PT Konimex\Proyek PPL\pd_ln\system\BaseModel.php(738): CodeIgniter\Model->doInsert(Array)
#6 D:\PT Konimex\Proyek PPL\pd_ln\system\Model.php(625): CodeIgniter\BaseModel->insert(Array, false)
#7 D:\PT Konimex\Proyek PPL\pd_ln\system\BaseModel.php(658): CodeIgniter\Model->insert(Array, false)
#8 D:\PT Konimex\Proyek PPL\pd_ln\app\Controllers\Admin\PJUM.php(413): CodeIgniter\BaseModel->save(Array)
#9 D:\PT Konimex\Proyek PPL\pd_ln\system\CodeIgniter.php(832): App\Controllers\Admin\PJUM->importpjum('pjum', '1', '')
#10 D:\PT Konimex\Proyek PPL\pd_ln\system\CodeIgniter.php(419): CodeIgniter\CodeIgniter->runController(Object(App\Controllers\Admin\PJUM))
#11 D:\PT Konimex\Proyek PPL\pd_ln\system\CodeIgniter.php(326): CodeIgniter\CodeIgniter->handleRequest(NULL, Object(Config\Cache), false)
#12 D:\PT Konimex\Proyek PPL\pd_ln\public\index.php(37): CodeIgniter\CodeIgniter->run()
#13 D:\PT Konimex\Proyek PPL\pd_ln\system\Commands\Server\rewrite.php(43): require_once('D:\\PT Konimex\\P...')
#14 {main}
ERROR - 2023-09-08 23:11:09 --> Cannot add or update a child row: a foreign key constraint fails (`db_pdln`.`biaya`, CONSTRAINT `kode_valas` FOREIGN KEY (`kode_valas`) REFERENCES `valas` (`kode_valas`) ON DELETE CASCADE ON UPDATE CASCADE)
CRITICAL - 2023-09-08 23:11:09 --> Cannot add or update a child row: a foreign key constraint fails (`db_pdln`.`biaya`, CONSTRAINT `kode_valas` FOREIGN KEY (`kode_valas`) REFERENCES `valas` (`kode_valas`) ON DELETE CASCADE ON UPDATE CASCADE)
#0 D:\PT Konimex\Proyek PPL\pd_ln\system\Database\MySQLi\Connection.php(292): mysqli->query('INSERT INTO `bi...', 0)
#1 D:\PT Konimex\Proyek PPL\pd_ln\system\Database\BaseConnection.php(670): CodeIgniter\Database\MySQLi\Connection->execute('INSERT INTO `bi...')
#2 D:\PT Konimex\Proyek PPL\pd_ln\system\Database\BaseConnection.php(598): CodeIgniter\Database\BaseConnection->simpleQuery('INSERT INTO `bi...')
#3 D:\PT Konimex\Proyek PPL\pd_ln\system\Database\BaseBuilder.php(1771): CodeIgniter\Database\BaseConnection->query('INSERT INTO `bi...', Array, false)
#4 D:\PT Konimex\Proyek PPL\pd_ln\system\Model.php(239): CodeIgniter\Database\BaseBuilder->insert()
#5 D:\PT Konimex\Proyek PPL\pd_ln\system\BaseModel.php(738): CodeIgniter\Model->doInsert(Array)
#6 D:\PT Konimex\Proyek PPL\pd_ln\system\Model.php(625): CodeIgniter\BaseModel->insert(Array, false)
#7 D:\PT Konimex\Proyek PPL\pd_ln\system\BaseModel.php(658): CodeIgniter\Model->insert(Array, false)
#8 D:\PT Konimex\Proyek PPL\pd_ln\app\Controllers\Admin\PJUM.php(413): CodeIgniter\BaseModel->save(Array)
#9 D:\PT Konimex\Proyek PPL\pd_ln\system\CodeIgniter.php(832): App\Controllers\Admin\PJUM->importpjum('pjum', '1', '')
#10 D:\PT Konimex\Proyek PPL\pd_ln\system\CodeIgniter.php(419): CodeIgniter\CodeIgniter->runController(Object(App\Controllers\Admin\PJUM))
#11 D:\PT Konimex\Proyek PPL\pd_ln\system\CodeIgniter.php(326): CodeIgniter\CodeIgniter->handleRequest(NULL, Object(Config\Cache), false)
#12 D:\PT Konimex\Proyek PPL\pd_ln\public\index.php(37): CodeIgniter\CodeIgniter->run()
#13 D:\PT Konimex\Proyek PPL\pd_ln\system\Commands\Server\rewrite.php(43): require_once('D:\\PT Konimex\\P...')
#14 {main}
ERROR - 2023-09-08 23:11:16 --> Cannot add or update a child row: a foreign key constraint fails (`db_pdln`.`biaya`, CONSTRAINT `kode_valas` FOREIGN KEY (`kode_valas`) REFERENCES `valas` (`kode_valas`) ON DELETE CASCADE ON UPDATE CASCADE)
CRITICAL - 2023-09-08 23:11:16 --> Cannot add or update a child row: a foreign key constraint fails (`db_pdln`.`biaya`, CONSTRAINT `kode_valas` FOREIGN KEY (`kode_valas`) REFERENCES `valas` (`kode_valas`) ON DELETE CASCADE ON UPDATE CASCADE)
#0 D:\PT Konimex\Proyek PPL\pd_ln\system\Database\MySQLi\Connection.php(292): mysqli->query('INSERT INTO `bi...', 0)
#1 D:\PT Konimex\Proyek PPL\pd_ln\system\Database\BaseConnection.php(670): CodeIgniter\Database\MySQLi\Connection->execute('INSERT INTO `bi...')
#2 D:\PT Konimex\Proyek PPL\pd_ln\system\Database\BaseConnection.php(598): CodeIgniter\Database\BaseConnection->simpleQuery('INSERT INTO `bi...')
#3 D:\PT Konimex\Proyek PPL\pd_ln\system\Database\BaseBuilder.php(1771): CodeIgniter\Database\BaseConnection->query('INSERT INTO `bi...', Array, false)
#4 D:\PT Konimex\Proyek PPL\pd_ln\system\Model.php(239): CodeIgniter\Database\BaseBuilder->insert()
#5 D:\PT Konimex\Proyek PPL\pd_ln\system\BaseModel.php(738): CodeIgniter\Model->doInsert(Array)
#6 D:\PT Konimex\Proyek PPL\pd_ln\system\Model.php(625): CodeIgniter\BaseModel->insert(Array, false)
#7 D:\PT Konimex\Proyek PPL\pd_ln\system\BaseModel.php(658): CodeIgniter\Model->insert(Array, false)
#8 D:\PT Konimex\Proyek PPL\pd_ln\app\Controllers\Admin\PJUM.php(413): CodeIgniter\BaseModel->save(Array)
#9 D:\PT Konimex\Proyek PPL\pd_ln\system\CodeIgniter.php(832): App\Controllers\Admin\PJUM->importpjum('pjum', '1', '')
#10 D:\PT Konimex\Proyek PPL\pd_ln\system\CodeIgniter.php(419): CodeIgniter\CodeIgniter->runController(Object(App\Controllers\Admin\PJUM))
#11 D:\PT Konimex\Proyek PPL\pd_ln\system\CodeIgniter.php(326): CodeIgniter\CodeIgniter->handleRequest(NULL, Object(Config\Cache), false)
#12 D:\PT Konimex\Proyek PPL\pd_ln\public\index.php(37): CodeIgniter\CodeIgniter->run()
#13 D:\PT Konimex\Proyek PPL\pd_ln\system\Commands\Server\rewrite.php(43): require_once('D:\\PT Konimex\\P...')
#14 {main}
ERROR - 2023-09-08 23:12:41 --> Cannot add or update a child row: a foreign key constraint fails (`db_pdln`.`biaya`, CONSTRAINT `kode_valas` FOREIGN KEY (`kode_valas`) REFERENCES `valas` (`kode_valas`) ON DELETE CASCADE ON UPDATE CASCADE)
CRITICAL - 2023-09-08 23:12:41 --> Cannot add or update a child row: a foreign key constraint fails (`db_pdln`.`biaya`, CONSTRAINT `kode_valas` FOREIGN KEY (`kode_valas`) REFERENCES `valas` (`kode_valas`) ON DELETE CASCADE ON UPDATE CASCADE)
#0 D:\PT Konimex\Proyek PPL\pd_ln\system\Database\MySQLi\Connection.php(292): mysqli->query('INSERT INTO `bi...', 0)
#1 D:\PT Konimex\Proyek PPL\pd_ln\system\Database\BaseConnection.php(670): CodeIgniter\Database\MySQLi\Connection->execute('INSERT INTO `bi...')
#2 D:\PT Konimex\Proyek PPL\pd_ln\system\Database\BaseConnection.php(598): CodeIgniter\Database\BaseConnection->simpleQuery('INSERT INTO `bi...')
#3 D:\PT Konimex\Proyek PPL\pd_ln\system\Database\BaseBuilder.php(1771): CodeIgniter\Database\BaseConnection->query('INSERT INTO `bi...', Array, false)
#4 D:\PT Konimex\Proyek PPL\pd_ln\system\Model.php(239): CodeIgniter\Database\BaseBuilder->insert()
#5 D:\PT Konimex\Proyek PPL\pd_ln\system\BaseModel.php(738): CodeIgniter\Model->doInsert(Array)
#6 D:\PT Konimex\Proyek PPL\pd_ln\system\Model.php(625): CodeIgniter\BaseModel->insert(Array, false)
#7 D:\PT Konimex\Proyek PPL\pd_ln\system\BaseModel.php(658): CodeIgniter\Model->insert(Array, false)
#8 D:\PT Konimex\Proyek PPL\pd_ln\app\Controllers\Admin\PJUM.php(413): CodeIgniter\BaseModel->save(Array)
#9 D:\PT Konimex\Proyek PPL\pd_ln\system\CodeIgniter.php(832): App\Controllers\Admin\PJUM->importpjum('pjum', '1', '')
#10 D:\PT Konimex\Proyek PPL\pd_ln\system\CodeIgniter.php(419): CodeIgniter\CodeIgniter->runController(Object(App\Controllers\Admin\PJUM))
#11 D:\PT Konimex\Proyek PPL\pd_ln\system\CodeIgniter.php(326): CodeIgniter\CodeIgniter->handleRequest(NULL, Object(Config\Cache), false)
#12 D:\PT Konimex\Proyek PPL\pd_ln\public\index.php(37): CodeIgniter\CodeIgniter->run()
#13 D:\PT Konimex\Proyek PPL\pd_ln\system\Commands\Server\rewrite.php(43): require_once('D:\\PT Konimex\\P...')
#14 {main}
ERROR - 2023-09-08 23:27:38 --> Cannot add or update a child row: a foreign key constraint fails (`db_pdln`.`kategori`, CONSTRAINT `baris` FOREIGN KEY (`baris`) REFERENCES `biaya` (`baris`) ON DELETE CASCADE ON UPDATE CASCADE)
CRITICAL - 2023-09-08 23:27:38 --> Cannot add or update a child row: a foreign key constraint fails (`db_pdln`.`kategori`, CONSTRAINT `baris` FOREIGN KEY (`baris`) REFERENCES `biaya` (`baris`) ON DELETE CASCADE ON UPDATE CASCADE)
#0 D:\PT Konimex\Proyek PPL\pd_ln\system\Database\MySQLi\Connection.php(292): mysqli->query('INSERT INTO `ka...', 0)
#1 D:\PT Konimex\Proyek PPL\pd_ln\system\Database\BaseConnection.php(670): CodeIgniter\Database\MySQLi\Connection->execute('INSERT INTO `ka...')
#2 D:\PT Konimex\Proyek PPL\pd_ln\system\Database\BaseConnection.php(598): CodeIgniter\Database\BaseConnection->simpleQuery('INSERT INTO `ka...')
#3 D:\PT Konimex\Proyek PPL\pd_ln\system\Database\BaseBuilder.php(1771): CodeIgniter\Database\BaseConnection->query('INSERT INTO `ka...', Array, false)
#4 D:\PT Konimex\Proyek PPL\pd_ln\system\Model.php(239): CodeIgniter\Database\BaseBuilder->insert()
#5 D:\PT Konimex\Proyek PPL\pd_ln\system\BaseModel.php(738): CodeIgniter\Model->doInsert(Array)
#6 D:\PT Konimex\Proyek PPL\pd_ln\system\Model.php(625): CodeIgniter\BaseModel->insert(Array, true)
#7 D:\PT Konimex\Proyek PPL\pd_ln\app\Controllers\Admin\PJUM.php(403): CodeIgniter\Model->insert(Array)
#8 D:\PT Konimex\Proyek PPL\pd_ln\system\CodeIgniter.php(832): App\Controllers\Admin\PJUM->importpjum('pjum', '1', '')
#9 D:\PT Konimex\Proyek PPL\pd_ln\system\CodeIgniter.php(419): CodeIgniter\CodeIgniter->runController(Object(App\Controllers\Admin\PJUM))
#10 D:\PT Konimex\Proyek PPL\pd_ln\system\CodeIgniter.php(326): CodeIgniter\CodeIgniter->handleRequest(NULL, Object(Config\Cache), false)
#11 D:\PT Konimex\Proyek PPL\pd_ln\public\index.php(37): CodeIgniter\CodeIgniter->run()
#12 D:\PT Konimex\Proyek PPL\pd_ln\system\Commands\Server\rewrite.php(43): require_once('D:\\PT Konimex\\P...')
#13 {main}
ERROR - 2023-09-08 23:27:48 --> Cannot add or update a child row: a foreign key constraint fails (`db_pdln`.`kategori`, CONSTRAINT `baris` FOREIGN KEY (`baris`) REFERENCES `biaya` (`baris`) ON DELETE CASCADE ON UPDATE CASCADE)
CRITICAL - 2023-09-08 23:27:48 --> Cannot add or update a child row: a foreign key constraint fails (`db_pdln`.`kategori`, CONSTRAINT `baris` FOREIGN KEY (`baris`) REFERENCES `biaya` (`baris`) ON DELETE CASCADE ON UPDATE CASCADE)
#0 D:\PT Konimex\Proyek PPL\pd_ln\system\Database\MySQLi\Connection.php(292): mysqli->query('INSERT INTO `ka...', 0)
#1 D:\PT Konimex\Proyek PPL\pd_ln\system\Database\BaseConnection.php(670): CodeIgniter\Database\MySQLi\Connection->execute('INSERT INTO `ka...')
#2 D:\PT Konimex\Proyek PPL\pd_ln\system\Database\BaseConnection.php(598): CodeIgniter\Database\BaseConnection->simpleQuery('INSERT INTO `ka...')
#3 D:\PT Konimex\Proyek PPL\pd_ln\system\Database\BaseBuilder.php(1771): CodeIgniter\Database\BaseConnection->query('INSERT INTO `ka...', Array, false)
#4 D:\PT Konimex\Proyek PPL\pd_ln\system\Model.php(239): CodeIgniter\Database\BaseBuilder->insert()
#5 D:\PT Konimex\Proyek PPL\pd_ln\system\BaseModel.php(738): CodeIgniter\Model->doInsert(Array)
#6 D:\PT Konimex\Proyek PPL\pd_ln\system\Model.php(625): CodeIgniter\BaseModel->insert(Array, true)
#7 D:\PT Konimex\Proyek PPL\pd_ln\app\Controllers\Admin\PJUM.php(403): CodeIgniter\Model->insert(Array)
#8 D:\PT Konimex\Proyek PPL\pd_ln\system\CodeIgniter.php(832): App\Controllers\Admin\PJUM->importpjum('pjum', '1', '')
#9 D:\PT Konimex\Proyek PPL\pd_ln\system\CodeIgniter.php(419): CodeIgniter\CodeIgniter->runController(Object(App\Controllers\Admin\PJUM))
#10 D:\PT Konimex\Proyek PPL\pd_ln\system\CodeIgniter.php(326): CodeIgniter\CodeIgniter->handleRequest(NULL, Object(Config\Cache), false)
#11 D:\PT Konimex\Proyek PPL\pd_ln\public\index.php(37): CodeIgniter\CodeIgniter->run()
#12 D:\PT Konimex\Proyek PPL\pd_ln\system\Commands\Server\rewrite.php(43): require_once('D:\\PT Konimex\\P...')
#13 {main}
