CRITICAL - 2024-01-10 13:23:56 --> ldap_bind(): Unable to bind to server: Can't contact LDAP server
#0 [internal function]: CodeIgniter\Debug\Exceptions->errorHandler(2, 'ldap_bind(): Un...', 'C:\\xampp\\htdocs...', 57)
#1 C:\xampp\htdocs\pdln\app\Controllers\Admin\Admin.php(57): ldap_bind(Resource id #164, 'cn=directory ma...', 'd0ra3m0n')
#2 C:\xampp\htdocs\pdln\app\Controllers\Admin\Admin.php(133): App\Controllers\Admin\Admin->checkAuth('09002', 'konimex')
#3 C:\xampp\htdocs\pdln\system\CodeIgniter.php(832): App\Controllers\Admin\Admin->login()
#4 C:\xampp\htdocs\pdln\system\CodeIgniter.php(419): CodeIgniter\CodeIgniter->runController(Object(App\Controllers\Admin\Admin))
#5 C:\xampp\htdocs\pdln\system\CodeIgniter.php(326): CodeIgniter\CodeIgniter->handleRequest(NULL, Object(Config\Cache), false)
#6 C:\xampp\htdocs\pdln\index.php(37): CodeIgniter\CodeIgniter->run()
#7 {main}
CRITICAL - 2024-01-10 13:24:33 --> ldap_bind(): Unable to bind to server: Can't contact LDAP server
#0 [internal function]: CodeIgniter\Debug\Exceptions->errorHandler(2, 'ldap_bind(): Un...', 'C:\\xampp\\htdocs...', 57)
#1 C:\xampp\htdocs\pdln\app\Controllers\Admin\Admin.php(57): ldap_bind(Resource id #164, 'cn=directory ma...', 'd0ra3m0n')
#2 C:\xampp\htdocs\pdln\app\Controllers\Admin\Admin.php(133): App\Controllers\Admin\Admin->checkAuth('superuser', 'bas*2648')
#3 C:\xampp\htdocs\pdln\system\CodeIgniter.php(832): App\Controllers\Admin\Admin->login()
#4 C:\xampp\htdocs\pdln\system\CodeIgniter.php(419): CodeIgniter\CodeIgniter->runController(Object(App\Controllers\Admin\Admin))
#5 C:\xampp\htdocs\pdln\system\CodeIgniter.php(326): CodeIgniter\CodeIgniter->handleRequest(NULL, Object(Config\Cache), false)
#6 C:\xampp\htdocs\pdln\index.php(37): CodeIgniter\CodeIgniter->run()
#7 {main}
CRITICAL - 2024-01-10 13:25:25 --> ldap_bind(): Unable to bind to server: Can't contact LDAP server
#0 [internal function]: CodeIgniter\Debug\Exceptions->errorHandler(2, 'ldap_bind(): Un...', 'C:\\xampp\\htdocs...', 57)
#1 C:\xampp\htdocs\pdln\app\Controllers\Admin\Admin.php(57): ldap_bind(Resource id #164, 'cn=directory ma...', 'd0ra3m0n')
#2 C:\xampp\htdocs\pdln\app\Controllers\Admin\Admin.php(133): App\Controllers\Admin\Admin->checkAuth('superuser', 'bas*2648')
#3 C:\xampp\htdocs\pdln\system\CodeIgniter.php(832): App\Controllers\Admin\Admin->login()
#4 C:\xampp\htdocs\pdln\system\CodeIgniter.php(419): CodeIgniter\CodeIgniter->runController(Object(App\Controllers\Admin\Admin))
#5 C:\xampp\htdocs\pdln\system\CodeIgniter.php(326): CodeIgniter\CodeIgniter->handleRequest(NULL, Object(Config\Cache), false)
#6 C:\xampp\htdocs\pdln\index.php(37): CodeIgniter\CodeIgniter->run()
#7 {main}
CRITICAL - 2024-01-10 13:25:38 --> Undefined variable $check
#0 C:\xampp\htdocs\pdln\app\Controllers\Admin\Admin.php(135): CodeIgniter\Debug\Exceptions->errorHandler(2, 'Undefined varia...', 'C:\\xampp\\htdocs...', 135)
#1 C:\xampp\htdocs\pdln\system\CodeIgniter.php(832): App\Controllers\Admin\Admin->login()
#2 C:\xampp\htdocs\pdln\system\CodeIgniter.php(419): CodeIgniter\CodeIgniter->runController(Object(App\Controllers\Admin\Admin))
#3 C:\xampp\htdocs\pdln\system\CodeIgniter.php(326): CodeIgniter\CodeIgniter->handleRequest(NULL, Object(Config\Cache), false)
#4 C:\xampp\htdocs\pdln\index.php(37): CodeIgniter\CodeIgniter->run()
#5 {main}
CRITICAL - 2024-01-10 14:48:20 --> ldap_bind(): Unable to bind to server: Can't contact LDAP server
#0 [internal function]: CodeIgniter\Debug\Exceptions->errorHandler(2, 'ldap_bind(): Un...', 'C:\\xampp\\htdocs...', 57)
#1 C:\xampp\htdocs\pdln\app\Controllers\Admin\Admin.php(57): ldap_bind(Resource id #172, 'cn=directory ma...', 'd0ra3m0n')
#2 C:\xampp\htdocs\pdln\app\Controllers\Admin\Admin.php(147): App\Controllers\Admin\Admin->checkAuth('09002@intra.net', 'uyeirnfkfnvv')
#3 C:\xampp\htdocs\pdln\system\CodeIgniter.php(832): App\Controllers\Admin\Admin->login()
#4 C:\xampp\htdocs\pdln\system\CodeIgniter.php(419): CodeIgniter\CodeIgniter->runController(Object(App\Controllers\Admin\Admin))
#5 C:\xampp\htdocs\pdln\system\CodeIgniter.php(326): CodeIgniter\CodeIgniter->handleRequest(NULL, Object(Config\Cache), false)
#6 C:\xampp\htdocs\pdln\index.php(37): CodeIgniter\CodeIgniter->run()
#7 {main}
