CRITICAL - 2023-11-15 00:37:13 --> Undefined array key "role"
#0 C:\xampp\htdocs\pdln\app\Views\pjum\v_datapjum.php(1200): CodeIgniter\Debug\Exceptions->errorHandler(2, 'Undefined array...', 'C:\\xampp\\htdocs...', 1200)
#1 C:\xampp\htdocs\pdln\system\View\View.php(210): include('C:\\xampp\\htdocs...')
#2 C:\xampp\htdocs\pdln\system\View\View.php(213): CodeIgniter\View\View->CodeIgniter\View\{closure}()
#3 C:\xampp\htdocs\pdln\system\Common.php(1089): CodeIgniter\View\View->render('pjum/v_datapjum', Array, true)
#4 C:\xampp\htdocs\pdln\app\Controllers\Admin\PJUM.php(497): view('pjum/v_datapjum', Array)
#5 C:\xampp\htdocs\pdln\system\CodeIgniter.php(832): App\Controllers\Admin\PJUM->datapjum('pjum', '2', '4', '', '')
#6 C:\xampp\htdocs\pdln\system\CodeIgniter.php(419): CodeIgniter\CodeIgniter->runController(Object(App\Controllers\Admin\PJUM))
#7 C:\xampp\htdocs\pdln\system\CodeIgniter.php(326): CodeIgniter\CodeIgniter->handleRequest(NULL, Object(Config\Cache), false)
#8 C:\xampp\htdocs\pdln\index.php(37): CodeIgniter\CodeIgniter->run()
#9 {main}
CRITICAL - 2023-11-15 00:38:35 --> session_start(): Ignoring session_start() because a session is already active
#0 [internal function]: CodeIgniter\Debug\Exceptions->errorHandler(8, 'session_start()...', 'C:\\xampp\\htdocs...', 1125)
#1 C:\xampp\htdocs\pdln\app\Views\pjum\v_datapjum.php(1125): session_start()
#2 C:\xampp\htdocs\pdln\system\View\View.php(210): include('C:\\xampp\\htdocs...')
#3 C:\xampp\htdocs\pdln\system\View\View.php(213): CodeIgniter\View\View->CodeIgniter\View\{closure}()
#4 C:\xampp\htdocs\pdln\system\Common.php(1089): CodeIgniter\View\View->render('pjum/v_datapjum', Array, true)
#5 C:\xampp\htdocs\pdln\app\Controllers\Admin\PJUM.php(497): view('pjum/v_datapjum', Array)
#6 C:\xampp\htdocs\pdln\system\CodeIgniter.php(832): App\Controllers\Admin\PJUM->datapjum('pjum', '2', '4', '', '')
#7 C:\xampp\htdocs\pdln\system\CodeIgniter.php(419): CodeIgniter\CodeIgniter->runController(Object(App\Controllers\Admin\PJUM))
#8 C:\xampp\htdocs\pdln\system\CodeIgniter.php(326): CodeIgniter\CodeIgniter->handleRequest(NULL, Object(Config\Cache), false)
#9 C:\xampp\htdocs\pdln\index.php(37): CodeIgniter\CodeIgniter->run()
#10 {main}
CRITICAL - 2023-11-15 00:38:45 --> Undefined array key "role"
#0 C:\xampp\htdocs\pdln\app\Views\pjum\v_datapjum.php(1125): CodeIgniter\Debug\Exceptions->errorHandler(2, 'Undefined array...', 'C:\\xampp\\htdocs...', 1125)
#1 C:\xampp\htdocs\pdln\system\View\View.php(210): include('C:\\xampp\\htdocs...')
#2 C:\xampp\htdocs\pdln\system\View\View.php(213): CodeIgniter\View\View->CodeIgniter\View\{closure}()
#3 C:\xampp\htdocs\pdln\system\Common.php(1089): CodeIgniter\View\View->render('pjum/v_datapjum', Array, true)
#4 C:\xampp\htdocs\pdln\app\Controllers\Admin\PJUM.php(497): view('pjum/v_datapjum', Array)
#5 C:\xampp\htdocs\pdln\system\CodeIgniter.php(832): App\Controllers\Admin\PJUM->datapjum('pjum', '2', '4', '', '')
#6 C:\xampp\htdocs\pdln\system\CodeIgniter.php(419): CodeIgniter\CodeIgniter->runController(Object(App\Controllers\Admin\PJUM))
#7 C:\xampp\htdocs\pdln\system\CodeIgniter.php(326): CodeIgniter\CodeIgniter->handleRequest(NULL, Object(Config\Cache), false)
#8 C:\xampp\htdocs\pdln\index.php(37): CodeIgniter\CodeIgniter->run()
#9 {main}
CRITICAL - 2023-11-15 01:50:12 --> preg_replace() expects at least 3 arguments, 2 given
#0 C:\xampp\htdocs\pdln\app\Controllers\Admin\PJUM.php(1029): preg_replace('/[^0-9,]/', '10.000,99')
#1 C:\xampp\htdocs\pdln\system\CodeIgniter.php(832): App\Controllers\Admin\PJUM->editkurspjum('2', 'pjum', '4', '1', '', '', '')
#2 C:\xampp\htdocs\pdln\system\CodeIgniter.php(419): CodeIgniter\CodeIgniter->runController(Object(App\Controllers\Admin\PJUM))
#3 C:\xampp\htdocs\pdln\system\CodeIgniter.php(326): CodeIgniter\CodeIgniter->handleRequest(NULL, Object(Config\Cache), false)
#4 C:\xampp\htdocs\pdln\index.php(37): CodeIgniter\CodeIgniter->run()
#5 {main}
CRITICAL - 2023-11-15 01:50:32 --> preg_replace() expects at least 3 arguments, 2 given
#0 C:\xampp\htdocs\pdln\app\Controllers\Admin\PJUM.php(1029): preg_replace('/[^0-9,.]/', '10.000,99')
#1 C:\xampp\htdocs\pdln\system\CodeIgniter.php(832): App\Controllers\Admin\PJUM->editkurspjum('2', 'pjum', '4', '1', '', '', '')
#2 C:\xampp\htdocs\pdln\system\CodeIgniter.php(419): CodeIgniter\CodeIgniter->runController(Object(App\Controllers\Admin\PJUM))
#3 C:\xampp\htdocs\pdln\system\CodeIgniter.php(326): CodeIgniter\CodeIgniter->handleRequest(NULL, Object(Config\Cache), false)
#4 C:\xampp\htdocs\pdln\index.php(37): CodeIgniter\CodeIgniter->run()
#5 {main}
CRITICAL - 2023-11-15 01:50:34 --> preg_replace() expects at least 3 arguments, 2 given
#0 C:\xampp\htdocs\pdln\app\Controllers\Admin\PJUM.php(1029): preg_replace('/[^0-9,.]/', '10.000,99')
#1 C:\xampp\htdocs\pdln\system\CodeIgniter.php(832): App\Controllers\Admin\PJUM->editkurspjum('2', 'pjum', '4', '1', '', '', '')
#2 C:\xampp\htdocs\pdln\system\CodeIgniter.php(419): CodeIgniter\CodeIgniter->runController(Object(App\Controllers\Admin\PJUM))
#3 C:\xampp\htdocs\pdln\system\CodeIgniter.php(326): CodeIgniter\CodeIgniter->handleRequest(NULL, Object(Config\Cache), false)
#4 C:\xampp\htdocs\pdln\index.php(37): CodeIgniter\CodeIgniter->run()
#5 {main}
CRITICAL - 2023-11-15 01:50:35 --> preg_replace() expects at least 3 arguments, 2 given
#0 C:\xampp\htdocs\pdln\app\Controllers\Admin\PJUM.php(1029): preg_replace('/[^0-9,.]/', '10.000,99')
#1 C:\xampp\htdocs\pdln\system\CodeIgniter.php(832): App\Controllers\Admin\PJUM->editkurspjum('2', 'pjum', '4', '1', '', '', '')
#2 C:\xampp\htdocs\pdln\system\CodeIgniter.php(419): CodeIgniter\CodeIgniter->runController(Object(App\Controllers\Admin\PJUM))
#3 C:\xampp\htdocs\pdln\system\CodeIgniter.php(326): CodeIgniter\CodeIgniter->handleRequest(NULL, Object(Config\Cache), false)
#4 C:\xampp\htdocs\pdln\index.php(37): CodeIgniter\CodeIgniter->run()
#5 {main}
CRITICAL - 2023-11-15 01:52:42 --> preg_replace(): No ending delimiter '/' found
#0 [internal function]: CodeIgniter\Debug\Exceptions->errorHandler(2, 'preg_replace():...', 'C:\\xampp\\htdocs...', 1029)
#1 C:\xampp\htdocs\pdln\app\Controllers\Admin\PJUM.php(1029): preg_replace('/[^0-9', ']/.', '10.000,99')
#2 C:\xampp\htdocs\pdln\system\CodeIgniter.php(832): App\Controllers\Admin\PJUM->editkurspjum('2', 'pjum', '4', '1', '', '', '')
#3 C:\xampp\htdocs\pdln\system\CodeIgniter.php(419): CodeIgniter\CodeIgniter->runController(Object(App\Controllers\Admin\PJUM))
#4 C:\xampp\htdocs\pdln\system\CodeIgniter.php(326): CodeIgniter\CodeIgniter->handleRequest(NULL, Object(Config\Cache), false)
#5 C:\xampp\htdocs\pdln\index.php(37): CodeIgniter\CodeIgniter->run()
#6 {main}
CRITICAL - 2023-11-15 01:53:09 --> preg_replace(): No ending delimiter '/' found
#0 [internal function]: CodeIgniter\Debug\Exceptions->errorHandler(2, 'preg_replace():...', 'C:\\xampp\\htdocs...', 1029)
#1 C:\xampp\htdocs\pdln\app\Controllers\Admin\PJUM.php(1029): preg_replace('/[^0-9', ']/', '10.000,99')
#2 C:\xampp\htdocs\pdln\system\CodeIgniter.php(832): App\Controllers\Admin\PJUM->editkurspjum('2', 'pjum', '4', '1', '', '', '')
#3 C:\xampp\htdocs\pdln\system\CodeIgniter.php(419): CodeIgniter\CodeIgniter->runController(Object(App\Controllers\Admin\PJUM))
#4 C:\xampp\htdocs\pdln\system\CodeIgniter.php(326): CodeIgniter\CodeIgniter->handleRequest(NULL, Object(Config\Cache), false)
#5 C:\xampp\htdocs\pdln\index.php(37): CodeIgniter\CodeIgniter->run()
#6 {main}
CRITICAL - 2023-11-15 01:53:11 --> preg_replace(): No ending delimiter '/' found
#0 [internal function]: CodeIgniter\Debug\Exceptions->errorHandler(2, 'preg_replace():...', 'C:\\xampp\\htdocs...', 1029)
#1 C:\xampp\htdocs\pdln\app\Controllers\Admin\PJUM.php(1029): preg_replace('/[^0-9', ']/', '10.000,99')
#2 C:\xampp\htdocs\pdln\system\CodeIgniter.php(832): App\Controllers\Admin\PJUM->editkurspjum('2', 'pjum', '4', '1', '', '', '')
#3 C:\xampp\htdocs\pdln\system\CodeIgniter.php(419): CodeIgniter\CodeIgniter->runController(Object(App\Controllers\Admin\PJUM))
#4 C:\xampp\htdocs\pdln\system\CodeIgniter.php(326): CodeIgniter\CodeIgniter->handleRequest(NULL, Object(Config\Cache), false)
#5 C:\xampp\htdocs\pdln\index.php(37): CodeIgniter\CodeIgniter->run()
#6 {main}
CRITICAL - 2023-11-15 01:55:22 --> preg_replace() expects at least 3 arguments, 2 given
#0 C:\xampp\htdocs\pdln\app\Controllers\Admin\PJUM.php(1029): preg_replace('/[^0-9.,]/', '10.000,99')
#1 C:\xampp\htdocs\pdln\system\CodeIgniter.php(832): App\Controllers\Admin\PJUM->editkurspjum('2', 'pjum', '4', '1', '', '', '')
#2 C:\xampp\htdocs\pdln\system\CodeIgniter.php(419): CodeIgniter\CodeIgniter->runController(Object(App\Controllers\Admin\PJUM))
#3 C:\xampp\htdocs\pdln\system\CodeIgniter.php(326): CodeIgniter\CodeIgniter->handleRequest(NULL, Object(Config\Cache), false)
#4 C:\xampp\htdocs\pdln\index.php(37): CodeIgniter\CodeIgniter->run()
#5 {main}
CRITICAL - 2023-11-15 01:55:32 --> preg_replace() expects at least 3 arguments, 2 given
#0 C:\xampp\htdocs\pdln\app\Controllers\Admin\PJUM.php(1029): preg_replace('/[^0-9.,]/.', '10.000,99')
#1 C:\xampp\htdocs\pdln\system\CodeIgniter.php(832): App\Controllers\Admin\PJUM->editkurspjum('2', 'pjum', '4', '1', '', '', '')
#2 C:\xampp\htdocs\pdln\system\CodeIgniter.php(419): CodeIgniter\CodeIgniter->runController(Object(App\Controllers\Admin\PJUM))
#3 C:\xampp\htdocs\pdln\system\CodeIgniter.php(326): CodeIgniter\CodeIgniter->handleRequest(NULL, Object(Config\Cache), false)
#4 C:\xampp\htdocs\pdln\index.php(37): CodeIgniter\CodeIgniter->run()
#5 {main}
CRITICAL - 2023-11-15 01:55:34 --> preg_replace() expects at least 3 arguments, 2 given
#0 C:\xampp\htdocs\pdln\app\Controllers\Admin\PJUM.php(1029): preg_replace('/[^0-9.,]/.', '10.000,99')
#1 C:\xampp\htdocs\pdln\system\CodeIgniter.php(832): App\Controllers\Admin\PJUM->editkurspjum('2', 'pjum', '4', '1', '', '', '')
#2 C:\xampp\htdocs\pdln\system\CodeIgniter.php(419): CodeIgniter\CodeIgniter->runController(Object(App\Controllers\Admin\PJUM))
#3 C:\xampp\htdocs\pdln\system\CodeIgniter.php(326): CodeIgniter\CodeIgniter->handleRequest(NULL, Object(Config\Cache), false)
#4 C:\xampp\htdocs\pdln\index.php(37): CodeIgniter\CodeIgniter->run()
#5 {main}
CRITICAL - 2023-11-15 01:55:48 --> preg_replace(): No ending delimiter '/' found
#0 [internal function]: CodeIgniter\Debug\Exceptions->errorHandler(2, 'preg_replace():...', 'C:\\xampp\\htdocs...', 1029)
#1 C:\xampp\htdocs\pdln\app\Controllers\Admin\PJUM.php(1029): preg_replace('/[^0-9.', ']/.', '10.000,99')
#2 C:\xampp\htdocs\pdln\system\CodeIgniter.php(832): App\Controllers\Admin\PJUM->editkurspjum('2', 'pjum', '4', '1', '', '', '')
#3 C:\xampp\htdocs\pdln\system\CodeIgniter.php(419): CodeIgniter\CodeIgniter->runController(Object(App\Controllers\Admin\PJUM))
#4 C:\xampp\htdocs\pdln\system\CodeIgniter.php(326): CodeIgniter\CodeIgniter->handleRequest(NULL, Object(Config\Cache), false)
#5 C:\xampp\htdocs\pdln\index.php(37): CodeIgniter\CodeIgniter->run()
#6 {main}
CRITICAL - 2023-11-15 02:05:52 --> preg_replace() expects at least 3 arguments, 2 given
#0 C:\xampp\htdocs\pdln\app\Controllers\Admin\PJUM.php(1029): preg_replace('/[^0-9\\,\\-]+/', '10.000,99')
#1 C:\xampp\htdocs\pdln\system\CodeIgniter.php(832): App\Controllers\Admin\PJUM->editkurspjum('2', 'pjum', '4', '1', '', '', '')
#2 C:\xampp\htdocs\pdln\system\CodeIgniter.php(419): CodeIgniter\CodeIgniter->runController(Object(App\Controllers\Admin\PJUM))
#3 C:\xampp\htdocs\pdln\system\CodeIgniter.php(326): CodeIgniter\CodeIgniter->handleRequest(NULL, Object(Config\Cache), false)
#4 C:\xampp\htdocs\pdln\index.php(37): CodeIgniter\CodeIgniter->run()
#5 {main}
CRITICAL - 2023-11-15 02:06:12 --> preg_replace() expects at least 3 arguments, 2 given
#0 C:\xampp\htdocs\pdln\app\Controllers\Admin\PJUM.php(1029): preg_replace('/[^0-9\\,\\-]+/.', '10.000,99')
#1 C:\xampp\htdocs\pdln\system\CodeIgniter.php(832): App\Controllers\Admin\PJUM->editkurspjum('2', 'pjum', '4', '1', '', '', '')
#2 C:\xampp\htdocs\pdln\system\CodeIgniter.php(419): CodeIgniter\CodeIgniter->runController(Object(App\Controllers\Admin\PJUM))
#3 C:\xampp\htdocs\pdln\system\CodeIgniter.php(326): CodeIgniter\CodeIgniter->handleRequest(NULL, Object(Config\Cache), false)
#4 C:\xampp\htdocs\pdln\index.php(37): CodeIgniter\CodeIgniter->run()
#5 {main}
CRITICAL - 2023-11-15 02:08:24 --> preg_replace(): Compilation failed: missing terminating ] for character class at offset 20
#0 [internal function]: CodeIgniter\Debug\Exceptions->errorHandler(2, 'preg_replace():...', 'C:\\xampp\\htdocs...', 1029)
#1 C:\xampp\htdocs\pdln\app\Controllers\Admin\PJUM.php(1029): preg_replace('~[](?=\\d{2}\\b)|...', '#', '10.000,99')
#2 C:\xampp\htdocs\pdln\system\CodeIgniter.php(832): App\Controllers\Admin\PJUM->editkurspjum('2', 'pjum', '4', '1', '', '', '')
#3 C:\xampp\htdocs\pdln\system\CodeIgniter.php(419): CodeIgniter\CodeIgniter->runController(Object(App\Controllers\Admin\PJUM))
#4 C:\xampp\htdocs\pdln\system\CodeIgniter.php(326): CodeIgniter\CodeIgniter->handleRequest(NULL, Object(Config\Cache), false)
#5 C:\xampp\htdocs\pdln\index.php(37): CodeIgniter\CodeIgniter->run()
#6 {main}
CRITICAL - 2023-11-15 02:11:22 --> preg_replace() expects at least 3 arguments, 2 given
#0 C:\xampp\htdocs\pdln\app\Controllers\Admin\PJUM.php(1029): preg_replace('/[^0-9\\,\\-]+/.', '10.000,99')
#1 C:\xampp\htdocs\pdln\system\CodeIgniter.php(832): App\Controllers\Admin\PJUM->editkurspjum('2', 'pjum', '4', '1', '', '', '')
#2 C:\xampp\htdocs\pdln\system\CodeIgniter.php(419): CodeIgniter\CodeIgniter->runController(Object(App\Controllers\Admin\PJUM))
#3 C:\xampp\htdocs\pdln\system\CodeIgniter.php(326): CodeIgniter\CodeIgniter->handleRequest(NULL, Object(Config\Cache), false)
#4 C:\xampp\htdocs\pdln\index.php(37): CodeIgniter\CodeIgniter->run()
#5 {main}
CRITICAL - 2023-11-15 02:12:12 --> preg_replace() expects at least 3 arguments, 2 given
#0 C:\xampp\htdocs\pdln\app\Controllers\Admin\PJUM.php(1029): preg_replace('/[^0-9\\,\\-]+/', '10.000,99')
#1 C:\xampp\htdocs\pdln\system\CodeIgniter.php(832): App\Controllers\Admin\PJUM->editkurspjum('2', 'pjum', '4', '1', '', '', '')
#2 C:\xampp\htdocs\pdln\system\CodeIgniter.php(419): CodeIgniter\CodeIgniter->runController(Object(App\Controllers\Admin\PJUM))
#3 C:\xampp\htdocs\pdln\system\CodeIgniter.php(326): CodeIgniter\CodeIgniter->handleRequest(NULL, Object(Config\Cache), false)
#4 C:\xampp\htdocs\pdln\index.php(37): CodeIgniter\CodeIgniter->run()
#5 {main}
CRITICAL - 2023-11-15 02:12:59 --> preg_replace() expects at least 3 arguments, 2 given
#0 C:\xampp\htdocs\pdln\app\Controllers\Admin\PJUM.php(1029): preg_replace('/[^0-9\\,\\-]+.', '10.000,99')
#1 C:\xampp\htdocs\pdln\system\CodeIgniter.php(832): App\Controllers\Admin\PJUM->editkurspjum('2', 'pjum', '4', '1', '', '', '')
#2 C:\xampp\htdocs\pdln\system\CodeIgniter.php(419): CodeIgniter\CodeIgniter->runController(Object(App\Controllers\Admin\PJUM))
#3 C:\xampp\htdocs\pdln\system\CodeIgniter.php(326): CodeIgniter\CodeIgniter->handleRequest(NULL, Object(Config\Cache), false)
#4 C:\xampp\htdocs\pdln\index.php(37): CodeIgniter\CodeIgniter->run()
#5 {main}
CRITICAL - 2023-11-15 02:13:01 --> preg_replace() expects at least 3 arguments, 2 given
#0 C:\xampp\htdocs\pdln\app\Controllers\Admin\PJUM.php(1029): preg_replace('/[^0-9\\,\\-]+.', '10.000,99')
#1 C:\xampp\htdocs\pdln\system\CodeIgniter.php(832): App\Controllers\Admin\PJUM->editkurspjum('2', 'pjum', '4', '1', '', '', '')
#2 C:\xampp\htdocs\pdln\system\CodeIgniter.php(419): CodeIgniter\CodeIgniter->runController(Object(App\Controllers\Admin\PJUM))
#3 C:\xampp\htdocs\pdln\system\CodeIgniter.php(326): CodeIgniter\CodeIgniter->handleRequest(NULL, Object(Config\Cache), false)
#4 C:\xampp\htdocs\pdln\index.php(37): CodeIgniter\CodeIgniter->run()
#5 {main}
CRITICAL - 2023-11-15 02:18:33 --> Undefined variable $number
#0 C:\xampp\htdocs\pdln\app\Controllers\Admin\PJUM.php(1030): CodeIgniter\Debug\Exceptions->errorHandler(2, 'Undefined varia...', 'C:\\xampp\\htdocs...', 1030)
#1 C:\xampp\htdocs\pdln\system\CodeIgniter.php(832): App\Controllers\Admin\PJUM->editkurspjum('2', 'pjum', '4', '1', '', '', '')
#2 C:\xampp\htdocs\pdln\system\CodeIgniter.php(419): CodeIgniter\CodeIgniter->runController(Object(App\Controllers\Admin\PJUM))
#3 C:\xampp\htdocs\pdln\system\CodeIgniter.php(326): CodeIgniter\CodeIgniter->handleRequest(NULL, Object(Config\Cache), false)
#4 C:\xampp\htdocs\pdln\index.php(37): CodeIgniter\CodeIgniter->run()
#5 {main}
CRITICAL - 2023-11-15 10:45:49 --> preg_replace() expects at least 3 arguments, 2 given
#0 C:\xampp\htdocs\pdln\app\Controllers\Admin\PJUM.php(938): preg_replace('/\\.(?=.*\\.)/', '$3.326,46')
#1 C:\xampp\htdocs\pdln\system\CodeIgniter.php(832): App\Controllers\Admin\PJUM->editbiayapum('10', '1', 'pjum', '9', '', '', '')
#2 C:\xampp\htdocs\pdln\system\CodeIgniter.php(419): CodeIgniter\CodeIgniter->runController(Object(App\Controllers\Admin\PJUM))
#3 C:\xampp\htdocs\pdln\system\CodeIgniter.php(326): CodeIgniter\CodeIgniter->handleRequest(NULL, Object(Config\Cache), false)
#4 C:\xampp\htdocs\pdln\index.php(37): CodeIgniter\CodeIgniter->run()
#5 {main}
CRITICAL - 2023-11-15 10:46:20 --> preg_replace() expects at least 3 arguments, 2 given
#0 C:\xampp\htdocs\pdln\app\Controllers\Admin\PJUM.php(938): preg_replace('/\\.(?=.*\\.)/', '$3.326,46')
#1 C:\xampp\htdocs\pdln\system\CodeIgniter.php(832): App\Controllers\Admin\PJUM->editbiayapum('10', '1', 'pjum', '9', '', '', '')
#2 C:\xampp\htdocs\pdln\system\CodeIgniter.php(419): CodeIgniter\CodeIgniter->runController(Object(App\Controllers\Admin\PJUM))
#3 C:\xampp\htdocs\pdln\system\CodeIgniter.php(326): CodeIgniter\CodeIgniter->handleRequest(NULL, Object(Config\Cache), false)
#4 C:\xampp\htdocs\pdln\index.php(37): CodeIgniter\CodeIgniter->run()
#5 {main}
CRITICAL - 2023-11-15 10:56:28 --> number_format(): Argument #1 ($num) must be of type float, string given
#0 C:\xampp\htdocs\pdln\app\Controllers\Admin\PJUM.php(940): number_format('3326,46', 2, ',', '.')
#1 C:\xampp\htdocs\pdln\system\CodeIgniter.php(832): App\Controllers\Admin\PJUM->editbiayapum('10', '1', 'pjum', '9', '', '', '')
#2 C:\xampp\htdocs\pdln\system\CodeIgniter.php(419): CodeIgniter\CodeIgniter->runController(Object(App\Controllers\Admin\PJUM))
#3 C:\xampp\htdocs\pdln\system\CodeIgniter.php(326): CodeIgniter\CodeIgniter->handleRequest(NULL, Object(Config\Cache), false)
#4 C:\xampp\htdocs\pdln\index.php(37): CodeIgniter\CodeIgniter->run()
#5 {main}
CRITICAL - 2023-11-15 19:18:04 --> Array to string conversion
#0 C:\xampp\htdocs\pdln\app\Views\pb\v_datapb.php(689): CodeIgniter\Debug\Exceptions->errorHandler(2, 'Array to string...', 'C:\\xampp\\htdocs...', 689)
#1 C:\xampp\htdocs\pdln\system\View\View.php(210): include('C:\\xampp\\htdocs...')
#2 C:\xampp\htdocs\pdln\system\View\View.php(213): CodeIgniter\View\View->CodeIgniter\View\{closure}()
#3 C:\xampp\htdocs\pdln\system\Common.php(1089): CodeIgniter\View\View->render('pb/v_datapb', Array, true)
#4 C:\xampp\htdocs\pdln\app\Controllers\Admin\PB.php(460): view('pb/v_datapb', Array)
#5 C:\xampp\htdocs\pdln\system\CodeIgniter.php(832): App\Controllers\Admin\PB->datapb('pb', '2', '4', '', '')
#6 C:\xampp\htdocs\pdln\system\CodeIgniter.php(419): CodeIgniter\CodeIgniter->runController(Object(App\Controllers\Admin\PB))
#7 C:\xampp\htdocs\pdln\system\CodeIgniter.php(326): CodeIgniter\CodeIgniter->handleRequest(NULL, Object(Config\Cache), false)
#8 C:\xampp\htdocs\pdln\index.php(37): CodeIgniter\CodeIgniter->run()
#9 {main}
CRITICAL - 2023-11-15 21:15:09 --> Cannot access offset of type string on string
#0 C:\xampp\htdocs\pdln\system\View\View.php(210): include()
#1 C:\xampp\htdocs\pdln\system\View\View.php(213): CodeIgniter\View\View->CodeIgniter\View\{closure}()
#2 C:\xampp\htdocs\pdln\system\Common.php(1089): CodeIgniter\View\View->render('pjum/v_datapjum', Array, true)
#3 C:\xampp\htdocs\pdln\app\Controllers\Admin\PJUM.php(499): view('pjum/v_datapjum', Array)
#4 C:\xampp\htdocs\pdln\system\CodeIgniter.php(832): App\Controllers\Admin\PJUM->datapjum('pjum', '1', '9', '', '')
#5 C:\xampp\htdocs\pdln\system\CodeIgniter.php(419): CodeIgniter\CodeIgniter->runController(Object(App\Controllers\Admin\PJUM))
#6 C:\xampp\htdocs\pdln\system\CodeIgniter.php(326): CodeIgniter\CodeIgniter->handleRequest(NULL, Object(Config\Cache), false)
#7 C:\xampp\htdocs\pdln\index.php(37): CodeIgniter\CodeIgniter->run()
#8 {main}
CRITICAL - 2023-11-15 21:16:14 --> Array to string conversion
#0 C:\xampp\htdocs\pdln\app\Views\pjum\v_datapjum.php(820): CodeIgniter\Debug\Exceptions->errorHandler(2, 'Array to string...', 'C:\\xampp\\htdocs...', 820)
#1 C:\xampp\htdocs\pdln\system\View\View.php(210): include('C:\\xampp\\htdocs...')
#2 C:\xampp\htdocs\pdln\system\View\View.php(213): CodeIgniter\View\View->CodeIgniter\View\{closure}()
#3 C:\xampp\htdocs\pdln\system\Common.php(1089): CodeIgniter\View\View->render('pjum/v_datapjum', Array, true)
#4 C:\xampp\htdocs\pdln\app\Controllers\Admin\PJUM.php(499): view('pjum/v_datapjum', Array)
#5 C:\xampp\htdocs\pdln\system\CodeIgniter.php(832): App\Controllers\Admin\PJUM->datapjum('pjum', '1', '9', '', '')
#6 C:\xampp\htdocs\pdln\system\CodeIgniter.php(419): CodeIgniter\CodeIgniter->runController(Object(App\Controllers\Admin\PJUM))
#7 C:\xampp\htdocs\pdln\system\CodeIgniter.php(326): CodeIgniter\CodeIgniter->handleRequest(NULL, Object(Config\Cache), false)
#8 C:\xampp\htdocs\pdln\index.php(37): CodeIgniter\CodeIgniter->run()
#9 {main}
