CRITICAL - 2024-05-21 15:07:35 --> Undefined variable $uangkembali
#0 C:\xampp\htdocs\pdln\app\Views\pjum\v_datapjum.php(679): CodeIgniter\Debug\Exceptions->errorHandler(2, 'Undefined varia...', 'C:\\xampp\\htdocs...', 679)
#1 C:\xampp\htdocs\pdln\system\View\View.php(210): include('C:\\xampp\\htdocs...')
#2 C:\xampp\htdocs\pdln\system\View\View.php(213): CodeIgniter\View\View->CodeIgniter\View\{closure}()
#3 C:\xampp\htdocs\pdln\system\Common.php(1089): CodeIgniter\View\View->render('pjum/v_datapjum', Array, true)
#4 C:\xampp\htdocs\pdln\app\Controllers\Admin\PJUM.php(483): view('pjum/v_datapjum', Array)
#5 C:\xampp\htdocs\pdln\system\CodeIgniter.php(832): App\Controllers\Admin\PJUM->datapjum('pjum', '5', '21', '', '')
#6 C:\xampp\htdocs\pdln\system\CodeIgniter.php(419): CodeIgniter\CodeIgniter->runController(Object(App\Controllers\Admin\PJUM))
#7 C:\xampp\htdocs\pdln\system\CodeIgniter.php(326): CodeIgniter\CodeIgniter->handleRequest(NULL, Object(Config\Cache), false)
#8 C:\xampp\htdocs\pdln\index.php(37): CodeIgniter\CodeIgniter->run()
#9 {main}
CRITICAL - 2024-05-21 15:09:22 --> foreach() argument must be of type array|object, int given
#0 C:\xampp\htdocs\pdln\app\Views\pjum\v_datapjum.php(551): CodeIgniter\Debug\Exceptions->errorHandler(2, 'foreach() argum...', 'C:\\xampp\\htdocs...', 551)
#1 C:\xampp\htdocs\pdln\system\View\View.php(210): include('C:\\xampp\\htdocs...')
#2 C:\xampp\htdocs\pdln\system\View\View.php(213): CodeIgniter\View\View->CodeIgniter\View\{closure}()
#3 C:\xampp\htdocs\pdln\system\Common.php(1089): CodeIgniter\View\View->render('pjum/v_datapjum', Array, true)
#4 C:\xampp\htdocs\pdln\app\Controllers\Admin\PJUM.php(486): view('pjum/v_datapjum', Array)
#5 C:\xampp\htdocs\pdln\system\CodeIgniter.php(832): App\Controllers\Admin\PJUM->datapjum('pjum', '5', '21', '', '')
#6 C:\xampp\htdocs\pdln\system\CodeIgniter.php(419): CodeIgniter\CodeIgniter->runController(Object(App\Controllers\Admin\PJUM))
#7 C:\xampp\htdocs\pdln\system\CodeIgniter.php(326): CodeIgniter\CodeIgniter->handleRequest(NULL, Object(Config\Cache), false)
#8 C:\xampp\htdocs\pdln\index.php(37): CodeIgniter\CodeIgniter->run()
#9 {main}
CRITICAL - 2024-05-21 15:09:36 --> implode(): Argument #2 ($array) must be of type ?array, int given
#0 C:\xampp\htdocs\pdln\app\Views\pjum\v_datapjum.php(552): implode('', 0)
#1 C:\xampp\htdocs\pdln\system\View\View.php(210): include('C:\\xampp\\htdocs...')
#2 C:\xampp\htdocs\pdln\system\View\View.php(213): CodeIgniter\View\View->CodeIgniter\View\{closure}()
#3 C:\xampp\htdocs\pdln\system\Common.php(1089): CodeIgniter\View\View->render('pjum/v_datapjum', Array, true)
#4 C:\xampp\htdocs\pdln\app\Controllers\Admin\PJUM.php(486): view('pjum/v_datapjum', Array)
#5 C:\xampp\htdocs\pdln\system\CodeIgniter.php(832): App\Controllers\Admin\PJUM->datapjum('pjum', '5', '21', '', '')
#6 C:\xampp\htdocs\pdln\system\CodeIgniter.php(419): CodeIgniter\CodeIgniter->runController(Object(App\Controllers\Admin\PJUM))
#7 C:\xampp\htdocs\pdln\system\CodeIgniter.php(326): CodeIgniter\CodeIgniter->handleRequest(NULL, Object(Config\Cache), false)
#8 C:\xampp\htdocs\pdln\index.php(37): CodeIgniter\CodeIgniter->run()
#9 {main}
CRITICAL - 2024-05-21 15:20:56 --> Trying to access array offset on value of type null
#0 C:\xampp\htdocs\pdln\app\Controllers\Admin\Dashboard.php(893): CodeIgniter\Debug\Exceptions->errorHandler(2, 'Trying to acces...', 'C:\\xampp\\htdocs...', 893)
#1 C:\xampp\htdocs\pdln\system\CodeIgniter.php(832): App\Controllers\Admin\Dashboard->importbiaya('5')
#2 C:\xampp\htdocs\pdln\system\CodeIgniter.php(419): CodeIgniter\CodeIgniter->runController(Object(App\Controllers\Admin\Dashboard))
#3 C:\xampp\htdocs\pdln\system\CodeIgniter.php(326): CodeIgniter\CodeIgniter->handleRequest(NULL, Object(Config\Cache), false)
#4 C:\xampp\htdocs\pdln\index.php(37): CodeIgniter\CodeIgniter->run()
#5 {main}
CRITICAL - 2024-05-21 15:21:44 --> Undefined variable $nomor_pjum
#0 C:\xampp\htdocs\pdln\app\Controllers\Admin\Dashboard.php(711): CodeIgniter\Debug\Exceptions->errorHandler(2, 'Undefined varia...', 'C:\\xampp\\htdocs...', 711)
#1 C:\xampp\htdocs\pdln\system\CodeIgniter.php(832): App\Controllers\Admin\Dashboard->importbiaya('5')
#2 C:\xampp\htdocs\pdln\system\CodeIgniter.php(419): CodeIgniter\CodeIgniter->runController(Object(App\Controllers\Admin\Dashboard))
#3 C:\xampp\htdocs\pdln\system\CodeIgniter.php(326): CodeIgniter\CodeIgniter->handleRequest(NULL, Object(Config\Cache), false)
#4 C:\xampp\htdocs\pdln\index.php(37): CodeIgniter\CodeIgniter->run()
#5 {main}
CRITICAL - 2024-05-21 15:23:47 --> Trying to access array offset on value of type null
#0 C:\xampp\htdocs\pdln\app\Controllers\Admin\Dashboard.php(893): CodeIgniter\Debug\Exceptions->errorHandler(2, 'Trying to acces...', 'C:\\xampp\\htdocs...', 893)
#1 C:\xampp\htdocs\pdln\system\CodeIgniter.php(832): App\Controllers\Admin\Dashboard->importbiaya('5')
#2 C:\xampp\htdocs\pdln\system\CodeIgniter.php(419): CodeIgniter\CodeIgniter->runController(Object(App\Controllers\Admin\Dashboard))
#3 C:\xampp\htdocs\pdln\system\CodeIgniter.php(326): CodeIgniter\CodeIgniter->handleRequest(NULL, Object(Config\Cache), false)
#4 C:\xampp\htdocs\pdln\index.php(37): CodeIgniter\CodeIgniter->run()
#5 {main}
