ERROR - 2024-05-28 10:00:36 --> Table 'db_pdln.settings' doesn't exist
CRITICAL - 2024-05-28 10:00:36 --> Table 'db_pdln.settings' doesn't exist
#0 C:\xampp\htdocs\pdln\system\Database\MySQLi\Connection.php(292): mysqli->query('SELECT *\nFROM `...', 0)
#1 C:\xampp\htdocs\pdln\system\Database\BaseConnection.php(670): CodeIgniter\Database\MySQLi\Connection->execute('SELECT *\nFROM `...')
#2 C:\xampp\htdocs\pdln\system\Database\BaseConnection.php(598): CodeIgniter\Database\BaseConnection->simpleQuery('SELECT *\nFROM `...')
#3 C:\xampp\htdocs\pdln\system\Database\BaseBuilder.php(1455): CodeIgniter\Database\BaseConnection->query('SELECT *\nFROM `...', Array, false)
#4 C:\xampp\htdocs\pdln\vendor\codeigniter4\settings\src\Handlers\DatabaseHandler.php(186): CodeIgniter\Database\BaseBuilder->get()
#5 C:\xampp\htdocs\pdln\vendor\codeigniter4\settings\src\Handlers\DatabaseHandler.php(51): CodeIgniter\Settings\Handlers\DatabaseHandler->hydrate(NULL)
#6 C:\xampp\htdocs\pdln\vendor\codeigniter4\settings\src\Settings.php(59): CodeIgniter\Settings\Handlers\DatabaseHandler->has('Config\\CronJob', 'filePath', NULL)
#7 C:\xampp\htdocs\pdln\vendor\codeigniter4\settings\src\Helpers\setting_helper.php(25): CodeIgniter\Settings\Settings->get('CronJob.filePat...')
#8 C:\xampp\htdocs\pdln\vendor\daycry\cronjob\src\Commands\CronJobCommand.php(69): setting('CronJob.filePat...')
#9 C:\xampp\htdocs\pdln\vendor\daycry\cronjob\src\Commands\Lister.php(45): Daycry\CronJob\Commands\CronJobCommand->getSettings()
#10 C:\xampp\htdocs\pdln\system\CLI\Commands.php(63): Daycry\CronJob\Commands\Lister->run(Array)
#11 C:\xampp\htdocs\pdln\system\CLI\CommandRunner.php(70): CodeIgniter\CLI\Commands->run('cronjob:list', Array)
#12 C:\xampp\htdocs\pdln\system\CLI\CommandRunner.php(56): CodeIgniter\CLI\CommandRunner->index(Array)
#13 C:\xampp\htdocs\pdln\system\CodeIgniter.php(830): CodeIgniter\CLI\CommandRunner->_remap('index', 'cronjob:list')
#14 C:\xampp\htdocs\pdln\system\CodeIgniter.php(419): CodeIgniter\CodeIgniter->runController(Object(CodeIgniter\CLI\CommandRunner))
#15 C:\xampp\htdocs\pdln\system\CodeIgniter.php(326): CodeIgniter\CodeIgniter->handleRequest(NULL, Object(Config\Cache), false)
#16 C:\xampp\htdocs\pdln\system\CLI\Console.php(48): CodeIgniter\CodeIgniter->run()
#17 C:\xampp\htdocs\pdln\spark(64): CodeIgniter\CLI\Console->run()
#18 {main}
ERROR - 2024-05-28 10:05:51 --> Table 'db_pdln.settings' doesn't exist
CRITICAL - 2024-05-28 10:05:51 --> Table 'db_pdln.settings' doesn't exist
#0 C:\xampp\htdocs\pdln\system\Database\MySQLi\Connection.php(292): mysqli->query('SELECT *\nFROM `...', 0)
#1 C:\xampp\htdocs\pdln\system\Database\BaseConnection.php(670): CodeIgniter\Database\MySQLi\Connection->execute('SELECT *\nFROM `...')
#2 C:\xampp\htdocs\pdln\system\Database\BaseConnection.php(598): CodeIgniter\Database\BaseConnection->simpleQuery('SELECT *\nFROM `...')
#3 C:\xampp\htdocs\pdln\system\Database\BaseBuilder.php(1455): CodeIgniter\Database\BaseConnection->query('SELECT *\nFROM `...', Array, false)
#4 C:\xampp\htdocs\pdln\vendor\codeigniter4\settings\src\Handlers\DatabaseHandler.php(186): CodeIgniter\Database\BaseBuilder->get()
#5 C:\xampp\htdocs\pdln\vendor\codeigniter4\settings\src\Handlers\DatabaseHandler.php(51): CodeIgniter\Settings\Handlers\DatabaseHandler->hydrate(NULL)
#6 C:\xampp\htdocs\pdln\vendor\codeigniter4\settings\src\Settings.php(59): CodeIgniter\Settings\Handlers\DatabaseHandler->has('Config\\CronJob', 'filePath', NULL)
#7 C:\xampp\htdocs\pdln\vendor\codeigniter4\settings\src\Helpers\setting_helper.php(25): CodeIgniter\Settings\Settings->get('CronJob.filePat...')
#8 C:\xampp\htdocs\pdln\vendor\daycry\cronjob\src\Commands\CronJobCommand.php(69): setting('CronJob.filePat...')
#9 C:\xampp\htdocs\pdln\vendor\daycry\cronjob\src\Commands\Run.php(53): Daycry\CronJob\Commands\CronJobCommand->getSettings()
#10 C:\xampp\htdocs\pdln\system\CLI\Commands.php(63): Daycry\CronJob\Commands\Run->run(Array)
#11 C:\xampp\htdocs\pdln\system\CLI\CommandRunner.php(70): CodeIgniter\CLI\Commands->run('cronjob:run', Array)
#12 C:\xampp\htdocs\pdln\system\CLI\CommandRunner.php(56): CodeIgniter\CLI\CommandRunner->index(Array)
#13 C:\xampp\htdocs\pdln\system\CodeIgniter.php(830): CodeIgniter\CLI\CommandRunner->_remap('index', 'cronjob:run')
#14 C:\xampp\htdocs\pdln\system\CodeIgniter.php(419): CodeIgniter\CodeIgniter->runController(Object(CodeIgniter\CLI\CommandRunner))
#15 C:\xampp\htdocs\pdln\system\CodeIgniter.php(326): CodeIgniter\CodeIgniter->handleRequest(NULL, Object(Config\Cache), false)
#16 C:\xampp\htdocs\pdln\system\CLI\Console.php(48): CodeIgniter\CodeIgniter->run()
#17 C:\xampp\htdocs\pdln\spark(64): CodeIgniter\CLI\Console->run()
#18 {main}
ERROR - 2024-05-28 10:31:58 --> Table 'valas' already exists
ERROR - 2024-05-28 10:34:07 --> Table 'valas' already exists
CRITICAL - 2024-05-28 11:13:28 --> Call to undefined method Daycry\CronJob\Scheduler::php()
#0 C:\xampp\htdocs\pdln\vendor\daycry\cronjob\src\Commands\Lister.php(56): Config\CronJob->init(Object(Daycry\CronJob\Scheduler))
#1 C:\xampp\htdocs\pdln\system\CLI\Commands.php(63): Daycry\CronJob\Commands\Lister->run(Array)
#2 C:\xampp\htdocs\pdln\system\CLI\CommandRunner.php(70): CodeIgniter\CLI\Commands->run('cronjob:list', Array)
#3 C:\xampp\htdocs\pdln\system\CLI\CommandRunner.php(56): CodeIgniter\CLI\CommandRunner->index(Array)
#4 C:\xampp\htdocs\pdln\system\CodeIgniter.php(830): CodeIgniter\CLI\CommandRunner->_remap('index', 'cronjob:list')
#5 C:\xampp\htdocs\pdln\system\CodeIgniter.php(419): CodeIgniter\CodeIgniter->runController(Object(CodeIgniter\CLI\CommandRunner))
#6 C:\xampp\htdocs\pdln\system\CodeIgniter.php(326): CodeIgniter\CodeIgniter->handleRequest(NULL, Object(Config\Cache), false)
#7 C:\xampp\htdocs\pdln\system\CLI\Console.php(48): CodeIgniter\CodeIgniter->run()
#8 C:\xampp\htdocs\pdln\spark(64): CodeIgniter\CLI\Console->run()
#9 {main}
CRITICAL - 2024-05-28 11:48:27 --> Call to undefined method Daycry\CronJob\Job::everyMinutes()
#0 C:\xampp\htdocs\pdln\vendor\daycry\cronjob\src\Commands\Lister.php(56): Config\CronJob->init(Object(Daycry\CronJob\Scheduler))
#1 C:\xampp\htdocs\pdln\system\CLI\Commands.php(63): Daycry\CronJob\Commands\Lister->run(Array)
#2 C:\xampp\htdocs\pdln\system\CLI\CommandRunner.php(70): CodeIgniter\CLI\Commands->run('cronjob:list', Array)
#3 C:\xampp\htdocs\pdln\system\CLI\CommandRunner.php(56): CodeIgniter\CLI\CommandRunner->index(Array)
#4 C:\xampp\htdocs\pdln\system\CodeIgniter.php(830): CodeIgniter\CLI\CommandRunner->_remap('index', 'cronjob:list')
#5 C:\xampp\htdocs\pdln\system\CodeIgniter.php(419): CodeIgniter\CodeIgniter->runController(Object(CodeIgniter\CLI\CommandRunner))
#6 C:\xampp\htdocs\pdln\system\CodeIgniter.php(326): CodeIgniter\CodeIgniter->handleRequest(NULL, Object(Config\Cache), false)
#7 C:\xampp\htdocs\pdln\system\CLI\Console.php(48): CodeIgniter\CodeIgniter->run()
#8 C:\xampp\htdocs\pdln\spark(64): CodeIgniter\CLI\Console->run()
#9 {main}
CRITICAL - 2024-05-28 13:13:14 --> "/5 * * * *" is not a valid expression.
#0 C:\xampp\htdocs\pdln\vendor\daycry\cronjob\src\Traits\FrequenciesTrait.php(44): Daycry\CronJob\Exceptions\CronJobException::forInvalidExpression('/5 * * * *')
#1 C:\xampp\htdocs\pdln\app\Config\CronJob.php(134): Daycry\CronJob\Job->cron('/5 * * * *')
#2 C:\xampp\htdocs\pdln\vendor\daycry\cronjob\src\Commands\Lister.php(56): Config\CronJob->init(Object(Daycry\CronJob\Scheduler))
#3 C:\xampp\htdocs\pdln\system\CLI\Commands.php(63): Daycry\CronJob\Commands\Lister->run(Array)
#4 C:\xampp\htdocs\pdln\system\CLI\CommandRunner.php(70): CodeIgniter\CLI\Commands->run('cronjob:list', Array)
#5 C:\xampp\htdocs\pdln\system\CLI\CommandRunner.php(56): CodeIgniter\CLI\CommandRunner->index(Array)
#6 C:\xampp\htdocs\pdln\system\CodeIgniter.php(830): CodeIgniter\CLI\CommandRunner->_remap('index', 'cronjob:list')
#7 C:\xampp\htdocs\pdln\system\CodeIgniter.php(419): CodeIgniter\CodeIgniter->runController(Object(CodeIgniter\CLI\CommandRunner))
#8 C:\xampp\htdocs\pdln\system\CodeIgniter.php(326): CodeIgniter\CodeIgniter->handleRequest(NULL, Object(Config\Cache), false)
#9 C:\xampp\htdocs\pdln\system\CLI\Console.php(48): CodeIgniter\CodeIgniter->run()
#10 C:\xampp\htdocs\pdln\spark(64): CodeIgniter\CLI\Console->run()
#11 {main}
CRITICAL - 2024-05-28 13:26:43 --> require_once(C:\xampp\htdocs\pdln\app\Config/vendor/autoload.php): Failed to open stream: No such file or directory
#0 C:\xampp\htdocs\pdln\app\Config\CronJob.php(4): CodeIgniter\Debug\Exceptions->errorHandler(2, 'require_once(C:...', 'C:\\xampp\\htdocs...', 4)
#1 C:\xampp\htdocs\pdln\app\Config\CronJob.php(4): require_once()
#2 C:\xampp\htdocs\pdln\system\Autoloader\Autoloader.php(264): include_once('C:\\xampp\\htdocs...')
#3 C:\xampp\htdocs\pdln\system\Autoloader\Autoloader.php(241): CodeIgniter\Autoloader\Autoloader->includeFile('C:\\xampp\\htdocs...')
#4 C:\xampp\htdocs\pdln\system\Autoloader\Autoloader.php(219): CodeIgniter\Autoloader\Autoloader->loadInNamespace('Config\\CronJob')
#5 [internal function]: CodeIgniter\Autoloader\Autoloader->loadClass('Config\\CronJob')
#6 C:\xampp\htdocs\pdln\system\Config\Factories.php(136): class_exists('Config\\CronJob')
#7 C:\xampp\htdocs\pdln\system\Config\Factories.php(106): CodeIgniter\Config\Factories::locateClass(Array, 'CronJob')
#8 C:\xampp\htdocs\pdln\system\Common.php(198): CodeIgniter\Config\Factories::__callStatic('config', Array)
#9 C:\xampp\htdocs\pdln\vendor\codeigniter4\settings\src\Settings.php(168): config('CronJob')
#10 C:\xampp\htdocs\pdln\vendor\codeigniter4\settings\src\Settings.php(55): CodeIgniter\Settings\Settings->prepareClassAndProperty('CronJob.filePat...')
#11 C:\xampp\htdocs\pdln\vendor\codeigniter4\settings\src\Helpers\setting_helper.php(25): CodeIgniter\Settings\Settings->get('CronJob.filePat...')
#12 C:\xampp\htdocs\pdln\vendor\daycry\cronjob\src\Commands\CronJobCommand.php(69): setting('CronJob.filePat...')
#13 C:\xampp\htdocs\pdln\vendor\daycry\cronjob\src\Commands\Lister.php(45): Daycry\CronJob\Commands\CronJobCommand->getSettings()
#14 C:\xampp\htdocs\pdln\system\CLI\Commands.php(63): Daycry\CronJob\Commands\Lister->run(Array)
#15 C:\xampp\htdocs\pdln\system\CLI\CommandRunner.php(70): CodeIgniter\CLI\Commands->run('cronjob:list', Array)
#16 C:\xampp\htdocs\pdln\system\CLI\CommandRunner.php(56): CodeIgniter\CLI\CommandRunner->index(Array)
#17 C:\xampp\htdocs\pdln\system\CodeIgniter.php(830): CodeIgniter\CLI\CommandRunner->_remap('index', 'cronjob:list')
#18 C:\xampp\htdocs\pdln\system\CodeIgniter.php(419): CodeIgniter\CodeIgniter->runController(Object(CodeIgniter\CLI\CommandRunner))
#19 C:\xampp\htdocs\pdln\system\CodeIgniter.php(326): CodeIgniter\CodeIgniter->handleRequest(NULL, Object(Config\Cache), false)
#20 C:\xampp\htdocs\pdln\system\CLI\Console.php(48): CodeIgniter\CodeIgniter->run()
#21 C:\xampp\htdocs\pdln\spark(64): CodeIgniter\CLI\Console->run()
#22 {main}
CRITICAL - 2024-05-28 13:27:17 --> require_once(C:\xampp\htdocs\pdln\app\Config\vendor\autoload.php): Failed to open stream: No such file or directory
#0 C:\xampp\htdocs\pdln\app\Config\CronJob.php(4): CodeIgniter\Debug\Exceptions->errorHandler(2, 'require_once(C:...', 'C:\\xampp\\htdocs...', 4)
#1 C:\xampp\htdocs\pdln\app\Config\CronJob.php(4): require_once()
#2 C:\xampp\htdocs\pdln\system\Autoloader\Autoloader.php(264): include_once('C:\\xampp\\htdocs...')
#3 C:\xampp\htdocs\pdln\system\Autoloader\Autoloader.php(241): CodeIgniter\Autoloader\Autoloader->includeFile('C:\\xampp\\htdocs...')
#4 C:\xampp\htdocs\pdln\system\Autoloader\Autoloader.php(219): CodeIgniter\Autoloader\Autoloader->loadInNamespace('Config\\CronJob')
#5 [internal function]: CodeIgniter\Autoloader\Autoloader->loadClass('Config\\CronJob')
#6 C:\xampp\htdocs\pdln\system\Config\Factories.php(136): class_exists('Config\\CronJob')
#7 C:\xampp\htdocs\pdln\system\Config\Factories.php(106): CodeIgniter\Config\Factories::locateClass(Array, 'CronJob')
#8 C:\xampp\htdocs\pdln\system\Common.php(198): CodeIgniter\Config\Factories::__callStatic('config', Array)
#9 C:\xampp\htdocs\pdln\vendor\codeigniter4\settings\src\Settings.php(168): config('CronJob')
#10 C:\xampp\htdocs\pdln\vendor\codeigniter4\settings\src\Settings.php(55): CodeIgniter\Settings\Settings->prepareClassAndProperty('CronJob.filePat...')
#11 C:\xampp\htdocs\pdln\vendor\codeigniter4\settings\src\Helpers\setting_helper.php(25): CodeIgniter\Settings\Settings->get('CronJob.filePat...')
#12 C:\xampp\htdocs\pdln\vendor\daycry\cronjob\src\Commands\CronJobCommand.php(69): setting('CronJob.filePat...')
#13 C:\xampp\htdocs\pdln\vendor\daycry\cronjob\src\Commands\Lister.php(45): Daycry\CronJob\Commands\CronJobCommand->getSettings()
#14 C:\xampp\htdocs\pdln\system\CLI\Commands.php(63): Daycry\CronJob\Commands\Lister->run(Array)
#15 C:\xampp\htdocs\pdln\system\CLI\CommandRunner.php(70): CodeIgniter\CLI\Commands->run('cronjob:list', Array)
#16 C:\xampp\htdocs\pdln\system\CLI\CommandRunner.php(56): CodeIgniter\CLI\CommandRunner->index(Array)
#17 C:\xampp\htdocs\pdln\system\CodeIgniter.php(830): CodeIgniter\CLI\CommandRunner->_remap('index', 'cronjob:list')
#18 C:\xampp\htdocs\pdln\system\CodeIgniter.php(419): CodeIgniter\CodeIgniter->runController(Object(CodeIgniter\CLI\CommandRunner))
#19 C:\xampp\htdocs\pdln\system\CodeIgniter.php(326): CodeIgniter\CodeIgniter->handleRequest(NULL, Object(Config\Cache), false)
#20 C:\xampp\htdocs\pdln\system\CLI\Console.php(48): CodeIgniter\CodeIgniter->run()
#21 C:\xampp\htdocs\pdln\spark(64): CodeIgniter\CLI\Console->run()
#22 {main}
CRITICAL - 2024-05-28 13:27:29 --> Call to undefined method Daycry\CronJob\Scheduler::run()
#0 C:\xampp\htdocs\pdln\vendor\daycry\cronjob\src\Commands\Lister.php(56): Config\CronJob->init(Object(Daycry\CronJob\Scheduler))
#1 C:\xampp\htdocs\pdln\system\CLI\Commands.php(63): Daycry\CronJob\Commands\Lister->run(Array)
#2 C:\xampp\htdocs\pdln\system\CLI\CommandRunner.php(70): CodeIgniter\CLI\Commands->run('cronjob:list', Array)
#3 C:\xampp\htdocs\pdln\system\CLI\CommandRunner.php(56): CodeIgniter\CLI\CommandRunner->index(Array)
#4 C:\xampp\htdocs\pdln\system\CodeIgniter.php(830): CodeIgniter\CLI\CommandRunner->_remap('index', 'cronjob:list')
#5 C:\xampp\htdocs\pdln\system\CodeIgniter.php(419): CodeIgniter\CodeIgniter->runController(Object(CodeIgniter\CLI\CommandRunner))
#6 C:\xampp\htdocs\pdln\system\CodeIgniter.php(326): CodeIgniter\CodeIgniter->handleRequest(NULL, Object(Config\Cache), false)
#7 C:\xampp\htdocs\pdln\system\CLI\Console.php(48): CodeIgniter\CodeIgniter->run()
#8 C:\xampp\htdocs\pdln\spark(64): CodeIgniter\CLI\Console->run()
#9 {main}
CRITICAL - 2024-05-28 13:29:32 --> Class "Config\JobRunner" not found
#0 C:\xampp\htdocs\pdln\vendor\daycry\cronjob\src\Commands\Lister.php(56): Config\CronJob->init(Object(Daycry\CronJob\Scheduler))
#1 C:\xampp\htdocs\pdln\system\CLI\Commands.php(63): Daycry\CronJob\Commands\Lister->run(Array)
#2 C:\xampp\htdocs\pdln\system\CLI\CommandRunner.php(70): CodeIgniter\CLI\Commands->run('cronjob:list', Array)
#3 C:\xampp\htdocs\pdln\system\CLI\CommandRunner.php(56): CodeIgniter\CLI\CommandRunner->index(Array)
#4 C:\xampp\htdocs\pdln\system\CodeIgniter.php(830): CodeIgniter\CLI\CommandRunner->_remap('index', 'cronjob:list')
#5 C:\xampp\htdocs\pdln\system\CodeIgniter.php(419): CodeIgniter\CodeIgniter->runController(Object(CodeIgniter\CLI\CommandRunner))
#6 C:\xampp\htdocs\pdln\system\CodeIgniter.php(326): CodeIgniter\CodeIgniter->handleRequest(NULL, Object(Config\Cache), false)
#7 C:\xampp\htdocs\pdln\system\CLI\Console.php(48): CodeIgniter\CodeIgniter->run()
#8 C:\xampp\htdocs\pdln\spark(64): CodeIgniter\CLI\Console->run()
#9 {main}
CRITICAL - 2024-05-28 13:44:27 --> Call to a member function cron() on string
#0 C:\xampp\htdocs\pdln\vendor\daycry\cronjob\src\Commands\Lister.php(56): Config\CronJob->init(Object(Daycry\CronJob\Scheduler))
#1 C:\xampp\htdocs\pdln\system\CLI\Commands.php(63): Daycry\CronJob\Commands\Lister->run(Array)
#2 C:\xampp\htdocs\pdln\system\CLI\CommandRunner.php(70): CodeIgniter\CLI\Commands->run('cronjob:list', Array)
#3 C:\xampp\htdocs\pdln\system\CLI\CommandRunner.php(56): CodeIgniter\CLI\CommandRunner->index(Array)
#4 C:\xampp\htdocs\pdln\system\CodeIgniter.php(830): CodeIgniter\CLI\CommandRunner->_remap('index', 'cronjob:list')
#5 C:\xampp\htdocs\pdln\system\CodeIgniter.php(419): CodeIgniter\CodeIgniter->runController(Object(CodeIgniter\CLI\CommandRunner))
#6 C:\xampp\htdocs\pdln\system\CodeIgniter.php(326): CodeIgniter\CodeIgniter->handleRequest(NULL, Object(Config\Cache), false)
#7 C:\xampp\htdocs\pdln\system\CLI\Console.php(48): CodeIgniter\CodeIgniter->run()
#8 C:\xampp\htdocs\pdln\spark(64): CodeIgniter\CLI\Console->run()
#9 {main}
CRITICAL - 2024-05-28 13:54:45 --> Class "Config\JobRunner" not found
#0 C:\xampp\htdocs\pdln\vendor\daycry\cronjob\src\Commands\Lister.php(56): Config\CronJob->init(Object(Daycry\CronJob\Scheduler))
#1 C:\xampp\htdocs\pdln\system\CLI\Commands.php(63): Daycry\CronJob\Commands\Lister->run(Array)
#2 C:\xampp\htdocs\pdln\system\CLI\CommandRunner.php(70): CodeIgniter\CLI\Commands->run('cronjob:list', Array)
#3 C:\xampp\htdocs\pdln\system\CLI\CommandRunner.php(56): CodeIgniter\CLI\CommandRunner->index(Array)
#4 C:\xampp\htdocs\pdln\system\CodeIgniter.php(830): CodeIgniter\CLI\CommandRunner->_remap('index', 'cronjob:list')
#5 C:\xampp\htdocs\pdln\system\CodeIgniter.php(419): CodeIgniter\CodeIgniter->runController(Object(CodeIgniter\CLI\CommandRunner))
#6 C:\xampp\htdocs\pdln\system\CodeIgniter.php(326): CodeIgniter\CodeIgniter->handleRequest(NULL, Object(Config\Cache), false)
#7 C:\xampp\htdocs\pdln\system\CLI\Console.php(48): CodeIgniter\CodeIgniter->run()
#8 C:\xampp\htdocs\pdln\spark(64): CodeIgniter\CLI\Console->run()
#9 {main}
CRITICAL - 2024-05-28 13:57:12 --> Call to undefined method Daycry\CronJob\Scheduler::run()
#0 C:\xampp\htdocs\pdln\vendor\daycry\cronjob\src\Commands\Lister.php(56): Config\CronJob->init(Object(Daycry\CronJob\Scheduler))
#1 C:\xampp\htdocs\pdln\system\CLI\Commands.php(63): Daycry\CronJob\Commands\Lister->run(Array)
#2 C:\xampp\htdocs\pdln\system\CLI\CommandRunner.php(70): CodeIgniter\CLI\Commands->run('cronjob:list', Array)
#3 C:\xampp\htdocs\pdln\system\CLI\CommandRunner.php(56): CodeIgniter\CLI\CommandRunner->index(Array)
#4 C:\xampp\htdocs\pdln\system\CodeIgniter.php(830): CodeIgniter\CLI\CommandRunner->_remap('index', 'cronjob:list')
#5 C:\xampp\htdocs\pdln\system\CodeIgniter.php(419): CodeIgniter\CodeIgniter->runController(Object(CodeIgniter\CLI\CommandRunner))
#6 C:\xampp\htdocs\pdln\system\CodeIgniter.php(326): CodeIgniter\CodeIgniter->handleRequest(NULL, Object(Config\Cache), false)
#7 C:\xampp\htdocs\pdln\system\CLI\Console.php(48): CodeIgniter\CodeIgniter->run()
#8 C:\xampp\htdocs\pdln\spark(64): CodeIgniter\CLI\Console->run()
#9 {main}
