CRITICAL - 2023-08-10 01:46:24 --> Array to string conversion
#0 D:\PT Konimex\Proyek PPL\pd_ln\app\Views\idtransaksi\v_tambahdataid.php(361): CodeIgniter\Debug\Exceptions->errorHandler(8, 'Array to string...', 'D:\\PT Konimex\\P...', 361, Array)
#1 D:\PT Konimex\Proyek PPL\pd_ln\system\View\View.php(210): include('D:\\PT Konimex\\P...')
#2 D:\PT Konimex\Proyek PPL\pd_ln\system\View\View.php(213): CodeIgniter\View\View->CodeIgniter\View\{closure}()
#3 D:\PT Konimex\Proyek PPL\pd_ln\system\Common.php(1089): CodeIgniter\View\View->render('idtransaksi/v_t...', Array, true)
#4 D:\PT Konimex\Proyek PPL\pd_ln\app\Controllers\Admin\Idtransaksi.php(162): view('idtransaksi/v_t...', Array)
#5 D:\PT Konimex\Proyek PPL\pd_ln\system\CodeIgniter.php(832): App\Controllers\Admin\Idtransaksi->tambahdataid()
#6 D:\PT Konimex\Proyek PPL\pd_ln\system\CodeIgniter.php(419): CodeIgniter\CodeIgniter->runController(Object(App\Controllers\Admin\Idtransaksi))
#7 D:\PT Konimex\Proyek PPL\pd_ln\system\CodeIgniter.php(326): CodeIgniter\CodeIgniter->handleRequest(NULL, Object(Config\Cache), false)
#8 D:\PT Konimex\Proyek PPL\pd_ln\public\index.php(37): CodeIgniter\CodeIgniter->run()
#9 D:\PT Konimex\Proyek PPL\pd_ln\system\Commands\Server\rewrite.php(43): require_once('D:\\PT Konimex\\P...')
#10 {main}
CRITICAL - 2023-08-10 01:46:26 --> Array to string conversion
#0 D:\PT Konimex\Proyek PPL\pd_ln\app\Views\idtransaksi\v_tambahdataid.php(361): CodeIgniter\Debug\Exceptions->errorHandler(8, 'Array to string...', 'D:\\PT Konimex\\P...', 361, Array)
#1 D:\PT Konimex\Proyek PPL\pd_ln\system\View\View.php(210): include('D:\\PT Konimex\\P...')
#2 D:\PT Konimex\Proyek PPL\pd_ln\system\View\View.php(213): CodeIgniter\View\View->CodeIgniter\View\{closure}()
#3 D:\PT Konimex\Proyek PPL\pd_ln\system\Common.php(1089): CodeIgniter\View\View->render('idtransaksi/v_t...', Array, true)
#4 D:\PT Konimex\Proyek PPL\pd_ln\app\Controllers\Admin\Idtransaksi.php(162): view('idtransaksi/v_t...', Array)
#5 D:\PT Konimex\Proyek PPL\pd_ln\system\CodeIgniter.php(832): App\Controllers\Admin\Idtransaksi->tambahdataid()
#6 D:\PT Konimex\Proyek PPL\pd_ln\system\CodeIgniter.php(419): CodeIgniter\CodeIgniter->runController(Object(App\Controllers\Admin\Idtransaksi))
#7 D:\PT Konimex\Proyek PPL\pd_ln\system\CodeIgniter.php(326): CodeIgniter\CodeIgniter->handleRequest(NULL, Object(Config\Cache), false)
#8 D:\PT Konimex\Proyek PPL\pd_ln\public\index.php(37): CodeIgniter\CodeIgniter->run()
#9 D:\PT Konimex\Proyek PPL\pd_ln\system\Commands\Server\rewrite.php(43): require_once('D:\\PT Konimex\\P...')
#10 {main}
CRITICAL - 2023-08-10 01:48:55 --> Array to string conversion
#0 D:\PT Konimex\Proyek PPL\pd_ln\app\Views\idtransaksi\v_tambahdataid.php(361): CodeIgniter\Debug\Exceptions->errorHandler(8, 'Array to string...', 'D:\\PT Konimex\\P...', 361, Array)
#1 D:\PT Konimex\Proyek PPL\pd_ln\system\View\View.php(210): include('D:\\PT Konimex\\P...')
#2 D:\PT Konimex\Proyek PPL\pd_ln\system\View\View.php(213): CodeIgniter\View\View->CodeIgniter\View\{closure}()
#3 D:\PT Konimex\Proyek PPL\pd_ln\system\Common.php(1089): CodeIgniter\View\View->render('idtransaksi/v_t...', Array, true)
#4 D:\PT Konimex\Proyek PPL\pd_ln\app\Controllers\Admin\Idtransaksi.php(162): view('idtransaksi/v_t...', Array)
#5 D:\PT Konimex\Proyek PPL\pd_ln\system\CodeIgniter.php(832): App\Controllers\Admin\Idtransaksi->tambahdataid()
#6 D:\PT Konimex\Proyek PPL\pd_ln\system\CodeIgniter.php(419): CodeIgniter\CodeIgniter->runController(Object(App\Controllers\Admin\Idtransaksi))
#7 D:\PT Konimex\Proyek PPL\pd_ln\system\CodeIgniter.php(326): CodeIgniter\CodeIgniter->handleRequest(NULL, Object(Config\Cache), false)
#8 D:\PT Konimex\Proyek PPL\pd_ln\public\index.php(37): CodeIgniter\CodeIgniter->run()
#9 D:\PT Konimex\Proyek PPL\pd_ln\system\Commands\Server\rewrite.php(43): require_once('D:\\PT Konimex\\P...')
#10 {main}
CRITICAL - 2023-08-10 01:48:56 --> Array to string conversion
#0 D:\PT Konimex\Proyek PPL\pd_ln\app\Views\idtransaksi\v_tambahdataid.php(361): CodeIgniter\Debug\Exceptions->errorHandler(8, 'Array to string...', 'D:\\PT Konimex\\P...', 361, Array)
#1 D:\PT Konimex\Proyek PPL\pd_ln\system\View\View.php(210): include('D:\\PT Konimex\\P...')
#2 D:\PT Konimex\Proyek PPL\pd_ln\system\View\View.php(213): CodeIgniter\View\View->CodeIgniter\View\{closure}()
#3 D:\PT Konimex\Proyek PPL\pd_ln\system\Common.php(1089): CodeIgniter\View\View->render('idtransaksi/v_t...', Array, true)
#4 D:\PT Konimex\Proyek PPL\pd_ln\app\Controllers\Admin\Idtransaksi.php(162): view('idtransaksi/v_t...', Array)
#5 D:\PT Konimex\Proyek PPL\pd_ln\system\CodeIgniter.php(832): App\Controllers\Admin\Idtransaksi->tambahdataid()
#6 D:\PT Konimex\Proyek PPL\pd_ln\system\CodeIgniter.php(419): CodeIgniter\CodeIgniter->runController(Object(App\Controllers\Admin\Idtransaksi))
#7 D:\PT Konimex\Proyek PPL\pd_ln\system\CodeIgniter.php(326): CodeIgniter\CodeIgniter->handleRequest(NULL, Object(Config\Cache), false)
#8 D:\PT Konimex\Proyek PPL\pd_ln\public\index.php(37): CodeIgniter\CodeIgniter->run()
#9 D:\PT Konimex\Proyek PPL\pd_ln\system\Commands\Server\rewrite.php(43): require_once('D:\\PT Konimex\\P...')
#10 {main}
CRITICAL - 2023-08-10 01:49:17 --> Array to string conversion
#0 D:\PT Konimex\Proyek PPL\pd_ln\app\Views\idtransaksi\v_tambahdataid.php(361): CodeIgniter\Debug\Exceptions->errorHandler(8, 'Array to string...', 'D:\\PT Konimex\\P...', 361, Array)
#1 D:\PT Konimex\Proyek PPL\pd_ln\system\View\View.php(210): include('D:\\PT Konimex\\P...')
#2 D:\PT Konimex\Proyek PPL\pd_ln\system\View\View.php(213): CodeIgniter\View\View->CodeIgniter\View\{closure}()
#3 D:\PT Konimex\Proyek PPL\pd_ln\system\Common.php(1089): CodeIgniter\View\View->render('idtransaksi/v_t...', Array, true)
#4 D:\PT Konimex\Proyek PPL\pd_ln\app\Controllers\Admin\Idtransaksi.php(162): view('idtransaksi/v_t...', Array)
#5 D:\PT Konimex\Proyek PPL\pd_ln\system\CodeIgniter.php(832): App\Controllers\Admin\Idtransaksi->tambahdataid()
#6 D:\PT Konimex\Proyek PPL\pd_ln\system\CodeIgniter.php(419): CodeIgniter\CodeIgniter->runController(Object(App\Controllers\Admin\Idtransaksi))
#7 D:\PT Konimex\Proyek PPL\pd_ln\system\CodeIgniter.php(326): CodeIgniter\CodeIgniter->handleRequest(NULL, Object(Config\Cache), false)
#8 D:\PT Konimex\Proyek PPL\pd_ln\public\index.php(37): CodeIgniter\CodeIgniter->run()
#9 D:\PT Konimex\Proyek PPL\pd_ln\system\Commands\Server\rewrite.php(43): require_once('D:\\PT Konimex\\P...')
#10 {main}
CRITICAL - 2023-08-10 01:49:18 --> Array to string conversion
#0 D:\PT Konimex\Proyek PPL\pd_ln\app\Views\idtransaksi\v_tambahdataid.php(361): CodeIgniter\Debug\Exceptions->errorHandler(8, 'Array to string...', 'D:\\PT Konimex\\P...', 361, Array)
#1 D:\PT Konimex\Proyek PPL\pd_ln\system\View\View.php(210): include('D:\\PT Konimex\\P...')
#2 D:\PT Konimex\Proyek PPL\pd_ln\system\View\View.php(213): CodeIgniter\View\View->CodeIgniter\View\{closure}()
#3 D:\PT Konimex\Proyek PPL\pd_ln\system\Common.php(1089): CodeIgniter\View\View->render('idtransaksi/v_t...', Array, true)
#4 D:\PT Konimex\Proyek PPL\pd_ln\app\Controllers\Admin\Idtransaksi.php(162): view('idtransaksi/v_t...', Array)
#5 D:\PT Konimex\Proyek PPL\pd_ln\system\CodeIgniter.php(832): App\Controllers\Admin\Idtransaksi->tambahdataid()
#6 D:\PT Konimex\Proyek PPL\pd_ln\system\CodeIgniter.php(419): CodeIgniter\CodeIgniter->runController(Object(App\Controllers\Admin\Idtransaksi))
#7 D:\PT Konimex\Proyek PPL\pd_ln\system\CodeIgniter.php(326): CodeIgniter\CodeIgniter->handleRequest(NULL, Object(Config\Cache), false)
#8 D:\PT Konimex\Proyek PPL\pd_ln\public\index.php(37): CodeIgniter\CodeIgniter->run()
#9 D:\PT Konimex\Proyek PPL\pd_ln\system\Commands\Server\rewrite.php(43): require_once('D:\\PT Konimex\\P...')
#10 {main}
CRITICAL - 2023-08-10 23:02:06 --> Undefined index: jabatan
#0 D:\PT Konimex\Proyek PPL\pd_ln\app\Views\idtransaksi\v_tambahdataid.php(404): CodeIgniter\Debug\Exceptions->errorHandler(8, 'Undefined index...', 'D:\\PT Konimex\\P...', 404, Array)
#1 D:\PT Konimex\Proyek PPL\pd_ln\system\View\View.php(210): include('D:\\PT Konimex\\P...')
#2 D:\PT Konimex\Proyek PPL\pd_ln\system\View\View.php(213): CodeIgniter\View\View->CodeIgniter\View\{closure}()
#3 D:\PT Konimex\Proyek PPL\pd_ln\system\Common.php(1089): CodeIgniter\View\View->render('idtransaksi/v_t...', Array, true)
#4 D:\PT Konimex\Proyek PPL\pd_ln\app\Controllers\Admin\Idtransaksi.php(162): view('idtransaksi/v_t...', Array)
#5 D:\PT Konimex\Proyek PPL\pd_ln\system\CodeIgniter.php(832): App\Controllers\Admin\Idtransaksi->tambahdataid()
#6 D:\PT Konimex\Proyek PPL\pd_ln\system\CodeIgniter.php(419): CodeIgniter\CodeIgniter->runController(Object(App\Controllers\Admin\Idtransaksi))
#7 D:\PT Konimex\Proyek PPL\pd_ln\system\CodeIgniter.php(326): CodeIgniter\CodeIgniter->handleRequest(NULL, Object(Config\Cache), false)
#8 D:\PT Konimex\Proyek PPL\pd_ln\public\index.php(37): CodeIgniter\CodeIgniter->run()
#9 D:\PT Konimex\Proyek PPL\pd_ln\system\Commands\Server\rewrite.php(43): require_once('D:\\PT Konimex\\P...')
#10 {main}
CRITICAL - 2023-08-10 23:02:08 --> Undefined index: jabatan
#0 D:\PT Konimex\Proyek PPL\pd_ln\app\Views\idtransaksi\v_tambahdataid.php(404): CodeIgniter\Debug\Exceptions->errorHandler(8, 'Undefined index...', 'D:\\PT Konimex\\P...', 404, Array)
#1 D:\PT Konimex\Proyek PPL\pd_ln\system\View\View.php(210): include('D:\\PT Konimex\\P...')
#2 D:\PT Konimex\Proyek PPL\pd_ln\system\View\View.php(213): CodeIgniter\View\View->CodeIgniter\View\{closure}()
#3 D:\PT Konimex\Proyek PPL\pd_ln\system\Common.php(1089): CodeIgniter\View\View->render('idtransaksi/v_t...', Array, true)
#4 D:\PT Konimex\Proyek PPL\pd_ln\app\Controllers\Admin\Idtransaksi.php(162): view('idtransaksi/v_t...', Array)
#5 D:\PT Konimex\Proyek PPL\pd_ln\system\CodeIgniter.php(832): App\Controllers\Admin\Idtransaksi->tambahdataid()
#6 D:\PT Konimex\Proyek PPL\pd_ln\system\CodeIgniter.php(419): CodeIgniter\CodeIgniter->runController(Object(App\Controllers\Admin\Idtransaksi))
#7 D:\PT Konimex\Proyek PPL\pd_ln\system\CodeIgniter.php(326): CodeIgniter\CodeIgniter->handleRequest(NULL, Object(Config\Cache), false)
#8 D:\PT Konimex\Proyek PPL\pd_ln\public\index.php(37): CodeIgniter\CodeIgniter->run()
#9 D:\PT Konimex\Proyek PPL\pd_ln\system\Commands\Server\rewrite.php(43): require_once('D:\\PT Konimex\\P...')
#10 {main}
CRITICAL - 2023-08-10 23:02:25 --> Array to string conversion
#0 D:\PT Konimex\Proyek PPL\pd_ln\app\Views\idtransaksi\v_tambahdataid.php(404): CodeIgniter\Debug\Exceptions->errorHandler(8, 'Array to string...', 'D:\\PT Konimex\\P...', 404, Array)
#1 D:\PT Konimex\Proyek PPL\pd_ln\system\View\View.php(210): include('D:\\PT Konimex\\P...')
#2 D:\PT Konimex\Proyek PPL\pd_ln\system\View\View.php(213): CodeIgniter\View\View->CodeIgniter\View\{closure}()
#3 D:\PT Konimex\Proyek PPL\pd_ln\system\Common.php(1089): CodeIgniter\View\View->render('idtransaksi/v_t...', Array, true)
#4 D:\PT Konimex\Proyek PPL\pd_ln\app\Controllers\Admin\Idtransaksi.php(162): view('idtransaksi/v_t...', Array)
#5 D:\PT Konimex\Proyek PPL\pd_ln\system\CodeIgniter.php(832): App\Controllers\Admin\Idtransaksi->tambahdataid()
#6 D:\PT Konimex\Proyek PPL\pd_ln\system\CodeIgniter.php(419): CodeIgniter\CodeIgniter->runController(Object(App\Controllers\Admin\Idtransaksi))
#7 D:\PT Konimex\Proyek PPL\pd_ln\system\CodeIgniter.php(326): CodeIgniter\CodeIgniter->handleRequest(NULL, Object(Config\Cache), false)
#8 D:\PT Konimex\Proyek PPL\pd_ln\public\index.php(37): CodeIgniter\CodeIgniter->run()
#9 D:\PT Konimex\Proyek PPL\pd_ln\system\Commands\Server\rewrite.php(43): require_once('D:\\PT Konimex\\P...')
#10 {main}
CRITICAL - 2023-08-10 23:02:26 --> Array to string conversion
#0 D:\PT Konimex\Proyek PPL\pd_ln\app\Views\idtransaksi\v_tambahdataid.php(404): CodeIgniter\Debug\Exceptions->errorHandler(8, 'Array to string...', 'D:\\PT Konimex\\P...', 404, Array)
#1 D:\PT Konimex\Proyek PPL\pd_ln\system\View\View.php(210): include('D:\\PT Konimex\\P...')
#2 D:\PT Konimex\Proyek PPL\pd_ln\system\View\View.php(213): CodeIgniter\View\View->CodeIgniter\View\{closure}()
#3 D:\PT Konimex\Proyek PPL\pd_ln\system\Common.php(1089): CodeIgniter\View\View->render('idtransaksi/v_t...', Array, true)
#4 D:\PT Konimex\Proyek PPL\pd_ln\app\Controllers\Admin\Idtransaksi.php(162): view('idtransaksi/v_t...', Array)
#5 D:\PT Konimex\Proyek PPL\pd_ln\system\CodeIgniter.php(832): App\Controllers\Admin\Idtransaksi->tambahdataid()
#6 D:\PT Konimex\Proyek PPL\pd_ln\system\CodeIgniter.php(419): CodeIgniter\CodeIgniter->runController(Object(App\Controllers\Admin\Idtransaksi))
#7 D:\PT Konimex\Proyek PPL\pd_ln\system\CodeIgniter.php(326): CodeIgniter\CodeIgniter->handleRequest(NULL, Object(Config\Cache), false)
#8 D:\PT Konimex\Proyek PPL\pd_ln\public\index.php(37): CodeIgniter\CodeIgniter->run()
#9 D:\PT Konimex\Proyek PPL\pd_ln\system\Commands\Server\rewrite.php(43): require_once('D:\\PT Konimex\\P...')
#10 {main}
